[2025-03-03T08:23:24.913317+05:00] SaveEntries.INFO: File included and script started: index.php [] []
[2025-03-03T08:23:25.183600+05:00] SaveEntries.INFO: File included and script started: index.php [] []
[2025-03-03T08:23:30.722939+05:00] SaveEntries.INFO: File included and script started: index.php [] []
[2025-03-03T08:23:30.899834+05:00] SaveEntries.INFO: File included and script started: index.php [] []
[2025-03-03T08:39:17.456766+05:00] SaveEntries.INFO: File included and script started: index.php [] []
[2025-03-03T08:44:24.270019+05:00] SaveEntries.INFO: File included and script started: index.php [] []
[2025-03-03T08:46:43.976018+05:00] SaveEntries.INFO: File included and script started: index.php [] []
[2025-03-03T08:59:18.610894+05:00] SaveEntries.INFO: File included and script started: index.php [] []
[2025-03-03T08:59:18.642214+05:00] SaveEntries.INFO: File included and script started: index.php [] []
[2025-03-03T09:05:14.664582+05:00] SaveEntries.INFO: File included and script started: index.php [] []
[2025-03-03T09:05:14.690217+05:00] SaveEntries.INFO: File included and script started: index.php [] []
[2025-03-03T09:10:25.615714+05:00] SaveEntries.INFO: File included and script started: index.php [] []
[2025-03-03T09:20:12.791151+05:00] SaveEntries.INFO: File included and script started: index.php [] []
[2025-03-03T09:34:21.825434+05:00] SaveEntries.INFO: File included and script started: statistics_actions.php [] []
[2025-03-03T09:37:36.426321+05:00] SaveEntries.INFO: File included and script started: index.php [] []
[2025-03-03T09:37:36.909478+05:00] SaveEntries.INFO: File included and script started: statistics_actions.php [] []
[2025-03-03T09:38:11.778458+05:00] SaveEntries.INFO: File included and script started: brands.php [] []
[2025-03-03T09:38:12.046739+05:00] SaveEntries.INFO: File included and script started: brand_actions.php [] []
[2025-03-03T09:38:14.954357+05:00] SaveEntries.INFO: File included and script started: index.php [] []
[2025-03-03T09:38:15.172583+05:00] SaveEntries.INFO: File included and script started: statistics_actions.php [] []
[2025-03-03T09:42:12.637137+05:00] SaveEntries.INFO: File included and script started: index.php [] []
[2025-03-03T09:42:13.157065+05:00] SaveEntries.INFO: File included and script started: statistics_actions.php [] []
[2025-03-03T09:46:20.895509+05:00] SaveEntries.INFO: File included and script started: index.php [] []
[2025-03-03T09:46:21.245100+05:00] SaveEntries.INFO: File included and script started: statistics_actions.php [] []
[2025-03-03T09:47:49.283711+05:00] SaveEntries.INFO: File included and script started: index.php [] []
[2025-03-03T09:47:50.366481+05:00] SaveEntries.INFO: File included and script started: statistics_actions.php [] []
[2025-03-03T09:51:35.261923+05:00] SaveEntries.INFO: File included and script started: index.php [] []
[2025-03-03T09:51:35.711733+05:00] SaveEntries.INFO: File included and script started: statistics_actions.php [] []
[2025-03-03T09:51:37.300803+05:00] SaveEntries.INFO: File included and script started: brands.php [] []
[2025-03-03T09:51:37.586249+05:00] SaveEntries.INFO: File included and script started: brand_actions.php [] []
[2025-03-03T09:51:42.868262+05:00] SaveEntries.INFO: File included and script started: categories.php [] []
[2025-03-03T09:51:43.124938+05:00] SaveEntries.INFO: File included and script started: category_actions.php [] []
[2025-03-03T09:51:45.804233+05:00] SaveEntries.INFO: File included and script started: brands.php [] []
[2025-03-03T09:51:46.036348+05:00] SaveEntries.INFO: File included and script started: brand_actions.php [] []
[2025-03-03T09:51:48.285030+05:00] SaveEntries.INFO: File included and script started: categories.php [] []
[2025-03-03T09:51:48.599882+05:00] SaveEntries.INFO: File included and script started: category_actions.php [] []
[2025-03-03T09:51:51.058543+05:00] SaveEntries.INFO: File included and script started: products.php [] []
[2025-03-03T09:51:51.316237+05:00] SaveEntries.INFO: File included and script started: product_actions.php [] []
[2025-03-03T09:51:51.315969+05:00] SaveEntries.INFO: File included and script started: product_actions.php [] []
[2025-03-03T09:51:51.366074+05:00] SaveEntries.INFO: File included and script started: product_actions.php [] []
[2025-03-03T09:51:51.375647+05:00] SaveEntries.INFO: File included and script started: product_actions.php [] []
[2025-03-03T09:51:51.376696+05:00] SaveEntries.INFO: File included and script started: product_actions.php [] []
[2025-03-03T09:51:54.176160+05:00] SaveEntries.INFO: File included and script started: customers.php [] []
[2025-03-03T09:51:54.497940+05:00] SaveEntries.INFO: File included and script started: customer_actions.php [] []
[2025-03-03T09:52:01.001088+05:00] SaveEntries.INFO: File included and script started: sales.php [] []
[2025-03-03T09:52:01.275276+05:00] SaveEntries.INFO: File included and script started: sale_actions.php [] []
[2025-03-03T09:52:01.276893+05:00] SaveEntries.INFO: File included and script started: sale_actions.php [] []
[2025-03-03T09:52:01.344032+05:00] SaveEntries.INFO: File included and script started: sale_actions.php [] []
[2025-03-03T09:52:01.412385+05:00] SaveEntries.INFO: File included and script started: sale_actions.php [] []
[2025-03-03T09:52:04.655390+05:00] SaveEntries.INFO: File included and script started: users.php [] []
[2025-03-03T09:52:04.930182+05:00] SaveEntries.INFO: File included and script started: user_actions.php [] []
[2025-03-03T09:52:07.226770+05:00] SaveEntries.INFO: File included and script started: vendors.php [] []
[2025-03-03T09:52:07.502673+05:00] SaveEntries.INFO: File included and script started: vendor_actions.php [] []
[2025-03-03T10:00:40.171879+05:00] SaveEntries.INFO: File included and script started: index.php [] []
[2025-03-03T10:00:40.587668+05:00] SaveEntries.INFO: File included and script started: statistics_actions.php [] []
[2025-03-03T10:00:44.479456+05:00] SaveEntries.INFO: File included and script started: users.php [] []
[2025-03-03T10:00:44.838954+05:00] SaveEntries.INFO: File included and script started: user_actions.php [] []
[2025-03-03T10:00:49.464647+05:00] SaveEntries.INFO: File included and script started: users.php [] []
[2025-03-03T10:00:49.712806+05:00] SaveEntries.INFO: File included and script started: user_actions.php [] []
[2025-03-03T10:01:11.540063+05:00] SaveEntries.INFO: File included and script started: index.php [] []
[2025-03-03T10:01:11.767412+05:00] SaveEntries.INFO: File included and script started: statistics_actions.php [] []
[2025-03-03T10:04:45.682120+05:00] SaveEntries.INFO: File included and script started: index.php [] []
[2025-03-03T10:04:47.818311+05:00] SaveEntries.INFO: File included and script started: statistics_actions.php [] []
[2025-03-03T10:05:16.663299+05:00] SaveEntries.INFO: File included and script started: index.php [] []
[2025-03-03T10:05:16.908616+05:00] SaveEntries.INFO: File included and script started: statistics_actions.php [] []
[2025-03-03T10:05:59.374624+05:00] SaveEntries.INFO: File included and script started: index.php [] []
[2025-03-03T10:05:59.581667+05:00] SaveEntries.INFO: File included and script started: statistics_actions.php [] []
[2025-03-03T10:06:00.888298+05:00] SaveEntries.INFO: File included and script started: users.php [] []
[2025-03-03T10:06:01.163884+05:00] SaveEntries.INFO: File included and script started: user_actions.php [] []
[2025-03-03T10:06:03.722936+05:00] SaveEntries.INFO: File included and script started: users.php [] []
[2025-03-03T10:06:03.967786+05:00] SaveEntries.INFO: File included and script started: user_actions.php [] []
[2025-03-03T10:07:17.627128+05:00] SaveEntries.INFO: File included and script started: index.php [] []
[2025-03-03T10:07:18.861415+05:00] SaveEntries.INFO: File included and script started: statistics_actions.php [] []
[2025-03-03T10:13:02.064532+05:00] SaveEntries.INFO: File included and script started: index.php [] []
[2025-03-03T10:13:02.551157+05:00] SaveEntries.INFO: File included and script started: statistics_actions.php [] []
[2025-03-03T10:13:35.879208+05:00] SaveEntries.INFO: File included and script started: index.php [] []
[2025-03-03T10:13:36.112226+05:00] SaveEntries.INFO: File included and script started: statistics_actions.php [] []
[2025-03-03T10:13:38.467665+05:00] SaveEntries.INFO: File included and script started: index.php [] []
[2025-03-03T10:13:38.641228+05:00] SaveEntries.INFO: File included and script started: statistics_actions.php [] []
[2025-03-03T10:13:51.002842+05:00] SaveEntries.INFO: File included and script started: index.php [] []
[2025-03-03T10:13:51.216264+05:00] SaveEntries.INFO: File included and script started: statistics_actions.php [] []
[2025-03-03T10:13:53.235261+05:00] SaveEntries.INFO: File included and script started: users.php [] []
[2025-03-03T10:13:53.474245+05:00] SaveEntries.INFO: File included and script started: user_actions.php [] []
[2025-03-03T10:13:56.059604+05:00] SaveEntries.INFO: File included and script started: users.php [] []
[2025-03-03T10:13:56.346386+05:00] SaveEntries.INFO: File included and script started: user_actions.php [] []
[2025-03-03T10:14:07.377616+05:00] SaveEntries.INFO: File included and script started: customers.php [] []
[2025-03-03T10:14:07.661706+05:00] SaveEntries.INFO: File included and script started: customer_actions.php [] []
[2025-03-03T10:14:10.321474+05:00] SaveEntries.INFO: File included and script started: products.php [] []
[2025-03-03T10:14:10.559663+05:00] SaveEntries.INFO: File included and script started: product_actions.php [] []
[2025-03-03T10:14:10.563207+05:00] SaveEntries.INFO: File included and script started: product_actions.php [] []
[2025-03-03T10:14:10.612942+05:00] SaveEntries.INFO: File included and script started: product_actions.php [] []
[2025-03-03T10:14:10.616624+05:00] SaveEntries.INFO: File included and script started: product_actions.php [] []
[2025-03-03T10:14:10.666037+05:00] SaveEntries.INFO: File included and script started: product_actions.php [] []
[2025-03-03T10:14:13.356662+05:00] SaveEntries.INFO: File included and script started: categories.php [] []
[2025-03-03T10:14:13.618257+05:00] SaveEntries.INFO: File included and script started: category_actions.php [] []
[2025-03-03T10:14:16.241906+05:00] SaveEntries.INFO: File included and script started: brands.php [] []
[2025-03-03T10:14:16.493057+05:00] SaveEntries.INFO: File included and script started: brand_actions.php [] []
[2025-03-03T10:14:37.090301+05:00] SaveEntries.INFO: File included and script started: vendors.php [] []
[2025-03-03T10:14:37.390957+05:00] SaveEntries.INFO: File included and script started: vendor_actions.php [] []
[2025-03-03T10:14:39.999080+05:00] SaveEntries.INFO: File included and script started: vendor_actions.php [] []
[2025-03-03T10:14:40.120144+05:00] SaveEntries.INFO: File included and script started: vendor_actions.php [] []
[2025-03-03T10:14:40.194497+05:00] SaveEntries.INFO: File included and script started: vendor_actions.php [] []
[2025-03-03T10:14:40.325994+05:00] SaveEntries.INFO: File included and script started: vendor_actions.php [] []
[2025-03-03T10:14:41.292735+05:00] SaveEntries.INFO: File included and script started: vendor_actions.php [] []
[2025-03-03T10:14:48.897336+05:00] SaveEntries.INFO: File included and script started: index.php [] []
[2025-03-03T10:14:49.174699+05:00] SaveEntries.INFO: File included and script started: statistics_actions.php [] []
[2025-03-03T10:14:55.719044+05:00] SaveEntries.INFO: File included and script started: sales.php [] []
[2025-03-03T10:14:55.990748+05:00] SaveEntries.INFO: File included and script started: sale_actions.php [] []
[2025-03-03T10:14:55.997155+05:00] SaveEntries.INFO: File included and script started: sale_actions.php [] []
[2025-03-03T10:14:55.991548+05:00] SaveEntries.INFO: File included and script started: sale_actions.php [] []
[2025-03-03T10:14:56.070568+05:00] SaveEntries.INFO: File included and script started: sale_actions.php [] []
[2025-03-03T10:18:07.303079+05:00] SaveEntries.INFO: File included and script started: sales.php [] []
[2025-03-03T10:18:07.872899+05:00] SaveEntries.INFO: File included and script started: sale_actions.php [] []
[2025-03-03T10:18:07.925593+05:00] SaveEntries.INFO: File included and script started: sale_actions.php [] []
[2025-03-03T10:18:08.039113+05:00] SaveEntries.INFO: File included and script started: sale_actions.php [] []
[2025-03-03T10:18:08.044649+05:00] SaveEntries.INFO: File included and script started: sale_actions.php [] []
[2025-03-03T10:20:29.208851+05:00] SaveEntries.INFO: File included and script started: sale_actions.php [] []
[2025-03-03T10:20:29.238646+05:00] SaveEntries.INFO: File included and script started: sale_actions.php [] []
[2025-03-03T10:20:29.313775+05:00] SaveEntries.INFO: File included and script started: sale_actions.php [] []
[2025-03-03T10:21:41.322132+05:00] SaveEntries.INFO: File included and script started: sale_actions.php [] []
[2025-03-03T10:21:41.327220+05:00] SaveEntries.INFO: File included and script started: sale_actions.php [] []
[2025-03-03T10:21:41.474091+05:00] SaveEntries.INFO: File included and script started: sale_actions.php [] []
[2025-03-03T10:21:49.394336+05:00] SaveEntries.INFO: File included and script started: brands.php [] []
[2025-03-03T10:21:50.011317+05:00] SaveEntries.INFO: File included and script started: brand_actions.php [] []
[2025-03-03T10:22:00.199422+05:00] SaveEntries.INFO: File included and script started: brand_actions.php [] []
[2025-03-03T10:22:00.323513+05:00] SaveEntries.INFO: File included and script started: brand_actions.php [] []
[2025-03-03T10:22:03.026085+05:00] SaveEntries.INFO: File included and script started: brands.php [] []
[2025-03-03T10:22:03.538998+05:00] SaveEntries.INFO: File included and script started: brand_actions.php [] []
[2025-03-03T10:22:06.163882+05:00] SaveEntries.INFO: File included and script started: products.php [] []
[2025-03-03T10:22:06.512490+05:00] SaveEntries.INFO: File included and script started: product_actions.php [] []
[2025-03-03T10:22:06.563050+05:00] SaveEntries.INFO: File included and script started: product_actions.php [] []
[2025-03-03T10:22:06.672807+05:00] SaveEntries.INFO: File included and script started: product_actions.php [] []
[2025-03-03T10:22:06.721975+05:00] SaveEntries.INFO: File included and script started: product_actions.php [] []
[2025-03-03T10:22:06.825806+05:00] SaveEntries.INFO: File included and script started: product_actions.php [] []
[2025-03-03T10:22:08.536944+05:00] SaveEntries.INFO: File included and script started: categories.php [] []
[2025-03-03T10:22:10.088832+05:00] SaveEntries.INFO: File included and script started: category_actions.php [] []
[2025-03-03T10:22:31.528764+05:00] SaveEntries.INFO: File included and script started: category_actions.php [] []
[2025-03-03T10:22:31.649149+05:00] SaveEntries.INFO: File included and script started: category_actions.php [] []
[2025-03-03T10:22:37.336449+05:00] SaveEntries.INFO: File included and script started: products.php [] []
[2025-03-03T10:22:40.400981+05:00] SaveEntries.INFO: File included and script started: product_actions.php [] []
[2025-03-03T10:22:40.603907+05:00] SaveEntries.INFO: File included and script started: product_actions.php [] []
[2025-03-03T10:22:40.614150+05:00] SaveEntries.INFO: File included and script started: product_actions.php [] []
[2025-03-03T10:22:41.066518+05:00] SaveEntries.INFO: File included and script started: product_actions.php [] []
[2025-03-03T10:22:41.068684+05:00] SaveEntries.INFO: File included and script started: product_actions.php [] []
[2025-03-03T10:22:48.562798+05:00] SaveEntries.INFO: File included and script started: product_actions.php [] []
[2025-03-03T10:22:48.648479+05:00] SaveEntries.INFO: File included and script started: product_actions.php [] []
[2025-03-03T10:23:14.392674+05:00] SaveEntries.INFO: File included and script started: product_actions.php [] []
[2025-03-03T10:23:14.458164+05:00] SaveEntries.INFO: File included and script started: product_actions.php [] []
[2025-03-03T10:23:21.595909+05:00] SaveEntries.INFO: File included and script started: sales.php [] []
[2025-03-03T10:23:31.996368+05:00] SaveEntries.INFO: File included and script started: sale_actions.php [] []
[2025-03-03T10:23:32.110211+05:00] SaveEntries.INFO: File included and script started: sale_actions.php [] []
[2025-03-03T10:23:32.175241+05:00] SaveEntries.INFO: File included and script started: sale_actions.php [] []
[2025-03-03T10:23:32.246569+05:00] SaveEntries.INFO: File included and script started: sale_actions.php [] []
[2025-03-03T10:23:32.491065+05:00] SaveEntries.INFO: File included and script started: sales.php [] []
[2025-03-03T10:23:34.662961+05:00] SaveEntries.INFO: File included and script started: sale_actions.php [] []
[2025-03-03T10:23:34.662962+05:00] SaveEntries.INFO: File included and script started: sale_actions.php [] []
[2025-03-03T10:23:34.692475+05:00] SaveEntries.INFO: File included and script started: sale_actions.php [] []
[2025-03-03T10:23:34.770072+05:00] SaveEntries.INFO: File included and script started: sale_actions.php [] []
[2025-03-03T10:23:50.503306+05:00] SaveEntries.INFO: File included and script started: sales.php [] []
[2025-03-03T10:23:50.826692+05:00] SaveEntries.INFO: File included and script started: sale_actions.php [] []
[2025-03-03T10:23:50.808902+05:00] SaveEntries.INFO: File included and script started: sale_actions.php [] []
[2025-03-03T10:23:50.935305+05:00] SaveEntries.INFO: File included and script started: sale_actions.php [] []
[2025-03-03T10:23:51.171402+05:00] SaveEntries.INFO: File included and script started: sale_actions.php [] []
[2025-03-03T10:23:58.657238+05:00] SaveEntries.INFO: File included and script started: sale_actions.php [] []
[2025-03-03T10:23:58.818652+05:00] SaveEntries.INFO: File included and script started: sale_actions.php [] []
[2025-03-03T10:23:59.007275+05:00] SaveEntries.INFO: File included and script started: sale_actions.php [] []
[2025-03-03T10:26:31.420124+05:00] SaveEntries.INFO: File included and script started: sales.php [] []
[2025-03-03T10:26:58.923830+05:00] SaveEntries.INFO: File included and script started: sale_actions.php [] []
[2025-03-03T10:26:59.873142+05:00] SaveEntries.INFO: File included and script started: sale_actions.php [] []
[2025-03-03T10:27:00.223279+05:00] SaveEntries.INFO: File included and script started: sale_actions.php [] []
[2025-03-03T10:27:16.791713+05:00] SaveEntries.INFO: File included and script started: sale_actions.php [] []
[2025-03-03T10:27:24.623583+05:00] SaveEntries.INFO: File included and script started: sales.php [] []
[2025-03-03T10:27:25.945499+05:00] SaveEntries.INFO: File included and script started: sale_actions.php [] []
[2025-03-03T10:27:25.947646+05:00] SaveEntries.INFO: File included and script started: sale_actions.php [] []
[2025-03-03T10:27:26.066871+05:00] SaveEntries.INFO: File included and script started: sale_actions.php [] []
[2025-03-03T10:27:26.072212+05:00] SaveEntries.INFO: File included and script started: sale_actions.php [] []
[2025-03-03T10:27:38.535773+05:00] SaveEntries.INFO: File included and script started: sales.php [] []
[2025-03-03T10:27:39.141781+05:00] SaveEntries.INFO: File included and script started: sale_actions.php [] []
[2025-03-03T10:27:39.442844+05:00] SaveEntries.INFO: File included and script started: sale_actions.php [] []
[2025-03-03T10:27:39.723567+05:00] SaveEntries.INFO: File included and script started: sale_actions.php [] []
[2025-03-03T10:27:39.881312+05:00] SaveEntries.INFO: File included and script started: sale_actions.php [] []
[2025-03-03T10:27:41.370135+05:00] SaveEntries.INFO: File included and script started: sales.php [] []
[2025-03-03T10:27:41.684299+05:00] SaveEntries.INFO: File included and script started: sale_actions.php [] []
[2025-03-03T10:27:41.708645+05:00] SaveEntries.INFO: File included and script started: sale_actions.php [] []
[2025-03-03T10:27:41.854002+05:00] SaveEntries.INFO: File included and script started: sale_actions.php [] []
[2025-03-03T10:27:41.897549+05:00] SaveEntries.INFO: File included and script started: sale_actions.php [] []
[2025-03-03T10:28:04.285572+05:00] SaveEntries.INFO: File included and script started: sales.php [] []
[2025-03-03T10:28:05.644649+05:00] SaveEntries.INFO: File included and script started: sale_actions.php [] []
[2025-03-03T10:28:05.820288+05:00] SaveEntries.INFO: File included and script started: sale_actions.php [] []
[2025-03-03T10:28:06.366575+05:00] SaveEntries.INFO: File included and script started: sale_actions.php [] []
[2025-03-03T10:28:06.770943+05:00] SaveEntries.INFO: File included and script started: sale_actions.php [] []
[2025-03-03T10:28:06.953647+05:00] SaveEntries.INFO: File included and script started: sale_actions.php [] []
[2025-03-03T10:28:06.953647+05:00] SaveEntries.INFO: File included and script started: sale_actions.php [] []
[2025-03-03T10:28:07.128876+05:00] SaveEntries.INFO: File included and script started: sale_actions.php [] []
[2025-03-03T10:28:10.181609+05:00] SaveEntries.INFO: File included and script started: sales.php [] []
[2025-03-03T10:28:10.449450+05:00] SaveEntries.INFO: File included and script started: sale_actions.php [] []
[2025-03-03T10:28:10.488127+05:00] SaveEntries.INFO: File included and script started: sale_actions.php [] []
[2025-03-03T10:28:10.521257+05:00] SaveEntries.INFO: File included and script started: sale_actions.php [] []
[2025-03-03T10:28:10.521560+05:00] SaveEntries.INFO: File included and script started: sale_actions.php [] []
[2025-03-03T10:28:12.092586+05:00] SaveEntries.INFO: File included and script started: sale_actions.php [] []
[2025-03-03T10:28:12.094516+05:00] SaveEntries.INFO: File included and script started: sale_actions.php [] []
[2025-03-03T10:28:12.217120+05:00] SaveEntries.INFO: File included and script started: sale_actions.php [] []
[2025-03-03T10:30:54.074475+05:00] SaveEntries.INFO: File included and script started: sales.php [] []
[2025-03-03T10:30:54.422900+05:00] SaveEntries.INFO: File included and script started: sale_actions.php [] []
[2025-03-03T10:30:54.456449+05:00] SaveEntries.INFO: File included and script started: sale_actions.php [] []
[2025-03-03T10:30:54.575079+05:00] SaveEntries.INFO: File included and script started: sale_actions.php [] []
[2025-03-03T10:30:54.609514+05:00] SaveEntries.INFO: File included and script started: sale_actions.php [] []
[2025-03-03T10:30:55.385110+05:00] SaveEntries.INFO: File included and script started: sale_actions.php [] []
[2025-03-03T10:30:55.390060+05:00] SaveEntries.INFO: File included and script started: sale_actions.php [] []
[2025-03-03T10:30:55.427928+05:00] SaveEntries.INFO: File included and script started: sale_actions.php [] []
[2025-03-03T10:32:12.291671+05:00] SaveEntries.INFO: File included and script started: sales.php [] []
[2025-03-03T10:32:12.784465+05:00] SaveEntries.INFO: File included and script started: sale_actions.php [] []
[2025-03-03T10:32:12.791123+05:00] SaveEntries.INFO: File included and script started: sale_actions.php [] []
[2025-03-03T10:32:12.816628+05:00] SaveEntries.INFO: File included and script started: sale_actions.php [] []
[2025-03-03T10:32:12.867146+05:00] SaveEntries.INFO: File included and script started: sale_actions.php [] []
[2025-03-03T10:32:16.534339+05:00] SaveEntries.INFO: File included and script started: sale_actions.php [] []
[2025-03-03T10:32:16.538369+05:00] SaveEntries.INFO: File included and script started: sale_actions.php [] []
[2025-03-03T10:32:16.580065+05:00] SaveEntries.INFO: File included and script started: sale_actions.php [] []
[2025-03-03T10:32:35.540651+05:00] SaveEntries.INFO: File included and script started: sales.php [] []
[2025-03-03T10:32:35.850005+05:00] SaveEntries.INFO: File included and script started: sale_actions.php [] []
[2025-03-03T10:32:35.877750+05:00] SaveEntries.INFO: File included and script started: sale_actions.php [] []
[2025-03-03T10:32:35.888670+05:00] SaveEntries.INFO: File included and script started: sale_actions.php [] []
[2025-03-03T10:32:35.999298+05:00] SaveEntries.INFO: File included and script started: sale_actions.php [] []
[2025-03-03T10:32:37.474839+05:00] SaveEntries.INFO: File included and script started: sale_actions.php [] []
[2025-03-03T10:32:37.475475+05:00] SaveEntries.INFO: File included and script started: sale_actions.php [] []
[2025-03-03T10:32:37.529488+05:00] SaveEntries.INFO: File included and script started: sale_actions.php [] []
[2025-03-03T10:33:49.977987+05:00] SaveEntries.INFO: File included and script started: sale_actions.php [] []
[2025-03-03T10:33:50.059699+05:00] SaveEntries.INFO: File included and script started: sale_actions.php [] []
[2025-03-03T10:34:17.601557+05:00] SaveEntries.INFO: File included and script started: sale_actions.php [] []
[2025-03-03T10:34:17.610809+05:00] SaveEntries.INFO: File included and script started: sale_actions.php [] []
[2025-03-03T10:34:17.649465+05:00] SaveEntries.INFO: File included and script started: sale_actions.php [] []
[2025-03-03T10:34:23.958282+05:00] SaveEntries.INFO: File included and script started: sales.php [] []
[2025-03-03T10:34:24.476927+05:00] SaveEntries.INFO: File included and script started: sale_actions.php [] []
[2025-03-03T10:34:24.477190+05:00] SaveEntries.INFO: File included and script started: sale_actions.php [] []
[2025-03-03T10:34:24.495694+05:00] SaveEntries.INFO: File included and script started: sale_actions.php [] []
[2025-03-03T10:34:24.570043+05:00] SaveEntries.INFO: File included and script started: sale_actions.php [] []
[2025-03-03T10:34:25.458457+05:00] SaveEntries.INFO: File included and script started: sale_actions.php [] []
[2025-03-03T10:34:25.458855+05:00] SaveEntries.INFO: File included and script started: sale_actions.php [] []
[2025-03-03T10:34:25.508451+05:00] SaveEntries.INFO: File included and script started: sale_actions.php [] []
[2025-03-03T10:34:31.612716+05:00] SaveEntries.INFO: File included and script started: sale_actions.php [] []
[2025-03-03T10:34:31.663901+05:00] SaveEntries.INFO: File included and script started: sale_actions.php [] []
[2025-03-03T10:34:34.994522+05:00] SaveEntries.INFO: File included and script started: sales.php [] []
[2025-03-03T10:34:35.215410+05:00] SaveEntries.INFO: File included and script started: sale_actions.php [] []
[2025-03-03T10:34:35.218789+05:00] SaveEntries.INFO: File included and script started: sale_actions.php [] []
[2025-03-03T10:34:35.261825+05:00] SaveEntries.INFO: File included and script started: sale_actions.php [] []
[2025-03-03T10:34:35.341304+05:00] SaveEntries.INFO: File included and script started: sale_actions.php [] []
[2025-03-03T10:34:38.238430+05:00] SaveEntries.INFO: File included and script started: sales.php [] []
[2025-03-03T10:34:38.440753+05:00] SaveEntries.INFO: File included and script started: sale_actions.php [] []
[2025-03-03T10:34:38.448022+05:00] SaveEntries.INFO: File included and script started: sale_actions.php [] []
[2025-03-03T10:34:38.484575+05:00] SaveEntries.INFO: File included and script started: sale_actions.php [] []
[2025-03-03T10:34:38.570252+05:00] SaveEntries.INFO: File included and script started: sale_actions.php [] []
[2025-03-03T10:34:47.205025+05:00] SaveEntries.INFO: File included and script started: sale_actions.php [] []
[2025-03-03T10:34:47.205414+05:00] SaveEntries.INFO: File included and script started: sale_actions.php [] []
[2025-03-03T10:34:47.248475+05:00] SaveEntries.INFO: File included and script started: sale_actions.php [] []
[2025-03-03T10:34:59.543186+05:00] SaveEntries.INFO: File included and script started: sale_actions.php [] []
[2025-03-03T10:34:59.591426+05:00] SaveEntries.INFO: File included and script started: sale_actions.php [] []
[2025-03-03T10:35:05.654554+05:00] SaveEntries.INFO: File included and script started: sale_actions.php [] []
[2025-03-03T10:35:05.656039+05:00] SaveEntries.INFO: File included and script started: sale_actions.php [] []
[2025-03-03T10:35:05.701857+05:00] SaveEntries.INFO: File included and script started: sale_actions.php [] []
[2025-03-03T10:35:09.796040+05:00] SaveEntries.INFO: File included and script started: sales.php [] []
[2025-03-03T10:35:10.018609+05:00] SaveEntries.INFO: File included and script started: sale_actions.php [] []
[2025-03-03T10:35:10.038916+05:00] SaveEntries.INFO: File included and script started: sale_actions.php [] []
[2025-03-03T10:35:10.040646+05:00] SaveEntries.INFO: File included and script started: sale_actions.php [] []
[2025-03-03T10:35:10.188961+05:00] SaveEntries.INFO: File included and script started: sale_actions.php [] []
[2025-03-03T10:35:11.130779+05:00] SaveEntries.INFO: File included and script started: sale_actions.php [] []
[2025-03-03T10:35:11.132036+05:00] SaveEntries.INFO: File included and script started: sale_actions.php [] []
[2025-03-03T10:35:11.182695+05:00] SaveEntries.INFO: File included and script started: sale_actions.php [] []
[2025-03-03T10:35:47.248818+05:00] SaveEntries.INFO: File included and script started: sale_actions.php [] []
[2025-03-03T10:35:47.311677+05:00] SaveEntries.INFO: File included and script started: sale_actions.php [] []
[2025-03-03T10:35:53.154359+05:00] SaveEntries.INFO: File included and script started: sale_actions.php [] []
[2025-03-03T10:35:53.162323+05:00] SaveEntries.INFO: File included and script started: sale_actions.php [] []
[2025-03-03T10:35:53.203959+05:00] SaveEntries.INFO: File included and script started: sale_actions.php [] []
[2025-03-03T10:37:40.126595+05:00] SaveEntries.INFO: File included and script started: sales.php [] []
[2025-03-03T10:37:40.557972+05:00] SaveEntries.INFO: File included and script started: sale_actions.php [] []
[2025-03-03T10:37:40.559818+05:00] SaveEntries.INFO: File included and script started: sale_actions.php [] []
[2025-03-03T10:37:40.613224+05:00] SaveEntries.INFO: File included and script started: sale_actions.php [] []
[2025-03-03T10:37:40.681977+05:00] SaveEntries.INFO: File included and script started: sale_actions.php [] []
[2025-03-03T10:38:28.117585+05:00] SaveEntries.INFO: File included and script started: sales.php [] []
[2025-03-03T10:38:28.377150+05:00] SaveEntries.INFO: File included and script started: sale_actions.php [] []
[2025-03-03T10:38:28.402525+05:00] SaveEntries.INFO: File included and script started: sale_actions.php [] []
[2025-03-03T10:38:28.405995+05:00] SaveEntries.INFO: File included and script started: sale_actions.php [] []
[2025-03-03T10:38:28.560640+05:00] SaveEntries.INFO: File included and script started: sale_actions.php [] []
[2025-03-03T10:38:31.166189+05:00] SaveEntries.INFO: File included and script started: sale_actions.php [] []
[2025-03-03T10:38:31.166189+05:00] SaveEntries.INFO: File included and script started: sale_actions.php [] []
[2025-03-03T10:38:31.233851+05:00] SaveEntries.INFO: File included and script started: sale_actions.php [] []
[2025-03-03T10:38:57.602446+05:00] SaveEntries.INFO: File included and script started: sale_actions.php [] []
[2025-03-03T10:38:57.651931+05:00] SaveEntries.INFO: File included and script started: sale_actions.php [] []
[2025-03-03T10:39:00.077503+05:00] SaveEntries.INFO: File included and script started: sale_actions.php [] []
[2025-03-03T10:39:00.089291+05:00] SaveEntries.INFO: File included and script started: sale_actions.php [] []
[2025-03-03T10:39:00.121365+05:00] SaveEntries.INFO: File included and script started: sale_actions.php [] []
[2025-03-03T20:59:15.460805+05:00] SaveEntries.INFO: File included and script started: sales.php [] []
[2025-03-03T20:59:15.892299+05:00] SaveEntries.INFO: File included and script started: sale_actions.php [] []
[2025-03-03T20:59:15.906534+05:00] SaveEntries.INFO: File included and script started: sale_actions.php [] []
[2025-03-03T20:59:15.907418+05:00] SaveEntries.INFO: File included and script started: sale_actions.php [] []
[2025-03-03T20:59:16.061905+05:00] SaveEntries.INFO: File included and script started: sale_actions.php [] []
[2025-03-03T21:00:53.170685+05:00] SaveEntries.INFO: File included and script started: sale_actions.php [] []
[2025-03-03T21:01:02.459467+05:00] SaveEntries.INFO: File included and script started: sale_actions.php [] []
[2025-03-03T21:09:03.239284+05:00] SaveEntries.INFO: File included and script started: sales.php [] []
[2025-03-03T21:09:03.829709+05:00] SaveEntries.INFO: File included and script started: sale_actions.php [] []
[2025-03-03T21:09:03.833539+05:00] SaveEntries.INFO: File included and script started: sale_actions.php [] []
[2025-03-03T21:09:03.934105+05:00] SaveEntries.INFO: File included and script started: sale_actions.php [] []
[2025-03-03T21:09:04.485328+05:00] SaveEntries.INFO: File included and script started: sale_actions.php [] []
[2025-03-03T21:09:08.783607+05:00] SaveEntries.INFO: File included and script started: sale_actions.php [] []
[2025-03-03T21:09:11.455735+05:00] SaveEntries.INFO: File included and script started: sale_actions.php [] []
[2025-03-03T21:09:14.309168+05:00] SaveEntries.INFO: File included and script started: sale_actions.php [] []
[2025-03-03T21:09:15.899784+05:00] SaveEntries.INFO: File included and script started: sale_actions.php [] []
[2025-03-03T21:09:17.134236+05:00] SaveEntries.INFO: File included and script started: view_invoice.php [] []
[2025-03-03T21:09:17.465750+05:00] SaveEntries.INFO: File included and script started: sale_actions.php [] []
[2025-03-03T21:09:22.238969+05:00] SaveEntries.INFO: File included and script started: sales.php [] []
[2025-03-03T21:09:22.493344+05:00] SaveEntries.INFO: File included and script started: sale_actions.php [] []
[2025-03-03T21:09:22.541447+05:00] SaveEntries.INFO: File included and script started: sale_actions.php [] []
[2025-03-03T21:09:22.560367+05:00] SaveEntries.INFO: File included and script started: sale_actions.php [] []
[2025-03-03T21:09:23.146564+05:00] SaveEntries.INFO: File included and script started: sale_actions.php [] []
[2025-03-03T21:09:24.844048+05:00] SaveEntries.INFO: File included and script started: edit_invoice.php [] []
[2025-03-03T21:09:25.082720+05:00] SaveEntries.INFO: File included and script started: sale_actions.php [] []
[2025-03-03T21:09:25.139399+05:00] SaveEntries.INFO: File included and script started: sale_actions.php [] []
[2025-03-03T21:09:30.827896+05:00] SaveEntries.INFO: File included and script started: view_invoice.php [] []
[2025-03-03T21:09:31.021754+05:00] SaveEntries.INFO: File included and script started: sale_actions.php [] []
[2025-03-03T21:09:32.646789+05:00] SaveEntries.INFO: File included and script started: sales.php [] []
[2025-03-03T21:09:32.916762+05:00] SaveEntries.INFO: File included and script started: sale_actions.php [] []
[2025-03-03T21:09:32.920916+05:00] SaveEntries.INFO: File included and script started: sale_actions.php [] []
[2025-03-03T21:09:32.944047+05:00] SaveEntries.INFO: File included and script started: sale_actions.php [] []
[2025-03-03T21:09:33.574172+05:00] SaveEntries.INFO: File included and script started: sale_actions.php [] []
[2025-03-03T21:09:37.879976+05:00] SaveEntries.INFO: File included and script started: sale_actions.php [] []
[2025-03-03T21:09:37.931855+05:00] SaveEntries.INFO: File included and script started: sale_actions.php [] []
[2025-03-03T21:09:45.107741+05:00] SaveEntries.INFO: File included and script started: sale_actions.php [] []
[2025-03-03T21:09:47.292156+05:00] SaveEntries.INFO: File included and script started: sale_actions.php [] []
[2025-03-03T21:09:49.444017+05:00] SaveEntries.INFO: File included and script started: sale_actions.php [] []
[2025-03-03T21:09:52.763635+05:00] SaveEntries.INFO: File included and script started: sale_actions.php [] []
[2025-03-03T21:09:52.912639+05:00] SaveEntries.INFO: File included and script started: sale_actions.php [] []
[2025-03-03T21:09:52.929657+05:00] SaveEntries.INFO: File included and script started: sale_actions.php [] []
[2025-03-03T21:09:53.487083+05:00] SaveEntries.INFO: File included and script started: sale_actions.php [] []
[2025-03-03T21:10:24.567494+05:00] SaveEntries.INFO: File included and script started: sale_actions.php [] []
[2025-03-03T21:10:24.636905+05:00] SaveEntries.INFO: File included and script started: sale_actions.php [] []
[2025-03-03T21:10:29.121267+05:00] SaveEntries.INFO: File included and script started: view_invoice.php [] []
[2025-03-03T21:10:29.456911+05:00] SaveEntries.INFO: File included and script started: sale_actions.php [] []
[2025-03-03T21:11:31.798994+05:00] SaveEntries.INFO: File included and script started: sales.php [] []
[2025-03-03T21:11:32.123115+05:00] SaveEntries.INFO: File included and script started: sale_actions.php [] []
[2025-03-03T21:11:32.158037+05:00] SaveEntries.INFO: File included and script started: sale_actions.php [] []
[2025-03-03T21:11:32.175771+05:00] SaveEntries.INFO: File included and script started: sale_actions.php [] []
[2025-03-03T21:11:32.771813+05:00] SaveEntries.INFO: File included and script started: sale_actions.php [] []
[2025-03-03T21:11:34.874572+05:00] SaveEntries.INFO: File included and script started: edit_invoice.php [] []
[2025-03-03T21:11:35.109160+05:00] SaveEntries.INFO: File included and script started: sale_actions.php [] []
[2025-03-03T21:11:35.174199+05:00] SaveEntries.INFO: File included and script started: sale_actions.php [] []
[2025-03-03T21:18:10.939851+05:00] SaveEntries.INFO: File included and script started: index.php [] []
[2025-03-03T21:18:11.287871+05:00] SaveEntries.INFO: File included and script started: statistics_actions.php [] []
[2025-03-03T21:18:23.684448+05:00] SaveEntries.INFO: File included and script started: sales.php [] []
[2025-03-03T21:18:23.944835+05:00] SaveEntries.INFO: File included and script started: sale_actions.php [] []
[2025-03-03T21:18:23.969921+05:00] SaveEntries.INFO: File included and script started: sale_actions.php [] []
[2025-03-03T21:18:23.979986+05:00] SaveEntries.INFO: File included and script started: sale_actions.php [] []
[2025-03-03T21:18:24.576359+05:00] SaveEntries.INFO: File included and script started: sale_actions.php [] []
[2025-03-03T21:18:26.760244+05:00] SaveEntries.INFO: File included and script started: view_invoice.php [] []
[2025-03-03T21:18:26.938763+05:00] SaveEntries.INFO: File included and script started: sale_actions.php [] []
[2025-03-03T21:29:53.702322+05:00] SaveEntries.INFO: File included and script started: view_invoice.php [] []
[2025-03-03T21:29:54.146999+05:00] SaveEntries.INFO: File included and script started: sale_actions.php [] []
[2025-03-03T21:29:56.665821+05:00] SaveEntries.INFO: File included and script started: edit_invoice.php [] []
[2025-03-03T21:29:56.993285+05:00] SaveEntries.INFO: File included and script started: sale_actions.php [] []
[2025-03-03T21:29:57.042801+05:00] SaveEntries.INFO: File included and script started: sale_actions.php [] []
[2025-03-03T21:30:02.731065+05:00] SaveEntries.INFO: File included and script started: sale_actions.php [] []
[2025-03-03T21:30:33.234880+05:00] SaveEntries.INFO: File included and script started: sale_actions.php [] []
[2025-03-03T21:30:56.566732+05:00] SaveEntries.INFO: File included and script started: sale_actions.php [] []
[2025-03-03T21:30:58.112267+05:00] SaveEntries.INFO: File included and script started: view_invoice.php [] []
[2025-03-03T21:30:58.334039+05:00] SaveEntries.INFO: File included and script started: sale_actions.php [] []
[2025-03-03T21:31:18.516733+05:00] SaveEntries.INFO: File included and script started: edit_invoice.php [] []
[2025-03-03T21:31:18.760044+05:00] SaveEntries.INFO: File included and script started: sale_actions.php [] []
[2025-03-03T21:31:18.815991+05:00] SaveEntries.INFO: File included and script started: sale_actions.php [] []
[2025-03-03T21:32:22.196291+05:00] SaveEntries.INFO: File included and script started: view_invoice.php [] []
[2025-03-03T21:32:22.535521+05:00] SaveEntries.INFO: File included and script started: sale_actions.php [] []
[2025-03-03T21:32:27.015939+05:00] SaveEntries.INFO: File included and script started: edit_invoice.php [] []
[2025-03-03T21:32:27.227033+05:00] SaveEntries.INFO: File included and script started: sale_actions.php [] []
[2025-03-03T21:32:27.287862+05:00] SaveEntries.INFO: File included and script started: sale_actions.php [] []
[2025-03-03T21:32:30.083082+05:00] SaveEntries.INFO: File included and script started: sale_actions.php [] []
[2025-03-03T21:32:57.504023+05:00] SaveEntries.INFO: File included and script started: sale_actions.php [] []
[2025-03-03T21:33:00.820162+05:00] SaveEntries.INFO: File included and script started: sale_actions.php [] []
[2025-03-03T21:37:09.502824+05:00] SaveEntries.INFO: File included and script started: view_invoice.php [] []
[2025-03-03T21:37:09.945601+05:00] SaveEntries.INFO: File included and script started: sale_actions.php [] []
[2025-03-03T21:37:22.016900+05:00] SaveEntries.INFO: File included and script started: edit_invoice.php [] []
[2025-03-03T21:37:22.273443+05:00] SaveEntries.INFO: File included and script started: sale_actions.php [] []
[2025-03-03T21:37:22.356002+05:00] SaveEntries.INFO: File included and script started: sale_actions.php [] []
[2025-03-03T21:37:44.071913+05:00] SaveEntries.INFO: File included and script started: view_invoice.php [] []
[2025-03-03T21:37:44.328780+05:00] SaveEntries.INFO: File included and script started: sale_actions.php [] []
[2025-03-03T21:39:32.849369+05:00] SaveEntries.INFO: File included and script started: index.php [] []
[2025-03-03T21:39:33.138699+05:00] SaveEntries.INFO: File included and script started: statistics_actions.php [] []
[2025-03-03T21:39:35.215498+05:00] SaveEntries.INFO: File included and script started: sales.php [] []
[2025-03-03T21:39:35.705332+05:00] SaveEntries.INFO: File included and script started: sale_actions.php [] []
[2025-03-03T21:39:35.706733+05:00] SaveEntries.INFO: File included and script started: sale_actions.php [] []
[2025-03-03T21:39:35.724527+05:00] SaveEntries.INFO: File included and script started: sale_actions.php [] []
[2025-03-03T21:39:36.333718+05:00] SaveEntries.INFO: File included and script started: sale_actions.php [] []
[2025-03-03T21:39:39.919092+05:00] SaveEntries.INFO: File included and script started: sale_actions.php [] []
[2025-03-03T21:39:42.798604+05:00] SaveEntries.INFO: File included and script started: sale_actions.php [] []
[2025-03-03T21:39:43.432610+05:00] SaveEntries.INFO: File included and script started: sale_actions.php [] []
[2025-03-03T21:39:43.434805+05:00] SaveEntries.INFO: File included and script started: sale_actions.php [] []
[2025-03-03T21:39:43.981223+05:00] SaveEntries.INFO: File included and script started: sale_actions.php [] []
[2025-03-03T21:40:08.642031+05:00] SaveEntries.INFO: File included and script started: sale_actions.php [] []
[2025-03-03T21:40:08.704426+05:00] SaveEntries.INFO: File included and script started: sale_actions.php [] []
[2025-03-03T21:40:14.884822+05:00] SaveEntries.INFO: File included and script started: view_invoice.php [] []
[2025-03-03T21:40:15.095095+05:00] SaveEntries.INFO: File included and script started: sale_actions.php [] []
[2025-03-03T21:40:22.619598+05:00] SaveEntries.INFO: File included and script started: sales.php [] []
[2025-03-03T21:40:22.843083+05:00] SaveEntries.INFO: File included and script started: sale_actions.php [] []
[2025-03-03T21:40:22.871530+05:00] SaveEntries.INFO: File included and script started: sale_actions.php [] []
[2025-03-03T21:40:22.866651+05:00] SaveEntries.INFO: File included and script started: sale_actions.php [] []
[2025-03-03T21:40:23.510820+05:00] SaveEntries.INFO: File included and script started: sale_actions.php [] []
[2025-03-03T21:40:27.063039+05:00] SaveEntries.INFO: File included and script started: view_invoice.php [] []
[2025-03-03T21:40:27.245524+05:00] SaveEntries.INFO: File included and script started: sale_actions.php [] []
[2025-03-03T21:40:35.260015+05:00] SaveEntries.INFO: File included and script started: edit_invoice.php [] []
[2025-03-03T21:40:35.476380+05:00] SaveEntries.INFO: File included and script started: sale_actions.php [] []
[2025-03-03T21:40:35.531465+05:00] SaveEntries.INFO: File included and script started: sale_actions.php [] []
[2025-03-03T21:40:44.293425+05:00] SaveEntries.INFO: File included and script started: sale_actions.php [] []
[2025-03-03T21:41:09.124171+05:00] SaveEntries.INFO: File included and script started: view_invoice.php [] []
[2025-03-03T21:41:09.365242+05:00] SaveEntries.INFO: File included and script started: sale_actions.php [] []
[2025-03-03T21:42:50.359696+05:00] SaveEntries.INFO: File included and script started: edit_invoice.php [] []
[2025-03-03T21:42:50.800071+05:00] SaveEntries.INFO: File included and script started: sale_actions.php [] []
[2025-03-03T21:42:50.872467+05:00] SaveEntries.INFO: File included and script started: sale_actions.php [] []
[2025-03-03T21:43:04.412164+05:00] SaveEntries.INFO: File included and script started: sale_actions.php [] []
[2025-03-03T21:48:55.802606+05:00] SaveEntries.INFO: File included and script started: edit_invoice.php [] []
[2025-03-03T21:48:56.133807+05:00] SaveEntries.INFO: File included and script started: sale_actions.php [] []
[2025-03-03T21:48:56.185673+05:00] SaveEntries.INFO: File included and script started: sale_actions.php [] []
[2025-03-03T21:50:11.297278+05:00] SaveEntries.INFO: File included and script started: sale_actions.php [] []
[2025-03-03T21:50:56.683038+05:00] SaveEntries.INFO: File included and script started: sale_actions.php [] []
[2025-03-03T21:50:58.121605+05:00] SaveEntries.INFO: File included and script started: view_invoice.php [] []
[2025-03-03T21:50:58.507376+05:00] SaveEntries.INFO: File included and script started: sale_actions.php [] []
[2025-03-03T22:27:55.730992+05:00] SaveEntries.INFO: File included and script started: categories.php [] []
[2025-03-03T22:27:57.091976+05:00] SaveEntries.INFO: File included and script started: category_actions.php [] []
[2025-03-03T22:28:00.938675+05:00] SaveEntries.INFO: File included and script started: category_actions.php [] []
[2025-03-03T22:28:02.931243+05:00] SaveEntries.INFO: File included and script started: index.php [] []
[2025-03-03T22:28:03.214172+05:00] SaveEntries.INFO: File included and script started: statistics_actions.php [] []
[2025-03-03T22:28:05.660894+05:00] SaveEntries.INFO: File included and script started: sales.php [] []
[2025-03-03T22:28:06.025653+05:00] SaveEntries.INFO: File included and script started: sale_actions.php [] []
[2025-03-03T22:28:06.022833+05:00] SaveEntries.INFO: File included and script started: sale_actions.php [] []
[2025-03-03T22:28:06.068557+05:00] SaveEntries.INFO: File included and script started: sale_actions.php [] []
[2025-03-03T22:28:06.647080+05:00] SaveEntries.INFO: File included and script started: sale_actions.php [] []
[2025-03-03T22:28:12.213696+05:00] SaveEntries.INFO: File included and script started: view_invoice.php [] []
[2025-03-03T22:28:12.492579+05:00] SaveEntries.INFO: File included and script started: sale_actions.php [] []
[2025-03-03T22:28:23.036406+05:00] SaveEntries.INFO: File included and script started: index.php [] []
[2025-03-03T22:28:23.348545+05:00] SaveEntries.INFO: File included and script started: statistics_actions.php [] []
[2025-03-03T22:33:35.048741+05:00] SaveEntries.INFO: File included and script started: index.php [] []
[2025-03-03T22:33:35.469188+05:00] SaveEntries.INFO: File included and script started: statistics_actions.php [] []
[2025-03-03T22:33:46.863962+05:00] SaveEntries.INFO: File included and script started: sales.php [] []
[2025-03-03T22:33:47.240822+05:00] SaveEntries.INFO: File included and script started: sale_actions.php [] []
[2025-03-03T22:33:47.276107+05:00] SaveEntries.INFO: File included and script started: sale_actions.php [] []
[2025-03-03T22:33:47.276817+05:00] SaveEntries.INFO: File included and script started: sale_actions.php [] []
[2025-03-03T22:33:47.890886+05:00] SaveEntries.INFO: File included and script started: sale_actions.php [] []
[2025-03-03T22:33:49.440624+05:00] SaveEntries.INFO: File included and script started: sale_actions.php [] []
[2025-03-03T22:33:49.441438+05:00] SaveEntries.INFO: File included and script started: sale_actions.php [] []
[2025-03-03T22:33:49.986142+05:00] SaveEntries.INFO: File included and script started: sale_actions.php [] []
[2025-03-03T22:34:21.150014+05:00] SaveEntries.INFO: File included and script started: sale_actions.php [] []
[2025-03-03T22:34:21.202006+05:00] SaveEntries.INFO: File included and script started: sale_actions.php [] []
[2025-03-03T22:34:29.712516+05:00] SaveEntries.INFO: File included and script started: view_invoice.php [] []
[2025-03-03T22:34:29.924283+05:00] SaveEntries.INFO: File included and script started: sale_actions.php [] []
[2025-03-03T22:34:37.903483+05:00] SaveEntries.INFO: File included and script started: sales.php [] []
[2025-03-03T22:34:38.133590+05:00] SaveEntries.INFO: File included and script started: sale_actions.php [] []
[2025-03-03T22:34:38.152807+05:00] SaveEntries.INFO: File included and script started: sale_actions.php [] []
[2025-03-03T22:34:38.182880+05:00] SaveEntries.INFO: File included and script started: sale_actions.php [] []
[2025-03-03T22:34:38.744348+05:00] SaveEntries.INFO: File included and script started: sale_actions.php [] []
[2025-03-03T22:34:40.816290+05:00] SaveEntries.INFO: File included and script started: view_invoice.php [] []
[2025-03-03T22:34:41.008487+05:00] SaveEntries.INFO: File included and script started: sale_actions.php [] []
[2025-03-03T22:34:44.714710+05:00] SaveEntries.INFO: File included and script started: edit_invoice.php [] []
[2025-03-03T22:34:44.941297+05:00] SaveEntries.INFO: File included and script started: sale_actions.php [] []
[2025-03-03T22:34:44.997701+05:00] SaveEntries.INFO: File included and script started: sale_actions.php [] []
[2025-03-03T22:35:01.941203+05:00] SaveEntries.INFO: File included and script started: sale_actions.php [] []
[2025-03-03T22:35:03.061198+05:00] SaveEntries.INFO: File included and script started: view_invoice.php [] []
[2025-03-03T22:35:03.251246+05:00] SaveEntries.INFO: File included and script started: sale_actions.php [] []
[2025-03-03T22:35:20.939691+05:00] SaveEntries.INFO: File included and script started: products.php [] []
[2025-03-03T22:35:21.156871+05:00] SaveEntries.INFO: File included and script started: product_actions.php [] []
[2025-03-03T22:35:21.160876+05:00] SaveEntries.INFO: File included and script started: product_actions.php [] []
[2025-03-03T22:35:21.206476+05:00] SaveEntries.INFO: File included and script started: product_actions.php [] []
[2025-03-03T22:35:23.093878+05:00] SaveEntries.INFO: File included and script started: index.php [] []
[2025-03-03T22:35:23.505099+05:00] SaveEntries.INFO: File included and script started: statistics_actions.php [] []
[2025-03-03T22:35:25.373946+05:00] SaveEntries.INFO: File included and script started: sales.php [] []
[2025-03-03T22:35:25.630163+05:00] SaveEntries.INFO: File included and script started: sale_actions.php [] []
[2025-03-03T22:35:25.629837+05:00] SaveEntries.INFO: File included and script started: sale_actions.php [] []
[2025-03-03T22:35:25.675311+05:00] SaveEntries.INFO: File included and script started: sale_actions.php [] []
[2025-03-03T22:35:26.196381+05:00] SaveEntries.INFO: File included and script started: sale_actions.php [] []
[2025-03-03T22:35:28.295432+05:00] SaveEntries.INFO: File included and script started: view_invoice.php [] []
[2025-03-03T22:35:28.527681+05:00] SaveEntries.INFO: File included and script started: sale_actions.php [] []
[2025-03-03T22:36:56.953934+05:00] SaveEntries.INFO: File included and script started: view_invoice.php [] []
[2025-03-03T22:36:57.248173+05:00] SaveEntries.INFO: File included and script started: sale_actions.php [] []
[2025-03-03T22:39:05.207043+05:00] SaveEntries.INFO: File included and script started: index.php [] []
[2025-03-03T22:39:05.530417+05:00] SaveEntries.INFO: File included and script started: statistics_actions.php [] []
[2025-03-03T22:39:12.635353+05:00] SaveEntries.INFO: File included and script started: index.php [] []
[2025-03-03T22:39:12.934194+05:00] SaveEntries.INFO: File included and script started: statistics_actions.php [] []
[2025-03-03T22:39:15.704302+05:00] SaveEntries.INFO: File included and script started: users.php [] []
[2025-03-03T22:39:15.958559+05:00] SaveEntries.INFO: File included and script started: user_actions.php [] []
[2025-03-03T22:39:17.618553+05:00] SaveEntries.INFO: File included and script started: index.php [] []
[2025-03-03T22:39:17.826449+05:00] SaveEntries.INFO: File included and script started: statistics_actions.php [] []
[2025-03-03T22:39:19.735529+05:00] SaveEntries.INFO: File included and script started: sales.php [] []
[2025-03-03T22:39:20.014222+05:00] SaveEntries.INFO: File included and script started: sale_actions.php [] []
[2025-03-03T22:39:20.044926+05:00] SaveEntries.INFO: File included and script started: sale_actions.php [] []
[2025-03-03T22:39:20.058768+05:00] SaveEntries.INFO: File included and script started: sale_actions.php [] []
[2025-03-03T22:39:20.671763+05:00] SaveEntries.INFO: File included and script started: sale_actions.php [] []
[2025-03-03T22:39:21.962103+05:00] SaveEntries.INFO: File included and script started: view_invoice.php [] []
[2025-03-03T22:39:22.210587+05:00] SaveEntries.INFO: File included and script started: sale_actions.php [] []
[2025-03-03T22:39:43.154311+05:00] SaveEntries.INFO: File included and script started: view_invoice.php [] []
[2025-03-03T22:39:43.324866+05:00] SaveEntries.INFO: File included and script started: sale_actions.php [] []
[2025-03-03T22:39:59.404596+05:00] SaveEntries.INFO: File included and script started: index.php [] []
[2025-03-03T22:39:59.589699+05:00] SaveEntries.INFO: File included and script started: statistics_actions.php [] []
[2025-03-03T22:40:01.626252+05:00] SaveEntries.INFO: File included and script started: sales.php [] []
[2025-03-03T22:40:01.878553+05:00] SaveEntries.INFO: File included and script started: sale_actions.php [] []
[2025-03-03T22:40:01.902296+05:00] SaveEntries.INFO: File included and script started: sale_actions.php [] []
[2025-03-03T22:40:01.909004+05:00] SaveEntries.INFO: File included and script started: sale_actions.php [] []
[2025-03-03T22:40:02.445321+05:00] SaveEntries.INFO: File included and script started: sale_actions.php [] []
[2025-03-03T22:40:08.210671+05:00] SaveEntries.INFO: File included and script started: sale_actions.php [] []
[2025-03-03T22:40:08.217384+05:00] SaveEntries.INFO: File included and script started: sale_actions.php [] []
[2025-03-03T22:40:08.762326+05:00] SaveEntries.INFO: File included and script started: sale_actions.php [] []
[2025-03-03T22:42:02.203587+05:00] SaveEntries.INFO: File included and script started: sales.php [] []
[2025-03-03T22:42:02.599533+05:00] SaveEntries.INFO: File included and script started: sale_actions.php [] []
[2025-03-03T22:42:02.652311+05:00] SaveEntries.INFO: File included and script started: sale_actions.php [] []
[2025-03-03T22:42:02.698917+05:00] SaveEntries.INFO: File included and script started: sale_actions.php [] []
[2025-03-03T22:42:03.190239+05:00] SaveEntries.INFO: File included and script started: sale_actions.php [] []
[2025-03-03T22:44:11.698869+05:00] SaveEntries.INFO: File included and script started: sales.php [] []
[2025-03-03T22:44:12.347197+05:00] SaveEntries.INFO: File included and script started: sale_actions.php [] []
[2025-03-03T22:44:12.359041+05:00] SaveEntries.INFO: File included and script started: sale_actions.php [] []
[2025-03-03T22:44:12.377184+05:00] SaveEntries.INFO: File included and script started: sale_actions.php [] []
[2025-03-03T22:44:12.992613+05:00] SaveEntries.INFO: File included and script started: sale_actions.php [] []
[2025-03-03T22:44:14.275037+05:00] SaveEntries.INFO: File included and script started: sale_actions.php [] []
[2025-03-03T22:44:34.957126+05:00] SaveEntries.INFO: File included and script started: index.php [] []
[2025-03-03T22:44:35.168481+05:00] SaveEntries.INFO: File included and script started: statistics_actions.php [] []
[2025-03-03T22:46:42.431632+05:00] SaveEntries.INFO: File included and script started: index.php [] []
[2025-03-03T22:46:42.777153+05:00] SaveEntries.INFO: File included and script started: statistics_actions.php [] []
[2025-03-03T22:46:47.569771+05:00] SaveEntries.INFO: File included and script started: sales.php [] []
[2025-03-03T22:46:47.840155+05:00] SaveEntries.INFO: File included and script started: sale_actions.php [] []
[2025-03-03T22:46:47.873585+05:00] SaveEntries.INFO: File included and script started: sale_actions.php [] []
[2025-03-03T22:46:47.877460+05:00] SaveEntries.INFO: File included and script started: sale_actions.php [] []
[2025-03-03T22:46:48.519851+05:00] SaveEntries.INFO: File included and script started: sale_actions.php [] []
[2025-03-03T22:46:51.480330+05:00] SaveEntries.INFO: File included and script started: sales.php [] []
[2025-03-03T22:46:51.722325+05:00] SaveEntries.INFO: File included and script started: sale_actions.php [] []
[2025-03-03T22:46:51.723445+05:00] SaveEntries.INFO: File included and script started: sale_actions.php [] []
[2025-03-03T22:46:51.729758+05:00] SaveEntries.INFO: File included and script started: sale_actions.php [] []
[2025-03-03T22:46:52.273192+05:00] SaveEntries.INFO: File included and script started: sale_actions.php [] []
[2025-03-03T22:46:54.034850+05:00] SaveEntries.INFO: File included and script started: sales.php [] []
[2025-03-03T22:46:54.303224+05:00] SaveEntries.INFO: File included and script started: sale_actions.php [] []
[2025-03-03T22:46:54.320471+05:00] SaveEntries.INFO: File included and script started: sale_actions.php [] []
[2025-03-03T22:46:54.332958+05:00] SaveEntries.INFO: File included and script started: sale_actions.php [] []
[2025-03-03T22:46:54.876520+05:00] SaveEntries.INFO: File included and script started: sale_actions.php [] []
[2025-03-03T22:46:56.968653+05:00] SaveEntries.INFO: File included and script started: sales.php [] []
[2025-03-03T22:46:57.199041+05:00] SaveEntries.INFO: File included and script started: sale_actions.php [] []
[2025-03-03T22:46:57.202382+05:00] SaveEntries.INFO: File included and script started: sale_actions.php [] []
[2025-03-03T22:46:57.223165+05:00] SaveEntries.INFO: File included and script started: sale_actions.php [] []
[2025-03-03T22:46:57.777457+05:00] SaveEntries.INFO: File included and script started: sale_actions.php [] []
[2025-03-03T22:47:26.993943+05:00] SaveEntries.INFO: File included and script started: sales.php [] []
[2025-03-03T22:47:27.198411+05:00] SaveEntries.INFO: File included and script started: sale_actions.php [] []
[2025-03-03T22:47:27.208913+05:00] SaveEntries.INFO: File included and script started: sale_actions.php [] []
[2025-03-03T22:47:27.196362+05:00] SaveEntries.INFO: File included and script started: sale_actions.php [] []
[2025-03-03T22:47:27.781607+05:00] SaveEntries.INFO: File included and script started: sale_actions.php [] []
[2025-03-03T22:47:29.410345+05:00] SaveEntries.INFO: File included and script started: sales.php [] []
[2025-03-03T22:47:29.622619+05:00] SaveEntries.INFO: File included and script started: sale_actions.php [] []
[2025-03-03T22:47:29.628788+05:00] SaveEntries.INFO: File included and script started: sale_actions.php [] []
[2025-03-03T22:47:29.638135+05:00] SaveEntries.INFO: File included and script started: sale_actions.php [] []
[2025-03-03T22:47:30.255700+05:00] SaveEntries.INFO: File included and script started: sale_actions.php [] []
[2025-03-03T22:47:31.416755+05:00] SaveEntries.INFO: File included and script started: sale_actions.php [] []
[2025-03-03T22:47:31.416794+05:00] SaveEntries.INFO: File included and script started: sale_actions.php [] []
[2025-03-03T22:47:31.979885+05:00] SaveEntries.INFO: File included and script started: sale_actions.php [] []
[2025-03-03T22:47:34.197990+05:00] SaveEntries.INFO: File included and script started: edit_invoice.php [] []
[2025-03-03T22:47:34.431056+05:00] SaveEntries.INFO: File included and script started: sale_actions.php [] []
[2025-03-03T22:47:34.502198+05:00] SaveEntries.INFO: File included and script started: sale_actions.php [] []
[2025-03-03T22:47:37.308685+05:00] SaveEntries.INFO: File included and script started: sale_actions.php [] []
[2025-03-03T22:47:39.371556+05:00] SaveEntries.INFO: File included and script started: index.php [] []
[2025-03-03T22:47:39.580517+05:00] SaveEntries.INFO: File included and script started: statistics_actions.php [] []
[2025-03-03T22:47:44.415133+05:00] SaveEntries.INFO: File included and script started: index.php [] []
[2025-03-03T22:49:48.389776+05:00] SaveEntries.INFO: File included and script started: index.php [] []
[2025-03-03T22:49:48.537292+05:00] SaveEntries.INFO: File included and script started: index.php [] []
[2025-03-03T22:49:48.913108+05:00] SaveEntries.INFO: File included and script started: statistics_actions.php [] []
[2025-03-03T22:49:56.490050+05:00] SaveEntries.INFO: File included and script started: users.php [] []
[2025-03-03T22:49:56.715617+05:00] SaveEntries.INFO: File included and script started: user_actions.php [] []
[2025-03-03T22:49:58.385784+05:00] SaveEntries.INFO: File included and script started: index.php [] []
[2025-03-03T22:49:59.383568+05:00] SaveEntries.INFO: File included and script started: statistics_actions.php [] []
[2025-03-03T22:50:00.474773+05:00] SaveEntries.INFO: File included and script started: brands.php [] []
[2025-03-03T22:50:00.710662+05:00] SaveEntries.INFO: File included and script started: brand_actions.php [] []
[2025-03-03T22:50:02.585765+05:00] SaveEntries.INFO: File included and script started: index.php [] []
[2025-03-03T22:50:02.789608+05:00] SaveEntries.INFO: File included and script started: statistics_actions.php [] []
[2025-03-03T22:50:11.801836+05:00] SaveEntries.INFO: File included and script started: index.php [] []
