[2025-03-12T07:52:28.883594+05:00] SaveEntries.INFO: File included and script started: index.php [] []
[2025-03-12T07:52:29.238682+05:00] SaveEntries.INFO: File included and script started: statistics_actions.php [] []
[2025-03-12T07:52:35.235552+05:00] SaveEntries.INFO: File included and script started: customers.php [] []
[2025-03-12T07:52:35.797975+05:00] SaveEntries.INFO: File included and script started: customer_actions.php [] []
[2025-03-12T07:53:09.877933+05:00] SaveEntries.INFO: File included and script started: customers.php [] []
[2025-03-12T07:53:10.115142+05:00] SaveEntries.INFO: File included and script started: customer_actions.php [] []
[2025-03-12T07:58:25.232586+05:00] SaveEntries.INFO: File included and script started: customer_actions.php [] []
[2025-03-12T07:58:25.281796+05:00] SaveEntries.INFO: File included and script started: customer_actions.php [] []
[2025-03-12T08:04:23.138182+05:00] SaveEntries.INFO: File included and script started: customers.php [] []
[2025-03-12T08:04:23.722462+05:00] SaveEntries.INFO: File included and script started: customer_actions.php [] []
[2025-03-12T08:04:34.033800+05:00] SaveEntries.INFO: File included and script started: sales.php [] []
[2025-03-12T08:04:34.421867+05:00] SaveEntries.INFO: File included and script started: sale_actions.php [] []
[2025-03-12T08:04:34.421800+05:00] SaveEntries.INFO: File included and script started: sale_actions.php [] []
[2025-03-12T08:04:34.471879+05:00] SaveEntries.INFO: File included and script started: sale_actions.php [] []
[2025-03-12T08:04:35.032629+05:00] SaveEntries.INFO: File included and script started: sale_actions.php [] []
[2025-03-12T08:04:39.431895+05:00] SaveEntries.INFO: File included and script started: edit_invoice.php [] []
[2025-03-12T08:04:39.619814+05:00] SaveEntries.INFO: File included and script started: sale_actions.php [] []
[2025-03-12T08:04:39.680412+05:00] SaveEntries.INFO: File included and script started: sale_actions.php [] []
[2025-03-12T08:04:59.427569+05:00] SaveEntries.INFO: File included and script started: sale_actions.php [] []
[2025-03-12T08:05:00.496733+05:00] SaveEntries.INFO: File included and script started: view_invoice.php [] []
[2025-03-12T08:05:00.754968+05:00] SaveEntries.INFO: File included and script started: company_actions.php [] []
[2025-03-12T08:05:00.771106+05:00] SaveEntries.INFO: File included and script started: sale_actions.php [] []
[2025-03-12T08:05:02.179888+05:00] SaveEntries.INFO: File included and script started: index.php [] []
[2025-03-12T08:05:02.473367+05:00] SaveEntries.INFO: File included and script started: statistics_actions.php [] []
[2025-03-12T08:05:06.337013+05:00] SaveEntries.INFO: File included and script started: customers.php [] []
[2025-03-12T08:05:06.622853+05:00] SaveEntries.INFO: File included and script started: customer_actions.php [] []
[2025-03-12T08:05:16.663733+05:00] SaveEntries.INFO: File included and script started: index.php [] []
[2025-03-12T08:05:16.882777+05:00] SaveEntries.INFO: File included and script started: statistics_actions.php [] []
[2025-03-12T08:05:20.582122+05:00] SaveEntries.INFO: File included and script started: sales.php [] []
[2025-03-12T08:05:20.914152+05:00] SaveEntries.INFO: File included and script started: sale_actions.php [] []
[2025-03-12T08:05:20.944587+05:00] SaveEntries.INFO: File included and script started: sale_actions.php [] []
[2025-03-12T08:05:20.948401+05:00] SaveEntries.INFO: File included and script started: sale_actions.php [] []
[2025-03-12T08:05:21.496335+05:00] SaveEntries.INFO: File included and script started: sale_actions.php [] []
[2025-03-12T08:05:23.662533+05:00] SaveEntries.INFO: File included and script started: edit_invoice.php [] []
[2025-03-12T08:05:23.848814+05:00] SaveEntries.INFO: File included and script started: sale_actions.php [] []
[2025-03-12T08:05:23.909603+05:00] SaveEntries.INFO: File included and script started: sale_actions.php [] []
[2025-03-12T08:05:35.510968+05:00] SaveEntries.INFO: File included and script started: sale_actions.php [] []
[2025-03-12T08:05:36.257351+05:00] SaveEntries.INFO: File included and script started: view_invoice.php [] []
[2025-03-12T08:05:36.489248+05:00] SaveEntries.INFO: File included and script started: company_actions.php [] []
[2025-03-12T08:05:36.490578+05:00] SaveEntries.INFO: File included and script started: sale_actions.php [] []
[2025-03-12T08:05:37.650839+05:00] SaveEntries.INFO: File included and script started: index.php [] []
[2025-03-12T08:05:37.858138+05:00] SaveEntries.INFO: File included and script started: statistics_actions.php [] []
[2025-03-12T08:05:40.237845+05:00] SaveEntries.INFO: File included and script started: customers.php [] []
[2025-03-12T08:05:40.545121+05:00] SaveEntries.INFO: File included and script started: customer_actions.php [] []
[2025-03-12T08:07:06.466222+05:00] SaveEntries.INFO: File included and script started: products.php [] []
[2025-03-12T08:07:09.272438+05:00] SaveEntries.INFO: File included and script started: product_actions.php [] []
[2025-03-12T08:07:09.546572+05:00] SaveEntries.INFO: File included and script started: product_actions.php [] []
[2025-03-12T08:07:09.733869+05:00] SaveEntries.INFO: File included and script started: product_actions.php [] []
[2025-03-12T08:07:16.267305+05:00] SaveEntries.INFO: File included and script started: product_actions.php [] []
[2025-03-12T08:07:16.276025+05:00] SaveEntries.INFO: File included and script started: product_actions.php [] []
[2025-03-12T08:07:22.443157+05:00] SaveEntries.INFO: File included and script started: product_actions.php [] []
[2025-03-12T08:07:23.074385+05:00] SaveEntries.INFO: File included and script started: product_actions.php [] []
[2025-03-12T08:07:38.164386+05:00] SaveEntries.INFO: File included and script started: product_actions.php [] []
[2025-03-12T08:07:40.486757+05:00] SaveEntries.INFO: File included and script started: product_actions.php [] []
[2025-03-12T08:09:38.366666+05:00] SaveEntries.INFO: File included and script started: product_actions.php [] []
[2025-03-12T08:09:40.511741+05:00] SaveEntries.INFO: File included and script started: product_actions.php [] []
[2025-03-12T08:09:40.847223+05:00] SaveEntries.INFO: File included and script started: product_actions.php [] []
[2025-03-12T08:16:35.435788+05:00] SaveEntries.INFO: File included and script started: products.php [] []
[2025-03-12T08:16:35.768704+05:00] SaveEntries.INFO: File included and script started: product_actions.php [] []
[2025-03-12T08:16:35.777877+05:00] SaveEntries.INFO: File included and script started: product_actions.php [] []
[2025-03-12T08:16:35.820802+05:00] SaveEntries.INFO: File included and script started: product_actions.php [] []
[2025-03-12T08:16:42.032248+05:00] SaveEntries.INFO: File included and script started: product_actions.php [] []
[2025-03-12T08:17:00.931255+05:00] SaveEntries.INFO: File included and script started: brand_actions.php [] []
[2025-03-12T08:17:00.985195+05:00] SaveEntries.INFO: File included and script started: product_actions.php [] []
[2025-03-12T08:17:12.872083+05:00] SaveEntries.INFO: File included and script started: product_actions.php [] []
[2025-03-12T08:17:12.964906+05:00] SaveEntries.INFO: File included and script started: product_actions.php [] []
[2025-03-12T08:17:17.978728+05:00] SaveEntries.INFO: File included and script started: product_actions.php [] []
[2025-03-12T08:17:26.973826+05:00] SaveEntries.INFO: File included and script started: product_actions.php [] []
[2025-03-12T08:17:27.016198+05:00] SaveEntries.INFO: File included and script started: product_actions.php [] []
[2025-03-12T08:19:31.593779+05:00] SaveEntries.INFO: File included and script started: products.php [] []
[2025-03-12T08:19:31.937136+05:00] SaveEntries.INFO: File included and script started: product_actions.php [] []
[2025-03-12T08:19:31.943301+05:00] SaveEntries.INFO: File included and script started: product_actions.php [] []
[2025-03-12T08:19:31.991597+05:00] SaveEntries.INFO: File included and script started: product_actions.php [] []
[2025-03-12T08:19:48.984000+05:00] SaveEntries.INFO: File included and script started: product_actions.php [] []
[2025-03-12T08:19:52.076957+05:00] SaveEntries.INFO: File included and script started: product_actions.php [] []
[2025-03-12T08:19:52.131644+05:00] SaveEntries.INFO: File included and script started: product_actions.php [] []
[2025-03-12T08:19:58.229717+05:00] SaveEntries.INFO: File included and script started: product_actions.php [] []
[2025-03-12T08:20:01.555866+05:00] SaveEntries.INFO: File included and script started: product_actions.php [] []
[2025-03-12T08:20:01.823635+05:00] SaveEntries.INFO: File included and script started: product_actions.php [] []
[2025-03-12T08:20:29.103276+05:00] SaveEntries.INFO: File included and script started: products.php [] []
[2025-03-12T08:20:29.475450+05:00] SaveEntries.INFO: File included and script started: product_actions.php [] []
[2025-03-12T08:20:29.664366+05:00] SaveEntries.INFO: File included and script started: product_actions.php [] []
[2025-03-12T08:20:39.434737+05:00] SaveEntries.INFO: File included and script started: product_actions.php [] []
[2025-03-12T08:20:41.343983+05:00] SaveEntries.INFO: File included and script started: product_actions.php [] []
[2025-03-12T08:20:41.663578+05:00] SaveEntries.INFO: File included and script started: product_actions.php [] []
[2025-03-12T08:36:10.321682+05:00] SaveEntries.INFO: File included and script started: sales.php [] []
[2025-03-12T08:36:10.408809+05:00] SaveEntries.INFO: File included and script started: index.php [] []
[2025-03-12T08:36:16.033212+05:00] SaveEntries.INFO: File included and script started: index.php [] []
[2025-03-12T08:36:16.395490+05:00] SaveEntries.INFO: File included and script started: index.php [] []
[2025-03-12T08:36:17.357049+05:00] SaveEntries.INFO: File included and script started: statistics_actions.php [] []
[2025-03-12T08:36:21.919063+05:00] SaveEntries.INFO: File included and script started: sales.php [] []
[2025-03-12T08:36:22.255342+05:00] SaveEntries.INFO: File included and script started: sale_actions.php [] []
[2025-03-12T08:36:22.262712+05:00] SaveEntries.INFO: File included and script started: sale_actions.php [] []
[2025-03-12T08:36:22.305950+05:00] SaveEntries.INFO: File included and script started: sale_actions.php [] []
[2025-03-12T08:36:22.851181+05:00] SaveEntries.INFO: File included and script started: sale_actions.php [] []
[2025-03-12T08:36:25.137455+05:00] SaveEntries.INFO: File included and script started: view_invoice.php [] []
[2025-03-12T08:36:25.466743+05:00] SaveEntries.INFO: File included and script started: company_actions.php [] []
[2025-03-12T08:36:25.515417+05:00] SaveEntries.INFO: File included and script started: sale_actions.php [] []
