[2025-03-02T02:09:39.213502+05:00] SaveEntries.INFO: File included and script started: vendors.php [] []
[2025-03-02T02:09:39.873947+05:00] SaveEntries.INFO: File included and script started: vendor_actions.php [] []
[2025-03-02T02:20:36.874825+05:00] SaveEntries.INFO: File included and script started: vendors.php [] []
[2025-03-02T02:20:37.436002+05:00] SaveEntries.INFO: File included and script started: vendor_actions.php [] []
[2025-03-02T02:21:29.480827+05:00] SaveEntries.INFO: File included and script started: vendors.php [] []
[2025-03-02T02:21:30.051084+05:00] SaveEntries.INFO: File included and script started: vendor_actions.php [] []
[2025-03-02T02:21:40.848226+05:00] SaveEntries.INFO: File included and script started: vendors.php [] []
[2025-03-02T02:21:41.305008+05:00] SaveEntries.INFO: File included and script started: vendor_actions.php [] []
[2025-03-02T02:21:46.144376+05:00] SaveEntries.INFO: File included and script started: products.php [] []
[2025-03-02T02:21:46.362854+05:00] SaveEntries.INFO: File included and script started: product_actions.php [] []
[2025-03-02T02:21:46.363279+05:00] SaveEntries.INFO: File included and script started: product_actions.php [] []
[2025-03-02T02:21:46.407139+05:00] SaveEntries.INFO: File included and script started: product_actions.php [] []
[2025-03-02T02:21:46.411618+05:00] SaveEntries.INFO: File included and script started: product_actions.php [] []
[2025-03-02T02:21:46.422127+05:00] SaveEntries.INFO: File included and script started: product_actions.php [] []
[2025-03-02T02:21:51.439150+05:00] SaveEntries.INFO: File included and script started: customers.php [] []
[2025-03-02T02:21:51.665701+05:00] SaveEntries.INFO: File included and script started: customer_actions.php [] []
[2025-03-02T02:21:54.813885+05:00] SaveEntries.INFO: File included and script started: users.php [] []
[2025-03-02T02:21:55.034183+05:00] SaveEntries.INFO: File included and script started: user_actions.php [] []
[2025-03-02T02:22:03.538377+05:00] SaveEntries.INFO: File included and script started: users.php [] []
[2025-03-02T02:22:03.722770+05:00] SaveEntries.INFO: File included and script started: user_actions.php [] []
[2025-03-02T02:22:06.129754+05:00] SaveEntries.INFO: File included and script started: users.php [] []
[2025-03-02T02:22:06.328877+05:00] SaveEntries.INFO: File included and script started: user_actions.php [] []
[2025-03-02T02:22:21.290021+05:00] SaveEntries.INFO: File included and script started: customers.php [] []
[2025-03-02T02:22:21.507577+05:00] SaveEntries.INFO: File included and script started: customer_actions.php [] []
[2025-03-02T02:22:27.091325+05:00] SaveEntries.INFO: File included and script started: brands.php [] []
[2025-03-02T02:22:27.314258+05:00] SaveEntries.INFO: File included and script started: brand_actions.php [] []
[2025-03-02T02:22:28.814118+05:00] SaveEntries.INFO: File included and script started: brand_actions.php [] []
[2025-03-02T02:22:29.016531+05:00] SaveEntries.INFO: File included and script started: brand_actions.php [] []
[2025-03-02T02:22:29.155040+05:00] SaveEntries.INFO: File included and script started: brand_actions.php [] []
[2025-03-02T02:22:30.186178+05:00] SaveEntries.INFO: File included and script started: brand_actions.php [] []
[2025-03-02T02:22:47.473130+05:00] SaveEntries.INFO: File included and script started: vendors.php [] []
[2025-03-02T02:22:47.712466+05:00] SaveEntries.INFO: File included and script started: vendor_actions.php [] []
[2025-03-02T02:22:50.514377+05:00] SaveEntries.INFO: File included and script started: vendor_actions.php [] []
[2025-03-02T02:22:50.519199+05:00] SaveEntries.INFO: File included and script started: vendor_actions.php [] []
[2025-03-02T02:22:50.667796+05:00] SaveEntries.INFO: File included and script started: vendor_actions.php [] []
[2025-03-02T02:22:50.784638+05:00] SaveEntries.INFO: File included and script started: vendor_actions.php [] []
[2025-03-02T02:22:50.807713+05:00] SaveEntries.INFO: File included and script started: vendor_actions.php [] []
[2025-03-02T02:22:51.923435+05:00] SaveEntries.INFO: File included and script started: vendor_actions.php [] []
[2025-03-02T02:24:01.616718+05:00] SaveEntries.INFO: File included and script started: index.php [] []
[2025-03-02T02:24:10.677810+05:00] SaveEntries.INFO: File included and script started: index.php [] []
[2025-03-02T02:25:26.632640+05:00] SaveEntries.INFO: File included and script started: index.php [] []
[2025-03-02T02:25:31.847181+05:00] SaveEntries.INFO: File included and script started: index.php [] []
[2025-03-02T02:25:37.314198+05:00] SaveEntries.INFO: File included and script started: categories.php [] []
[2025-03-02T02:25:37.560732+05:00] SaveEntries.INFO: File included and script started: category_actions.php [] []
[2025-03-02T02:25:42.035891+05:00] SaveEntries.INFO: File included and script started: users.php [] []
[2025-03-02T02:25:42.275893+05:00] SaveEntries.INFO: File included and script started: user_actions.php [] []
[2025-03-02T02:25:43.239754+05:00] SaveEntries.INFO: File included and script started: user_actions.php [] []
[2025-03-02T02:25:56.706464+05:00] SaveEntries.INFO: File included and script started: user_actions.php [] []
[2025-03-02T02:26:42.780634+05:00] SaveEntries.INFO: File included and script started: user_actions.php [] []
[2025-03-02T02:26:42.917532+05:00] SaveEntries.INFO: File included and script started: user_actions.php [] []
[2025-03-02T02:26:48.118944+05:00] SaveEntries.INFO: File included and script started: users.php [] []
[2025-03-02T02:26:48.493198+05:00] SaveEntries.INFO: File included and script started: user_actions.php [] []
[2025-03-02T02:27:07.668826+05:00] SaveEntries.INFO: File included and script started: user_actions.php [] []
[2025-03-02T02:27:08.682261+05:00] SaveEntries.INFO: File included and script started: user_actions.php [] []
[2025-03-02T02:27:10.614800+05:00] SaveEntries.INFO: File included and script started: user_actions.php [] []
[2025-03-02T02:27:14.109082+05:00] SaveEntries.INFO: File included and script started: user_actions.php [] []
[2025-03-02T02:27:14.144246+05:00] SaveEntries.INFO: File included and script started: user_actions.php [] []
[2025-03-02T02:27:26.758475+05:00] SaveEntries.INFO: File included and script started: users.php [] []
[2025-03-02T02:27:26.974496+05:00] SaveEntries.INFO: File included and script started: user_actions.php [] []
[2025-03-02T02:27:46.552868+05:00] SaveEntries.INFO: File included and script started: user_actions.php [] []
[2025-03-02T02:28:00.683518+05:00] SaveEntries.INFO: File included and script started: user_actions.php [] []
[2025-03-02T02:28:05.019486+05:00] SaveEntries.INFO: File included and script started: user_actions.php [] []
[2025-03-02T02:28:07.488502+05:00] SaveEntries.INFO: File included and script started: user_actions.php [] []
[2025-03-02T02:28:10.212295+05:00] SaveEntries.INFO: File included and script started: user_actions.php [] []
[2025-03-02T02:28:11.269202+05:00] SaveEntries.INFO: File included and script started: user_actions.php [] []
[2025-03-02T02:28:11.921997+05:00] SaveEntries.INFO: File included and script started: user_actions.php [] []
[2025-03-02T02:28:14.026532+05:00] SaveEntries.INFO: File included and script started: user_actions.php [] []
[2025-03-02T02:28:16.093032+05:00] SaveEntries.INFO: File included and script started: user_actions.php [] []
[2025-03-02T02:28:19.651160+05:00] SaveEntries.INFO: File included and script started: user_actions.php [] []
[2025-03-02T02:28:29.434864+05:00] SaveEntries.INFO: File included and script started: user_actions.php [] []
[2025-03-02T02:28:41.265594+05:00] SaveEntries.INFO: File included and script started: users.php [] []
[2025-03-02T02:28:41.444779+05:00] SaveEntries.INFO: File included and script started: user_actions.php [] []
[2025-03-02T02:28:47.053200+05:00] SaveEntries.INFO: File included and script started: user_actions.php [] []
[2025-03-02T02:28:50.717539+05:00] SaveEntries.INFO: File included and script started: user_actions.php [] []
[2025-03-02T02:28:50.752027+05:00] SaveEntries.INFO: File included and script started: user_actions.php [] []
[2025-03-02T02:29:33.495230+05:00] SaveEntries.INFO: File included and script started: users.php [] []
[2025-03-02T02:29:33.786966+05:00] SaveEntries.INFO: File included and script started: user_actions.php [] []
[2025-03-02T02:30:58.125391+05:00] SaveEntries.INFO: File included and script started: users.php [] []
[2025-03-02T02:30:58.503041+05:00] SaveEntries.INFO: File included and script started: user_actions.php [] []
[2025-03-02T02:31:01.356766+05:00] SaveEntries.INFO: File included and script started: user_actions.php [] []
[2025-03-02T02:31:01.415651+05:00] SaveEntries.INFO: File included and script started: user_actions.php [] []
[2025-03-02T02:31:01.429146+05:00] SaveEntries.INFO: File included and script started: user_actions.php [] []
[2025-03-02T02:31:02.302477+05:00] SaveEntries.INFO: File included and script started: user_actions.php [] []
[2025-03-02T02:31:02.347016+05:00] SaveEntries.INFO: File included and script started: user_actions.php [] []
[2025-03-02T02:31:02.439387+05:00] SaveEntries.INFO: File included and script started: user_actions.php [] []
[2025-03-02T02:31:02.912008+05:00] SaveEntries.INFO: File included and script started: user_actions.php [] []
[2025-03-02T02:31:02.932097+05:00] SaveEntries.INFO: File included and script started: user_actions.php [] []
[2025-03-02T02:31:02.966124+05:00] SaveEntries.INFO: File included and script started: user_actions.php [] []
[2025-03-02T02:31:03.684145+05:00] SaveEntries.INFO: File included and script started: user_actions.php [] []
[2025-03-02T02:31:03.716385+05:00] SaveEntries.INFO: File included and script started: user_actions.php [] []
[2025-03-02T02:31:03.819047+05:00] SaveEntries.INFO: File included and script started: user_actions.php [] []
[2025-03-02T02:31:04.180563+05:00] SaveEntries.INFO: File included and script started: user_actions.php [] []
[2025-03-02T02:31:04.196104+05:00] SaveEntries.INFO: File included and script started: user_actions.php [] []
[2025-03-02T02:31:04.249436+05:00] SaveEntries.INFO: File included and script started: user_actions.php [] []
[2025-03-02T02:31:05.342801+05:00] SaveEntries.INFO: File included and script started: user_actions.php [] []
[2025-03-02T02:31:05.368710+05:00] SaveEntries.INFO: File included and script started: user_actions.php [] []
[2025-03-02T02:31:05.678543+05:00] SaveEntries.INFO: File included and script started: user_actions.php [] []
[2025-03-02T02:31:08.510513+05:00] SaveEntries.INFO: File included and script started: user_actions.php [] []
[2025-03-02T02:31:10.415642+05:00] SaveEntries.INFO: File included and script started: user_actions.php [] []
[2025-03-02T02:31:13.313215+05:00] SaveEntries.INFO: File included and script started: user_actions.php [] []
[2025-03-02T02:31:13.396974+05:00] SaveEntries.INFO: File included and script started: user_actions.php [] []
[2025-03-02T02:31:13.541935+05:00] SaveEntries.INFO: File included and script started: user_actions.php [] []
[2025-03-02T02:31:13.681724+05:00] SaveEntries.INFO: File included and script started: user_actions.php [] []
[2025-03-02T02:31:13.763016+05:00] SaveEntries.INFO: File included and script started: user_actions.php [] []
[2025-03-02T02:31:15.873041+05:00] SaveEntries.INFO: File included and script started: user_actions.php [] []
[2025-03-02T02:31:15.925150+05:00] SaveEntries.INFO: File included and script started: user_actions.php [] []
[2025-03-02T02:31:16.180468+05:00] SaveEntries.INFO: File included and script started: user_actions.php [] []
[2025-03-02T02:31:20.279490+05:00] SaveEntries.INFO: File included and script started: user_actions.php [] []
[2025-03-02T02:31:23.612887+05:00] SaveEntries.INFO: File included and script started: user_actions.php [] []
[2025-03-02T02:31:23.646172+05:00] SaveEntries.INFO: File included and script started: user_actions.php [] []
[2025-03-02T02:33:25.360356+05:00] SaveEntries.INFO: File included and script started: users.php [] []
[2025-03-02T02:33:25.766934+05:00] SaveEntries.INFO: File included and script started: user_actions.php [] []
[2025-03-02T02:33:29.488962+05:00] SaveEntries.INFO: File included and script started: user_actions.php [] []
[2025-03-02T02:33:30.852700+05:00] SaveEntries.INFO: File included and script started: user_actions.php [] []
[2025-03-02T02:33:35.134740+05:00] SaveEntries.INFO: File included and script started: user_actions.php [] []
[2025-03-02T02:33:39.117138+05:00] SaveEntries.INFO: File included and script started: user_actions.php [] []
[2025-03-02T02:33:57.606198+05:00] SaveEntries.INFO: File included and script started: user_actions.php [] []
[2025-03-02T02:33:57.722321+05:00] SaveEntries.INFO: File included and script started: user_actions.php [] []
[2025-03-02T02:34:01.101179+05:00] SaveEntries.INFO: File included and script started: user_actions.php [] []
[2025-03-02T02:34:01.734281+05:00] SaveEntries.INFO: File included and script started: user_actions.php [] []
[2025-03-02T02:34:32.846126+05:00] SaveEntries.INFO: File included and script started: user_actions.php [] []
[2025-03-02T02:34:38.770124+05:00] SaveEntries.INFO: File included and script started: user_actions.php [] []
[2025-03-02T02:34:40.771117+05:00] SaveEntries.INFO: File included and script started: user_actions.php [] []
[2025-03-02T02:34:46.425353+05:00] SaveEntries.INFO: File included and script started: user_actions.php [] []
[2025-03-02T02:34:51.912247+05:00] SaveEntries.INFO: File included and script started: user_actions.php [] []
[2025-03-02T02:34:55.894517+05:00] SaveEntries.INFO: File included and script started: user_actions.php [] []
[2025-03-02T02:34:55.926111+05:00] SaveEntries.INFO: File included and script started: user_actions.php [] []
[2025-03-02T02:35:30.277870+05:00] SaveEntries.INFO: File included and script started: user_actions.php [] []
[2025-03-02T02:37:38.272957+05:00] SaveEntries.INFO: File included and script started: users.php [] []
[2025-03-02T02:37:38.645543+05:00] SaveEntries.INFO: File included and script started: user_actions.php [] []
[2025-03-02T02:37:43.463212+05:00] SaveEntries.INFO: File included and script started: user_actions.php [] []
[2025-03-02T02:38:24.969149+05:00] SaveEntries.INFO: File included and script started: user_actions.php [] []
[2025-03-02T02:38:28.689348+05:00] SaveEntries.INFO: File included and script started: user_actions.php [] []
[2025-03-02T02:38:29.200100+05:00] SaveEntries.INFO: File included and script started: user_actions.php [] []
[2025-03-02T02:38:32.597338+05:00] SaveEntries.INFO: File included and script started: user_actions.php [] []
[2025-03-02T02:38:33.333629+05:00] SaveEntries.INFO: File included and script started: user_actions.php [] []
[2025-03-02T02:38:34.925030+05:00] SaveEntries.INFO: File included and script started: user_actions.php [] []
[2025-03-02T02:38:41.259731+05:00] SaveEntries.INFO: File included and script started: user_actions.php [] []
[2025-03-02T02:38:42.207203+05:00] SaveEntries.INFO: File included and script started: user_actions.php [] []
[2025-03-02T02:39:22.810788+05:00] SaveEntries.INFO: File included and script started: user_actions.php [] []
[2025-03-02T02:40:32.130332+05:00] SaveEntries.INFO: File included and script started: user_actions.php [] []
[2025-03-02T02:40:39.578446+05:00] SaveEntries.INFO: File included and script started: users.php [] []
[2025-03-02T02:40:40.013779+05:00] SaveEntries.INFO: File included and script started: user_actions.php [] []
[2025-03-02T02:42:06.366265+05:00] SaveEntries.INFO: File included and script started: users.php [] []
[2025-03-02T02:42:06.651052+05:00] SaveEntries.INFO: File included and script started: user_actions.php [] []
[2025-03-02T02:42:30.555216+05:00] SaveEntries.INFO: File included and script started: user_actions.php [] []
[2025-03-02T02:42:34.457844+05:00] SaveEntries.INFO: File included and script started: user_actions.php [] []
[2025-03-02T02:42:54.324659+05:00] SaveEntries.INFO: File included and script started: users.php [] []
[2025-03-02T02:42:54.626509+05:00] SaveEntries.INFO: File included and script started: user_actions.php [] []
[2025-03-02T02:43:24.681093+05:00] SaveEntries.INFO: File included and script started: user_actions.php [] []
[2025-03-02T02:43:25.868102+05:00] SaveEntries.INFO: File included and script started: user_actions.php [] []
[2025-03-02T02:43:28.170583+05:00] SaveEntries.INFO: File included and script started: user_actions.php [] []
[2025-03-02T02:43:52.385351+05:00] SaveEntries.INFO: File included and script started: user_actions.php [] []
[2025-03-02T02:43:54.083883+05:00] SaveEntries.INFO: File included and script started: user_actions.php [] []
[2025-03-02T02:43:55.666582+05:00] SaveEntries.INFO: File included and script started: user_actions.php [] []
[2025-03-02T02:43:58.777627+05:00] SaveEntries.INFO: File included and script started: user_actions.php [] []
[2025-03-02T02:44:28.497923+05:00] SaveEntries.INFO: File included and script started: categories.php [] []
[2025-03-02T02:44:28.781494+05:00] SaveEntries.INFO: File included and script started: category_actions.php [] []
[2025-03-02T02:44:29.926556+05:00] SaveEntries.INFO: File included and script started: category_actions.php [] []
[2025-03-02T02:44:29.999002+05:00] SaveEntries.INFO: File included and script started: category_actions.php [] []
[2025-03-02T02:44:30.129778+05:00] SaveEntries.INFO: File included and script started: category_actions.php [] []
[2025-03-02T02:44:30.272369+05:00] SaveEntries.INFO: File included and script started: category_actions.php [] []
[2025-03-02T02:44:31.338122+05:00] SaveEntries.INFO: File included and script started: category_actions.php [] []
[2025-03-02T02:44:40.120472+05:00] SaveEntries.INFO: File included and script started: category_actions.php [] []
[2025-03-02T02:44:44.542634+05:00] SaveEntries.INFO: File included and script started: vendors.php [] []
[2025-03-02T02:44:44.786137+05:00] SaveEntries.INFO: File included and script started: vendor_actions.php [] []
[2025-03-02T02:44:45.999652+05:00] SaveEntries.INFO: File included and script started: vendor_actions.php [] []
[2025-03-02T02:44:46.080403+05:00] SaveEntries.INFO: File included and script started: vendor_actions.php [] []
[2025-03-02T02:44:46.179693+05:00] SaveEntries.INFO: File included and script started: vendor_actions.php [] []
[2025-03-02T02:44:46.339193+05:00] SaveEntries.INFO: File included and script started: vendor_actions.php [] []
[2025-03-02T02:44:47.184854+05:00] SaveEntries.INFO: File included and script started: vendor_actions.php [] []
[2025-03-02T02:44:55.365050+05:00] SaveEntries.INFO: File included and script started: users.php [] []
[2025-03-02T02:44:55.658361+05:00] SaveEntries.INFO: File included and script started: user_actions.php [] []
[2025-03-02T02:46:08.068925+05:00] SaveEntries.INFO: File included and script started: users.php [] []
[2025-03-02T02:46:08.352019+05:00] SaveEntries.INFO: File included and script started: user_actions.php [] []
[2025-03-02T02:46:10.360281+05:00] SaveEntries.INFO: File included and script started: user_actions.php [] []
[2025-03-02T02:46:13.492928+05:00] SaveEntries.INFO: File included and script started: user_actions.php [] []
[2025-03-02T02:46:14.764277+05:00] SaveEntries.INFO: File included and script started: user_actions.php [] []
[2025-03-02T02:52:35.739848+05:00] SaveEntries.INFO: File included and script started: users.php [] []
[2025-03-02T02:52:36.165691+05:00] SaveEntries.INFO: File included and script started: user_actions.php [] []
[2025-03-02T02:52:42.921852+05:00] SaveEntries.INFO: File included and script started: user_actions.php [] []
[2025-03-02T02:52:43.738090+05:00] SaveEntries.INFO: File included and script started: user_actions.php [] []
[2025-03-02T02:52:44.915438+05:00] SaveEntries.INFO: File included and script started: user_actions.php [] []
[2025-03-02T02:52:52.483605+05:00] SaveEntries.INFO: File included and script started: user_actions.php [] []
[2025-03-02T02:53:14.358343+05:00] SaveEntries.INFO: File included and script started: user_actions.php [] []
[2025-03-02T02:53:14.498682+05:00] SaveEntries.INFO: File included and script started: user_actions.php [] []
[2025-03-02T02:53:25.482656+05:00] SaveEntries.INFO: File included and script started: user_actions.php [] []
[2025-03-02T02:53:26.280894+05:00] SaveEntries.INFO: File included and script started: user_actions.php [] []
[2025-03-02T02:53:28.926241+05:00] SaveEntries.INFO: File included and script started: user_actions.php [] []
[2025-03-02T02:53:37.096867+05:00] SaveEntries.INFO: File included and script started: user_actions.php [] []
[2025-03-02T02:53:37.134770+05:00] SaveEntries.INFO: File included and script started: user_actions.php [] []
[2025-03-02T02:54:54.583242+05:00] SaveEntries.INFO: File included and script started: users.php [] []
[2025-03-02T02:54:54.851264+05:00] SaveEntries.INFO: File included and script started: user_actions.php [] []
[2025-03-02T02:55:20.291220+05:00] SaveEntries.INFO: File included and script started: user_actions.php [] []
[2025-03-02T02:55:27.239199+05:00] SaveEntries.INFO: File included and script started: user_actions.php [] []
[2025-03-02T02:55:27.364226+05:00] SaveEntries.INFO: File included and script started: user_actions.php [] []
[2025-03-02T02:55:35.600840+05:00] SaveEntries.INFO: File included and script started: user_actions.php [] []
[2025-03-02T02:55:36.034066+05:00] SaveEntries.INFO: File included and script started: user_actions.php [] []
[2025-03-02T02:55:39.515517+05:00] SaveEntries.INFO: File included and script started: vendors.php [] []
[2025-03-02T02:55:39.883561+05:00] SaveEntries.INFO: File included and script started: vendor_actions.php [] []
[2025-03-02T03:01:09.196503+05:00] SaveEntries.INFO: File included and script started: vendors.php [] []
[2025-03-02T03:01:09.617749+05:00] SaveEntries.INFO: File included and script started: vendor_actions.php [] []
[2025-03-02T03:01:12.056991+05:00] SaveEntries.INFO: File included and script started: vendors.php [] []
[2025-03-02T03:01:12.546689+05:00] SaveEntries.INFO: File included and script started: vendor_actions.php [] []
[2025-03-02T03:01:16.574773+05:00] SaveEntries.INFO: File included and script started: users.php [] []
[2025-03-02T03:01:16.883531+05:00] SaveEntries.INFO: File included and script started: user_actions.php [] []
[2025-03-02T03:01:25.708183+05:00] SaveEntries.INFO: File included and script started: customers.php [] []
[2025-03-02T03:01:25.965504+05:00] SaveEntries.INFO: File included and script started: customer_actions.php [] []
[2025-03-02T03:01:36.273599+05:00] SaveEntries.INFO: File included and script started: customers.php [] []
[2025-03-02T03:01:36.576470+05:00] SaveEntries.INFO: File included and script started: customer_actions.php [] []
[2025-03-02T03:06:19.776488+05:00] SaveEntries.INFO: File included and script started: customers.php [] []
[2025-03-02T03:06:20.087340+05:00] SaveEntries.INFO: File included and script started: customer_actions.php [] []
[2025-03-02T03:06:25.750087+05:00] SaveEntries.INFO: File included and script started: index.php [] []
[2025-03-02T03:06:27.939310+05:00] SaveEntries.INFO: File included and script started: products.php [] []
[2025-03-02T03:06:28.169498+05:00] SaveEntries.INFO: File included and script started: product_actions.php [] []
[2025-03-02T03:06:28.199304+05:00] SaveEntries.INFO: File included and script started: product_actions.php [] []
[2025-03-02T03:06:28.215170+05:00] SaveEntries.INFO: File included and script started: product_actions.php [] []
[2025-03-02T03:06:28.249266+05:00] SaveEntries.INFO: File included and script started: product_actions.php [] []
[2025-03-02T03:06:28.246437+05:00] SaveEntries.INFO: File included and script started: product_actions.php [] []
[2025-03-02T03:06:29.772481+05:00] SaveEntries.INFO: File included and script started: product_actions.php [] []
[2025-03-02T03:06:31.043378+05:00] SaveEntries.INFO: File included and script started: product_actions.php [] []
[2025-03-02T03:06:34.875261+05:00] SaveEntries.INFO: File included and script started: product_actions.php [] []
[2025-03-02T03:06:38.710381+05:00] SaveEntries.INFO: File included and script started: vendors.php [] []
[2025-03-02T03:06:38.935809+05:00] SaveEntries.INFO: File included and script started: vendor_actions.php [] []
[2025-03-02T03:06:40.457799+05:00] SaveEntries.INFO: File included and script started: vendor_actions.php [] []
[2025-03-02T03:06:40.547422+05:00] SaveEntries.INFO: File included and script started: vendor_actions.php [] []
[2025-03-02T03:06:40.685401+05:00] SaveEntries.INFO: File included and script started: vendor_actions.php [] []
[2025-03-02T03:06:40.804045+05:00] SaveEntries.INFO: File included and script started: vendor_actions.php [] []
[2025-03-02T03:06:42.016342+05:00] SaveEntries.INFO: File included and script started: vendor_actions.php [] []
[2025-03-02T03:06:44.841810+05:00] SaveEntries.INFO: File included and script started: customers.php [] []
[2025-03-02T03:06:45.101389+05:00] SaveEntries.INFO: File included and script started: customer_actions.php [] []
[2025-03-02T03:06:45.826141+05:00] SaveEntries.INFO: File included and script started: customer_actions.php [] []
[2025-03-02T03:06:45.922861+05:00] SaveEntries.INFO: File included and script started: customer_actions.php [] []
[2025-03-02T03:06:46.010691+05:00] SaveEntries.INFO: File included and script started: customer_actions.php [] []
[2025-03-02T03:06:46.181861+05:00] SaveEntries.INFO: File included and script started: customer_actions.php [] []
[2025-03-02T03:06:46.188749+05:00] SaveEntries.INFO: File included and script started: customer_actions.php [] []
[2025-03-02T03:06:47.101229+05:00] SaveEntries.INFO: File included and script started: customer_actions.php [] []
[2025-03-02T03:06:55.288168+05:00] SaveEntries.INFO: File included and script started: customer_actions.php [] []
[2025-03-02T03:06:55.316301+05:00] SaveEntries.INFO: File included and script started: customer_actions.php [] []
[2025-03-02T03:06:57.976574+05:00] SaveEntries.INFO: File included and script started: customer_actions.php [] []
[2025-03-02T03:06:58.102550+05:00] SaveEntries.INFO: File included and script started: customer_actions.php [] []
[2025-03-02T03:07:00.164440+05:00] SaveEntries.INFO: File included and script started: customer_actions.php [] []
[2025-03-02T03:07:01.986797+05:00] SaveEntries.INFO: File included and script started: customer_actions.php [] []
[2025-03-02T03:07:08.294205+05:00] SaveEntries.INFO: File included and script started: customer_actions.php [] []
[2025-03-02T03:07:08.331453+05:00] SaveEntries.INFO: File included and script started: customer_actions.php [] []
[2025-03-02T03:07:10.672382+05:00] SaveEntries.INFO: File included and script started: users.php [] []
[2025-03-02T03:07:10.923798+05:00] SaveEntries.INFO: File included and script started: user_actions.php [] []
[2025-03-02T03:07:13.617932+05:00] SaveEntries.INFO: File included and script started: user_actions.php [] []
[2025-03-02T03:07:14.000293+05:00] SaveEntries.INFO: File included and script started: user_actions.php [] []
[2025-03-02T03:07:15.611036+05:00] SaveEntries.INFO: File included and script started: user_actions.php [] []
[2025-03-02T03:07:17.037684+05:00] SaveEntries.INFO: File included and script started: user_actions.php [] []
[2025-03-02T03:07:17.604905+05:00] SaveEntries.INFO: File included and script started: user_actions.php [] []
[2025-03-02T03:07:19.395235+05:00] SaveEntries.INFO: File included and script started: user_actions.php [] []
[2025-03-02T03:07:34.833580+05:00] SaveEntries.INFO: File included and script started: user_actions.php [] []
[2025-03-02T03:07:36.834364+05:00] SaveEntries.INFO: File included and script started: user_actions.php [] []
[2025-03-02T03:07:57.599958+05:00] SaveEntries.INFO: File included and script started: user_actions.php [] []
[2025-03-02T03:08:03.630663+05:00] SaveEntries.INFO: File included and script started: users.php [] []
[2025-03-02T03:08:03.845139+05:00] SaveEntries.INFO: File included and script started: user_actions.php [] []
[2025-03-02T03:08:05.870736+05:00] SaveEntries.INFO: File included and script started: user_actions.php [] []
[2025-03-02T03:08:16.393684+05:00] SaveEntries.INFO: File included and script started: user_actions.php [] []
[2025-03-02T03:08:23.519035+05:00] SaveEntries.INFO: File included and script started: users.php [] []
[2025-03-02T03:08:23.742818+05:00] SaveEntries.INFO: File included and script started: user_actions.php [] []
[2025-03-02T03:08:44.947187+05:00] SaveEntries.INFO: File included and script started: users.php [] []
[2025-03-02T03:08:45.158589+05:00] SaveEntries.INFO: File included and script started: user_actions.php [] []
[2025-03-02T03:08:47.173119+05:00] SaveEntries.INFO: File included and script started: roles.php [] []
[2025-03-02T03:08:47.372113+05:00] SaveEntries.INFO: File included and script started: role_actions.php [] []
[2025-03-02T03:08:47.391152+05:00] SaveEntries.INFO: File included and script started: role_actions.php [] []
[2025-03-02T03:09:06.016688+05:00] SaveEntries.INFO: File included and script started: role_actions.php [] []
[2025-03-02T03:09:06.075636+05:00] SaveEntries.INFO: File included and script started: role_actions.php [] []
[2025-03-02T03:09:21.541361+05:00] SaveEntries.INFO: File included and script started: role_actions.php [] []
[2025-03-02T03:09:21.585981+05:00] SaveEntries.INFO: File included and script started: role_actions.php [] []
[2025-03-02T03:10:32.287823+05:00] SaveEntries.INFO: File included and script started: roles.php [] []
[2025-03-02T03:10:32.531568+05:00] SaveEntries.INFO: File included and script started: role_actions.php [] []
[2025-03-02T03:10:32.532191+05:00] SaveEntries.INFO: File included and script started: role_actions.php [] []
[2025-03-02T03:10:35.738785+05:00] SaveEntries.INFO: File included and script started: users.php [] []
[2025-03-02T03:10:36.142686+05:00] SaveEntries.INFO: File included and script started: user_actions.php [] []
[2025-03-02T03:10:49.094582+05:00] SaveEntries.INFO: File included and script started: user_actions.php [] []
[2025-03-02T03:10:50.609732+05:00] SaveEntries.INFO: File included and script started: user_actions.php [] []
[2025-03-02T03:11:14.990409+05:00] SaveEntries.INFO: File included and script started: users.php [] []
[2025-03-02T03:11:15.185070+05:00] SaveEntries.INFO: File included and script started: user_actions.php [] []
[2025-03-02T03:11:17.547541+05:00] SaveEntries.INFO: File included and script started: user_actions.php [] []
[2025-03-02T03:11:22.126794+05:00] SaveEntries.INFO: File included and script started: user_actions.php [] []
[2025-03-02T03:12:59.428960+05:00] SaveEntries.INFO: File included and script started: users.php [] []
[2025-03-02T03:12:59.637418+05:00] SaveEntries.INFO: File included and script started: user_actions.php [] []
[2025-03-02T03:13:01.822378+05:00] SaveEntries.INFO: File included and script started: user_actions.php [] []
[2025-03-02T03:13:02.614520+05:00] SaveEntries.INFO: File included and script started: user_actions.php [] []
[2025-03-02T03:13:03.558807+05:00] SaveEntries.INFO: File included and script started: user_actions.php [] []
[2025-03-02T03:13:13.265601+05:00] SaveEntries.INFO: File included and script started: user_actions.php [] []
[2025-03-02T03:13:30.787216+05:00] SaveEntries.INFO: File included and script started: users.php [] []
[2025-03-02T03:13:30.981300+05:00] SaveEntries.INFO: File included and script started: user_actions.php [] []
[2025-03-02T03:14:23.497394+05:00] SaveEntries.INFO: File included and script started: user_actions.php [] []
[2025-03-02T03:14:23.631267+05:00] SaveEntries.INFO: File included and script started: user_actions.php [] []
[2025-03-02T03:14:40.322311+05:00] SaveEntries.INFO: File included and script started: user_actions.php [] []
[2025-03-02T03:14:40.956673+05:00] SaveEntries.INFO: File included and script started: user_actions.php [] []
[2025-03-02T03:15:19.967834+05:00] SaveEntries.INFO: File included and script started: users.php [] []
[2025-03-02T03:15:20.163250+05:00] SaveEntries.INFO: File included and script started: user_actions.php [] []
[2025-03-02T03:15:36.810184+05:00] SaveEntries.INFO: File included and script started: users.php [] []
[2025-03-02T03:15:36.984527+05:00] SaveEntries.INFO: File included and script started: user_actions.php [] []
[2025-03-02T03:15:46.081143+05:00] SaveEntries.INFO: File included and script started: user_actions.php [] []
[2025-03-02T03:15:46.208774+05:00] SaveEntries.INFO: File included and script started: user_actions.php [] []
[2025-03-02T03:15:56.807523+05:00] SaveEntries.INFO: File included and script started: user_actions.php [] []
[2025-03-02T03:15:57.546561+05:00] SaveEntries.INFO: File included and script started: user_actions.php [] []
[2025-03-02T03:16:27.127563+05:00] SaveEntries.INFO: File included and script started: user_actions.php [] []
[2025-03-02T03:16:27.250077+05:00] SaveEntries.INFO: File included and script started: user_actions.php [] []
[2025-03-02T03:16:31.446677+05:00] SaveEntries.INFO: File included and script started: user_actions.php [] []
[2025-03-02T03:16:32.230250+05:00] SaveEntries.INFO: File included and script started: user_actions.php [] []
[2025-03-02T03:16:33.171980+05:00] SaveEntries.INFO: File included and script started: user_actions.php [] []
[2025-03-02T03:16:34.788115+05:00] SaveEntries.INFO: File included and script started: user_actions.php [] []
[2025-03-02T03:16:40.298698+05:00] SaveEntries.INFO: File included and script started: user_actions.php [] []
[2025-03-02T03:16:40.336249+05:00] SaveEntries.INFO: File included and script started: user_actions.php [] []
[2025-03-02T03:16:46.382666+05:00] SaveEntries.INFO: File included and script started: roles.php [] []
[2025-03-02T03:16:46.616407+05:00] SaveEntries.INFO: File included and script started: role_actions.php [] []
[2025-03-02T03:16:46.618810+05:00] SaveEntries.INFO: File included and script started: role_actions.php [] []
[2025-03-02T03:16:48.398714+05:00] SaveEntries.INFO: File included and script started: users.php [] []
[2025-03-02T03:16:48.632125+05:00] SaveEntries.INFO: File included and script started: user_actions.php [] []
[2025-03-02T03:22:50.779378+05:00] SaveEntries.INFO: File included and script started: users.php [] []
[2025-03-02T03:22:51.174177+05:00] SaveEntries.INFO: File included and script started: user_actions.php [] []
[2025-03-02T03:23:06.545587+05:00] SaveEntries.INFO: File included and script started: user_actions.php [] []
[2025-03-02T03:23:06.681639+05:00] SaveEntries.INFO: File included and script started: user_actions.php [] []
[2025-03-02T03:23:11.185182+05:00] SaveEntries.INFO: File included and script started: user_actions.php [] []
[2025-03-02T03:23:11.586028+05:00] SaveEntries.INFO: File included and script started: user_actions.php [] []
[2025-03-02T03:23:12.096626+05:00] SaveEntries.INFO: File included and script started: user_actions.php [] []
[2025-03-02T03:23:13.187236+05:00] SaveEntries.INFO: File included and script started: user_actions.php [] []
[2025-03-02T03:23:15.052188+05:00] SaveEntries.INFO: File included and script started: user_actions.php [] []
[2025-03-02T03:23:20.883971+05:00] SaveEntries.INFO: File included and script started: user_actions.php [] []
[2025-03-02T03:23:20.918936+05:00] SaveEntries.INFO: File included and script started: user_actions.php [] []
[2025-03-02T03:31:40.933918+05:00] SaveEntries.INFO: File included and script started: users.php [] []
[2025-03-02T03:31:41.260614+05:00] SaveEntries.INFO: File included and script started: user_actions.php [] []
[2025-03-02T03:31:46.397988+05:00] SaveEntries.INFO: File included and script started: users.php [] []
[2025-03-02T03:31:46.617370+05:00] SaveEntries.INFO: File included and script started: user_actions.php [] []
[2025-03-02T03:33:45.276620+05:00] SaveEntries.INFO: File included and script started: index.php [] []
[2025-03-02T03:33:50.748832+05:00] SaveEntries.INFO: File included and script started: index.php [] []
[2025-03-02T03:33:50.896288+05:00] SaveEntries.INFO: File included and script started: index.php [] []
[2025-03-02T03:33:58.252923+05:00] SaveEntries.INFO: File included and script started: index.php [] []
[2025-03-02T03:34:26.677159+05:00] SaveEntries.INFO: File included and script started: products.php [] []
[2025-03-02T03:34:26.901969+05:00] SaveEntries.INFO: File included and script started: product_actions.php [] []
[2025-03-02T03:34:26.904531+05:00] SaveEntries.INFO: File included and script started: product_actions.php [] []
[2025-03-02T03:34:26.957593+05:00] SaveEntries.INFO: File included and script started: product_actions.php [] []
[2025-03-02T03:34:26.960155+05:00] SaveEntries.INFO: File included and script started: product_actions.php [] []
[2025-03-02T03:34:26.977613+05:00] SaveEntries.INFO: File included and script started: product_actions.php [] []
[2025-03-02T03:34:29.672520+05:00] SaveEntries.INFO: File included and script started: product_actions.php [] []
[2025-03-02T03:34:30.855139+05:00] SaveEntries.INFO: File included and script started: product_actions.php [] []
[2025-03-02T03:57:57.944281+05:00] SaveEntries.INFO: File included and script started: products.php [] []
[2025-03-02T03:57:58.368299+05:00] SaveEntries.INFO: File included and script started: product_actions.php [] []
[2025-03-02T03:57:58.375394+05:00] SaveEntries.INFO: File included and script started: product_actions.php [] []
[2025-03-02T03:57:58.434536+05:00] SaveEntries.INFO: File included and script started: product_actions.php [] []
[2025-03-02T03:57:58.511792+05:00] SaveEntries.INFO: File included and script started: product_actions.php [] []
[2025-03-02T03:57:58.535944+05:00] SaveEntries.INFO: File included and script started: product_actions.php [] []
[2025-03-02T03:58:01.663564+05:00] SaveEntries.INFO: File included and script started: product_actions.php [] []
[2025-03-02T03:58:04.657044+05:00] SaveEntries.INFO: File included and script started: product_actions.php [] []
[2025-03-02T03:58:04.720859+05:00] SaveEntries.INFO: File included and script started: product_actions.php [] []
[2025-03-02T03:58:07.800836+05:00] SaveEntries.INFO: File included and script started: users.php [] []
[2025-03-02T03:58:08.070905+05:00] SaveEntries.INFO: File included and script started: user_actions.php [] []
[2025-03-02T04:23:10.363577+05:00] SaveEntries.INFO: File included and script started: sales.php [] []
[2025-03-02T04:41:15.055124+05:00] SaveEntries.INFO: File included and script started: sales.php [] []
[2025-03-02T04:41:35.833297+05:00] SaveEntries.INFO: File included and script started: sales.php [] []
[2025-03-02T04:42:48.455192+05:00] SaveEntries.INFO: File included and script started: sales.php [] []
[2025-03-02T04:44:04.733332+05:00] SaveEntries.INFO: File included and script started: sales.php [] []
[2025-03-02T04:44:08.153768+05:00] SaveEntries.INFO: File included and script started: customers.php [] []
[2025-03-02T04:44:08.821104+05:00] SaveEntries.INFO: File included and script started: customer_actions.php [] []
[2025-03-02T04:44:18.189745+05:00] SaveEntries.INFO: File included and script started: sales.php [] []
[2025-03-02T04:46:29.752994+05:00] SaveEntries.INFO: File included and script started: sales.php [] []
[2025-03-02T04:46:30.217648+05:00] SaveEntries.INFO: File included and script started: sale_actions.php [] []
[2025-03-02T04:46:30.255391+05:00] SaveEntries.INFO: File included and script started: customer_actions.php [] []
[2025-03-02T04:46:35.481230+05:00] SaveEntries.INFO: File included and script started: customer_actions.php [] []
[2025-03-02T04:46:35.651585+05:00] SaveEntries.INFO: File included and script started: product_actions.php [] []
[2025-03-02T04:46:59.864864+05:00] SaveEntries.INFO: File included and script started: sales.php [] []
[2025-03-02T04:47:00.156223+05:00] SaveEntries.INFO: File included and script started: sale_actions.php [] []
[2025-03-02T04:47:00.181493+05:00] SaveEntries.INFO: File included and script started: customer_actions.php [] []
[2025-03-02T04:48:47.798840+05:00] SaveEntries.INFO: File included and script started: sales.php [] []
[2025-03-02T04:48:48.104600+05:00] SaveEntries.INFO: File included and script started: sale_actions.php [] []
[2025-03-02T04:48:48.149020+05:00] SaveEntries.INFO: File included and script started: customer_actions.php [] []
[2025-03-02T04:54:06.659650+05:00] SaveEntries.INFO: File included and script started: sales.php [] []
[2025-03-02T04:54:07.105608+05:00] SaveEntries.INFO: File included and script started: sale_actions.php [] []
[2025-03-02T04:54:07.110024+05:00] SaveEntries.INFO: File included and script started: customer_actions.php [] []
[2025-03-02T04:54:10.154254+05:00] SaveEntries.INFO: File included and script started: sales.php [] []
[2025-03-02T04:54:10.533446+05:00] SaveEntries.INFO: File included and script started: customer_actions.php [] []
[2025-03-02T04:54:10.529454+05:00] SaveEntries.INFO: File included and script started: sale_actions.php [] []
[2025-03-02T04:54:16.346094+05:00] SaveEntries.INFO: File included and script started: sales.php [] []
[2025-03-02T04:54:16.610998+05:00] SaveEntries.INFO: File included and script started: sale_actions.php [] []
[2025-03-02T04:54:16.647793+05:00] SaveEntries.INFO: File included and script started: customer_actions.php [] []
[2025-03-02T04:55:35.379959+05:00] SaveEntries.INFO: File included and script started: sales.php [] []
[2025-03-02T04:55:35.734420+05:00] SaveEntries.INFO: File included and script started: sale_actions.php [] []
[2025-03-02T04:55:35.738397+05:00] SaveEntries.INFO: File included and script started: customer_actions.php [] []
[2025-03-02T04:57:09.034949+05:00] SaveEntries.INFO: File included and script started: sales.php [] []
[2025-03-02T04:57:09.412412+05:00] SaveEntries.INFO: File included and script started: sale_actions.php [] []
[2025-03-02T04:57:09.449055+05:00] SaveEntries.INFO: File included and script started: customer_actions.php [] []
[2025-03-02T04:57:23.677506+05:00] SaveEntries.INFO: File included and script started: customer_actions.php [] []
[2025-03-02T04:57:23.684270+05:00] SaveEntries.INFO: File included and script started: product_actions.php [] []
[2025-03-02T04:59:39.335308+05:00] SaveEntries.INFO: File included and script started: sales.php [] []
[2025-03-02T04:59:39.737753+05:00] SaveEntries.INFO: File included and script started: sale_actions.php [] []
[2025-03-02T04:59:39.801637+05:00] SaveEntries.INFO: File included and script started: customer_actions.php [] []
[2025-03-02T04:59:42.972318+05:00] SaveEntries.INFO: File included and script started: customers.php [] []
[2025-03-02T04:59:43.245701+05:00] SaveEntries.INFO: File included and script started: customer_actions.php [] []
[2025-03-02T04:59:51.182515+05:00] SaveEntries.INFO: File included and script started: customer_actions.php [] []
[2025-03-02T04:59:51.215205+05:00] SaveEntries.INFO: File included and script started: customer_actions.php [] []
[2025-03-02T04:59:51.323644+05:00] SaveEntries.INFO: File included and script started: customer_actions.php [] []
[2025-03-02T05:00:02.027740+05:00] SaveEntries.INFO: File included and script started: sales.php [] []
[2025-03-02T05:00:02.275034+05:00] SaveEntries.INFO: File included and script started: sale_actions.php [] []
[2025-03-02T05:00:02.281799+05:00] SaveEntries.INFO: File included and script started: customer_actions.php [] []
[2025-03-02T05:00:06.155454+05:00] SaveEntries.INFO: File included and script started: customer_actions.php [] []
[2025-03-02T05:00:06.158847+05:00] SaveEntries.INFO: File included and script started: product_actions.php [] []
[2025-03-02T05:01:34.134859+05:00] SaveEntries.INFO: File included and script started: sales.php [] []
[2025-03-02T05:01:34.434294+05:00] SaveEntries.INFO: File included and script started: sale_actions.php [] []
[2025-03-02T05:01:34.479954+05:00] SaveEntries.INFO: File included and script started: customer_actions.php [] []
[2025-03-02T05:01:35.651367+05:00] SaveEntries.INFO: File included and script started: product_actions.php [] []
[2025-03-02T05:01:35.651444+05:00] SaveEntries.INFO: File included and script started: customer_actions.php [] []
[2025-03-02T05:01:36.552227+05:00] SaveEntries.INFO: File included and script started: customer_actions.php [] []
[2025-03-02T05:01:37.771542+05:00] SaveEntries.INFO: File included and script started: customer_actions.php [] []
[2025-03-02T05:03:25.761916+05:00] SaveEntries.INFO: File included and script started: sales.php [] []
[2025-03-02T05:03:26.198405+05:00] SaveEntries.INFO: File included and script started: sale_actions.php [] []
[2025-03-02T05:03:26.211972+05:00] SaveEntries.INFO: File included and script started: customer_actions.php [] []
[2025-03-02T05:03:29.650758+05:00] SaveEntries.INFO: File included and script started: customers.php [] []
[2025-03-02T05:03:30.279050+05:00] SaveEntries.INFO: File included and script started: customer_actions.php [] []
[2025-03-02T05:03:32.550116+05:00] SaveEntries.INFO: File included and script started: customer_actions.php [] []
[2025-03-02T05:03:32.663263+05:00] SaveEntries.INFO: File included and script started: customer_actions.php [] []
[2025-03-02T05:03:32.791563+05:00] SaveEntries.INFO: File included and script started: customer_actions.php [] []
[2025-03-02T05:03:33.918886+05:00] SaveEntries.INFO: File included and script started: customer_actions.php [] []
[2025-03-02T05:03:37.211639+05:00] SaveEntries.INFO: File included and script started: customer_actions.php [] []
[2025-03-02T05:03:37.603790+05:00] SaveEntries.INFO: File included and script started: customer_actions.php [] []
[2025-03-02T05:03:43.393022+05:00] SaveEntries.INFO: File included and script started: sales.php [] []
[2025-03-02T05:03:43.719884+05:00] SaveEntries.INFO: File included and script started: sale_actions.php [] []
[2025-03-02T05:03:43.748161+05:00] SaveEntries.INFO: File included and script started: customer_actions.php [] []
[2025-03-02T05:03:44.773083+05:00] SaveEntries.INFO: File included and script started: customer_actions.php [] []
[2025-03-02T05:03:44.774381+05:00] SaveEntries.INFO: File included and script started: product_actions.php [] []
[2025-03-02T05:03:58.373448+05:00] SaveEntries.INFO: File included and script started: sales.php [] []
[2025-03-02T05:03:59.310519+05:00] SaveEntries.INFO: File included and script started: sale_actions.php [] []
[2025-03-02T05:03:59.370783+05:00] SaveEntries.INFO: File included and script started: customer_actions.php [] []
[2025-03-02T05:04:08.610465+05:00] SaveEntries.INFO: File included and script started: customer_actions.php [] []
[2025-03-02T05:04:08.682548+05:00] SaveEntries.INFO: File included and script started: product_actions.php [] []
[2025-03-02T05:05:59.881133+05:00] SaveEntries.INFO: File included and script started: sales.php [] []
[2025-03-02T05:06:00.945619+05:00] SaveEntries.INFO: File included and script started: sale_actions.php [] []
[2025-03-02T05:06:00.990052+05:00] SaveEntries.INFO: File included and script started: customer_actions.php [] []
[2025-03-02T05:06:05.353623+05:00] SaveEntries.INFO: File included and script started: customer_actions.php [] []
[2025-03-02T05:06:05.366553+05:00] SaveEntries.INFO: File included and script started: product_actions.php [] []
[2025-03-02T05:06:14.807270+05:00] SaveEntries.INFO: File included and script started: customers.php [] []
[2025-03-02T05:06:15.788477+05:00] SaveEntries.INFO: File included and script started: customer_actions.php [] []
[2025-03-02T05:06:27.438379+05:00] SaveEntries.INFO: File included and script started: customer_actions.php [] []
[2025-03-02T05:06:29.819038+05:00] SaveEntries.INFO: File included and script started: customer_actions.php [] []
[2025-03-02T05:06:44.760053+05:00] SaveEntries.INFO: File included and script started: customer_actions.php [] []
[2025-03-02T05:06:51.039896+05:00] SaveEntries.INFO: File included and script started: customer_actions.php [] []
[2025-03-02T05:06:51.080141+05:00] SaveEntries.INFO: File included and script started: customer_actions.php [] []
[2025-03-02T05:06:54.496014+05:00] SaveEntries.INFO: File included and script started: customer_actions.php [] []
[2025-03-02T05:06:55.162686+05:00] SaveEntries.INFO: File included and script started: customer_actions.php [] []
[2025-03-02T05:06:59.534012+05:00] SaveEntries.INFO: File included and script started: sales.php [] []
[2025-03-02T05:07:00.427908+05:00] SaveEntries.INFO: File included and script started: sale_actions.php [] []
[2025-03-02T05:07:00.480741+05:00] SaveEntries.INFO: File included and script started: customer_actions.php [] []
[2025-03-02T05:07:04.096672+05:00] SaveEntries.INFO: File included and script started: product_actions.php [] []
[2025-03-02T05:07:04.097736+05:00] SaveEntries.INFO: File included and script started: customer_actions.php [] []
[2025-03-02T05:08:46.108550+05:00] SaveEntries.INFO: File included and script started: sales.php [] []
[2025-03-02T05:08:47.224986+05:00] SaveEntries.INFO: File included and script started: sale_actions.php [] []
[2025-03-02T05:08:47.278728+05:00] SaveEntries.INFO: File included and script started: customer_actions.php [] []
[2025-03-02T05:08:51.061029+05:00] SaveEntries.INFO: File included and script started: customer_actions.php [] []
[2025-03-02T05:08:51.063757+05:00] SaveEntries.INFO: File included and script started: product_actions.php [] []
[2025-03-02T05:13:14.609364+05:00] SaveEntries.INFO: File included and script started: sales.php [] []
[2025-03-02T05:13:15.630952+05:00] SaveEntries.INFO: File included and script started: customer_actions.php [] []
[2025-03-02T05:13:15.616686+05:00] SaveEntries.INFO: File included and script started: sale_actions.php [] []
[2025-03-02T05:13:18.917407+05:00] SaveEntries.INFO: File included and script started: customer_actions.php [] []
[2025-03-02T05:13:18.920576+05:00] SaveEntries.INFO: File included and script started: product_actions.php [] []
[2025-03-02T05:16:03.763502+05:00] SaveEntries.INFO: File included and script started: sales.php [] []
[2025-03-02T05:16:04.266619+05:00] SaveEntries.INFO: File included and script started: sale_actions.php [] []
[2025-03-02T05:16:04.281216+05:00] SaveEntries.INFO: File included and script started: customer_actions.php [] []
[2025-03-02T05:16:07.339202+05:00] SaveEntries.INFO: File included and script started: customer_actions.php [] []
[2025-03-02T05:16:07.342341+05:00] SaveEntries.INFO: File included and script started: product_actions.php [] []
[2025-03-02T05:16:16.039968+05:00] SaveEntries.INFO: File included and script started: sales.php [] []
[2025-03-02T05:16:16.340732+05:00] SaveEntries.INFO: File included and script started: sale_actions.php [] []
[2025-03-02T05:16:16.366496+05:00] SaveEntries.INFO: File included and script started: customer_actions.php [] []
[2025-03-02T05:16:22.231878+05:00] SaveEntries.INFO: File included and script started: customer_actions.php [] []
[2025-03-02T05:16:22.236190+05:00] SaveEntries.INFO: File included and script started: product_actions.php [] []
[2025-03-02T05:19:16.546493+05:00] SaveEntries.INFO: File included and script started: sales.php [] []
[2025-03-02T05:19:17.734130+05:00] SaveEntries.INFO: File included and script started: customer_actions.php [] []
[2025-03-02T05:19:17.753504+05:00] SaveEntries.INFO: File included and script started: sale_actions.php [] []
[2025-03-02T05:19:20.644668+05:00] SaveEntries.INFO: File included and script started: customer_actions.php [] []
[2025-03-02T05:19:20.647117+05:00] SaveEntries.INFO: File included and script started: product_actions.php [] []
[2025-03-02T05:19:31.082193+05:00] SaveEntries.INFO: File included and script started: products.php [] []
[2025-03-02T05:19:31.501773+05:00] SaveEntries.INFO: File included and script started: product_actions.php [] []
[2025-03-02T05:19:31.514489+05:00] SaveEntries.INFO: File included and script started: product_actions.php [] []
[2025-03-02T05:19:31.565692+05:00] SaveEntries.INFO: File included and script started: product_actions.php [] []
[2025-03-02T05:19:31.566836+05:00] SaveEntries.INFO: File included and script started: product_actions.php [] []
[2025-03-02T05:19:31.601917+05:00] SaveEntries.INFO: File included and script started: product_actions.php [] []
[2025-03-02T05:19:34.332194+05:00] SaveEntries.INFO: File included and script started: product_actions.php [] []
[2025-03-02T05:19:35.629572+05:00] SaveEntries.INFO: File included and script started: product_actions.php [] []
[2025-03-02T05:19:36.889259+05:00] SaveEntries.INFO: File included and script started: product_actions.php [] []
[2025-03-02T05:20:01.479683+05:00] SaveEntries.INFO: File included and script started: products.php [] []
[2025-03-02T05:20:01.667338+05:00] SaveEntries.INFO: File included and script started: product_actions.php [] []
[2025-03-02T05:20:01.667481+05:00] SaveEntries.INFO: File included and script started: product_actions.php [] []
[2025-03-02T05:20:01.710783+05:00] SaveEntries.INFO: File included and script started: product_actions.php [] []
[2025-03-02T05:20:01.714809+05:00] SaveEntries.INFO: File included and script started: product_actions.php [] []
[2025-03-02T05:20:03.396222+05:00] SaveEntries.INFO: File included and script started: product_actions.php [] []
[2025-03-02T05:20:03.397327+05:00] SaveEntries.INFO: File included and script started: product_actions.php [] []
[2025-03-02T05:20:16.271248+05:00] SaveEntries.INFO: File included and script started: product_actions.php [] []
[2025-03-02T05:20:16.336100+05:00] SaveEntries.INFO: File included and script started: product_actions.php [] []
[2025-03-02T05:20:18.308127+05:00] SaveEntries.INFO: File included and script started: product_actions.php [] []
[2025-03-02T05:20:25.906287+05:00] SaveEntries.INFO: File included and script started: product_actions.php [] []
[2025-03-02T05:20:25.959509+05:00] SaveEntries.INFO: File included and script started: product_actions.php [] []
[2025-03-02T05:20:28.451319+05:00] SaveEntries.INFO: File included and script started: product_actions.php [] []
[2025-03-02T05:20:29.045513+05:00] SaveEntries.INFO: File included and script started: product_actions.php [] []
[2025-03-02T05:20:31.006119+05:00] SaveEntries.INFO: File included and script started: product_actions.php [] []
[2025-03-02T05:20:32.579953+05:00] SaveEntries.INFO: File included and script started: product_actions.php [] []
[2025-03-02T05:20:32.898938+05:00] SaveEntries.INFO: File included and script started: product_actions.php [] []
[2025-03-02T05:20:36.687634+05:00] SaveEntries.INFO: File included and script started: sales.php [] []
[2025-03-02T05:20:37.446116+05:00] SaveEntries.INFO: File included and script started: sale_actions.php [] []
[2025-03-02T05:20:37.472978+05:00] SaveEntries.INFO: File included and script started: customer_actions.php [] []
[2025-03-02T05:20:40.229929+05:00] SaveEntries.INFO: File included and script started: sale_actions.php [] []
[2025-03-02T05:20:48.066894+05:00] SaveEntries.INFO: File included and script started: product_actions.php [] []
[2025-03-02T05:20:48.069438+05:00] SaveEntries.INFO: File included and script started: customer_actions.php [] []
[2025-03-02T05:20:53.562873+05:00] SaveEntries.INFO: File included and script started: sale_actions.php [] []
[2025-03-02T05:20:57.479763+05:00] SaveEntries.INFO: File included and script started: sales.php [] []
[2025-03-02T05:20:57.673519+05:00] SaveEntries.INFO: File included and script started: sale_actions.php [] []
[2025-03-02T05:20:57.678156+05:00] SaveEntries.INFO: File included and script started: customer_actions.php [] []
[2025-03-02T05:21:01.858554+05:00] SaveEntries.INFO: File included and script started: product_actions.php [] []
[2025-03-02T05:21:01.858210+05:00] SaveEntries.INFO: File included and script started: customer_actions.php [] []
[2025-03-02T05:22:48.753628+05:00] SaveEntries.INFO: File included and script started: sales.php [] []
[2025-03-02T05:22:49.189789+05:00] SaveEntries.INFO: File included and script started: sale_actions.php [] []
[2025-03-02T05:22:49.203138+05:00] SaveEntries.INFO: File included and script started: customer_actions.php [] []
[2025-03-02T05:22:51.157919+05:00] SaveEntries.INFO: File included and script started: customer_actions.php [] []
[2025-03-02T05:22:51.162985+05:00] SaveEntries.INFO: File included and script started: product_actions.php [] []
[2025-03-02T05:24:30.289750+05:00] SaveEntries.INFO: File included and script started: sales.php [] []
[2025-03-02T05:24:31.322685+05:00] SaveEntries.INFO: File included and script started: sale_actions.php [] []
[2025-03-02T05:24:31.349389+05:00] SaveEntries.INFO: File included and script started: customer_actions.php [] []
[2025-03-02T05:24:33.062736+05:00] SaveEntries.INFO: File included and script started: product_actions.php [] []
[2025-03-02T05:24:33.063004+05:00] SaveEntries.INFO: File included and script started: customer_actions.php [] []
[2025-03-02T05:26:55.853398+05:00] SaveEntries.INFO: File included and script started: sales.php [] []
[2025-03-02T05:26:56.831516+05:00] SaveEntries.INFO: File included and script started: sale_actions.php [] []
[2025-03-02T05:26:56.835877+05:00] SaveEntries.INFO: File included and script started: customer_actions.php [] []
[2025-03-02T05:27:06.033550+05:00] SaveEntries.INFO: File included and script started: sale_actions.php [] []
[2025-03-02T05:27:06.052421+05:00] SaveEntries.INFO: File included and script started: customer_actions.php [] []
[2025-03-02T05:27:06.068600+05:00] SaveEntries.INFO: File included and script started: product_actions.php [] []
[2025-03-02T05:27:06.130106+05:00] SaveEntries.INFO: File included and script started: sale_actions.php [] []
[2025-03-02T05:29:32.950712+05:00] SaveEntries.INFO: File included and script started: sales.php [] []
[2025-03-02T05:29:33.846288+05:00] SaveEntries.INFO: File included and script started: customer_actions.php [] []
[2025-03-02T05:29:33.825456+05:00] SaveEntries.INFO: File included and script started: sale_actions.php [] []
[2025-03-02T05:29:40.673414+05:00] SaveEntries.INFO: File included and script started: sale_actions.php [] []
[2025-03-02T05:29:40.674115+05:00] SaveEntries.INFO: File included and script started: sale_actions.php [] []
[2025-03-02T05:29:40.714432+05:00] SaveEntries.INFO: File included and script started: product_actions.php [] []
[2025-03-02T05:29:40.832081+05:00] SaveEntries.INFO: File included and script started: customer_actions.php [] []
[2025-03-02T05:30:48.788380+05:00] SaveEntries.INFO: File included and script started: sales.php [] []
[2025-03-02T05:30:50.234376+05:00] SaveEntries.INFO: File included and script started: customer_actions.php [] []
[2025-03-02T05:30:50.322395+05:00] SaveEntries.INFO: File included and script started: sale_actions.php [] []
[2025-03-02T05:30:52.702233+05:00] SaveEntries.INFO: File included and script started: sale_actions.php [] []
[2025-03-02T05:30:52.740061+05:00] SaveEntries.INFO: File included and script started: product_actions.php [] []
[2025-03-02T05:30:52.802383+05:00] SaveEntries.INFO: File included and script started: customer_actions.php [] []
[2025-03-02T05:30:52.719726+05:00] SaveEntries.INFO: File included and script started: sale_actions.php [] []
[2025-03-02T05:31:42.287613+05:00] SaveEntries.INFO: File included and script started: sales.php [] []
[2025-03-02T05:31:43.587892+05:00] SaveEntries.INFO: File included and script started: sale_actions.php [] []
[2025-03-02T05:31:43.619201+05:00] SaveEntries.INFO: File included and script started: customer_actions.php [] []
[2025-03-02T05:31:46.160345+05:00] SaveEntries.INFO: File included and script started: sale_actions.php [] []
[2025-03-02T05:31:46.171406+05:00] SaveEntries.INFO: File included and script started: sale_actions.php [] []
[2025-03-02T05:31:46.206735+05:00] SaveEntries.INFO: File included and script started: sale_actions.php [] []
[2025-03-02T05:31:46.240075+05:00] SaveEntries.INFO: File included and script started: product_actions.php [] []
[2025-03-02T05:31:46.242797+05:00] SaveEntries.INFO: File included and script started: sale_actions.php [] []
[2025-03-02T05:31:46.311156+05:00] SaveEntries.INFO: File included and script started: customer_actions.php [] []
[2025-03-02T05:34:36.792966+05:00] SaveEntries.INFO: File included and script started: sales.php [] []
[2025-03-02T05:34:38.266379+05:00] SaveEntries.INFO: File included and script started: sale_actions.php [] []
[2025-03-02T05:34:38.268573+05:00] SaveEntries.INFO: File included and script started: sale_actions.php [] []
[2025-03-02T05:34:58.449529+05:00] SaveEntries.INFO: File included and script started: sales.php [] []
[2025-03-02T05:35:00.263556+05:00] SaveEntries.INFO: File included and script started: sale_actions.php [] []
[2025-03-02T05:35:00.334023+05:00] SaveEntries.INFO: File included and script started: customer_actions.php [] []
[2025-03-02T05:35:03.101409+05:00] SaveEntries.INFO: File included and script started: customer_actions.php [] []
[2025-03-02T05:35:03.073532+05:00] SaveEntries.INFO: File included and script started: sale_actions.php [] []
[2025-03-02T05:35:03.143415+05:00] SaveEntries.INFO: File included and script started: product_actions.php [] []
[2025-03-02T05:35:03.082971+05:00] SaveEntries.INFO: File included and script started: sale_actions.php [] []
[2025-03-02T05:35:03.217465+05:00] SaveEntries.INFO: File included and script started: sale_actions.php [] []
[2025-03-02T05:35:03.239227+05:00] SaveEntries.INFO: File included and script started: sale_actions.php [] []
[2025-03-02T05:37:39.408153+05:00] SaveEntries.INFO: File included and script started: sales.php [] []
[2025-03-02T05:37:40.745203+05:00] SaveEntries.INFO: File included and script started: sale_actions.php [] []
[2025-03-02T05:37:40.893658+05:00] SaveEntries.INFO: File included and script started: customer_actions.php [] []
[2025-03-02T05:37:46.616770+05:00] SaveEntries.INFO: File included and script started: sale_actions.php [] []
[2025-03-02T05:37:46.668675+05:00] SaveEntries.INFO: File included and script started: customer_actions.php [] []
[2025-03-02T05:37:46.689243+05:00] SaveEntries.INFO: File included and script started: sale_actions.php [] []
[2025-03-02T05:37:46.770211+05:00] SaveEntries.INFO: File included and script started: product_actions.php [] []
[2025-03-02T05:37:46.840487+05:00] SaveEntries.INFO: File included and script started: sale_actions.php [] []
[2025-03-02T05:37:46.867184+05:00] SaveEntries.INFO: File included and script started: sale_actions.php [] []
[2025-03-02T05:38:07.916655+05:00] SaveEntries.INFO: File included and script started: sales.php [] []
[2025-03-02T05:38:08.816038+05:00] SaveEntries.INFO: File included and script started: sale_actions.php [] []
[2025-03-02T05:38:08.869909+05:00] SaveEntries.INFO: File included and script started: sale_actions.php [] []
[2025-03-02T05:38:22.275978+05:00] SaveEntries.INFO: File included and script started: sales.php [] []
[2025-03-02T05:38:23.133408+05:00] SaveEntries.INFO: File included and script started: sale_actions.php [] []
[2025-03-02T05:38:23.210699+05:00] SaveEntries.INFO: File included and script started: sale_actions.php [] []
[2025-03-02T05:38:27.129461+05:00] SaveEntries.INFO: File included and script started: sale_actions.php [] []
[2025-03-02T05:38:27.130193+05:00] SaveEntries.INFO: File included and script started: sale_actions.php [] []
[2025-03-02T05:38:57.393038+05:00] SaveEntries.INFO: File included and script started: sales.php [] []
[2025-03-02T05:38:58.345913+05:00] SaveEntries.INFO: File included and script started: sale_actions.php [] []
[2025-03-02T05:38:58.365624+05:00] SaveEntries.INFO: File included and script started: customer_actions.php [] []
[2025-03-02T05:42:25.863628+05:00] SaveEntries.INFO: File included and script started: sales.php [] []
[2025-03-02T05:42:26.940939+05:00] SaveEntries.INFO: File included and script started: sale_actions.php [] []
[2025-03-02T05:42:27.166221+05:00] SaveEntries.INFO: File included and script started: customer_actions.php [] []
[2025-03-02T05:42:30.685235+05:00] SaveEntries.INFO: File included and script started: sale_actions.php [] []
[2025-03-02T05:42:30.699791+05:00] SaveEntries.INFO: File included and script started: sale_actions.php [] []
[2025-03-02T05:42:30.733902+05:00] SaveEntries.INFO: File included and script started: sale_actions.php [] []
[2025-03-02T05:42:30.781506+05:00] SaveEntries.INFO: File included and script started: sale_actions.php [] []
[2025-03-02T05:42:30.783972+05:00] SaveEntries.INFO: File included and script started: customer_actions.php [] []
[2025-03-02T05:42:30.823134+05:00] SaveEntries.INFO: File included and script started: product_actions.php [] []
[2025-03-02T05:43:07.695370+05:00] SaveEntries.INFO: File included and script started: sales.php [] []
[2025-03-02T05:43:09.210683+05:00] SaveEntries.INFO: File included and script started: sale_actions.php [] []
[2025-03-02T05:43:09.335676+05:00] SaveEntries.INFO: File included and script started: sale_actions.php [] []
[2025-03-02T05:43:09.355459+05:00] SaveEntries.INFO: File included and script started: sale_actions.php [] []
[2025-03-02T05:43:13.619551+05:00] SaveEntries.INFO: File included and script started: sale_actions.php [] []
[2025-03-02T05:43:13.619682+05:00] SaveEntries.INFO: File included and script started: sale_actions.php [] []
[2025-03-02T05:43:50.712780+05:00] SaveEntries.INFO: File included and script started: sales.php [] []
[2025-03-02T05:43:53.259382+05:00] SaveEntries.INFO: File included and script started: sale_actions.php [] []
[2025-03-02T05:43:53.265595+05:00] SaveEntries.INFO: File included and script started: sale_actions.php [] []
[2025-03-02T05:43:53.274190+05:00] SaveEntries.INFO: File included and script started: sale_actions.php [] []
[2025-03-02T05:43:53.715756+05:00] SaveEntries.INFO: File included and script started: sale_actions.php [] []
[2025-03-02T05:43:53.768062+05:00] SaveEntries.INFO: File included and script started: sale_actions.php [] []
[2025-03-02T05:44:19.044234+05:00] SaveEntries.INFO: File included and script started: sales.php [] []
[2025-03-02T05:44:19.640386+05:00] SaveEntries.INFO: File included and script started: sale_actions.php [] []
[2025-03-02T05:44:19.699259+05:00] SaveEntries.INFO: File included and script started: sale_actions.php [] []
[2025-03-02T05:44:19.741968+05:00] SaveEntries.INFO: File included and script started: sale_actions.php [] []
[2025-03-02T05:44:20.365194+05:00] SaveEntries.INFO: File included and script started: sale_actions.php [] []
[2025-03-02T05:44:20.363738+05:00] SaveEntries.INFO: File included and script started: sale_actions.php [] []
[2025-03-02T05:45:33.231866+05:00] SaveEntries.INFO: File included and script started: sales.php [] []
[2025-03-02T05:45:34.153488+05:00] SaveEntries.INFO: File included and script started: sale_actions.php [] []
[2025-03-02T05:45:34.171642+05:00] SaveEntries.INFO: File included and script started: sale_actions.php [] []
[2025-03-02T05:45:34.175308+05:00] SaveEntries.INFO: File included and script started: sale_actions.php [] []
[2025-03-02T05:45:34.263432+05:00] SaveEntries.INFO: File included and script started: sale_actions.php [] []
[2025-03-02T05:45:41.079412+05:00] SaveEntries.INFO: File included and script started: sale_actions.php [] []
[2025-03-02T05:45:44.556186+05:00] SaveEntries.INFO: File included and script started: sale_actions.php [] []
[2025-03-02T05:45:44.557474+05:00] SaveEntries.INFO: File included and script started: sale_actions.php [] []
[2025-03-02T05:45:44.594168+05:00] SaveEntries.INFO: File included and script started: sale_actions.php [] []
[2025-03-02T22:12:14.457624+05:00] SaveEntries.INFO: File included and script started: sales.php [] []
[2025-03-02T22:12:15.071299+05:00] SaveEntries.INFO: File included and script started: sale_actions.php [] []
[2025-03-02T22:12:15.110321+05:00] SaveEntries.INFO: File included and script started: sale_actions.php [] []
[2025-03-02T22:12:15.113002+05:00] SaveEntries.INFO: File included and script started: sale_actions.php [] []
[2025-03-02T22:12:15.240194+05:00] SaveEntries.INFO: File included and script started: sale_actions.php [] []
[2025-03-02T22:12:20.270620+05:00] SaveEntries.INFO: File included and script started: sale_actions.php [] []
[2025-03-02T22:12:20.289324+05:00] SaveEntries.INFO: File included and script started: sale_actions.php [] []
[2025-03-02T22:12:20.336469+05:00] SaveEntries.INFO: File included and script started: sale_actions.php [] []
[2025-03-02T22:14:25.849844+05:00] SaveEntries.INFO: File included and script started: users.php [] []
[2025-03-02T22:14:26.606137+05:00] SaveEntries.INFO: File included and script started: user_actions.php [] []
[2025-03-02T22:16:28.099431+05:00] SaveEntries.INFO: File included and script started: sales.php [] []
[2025-03-02T22:16:28.591370+05:00] SaveEntries.INFO: File included and script started: sale_actions.php [] []
[2025-03-02T22:16:28.597680+05:00] SaveEntries.INFO: File included and script started: sale_actions.php [] []
[2025-03-02T22:16:28.597680+05:00] SaveEntries.INFO: File included and script started: sale_actions.php [] []
[2025-03-02T22:16:28.691273+05:00] SaveEntries.INFO: File included and script started: sale_actions.php [] []
[2025-03-02T22:16:34.999560+05:00] SaveEntries.INFO: File included and script started: sale_actions.php [] []
[2025-03-02T22:16:35.001186+05:00] SaveEntries.INFO: File included and script started: sale_actions.php [] []
[2025-03-02T22:16:35.053504+05:00] SaveEntries.INFO: File included and script started: sale_actions.php [] []
[2025-03-02T22:16:53.265842+05:00] SaveEntries.INFO: File included and script started: sale_actions.php [] []
[2025-03-02T22:16:53.266434+05:00] SaveEntries.INFO: File included and script started: sale_actions.php [] []
[2025-03-02T22:16:53.330585+05:00] SaveEntries.INFO: File included and script started: sale_actions.php [] []
[2025-03-02T22:22:28.252707+05:00] SaveEntries.INFO: File included and script started: index.php [] []
[2025-03-02T22:23:24.766577+05:00] SaveEntries.INFO: File included and script started: index.php [] []
[2025-03-02T22:23:42.953146+05:00] SaveEntries.INFO: File included and script started: index.php [] []
[2025-03-02T22:23:44.566319+05:00] SaveEntries.INFO: File included and script started: index.php [] []
