[2025-03-25T05:28:40.614520+05:00] SaveEntries.INFO: File included and script started: sales.php [] []
[2025-03-25T05:28:40.922594+05:00] SaveEntries.INFO: File included and script started: index.php [] []
[2025-03-25T05:28:52.969010+05:00] SaveEntries.INFO: File included and script started: index.php [] []
[2025-03-25T05:28:54.147788+05:00] SaveEntries.INFO: File included and script started: index.php [] []
[2025-03-25T05:28:54.389392+05:00] SaveEntries.INFO: File included and script started: index.php [] []
[2025-03-25T05:28:55.332670+05:00] SaveEntries.INFO: File included and script started: statistics_actions.php [] []
[2025-03-25T05:28:56.670402+05:00] SaveEntries.INFO: File included and script started: index.php [] []
[2025-03-25T05:29:05.840261+05:00] SaveEntries.INFO: File included and script started: index.php [] []
[2025-03-25T05:29:16.004474+05:00] SaveEntries.INFO: File included and script started: index.php [] []
[2025-03-25T05:29:30.378139+05:00] SaveEntries.INFO: File included and script started: sales.php [] []
[2025-03-25T05:29:30.751436+05:00] SaveEntries.INFO: File included and script started: sale_actions.php [] []
[2025-03-25T05:29:30.794891+05:00] SaveEntries.INFO: File included and script started: sale_actions.php [] []
[2025-03-25T05:29:30.827231+05:00] SaveEntries.INFO: File included and script started: sale_actions.php [] []
[2025-03-25T05:29:31.946207+05:00] SaveEntries.INFO: File included and script started: sale_actions.php [] []
[2025-03-25T05:29:34.839782+05:00] SaveEntries.INFO: File included and script started: sales.php [] []
[2025-03-25T05:57:38.397691+05:00] SaveEntries.INFO: File included and script started: sales.php [] []
[2025-03-25T05:57:39.594224+05:00] SaveEntries.INFO: File included and script started: sale_actions.php [] []
[2025-03-25T05:57:39.695414+05:00] SaveEntries.INFO: File included and script started: sale_actions.php [] []
[2025-03-25T05:57:39.562303+05:00] SaveEntries.INFO: File included and script started: sale_actions.php [] []
[2025-03-25T05:57:42.397160+05:00] SaveEntries.INFO: File included and script started: sales.php [] []
[2025-03-25T05:57:42.826937+05:00] SaveEntries.INFO: File included and script started: sale_actions.php [] []
[2025-03-25T06:08:43.023710+05:00] SaveEntries.INFO: File included and script started: sales.php [] []
[2025-03-25T06:08:43.477235+05:00] SaveEntries.INFO: File included and script started: sale_actions.php [] []
[2025-03-25T06:08:43.489574+05:00] SaveEntries.INFO: File included and script started: sale_actions.php [] []
[2025-03-25T06:08:43.472482+05:00] SaveEntries.INFO: File included and script started: sale_actions.php [] []
[2025-03-25T06:08:44.197608+05:00] SaveEntries.INFO: File included and script started: sales.php [] []
[2025-03-25T06:08:44.642758+05:00] SaveEntries.INFO: File included and script started: sale_actions.php [] []
[2025-03-25T06:08:47.303561+05:00] SaveEntries.INFO: File included and script started: sales_returns.php [] []
[2025-03-25T06:08:48.036864+05:00] SaveEntries.INFO: File included and script started: sales_return_actions.php [] []
[2025-03-25T06:08:48.609494+05:00] SaveEntries.INFO: File included and script started: sales_returns.php [] []
[2025-03-25T06:23:56.680431+05:00] SaveEntries.INFO: File included and script started: sales_returns.php [] []
[2025-03-25T06:23:57.088346+05:00] SaveEntries.INFO: File included and script started: sales_return_actions.php [] []
[2025-03-25T06:23:57.123014+05:00] SaveEntries.INFO: File included and script started: sales_return_actions.php [] []
[2025-03-25T06:23:57.141003+05:00] SaveEntries.INFO: File included and script started: sales_return_actions.php [] []
[2025-03-25T06:23:58.852640+05:00] SaveEntries.INFO: File included and script started: sales_return_actions.php [] []
[2025-03-25T06:23:58.936805+05:00] SaveEntries.INFO: File included and script started: sales_returns.php [] []
[2025-03-25T06:24:00.477267+05:00] SaveEntries.INFO: File included and script started: sales_return_actions.php [] []
[2025-03-25T06:24:00.531445+05:00] SaveEntries.INFO: File included and script started: sales_return_actions.php [] []
[2025-03-25T06:26:23.140568+05:00] SaveEntries.INFO: File included and script started: sales_returns.php [] []
[2025-03-25T06:26:23.750841+05:00] SaveEntries.INFO: File included and script started: sales_return_actions.php [] []
[2025-03-25T06:26:23.805422+05:00] SaveEntries.INFO: File included and script started: sales_return_actions.php [] []
[2025-03-25T06:26:23.844644+05:00] SaveEntries.INFO: File included and script started: sales_return_actions.php [] []
[2025-03-25T06:26:24.463467+05:00] SaveEntries.INFO: File included and script started: sales_returns.php [] []
[2025-03-25T06:26:26.588094+05:00] SaveEntries.INFO: File included and script started: sales_return_actions.php [] []
[2025-03-25T06:26:26.590616+05:00] SaveEntries.INFO: File included and script started: sales_return_actions.php [] []
[2025-03-25T06:30:20.005050+05:00] SaveEntries.INFO: File included and script started: sales_returns.php [] []
[2025-03-25T06:30:20.574549+05:00] SaveEntries.INFO: File included and script started: sales_return_actions.php [] []
[2025-03-25T06:30:20.639768+05:00] SaveEntries.INFO: File included and script started: sales_return_actions.php [] []
[2025-03-25T06:30:20.679482+05:00] SaveEntries.INFO: File included and script started: sales_return_actions.php [] []
[2025-03-25T06:30:21.332730+05:00] SaveEntries.INFO: File included and script started: sales_returns.php [] []
[2025-03-25T06:30:25.270224+05:00] SaveEntries.INFO: File included and script started: sales_return_actions.php [] []
[2025-03-25T06:30:25.789874+05:00] SaveEntries.INFO: File included and script started: sales_return_actions.php [] []
[2025-03-25T06:30:26.072885+05:00] SaveEntries.INFO: File included and script started: sales_return_actions.php [] []
[2025-03-25T06:30:27.083326+05:00] SaveEntries.INFO: File included and script started: sales_return_actions.php [] []
[2025-03-25T06:30:27.084095+05:00] SaveEntries.INFO: File included and script started: sales_return_actions.php [] []
[2025-03-25T06:39:41.444890+05:00] SaveEntries.INFO: File included and script started: sales.php [] []
[2025-03-25T06:39:41.968135+05:00] SaveEntries.INFO: File included and script started: sale_actions.php [] []
[2025-03-25T06:39:41.992752+05:00] SaveEntries.INFO: File included and script started: sale_actions.php [] []
[2025-03-25T06:39:42.024712+05:00] SaveEntries.INFO: File included and script started: sale_actions.php [] []
[2025-03-25T06:39:42.597634+05:00] SaveEntries.INFO: File included and script started: sales.php [] []
[2025-03-25T06:39:42.715370+05:00] SaveEntries.INFO: File included and script started: sales.php [] []
[2025-03-25T06:39:42.936065+05:00] SaveEntries.INFO: File included and script started: sale_actions.php [] []
[2025-03-25T06:39:42.948872+05:00] SaveEntries.INFO: File included and script started: sale_actions.php [] []
[2025-03-25T06:39:42.968372+05:00] SaveEntries.INFO: File included and script started: sale_actions.php [] []
[2025-03-25T06:39:43.315856+05:00] SaveEntries.INFO: File included and script started: sales.php [] []
[2025-03-25T06:39:43.820615+05:00] SaveEntries.INFO: File included and script started: sale_actions.php [] []
[2025-03-25T06:39:44.874242+05:00] SaveEntries.INFO: File included and script started: sale_actions.php [] []
[2025-03-25T06:39:45.425492+05:00] SaveEntries.INFO: File included and script started: sale_actions.php [] []
[2025-03-25T06:39:50.358725+05:00] SaveEntries.INFO: File included and script started: sales_return.php [] []
[2025-03-25T06:39:50.636691+05:00] SaveEntries.INFO: File included and script started: sale_return_actions.php [] []
[2025-03-25T06:39:50.671337+05:00] SaveEntries.INFO: File included and script started: sale_return_actions.php [] []
[2025-03-25T06:39:50.691690+05:00] SaveEntries.INFO: File included and script started: sale_return_actions.php [] []
[2025-03-25T06:39:51.352780+05:00] SaveEntries.INFO: File included and script started: sales_return.php [] []
[2025-03-25T06:39:51.712857+05:00] SaveEntries.INFO: File included and script started: sale_return_actions.php [] []
[2025-03-25T06:39:51.913948+05:00] SaveEntries.INFO: File included and script started: sale_return_actions.php [] []
[2025-03-25T06:39:52.470287+05:00] SaveEntries.INFO: File included and script started: sale_return_actions.php [] []
[2025-03-25T06:40:14.284928+05:00] SaveEntries.INFO: File included and script started: sales.php [] []
[2025-03-25T06:40:14.572649+05:00] SaveEntries.INFO: File included and script started: sale_actions.php [] []
[2025-03-25T06:40:14.576536+05:00] SaveEntries.INFO: File included and script started: sale_actions.php [] []
[2025-03-25T06:40:14.608709+05:00] SaveEntries.INFO: File included and script started: sale_actions.php [] []
[2025-03-25T06:40:15.071000+05:00] SaveEntries.INFO: File included and script started: sales.php [] []
[2025-03-25T06:40:15.587770+05:00] SaveEntries.INFO: File included and script started: sale_actions.php [] []
[2025-03-25T06:40:15.893511+05:00] SaveEntries.INFO: File included and script started: sale_actions.php [] []
[2025-03-25T06:40:15.893511+05:00] SaveEntries.INFO: File included and script started: sale_actions.php [] []
[2025-03-25T06:40:16.448073+05:00] SaveEntries.INFO: File included and script started: sale_actions.php [] []
[2025-03-25T06:40:16.903810+05:00] SaveEntries.INFO: File included and script started: product_actions.php [] []
[2025-03-25T06:41:17.375979+05:00] SaveEntries.INFO: File included and script started: sales_return.php [] []
[2025-03-25T06:41:17.855107+05:00] SaveEntries.INFO: File included and script started: sale_return_actions.php [] []
[2025-03-25T06:41:17.887463+05:00] SaveEntries.INFO: File included and script started: sale_return_actions.php [] []
[2025-03-25T06:41:17.924015+05:00] SaveEntries.INFO: File included and script started: sale_return_actions.php [] []
[2025-03-25T06:41:18.939542+05:00] SaveEntries.INFO: File included and script started: sale_return_actions.php [] []
[2025-03-25T06:41:20.058659+05:00] SaveEntries.INFO: File included and script started: sale_return_actions.php [] []
[2025-03-25T06:41:20.120642+05:00] SaveEntries.INFO: File included and script started: sale_return_actions.php [] []
[2025-03-25T06:41:20.648257+05:00] SaveEntries.INFO: File included and script started: sales_return.php [] []
[2025-03-25T06:41:20.688697+05:00] SaveEntries.INFO: File included and script started: sale_return_actions.php [] []
[2025-03-25T06:41:28.462930+05:00] SaveEntries.INFO: File included and script started: sales_return.php [] []
[2025-03-25T06:41:29.111004+05:00] SaveEntries.INFO: File included and script started: sale_return_actions.php [] []
[2025-03-25T06:41:29.159924+05:00] SaveEntries.INFO: File included and script started: sale_return_actions.php [] []
[2025-03-25T06:41:29.299511+05:00] SaveEntries.INFO: File included and script started: sale_return_actions.php [] []
[2025-03-25T06:41:30.424635+05:00] SaveEntries.INFO: File included and script started: sale_return_actions.php [] []
[2025-03-25T06:41:31.045183+05:00] SaveEntries.INFO: File included and script started: products.php [] []
[2025-03-25T06:41:31.358428+05:00] SaveEntries.INFO: File included and script started: product_actions.php [] []
[2025-03-25T06:41:31.358466+05:00] SaveEntries.INFO: File included and script started: product_actions.php [] []
[2025-03-25T06:41:31.402556+05:00] SaveEntries.INFO: File included and script started: product_actions.php [] []
[2025-03-25T06:41:31.693419+05:00] SaveEntries.INFO: File included and script started: sales_return.php [] []
[2025-03-25T06:41:32.750825+05:00] SaveEntries.INFO: File included and script started: products.php [] []
[2025-03-25T06:42:31.143288+05:00] SaveEntries.INFO: File included and script started: sale_return_actions.php [] []
[2025-03-25T06:42:31.165383+05:00] SaveEntries.INFO: File included and script started: sale_return_actions.php [] []
[2025-03-25T06:42:31.218581+05:00] SaveEntries.INFO: File included and script started: sale_return_actions.php [] []
[2025-03-25T06:42:36.928322+05:00] SaveEntries.INFO: File included and script started: view_return.php [] []
[2025-03-25T06:42:37.375974+05:00] SaveEntries.INFO: File included and script started: sale_return_actions.php [] []
[2025-03-25T06:42:37.857274+05:00] SaveEntries.INFO: File included and script started: view_return.php [] []
[2025-03-25T06:43:58.381338+05:00] SaveEntries.INFO: File included and script started: view_return.php [] []
[2025-03-25T06:43:58.739874+05:00] SaveEntries.INFO: File included and script started: sale_return_actions.php [] []
[2025-03-25T06:43:59.327181+05:00] SaveEntries.INFO: File included and script started: view_return.php [] []
[2025-03-25T06:44:04.285095+05:00] SaveEntries.INFO: File included and script started: edit_return.php [] []
[2025-03-25T06:44:04.543331+05:00] SaveEntries.INFO: File included and script started: sale_return_actions.php [] []
[2025-03-25T06:44:04.547366+05:00] SaveEntries.INFO: File included and script started: sale_return_actions.php [] []
[2025-03-25T06:44:04.581078+05:00] SaveEntries.INFO: File included and script started: sale_return_actions.php [] []
[2025-03-25T06:44:05.037681+05:00] SaveEntries.INFO: File included and script started: edit_return.php [] []
[2025-03-25T06:45:32.794267+05:00] SaveEntries.INFO: File included and script started: edit_return.php [] []
[2025-03-25T06:45:33.241561+05:00] SaveEntries.INFO: File included and script started: sale_return_actions.php [] []
[2025-03-25T06:45:33.666538+05:00] SaveEntries.INFO: File included and script started: sale_return_actions.php [] []
[2025-03-25T06:45:33.884239+05:00] SaveEntries.INFO: File included and script started: sale_return_actions.php [] []
[2025-03-25T06:45:34.232006+05:00] SaveEntries.INFO: File included and script started: edit_return.php [] []
[2025-03-25T06:46:01.228420+05:00] SaveEntries.INFO: File included and script started: edit_return.php [] []
[2025-03-25T06:46:01.665839+05:00] SaveEntries.INFO: File included and script started: sale_return_actions.php [] []
[2025-03-25T06:46:01.679476+05:00] SaveEntries.INFO: File included and script started: sale_return_actions.php [] []
[2025-03-25T06:46:02.220084+05:00] SaveEntries.INFO: File included and script started: sale_return_actions.php [] []
[2025-03-25T06:46:02.335857+05:00] SaveEntries.INFO: File included and script started: edit_return.php [] []
[2025-03-25T06:46:05.098367+05:00] SaveEntries.INFO: File included and script started: view_return.php [] []
[2025-03-25T06:46:05.332863+05:00] SaveEntries.INFO: File included and script started: sale_return_actions.php [] []
[2025-03-25T06:46:05.857634+05:00] SaveEntries.INFO: File included and script started: view_return.php [] []
[2025-03-25T06:46:08.244241+05:00] SaveEntries.INFO: File included and script started: view_return.php [] []
[2025-03-25T06:46:08.466648+05:00] SaveEntries.INFO: File included and script started: sale_return_actions.php [] []
[2025-03-25T06:46:09.818847+05:00] SaveEntries.INFO: File included and script started: view_return.php [] []
[2025-03-25T06:46:10.046886+05:00] SaveEntries.INFO: File included and script started: sales_return.php [] []
[2025-03-25T06:46:10.453173+05:00] SaveEntries.INFO: File included and script started: sale_return_actions.php [] []
[2025-03-25T06:46:10.485053+05:00] SaveEntries.INFO: File included and script started: sale_return_actions.php [] []
[2025-03-25T06:46:10.509447+05:00] SaveEntries.INFO: File included and script started: sale_return_actions.php [] []
[2025-03-25T06:46:11.219736+05:00] SaveEntries.INFO: File included and script started: sales_return.php [] []
[2025-03-25T06:46:11.526755+05:00] SaveEntries.INFO: File included and script started: sale_return_actions.php [] []
[2025-03-25T06:46:25.883111+05:00] SaveEntries.INFO: File included and script started: sale_return_actions.php [] []
[2025-03-25T06:46:29.144533+05:00] SaveEntries.INFO: File included and script started: sale_return_actions.php [] []
[2025-03-25T06:46:34.646906+05:00] SaveEntries.INFO: File included and script started: sale_return_actions.php [] []
[2025-03-25T06:46:34.660429+05:00] SaveEntries.INFO: File included and script started: sale_return_actions.php [] []
[2025-03-25T06:46:35.197742+05:00] SaveEntries.INFO: File included and script started: sale_return_actions.php [] []
[2025-03-25T06:47:01.293677+05:00] SaveEntries.INFO: File included and script started: sale_return_actions.php [] []
[2025-03-25T06:47:01.907008+05:00] SaveEntries.INFO: File included and script started: sale_return_actions.php [] []
[2025-03-25T06:47:01.965845+05:00] SaveEntries.INFO: File included and script started: sale_return_actions.php [] []
[2025-03-25T06:47:08.208716+05:00] SaveEntries.INFO: File included and script started: edit_return.php [] []
[2025-03-25T06:47:08.859271+05:00] SaveEntries.INFO: File included and script started: sale_return_actions.php [] []
[2025-03-25T06:47:08.892154+05:00] SaveEntries.INFO: File included and script started: sale_return_actions.php [] []
[2025-03-25T06:47:09.520614+05:00] SaveEntries.INFO: File included and script started: sale_return_actions.php [] []
[2025-03-25T06:47:10.516693+05:00] SaveEntries.INFO: File included and script started: edit_return.php [] []
[2025-03-25T06:47:52.340413+05:00] SaveEntries.INFO: File included and script started: sales_return.php [] []
[2025-03-25T06:47:53.012322+05:00] SaveEntries.INFO: File included and script started: sale_return_actions.php [] []
[2025-03-25T06:47:53.219753+05:00] SaveEntries.INFO: File included and script started: sale_return_actions.php [] []
[2025-03-25T06:47:53.366632+05:00] SaveEntries.INFO: File included and script started: sale_return_actions.php [] []
[2025-03-25T06:47:54.231609+05:00] SaveEntries.INFO: File included and script started: sale_return_actions.php [] []
[2025-03-25T06:47:54.775674+05:00] SaveEntries.INFO: File included and script started: sales_return.php [] []
[2025-03-25T06:47:55.157795+05:00] SaveEntries.INFO: File included and script started: edit_return.php [] []
[2025-03-25T06:47:55.406104+05:00] SaveEntries.INFO: File included and script started: sale_return_actions.php [] []
[2025-03-25T06:47:55.443423+05:00] SaveEntries.INFO: File included and script started: sale_return_actions.php [] []
[2025-03-25T06:47:56.210809+05:00] SaveEntries.INFO: File included and script started: sale_return_actions.php [] []
[2025-03-25T06:47:56.409107+05:00] SaveEntries.INFO: File included and script started: edit_return.php [] []
[2025-03-25T06:47:58.243962+05:00] SaveEntries.INFO: File included and script started: sales_return.php [] []
[2025-03-25T06:47:58.598884+05:00] SaveEntries.INFO: File included and script started: sale_return_actions.php [] []
[2025-03-25T06:47:58.750572+05:00] SaveEntries.INFO: File included and script started: sale_return_actions.php [] []
[2025-03-25T06:47:58.752017+05:00] SaveEntries.INFO: File included and script started: sale_return_actions.php [] []
[2025-03-25T06:47:59.495604+05:00] SaveEntries.INFO: File included and script started: sales_return.php [] []
[2025-03-25T06:47:59.735232+05:00] SaveEntries.INFO: File included and script started: sale_return_actions.php [] []
[2025-03-25T06:48:00.145969+05:00] SaveEntries.INFO: File included and script started: view_return.php [] []
[2025-03-25T06:48:00.398230+05:00] SaveEntries.INFO: File included and script started: sale_return_actions.php [] []
[2025-03-25T06:48:01.027659+05:00] SaveEntries.INFO: File included and script started: view_return.php [] []
[2025-03-25T06:50:44.517164+05:00] SaveEntries.INFO: File included and script started: view_return.php [] []
[2025-03-25T06:50:45.024944+05:00] SaveEntries.INFO: File included and script started: sale_return_actions.php [] []
[2025-03-25T06:50:45.526296+05:00] SaveEntries.INFO: File included and script started: view_return.php [] []
[2025-03-25T06:50:49.621529+05:00] SaveEntries.INFO: File included and script started: edit_return.php [] []
[2025-03-25T06:50:49.931746+05:00] SaveEntries.INFO: File included and script started: sale_return_actions.php [] []
[2025-03-25T06:50:49.941516+05:00] SaveEntries.INFO: File included and script started: sale_return_actions.php [] []
[2025-03-25T06:50:50.370301+05:00] SaveEntries.INFO: File included and script started: sale_return_actions.php [] []
[2025-03-25T06:50:50.427135+05:00] SaveEntries.INFO: File included and script started: edit_return.php [] []
[2025-03-25T06:56:37.501033+05:00] SaveEntries.INFO: File included and script started: edit_return.php [] []
[2025-03-25T06:56:38.071558+05:00] SaveEntries.INFO: File included and script started: sale_return_actions.php [] []
[2025-03-25T06:56:38.085735+05:00] SaveEntries.INFO: File included and script started: sale_return_actions.php [] []
[2025-03-25T06:56:38.632941+05:00] SaveEntries.INFO: File included and script started: sale_return_actions.php [] []
[2025-03-25T06:56:38.800278+05:00] SaveEntries.INFO: File included and script started: edit_return.php [] []
[2025-03-25T06:57:41.715003+05:00] SaveEntries.INFO: File included and script started: sales_return.php [] []
[2025-03-25T06:57:42.601474+05:00] SaveEntries.INFO: File included and script started: sale_return_actions.php [] []
[2025-03-25T06:57:42.792984+05:00] SaveEntries.INFO: File included and script started: sale_return_actions.php [] []
[2025-03-25T06:57:42.599335+05:00] SaveEntries.INFO: File included and script started: sale_return_actions.php [] []
[2025-03-25T06:57:43.454617+05:00] SaveEntries.INFO: File included and script started: sales_return.php [] []
[2025-03-25T06:57:43.778966+05:00] SaveEntries.INFO: File included and script started: sale_return_actions.php [] []
[2025-03-25T06:57:44.651812+05:00] SaveEntries.INFO: File included and script started: quotations.php [] []
[2025-03-25T06:57:45.088598+05:00] SaveEntries.INFO: File included and script started: quotation_actions.php [] []
[2025-03-25T06:57:45.093811+05:00] SaveEntries.INFO: File included and script started: quotation_actions.php [] []
[2025-03-25T06:57:45.136782+05:00] SaveEntries.INFO: File included and script started: quotation_actions.php [] []
[2025-03-25T06:57:45.804437+05:00] SaveEntries.INFO: File included and script started: quotation_actions.php [] []
[2025-03-25T06:57:46.057234+05:00] SaveEntries.INFO: File included and script started: quotations.php [] []
[2025-03-25T06:57:47.591710+05:00] SaveEntries.INFO: File included and script started: edit_quotation.php [] []
[2025-03-25T06:57:47.945357+05:00] SaveEntries.INFO: File included and script started: quotation_actions.php [] []
[2025-03-25T06:57:48.506093+05:00] SaveEntries.INFO: File included and script started: quotation_actions.php [] []
[2025-03-25T06:57:48.586211+05:00] SaveEntries.INFO: File included and script started: quotation_actions.php [] []
[2025-03-25T06:57:48.749660+05:00] SaveEntries.INFO: File included and script started: edit_quotation.php [] []
[2025-03-25T06:57:55.666122+05:00] SaveEntries.INFO: File included and script started: sales_return.php [] []
[2025-03-25T06:57:55.978334+05:00] SaveEntries.INFO: File included and script started: sale_return_actions.php [] []
[2025-03-25T06:57:55.989602+05:00] SaveEntries.INFO: File included and script started: sale_return_actions.php [] []
[2025-03-25T06:57:56.019911+05:00] SaveEntries.INFO: File included and script started: sale_return_actions.php [] []
[2025-03-25T06:57:56.543276+05:00] SaveEntries.INFO: File included and script started: sales_return.php [] []
[2025-03-25T06:57:57.061099+05:00] SaveEntries.INFO: File included and script started: sale_return_actions.php [] []
[2025-03-25T06:57:58.197781+05:00] SaveEntries.INFO: File included and script started: sale_return_actions.php [] []
[2025-03-25T06:57:58.202063+05:00] SaveEntries.INFO: File included and script started: sale_return_actions.php [] []
[2025-03-25T06:57:58.766816+05:00] SaveEntries.INFO: File included and script started: sale_return_actions.php [] []
[2025-03-25T07:00:50.205229+05:00] SaveEntries.INFO: File included and script started: sales_return.php [] []
[2025-03-25T07:00:50.624654+05:00] SaveEntries.INFO: File included and script started: sale_return_actions.php [] []
[2025-03-25T07:00:50.656608+05:00] SaveEntries.INFO: File included and script started: sale_return_actions.php [] []
[2025-03-25T07:00:50.709014+05:00] SaveEntries.INFO: File included and script started: sale_return_actions.php [] []
[2025-03-25T07:00:51.318422+05:00] SaveEntries.INFO: File included and script started: sales_return.php [] []
[2025-03-25T07:00:51.780902+05:00] SaveEntries.INFO: File included and script started: sale_return_actions.php [] []
[2025-03-25T07:00:52.585676+05:00] SaveEntries.INFO: File included and script started: edit_return.php [] []
[2025-03-25T07:00:52.900710+05:00] SaveEntries.INFO: File included and script started: sale_return_actions.php [] []
[2025-03-25T07:00:53.393429+05:00] SaveEntries.INFO: File included and script started: sale_return_actions.php [] []
[2025-03-25T07:00:53.471987+05:00] SaveEntries.INFO: File included and script started: edit_return.php [] []
[2025-03-25T07:01:31.797215+05:00] SaveEntries.INFO: File included and script started: view_return.php [] []
[2025-03-25T07:01:32.144447+05:00] SaveEntries.INFO: File included and script started: sale_return_actions.php [] []
[2025-03-25T07:01:32.641173+05:00] SaveEntries.INFO: File included and script started: view_return.php [] []
[2025-03-25T07:01:37.245620+05:00] SaveEntries.INFO: File included and script started: sales_return.php [] []
[2025-03-25T07:01:37.635244+05:00] SaveEntries.INFO: File included and script started: sale_return_actions.php [] []
[2025-03-25T07:01:37.677065+05:00] SaveEntries.INFO: File included and script started: sale_return_actions.php [] []
[2025-03-25T07:01:37.680222+05:00] SaveEntries.INFO: File included and script started: sale_return_actions.php [] []
[2025-03-25T07:01:38.351052+05:00] SaveEntries.INFO: File included and script started: sales_return.php [] []
[2025-03-25T07:01:38.701183+05:00] SaveEntries.INFO: File included and script started: sale_return_actions.php [] []
[2025-03-25T07:01:42.500936+05:00] SaveEntries.INFO: File included and script started: view_return.php [] []
[2025-03-25T07:01:42.696127+05:00] SaveEntries.INFO: File included and script started: sale_return_actions.php [] []
[2025-03-25T07:01:43.050608+05:00] SaveEntries.INFO: File included and script started: view_return.php [] []
[2025-03-25T07:02:25.154817+05:00] SaveEntries.INFO: File included and script started: sales_return.php [] []
[2025-03-25T07:02:25.645572+05:00] SaveEntries.INFO: File included and script started: sale_return_actions.php [] []
[2025-03-25T07:02:25.664397+05:00] SaveEntries.INFO: File included and script started: sale_return_actions.php [] []
[2025-03-25T07:02:25.665645+05:00] SaveEntries.INFO: File included and script started: sale_return_actions.php [] []
[2025-03-25T07:02:26.107331+05:00] SaveEntries.INFO: File included and script started: sales_return.php [] []
[2025-03-25T07:02:26.618981+05:00] SaveEntries.INFO: File included and script started: sale_return_actions.php [] []
[2025-03-25T07:05:52.379250+05:00] SaveEntries.INFO: File included and script started: sales_return.php [] []
[2025-03-25T07:05:53.070388+05:00] SaveEntries.INFO: File included and script started: sale_return_actions.php [] []
[2025-03-25T07:05:53.099051+05:00] SaveEntries.INFO: File included and script started: sale_return_actions.php [] []
[2025-03-25T07:05:53.109120+05:00] SaveEntries.INFO: File included and script started: sale_return_actions.php [] []
[2025-03-25T07:05:55.183500+05:00] SaveEntries.INFO: File included and script started: sales_return.php [] []
[2025-03-25T07:05:55.616830+05:00] SaveEntries.INFO: File included and script started: sale_return_actions.php [] []
[2025-03-25T07:05:56.914957+05:00] SaveEntries.INFO: File included and script started: view_return.php [] []
[2025-03-25T07:05:57.309168+05:00] SaveEntries.INFO: File included and script started: sale_return_actions.php [] []
[2025-03-25T07:05:57.837009+05:00] SaveEntries.INFO: File included and script started: view_return.php [] []
[2025-03-25T07:06:05.224743+05:00] SaveEntries.INFO: File included and script started: sales_return.php [] []
[2025-03-25T07:06:05.478867+05:00] SaveEntries.INFO: File included and script started: sale_return_actions.php [] []
[2025-03-25T07:06:05.481486+05:00] SaveEntries.INFO: File included and script started: sale_return_actions.php [] []
[2025-03-25T07:06:05.503261+05:00] SaveEntries.INFO: File included and script started: sale_return_actions.php [] []
[2025-03-25T07:06:05.885575+05:00] SaveEntries.INFO: File included and script started: sales_return.php [] []
[2025-03-25T07:06:06.379345+05:00] SaveEntries.INFO: File included and script started: sale_return_actions.php [] []
[2025-03-25T07:06:07.778981+05:00] SaveEntries.INFO: File included and script started: edit_return.php [] []
[2025-03-25T07:06:08.022435+05:00] SaveEntries.INFO: File included and script started: sale_return_actions.php [] []
[2025-03-25T07:06:08.533360+05:00] SaveEntries.INFO: File included and script started: sale_return_actions.php [] []
[2025-03-25T07:06:08.582978+05:00] SaveEntries.INFO: File included and script started: edit_return.php [] []
[2025-03-25T07:07:27.871192+05:00] SaveEntries.INFO: File included and script started: sales.php [] []
[2025-03-25T07:07:28.262874+05:00] SaveEntries.INFO: File included and script started: sale_actions.php [] []
[2025-03-25T07:07:28.328031+05:00] SaveEntries.INFO: File included and script started: sale_actions.php [] []
[2025-03-25T07:07:28.431568+05:00] SaveEntries.INFO: File included and script started: sale_actions.php [] []
[2025-03-25T07:07:29.316105+05:00] SaveEntries.INFO: File included and script started: sales.php [] []
[2025-03-25T07:07:29.354284+05:00] SaveEntries.INFO: File included and script started: sale_actions.php [] []
[2025-03-25T07:07:31.094029+05:00] SaveEntries.INFO: File included and script started: sales_return.php [] []
[2025-03-25T07:07:31.642613+05:00] SaveEntries.INFO: File included and script started: sale_return_actions.php [] []
[2025-03-25T07:07:31.719612+05:00] SaveEntries.INFO: File included and script started: sale_return_actions.php [] []
[2025-03-25T07:07:31.798845+05:00] SaveEntries.INFO: File included and script started: sale_return_actions.php [] []
[2025-03-25T07:07:32.436525+05:00] SaveEntries.INFO: File included and script started: sales_return.php [] []
[2025-03-25T07:07:32.814859+05:00] SaveEntries.INFO: File included and script started: sale_return_actions.php [] []
[2025-03-25T07:07:34.205026+05:00] SaveEntries.INFO: File included and script started: sale_return_actions.php [] []
[2025-03-25T07:07:34.206674+05:00] SaveEntries.INFO: File included and script started: sale_return_actions.php [] []
[2025-03-25T07:07:34.772380+05:00] SaveEntries.INFO: File included and script started: sale_return_actions.php [] []
[2025-03-25T07:07:52.368395+05:00] SaveEntries.INFO: File included and script started: sale_return_actions.php [] []
[2025-03-25T07:07:57.118956+05:00] SaveEntries.INFO: File included and script started: sale_return_actions.php [] []
[2025-03-25T07:07:58.594149+05:00] SaveEntries.INFO: File included and script started: sale_return_actions.php [] []
[2025-03-25T07:07:58.766921+05:00] SaveEntries.INFO: File included and script started: sale_return_actions.php [] []
[2025-03-25T07:07:58.953292+05:00] SaveEntries.INFO: File included and script started: sale_return_actions.php [] []
[2025-03-25T07:07:59.367545+05:00] SaveEntries.INFO: File included and script started: sale_return_actions.php [] []
[2025-03-25T07:07:59.524419+05:00] SaveEntries.INFO: File included and script started: sale_return_actions.php [] []
[2025-03-25T07:07:59.713791+05:00] SaveEntries.INFO: File included and script started: sale_return_actions.php [] []
[2025-03-25T07:07:59.902939+05:00] SaveEntries.INFO: File included and script started: sale_return_actions.php [] []
[2025-03-25T07:08:09.265081+05:00] SaveEntries.INFO: File included and script started: sales_return.php [] []
[2025-03-25T07:08:09.596485+05:00] SaveEntries.INFO: File included and script started: sale_return_actions.php [] []
[2025-03-25T07:08:09.632435+05:00] SaveEntries.INFO: File included and script started: sale_return_actions.php [] []
[2025-03-25T07:08:09.678622+05:00] SaveEntries.INFO: File included and script started: sale_return_actions.php [] []
[2025-03-25T07:08:10.344203+05:00] SaveEntries.INFO: File included and script started: sales_return.php [] []
[2025-03-25T07:08:10.695369+05:00] SaveEntries.INFO: File included and script started: sale_return_actions.php [] []
[2025-03-25T07:08:13.319090+05:00] SaveEntries.INFO: File included and script started: sales_return.php [] []
[2025-03-25T07:08:13.563566+05:00] SaveEntries.INFO: File included and script started: sale_return_actions.php [] []
[2025-03-25T07:08:13.566315+05:00] SaveEntries.INFO: File included and script started: sale_return_actions.php [] []
[2025-03-25T07:08:13.595221+05:00] SaveEntries.INFO: File included and script started: sale_return_actions.php [] []
[2025-03-25T07:08:14.226309+05:00] SaveEntries.INFO: File included and script started: sales_return.php [] []
[2025-03-25T07:10:21.490288+05:00] SaveEntries.INFO: File included and script started: sales_return.php [] []
[2025-03-25T07:10:21.889526+05:00] SaveEntries.INFO: File included and script started: sale_return_actions.php [] []
[2025-03-25T07:10:21.896117+05:00] SaveEntries.INFO: File included and script started: sale_return_actions.php [] []
[2025-03-25T07:10:21.919755+05:00] SaveEntries.INFO: File included and script started: sale_return_actions.php [] []
[2025-03-25T07:10:22.294380+05:00] SaveEntries.INFO: File included and script started: sales_return.php [] []
[2025-03-25T07:10:24.084030+05:00] SaveEntries.INFO: File included and script started: sale_return_actions.php [] []
[2025-03-25T07:10:24.086455+05:00] SaveEntries.INFO: File included and script started: sale_return_actions.php [] []
[2025-03-25T07:13:29.180751+05:00] SaveEntries.INFO: File included and script started: sales_return.php [] []
[2025-03-25T07:13:29.554242+05:00] SaveEntries.INFO: File included and script started: sale_return_actions.php [] []
[2025-03-25T07:13:29.567745+05:00] SaveEntries.INFO: File included and script started: sale_return_actions.php [] []
[2025-03-25T07:13:29.579508+05:00] SaveEntries.INFO: File included and script started: sale_return_actions.php [] []
[2025-03-25T07:13:30.229188+05:00] SaveEntries.INFO: File included and script started: sales_return.php [] []
[2025-03-25T07:13:32.889795+05:00] SaveEntries.INFO: File included and script started: sale_return_actions.php [] []
[2025-03-25T07:13:32.890270+05:00] SaveEntries.INFO: File included and script started: sale_return_actions.php [] []
[2025-03-25T07:14:43.023141+05:00] SaveEntries.INFO: File included and script started: sales_return.php [] []
[2025-03-25T07:14:43.312021+05:00] SaveEntries.INFO: File included and script started: sale_return_actions.php [] []
[2025-03-25T07:14:43.318995+05:00] SaveEntries.INFO: File included and script started: sale_return_actions.php [] []
[2025-03-25T07:14:43.352487+05:00] SaveEntries.INFO: File included and script started: sale_return_actions.php [] []
[2025-03-25T07:14:43.949462+05:00] SaveEntries.INFO: File included and script started: sales_return.php [] []
[2025-03-25T07:14:44.993447+05:00] SaveEntries.INFO: File included and script started: sale_return_actions.php [] []
[2025-03-25T07:14:44.998744+05:00] SaveEntries.INFO: File included and script started: sale_return_actions.php [] []
[2025-03-25T07:15:28.040993+05:00] SaveEntries.INFO: File included and script started: sales_return.php [] []
[2025-03-25T07:15:28.458540+05:00] SaveEntries.INFO: File included and script started: sale_return_actions.php [] []
[2025-03-25T07:15:28.484805+05:00] SaveEntries.INFO: File included and script started: sale_return_actions.php [] []
[2025-03-25T07:15:28.534675+05:00] SaveEntries.INFO: File included and script started: sale_return_actions.php [] []
[2025-03-25T07:15:29.137844+05:00] SaveEntries.INFO: File included and script started: sales_return.php [] []
[2025-03-25T07:15:30.373816+05:00] SaveEntries.INFO: File included and script started: sale_return_actions.php [] []
[2025-03-25T07:15:30.440463+05:00] SaveEntries.INFO: File included and script started: sale_return_actions.php [] []
[2025-03-25T07:16:43.820506+05:00] SaveEntries.INFO: File included and script started: sales_return.php [] []
[2025-03-25T07:16:44.415137+05:00] SaveEntries.INFO: File included and script started: sale_return_actions.php [] []
[2025-03-25T07:16:44.415625+05:00] SaveEntries.INFO: File included and script started: sale_return_actions.php [] []
[2025-03-25T07:16:45.513377+05:00] SaveEntries.INFO: File included and script started: sales_return.php [] []
[2025-03-25T07:16:48.043394+05:00] SaveEntries.INFO: File included and script started: sale_return_actions.php [] []
[2025-03-25T07:22:54.673586+05:00] SaveEntries.INFO: File included and script started: sales_return.php [] []
[2025-03-25T07:22:55.058849+05:00] SaveEntries.INFO: File included and script started: sales_return_actions.php [] []
[2025-03-25T07:22:56.874650+05:00] SaveEntries.INFO: File included and script started: sales_return.php [] []
[2025-03-25T07:25:56.848897+05:00] SaveEntries.INFO: File included and script started: sales_return.php [] []
[2025-03-25T07:25:58.146613+05:00] SaveEntries.INFO: File included and script started: sales_return.php [] []
[2025-03-25T18:08:44.727289+05:00] SaveEntries.INFO: File included and script started: sales.php [] []
[2025-03-25T18:08:45.145658+05:00] SaveEntries.INFO: File included and script started: index.php [] []
[2025-03-25T18:08:53.246306+05:00] SaveEntries.INFO: File included and script started: index.php [] []
[2025-03-25T18:08:58.540112+05:00] SaveEntries.INFO: File included and script started: index.php [] []
[2025-03-25T18:08:59.114851+05:00] SaveEntries.INFO: File included and script started: index.php [] []
[2025-03-25T18:09:01.294685+05:00] SaveEntries.INFO: File included and script started: statistics_actions.php [] []
[2025-03-25T18:09:12.327442+05:00] SaveEntries.INFO: File included and script started: index.php [] []
[2025-03-25T18:09:12.369362+05:00] SaveEntries.INFO: File included and script started: index.php [] []
[2025-03-25T18:09:12.389502+05:00] SaveEntries.INFO: File included and script started: index.php [] []
[2025-03-25T18:10:57.547625+05:00] SaveEntries.INFO: File included and script started: sales_returns.php [] []
[2025-03-25T18:10:58.872931+05:00] SaveEntries.INFO: File included and script started: sales_returns.php [] []
[2025-03-25T18:11:58.882589+05:00] SaveEntries.INFO: File included and script started: sales_returns.php [] []
[2025-03-25T18:11:59.501690+05:00] SaveEntries.INFO: File included and script started: sales_return_actions.php [] []
[2025-03-25T18:11:59.520708+05:00] SaveEntries.INFO: File included and script started: sales_return_actions.php [] []
[2025-03-25T18:11:59.502663+05:00] SaveEntries.INFO: File included and script started: sales_return_actions.php [] []
[2025-03-25T18:12:00.452508+05:00] SaveEntries.INFO: File included and script started: sales_return_actions.php [] []
[2025-03-25T18:12:00.701153+05:00] SaveEntries.INFO: File included and script started: sales_returns.php [] []
[2025-03-25T18:12:02.129745+05:00] SaveEntries.INFO: File included and script started: sales_return_actions.php [] []
[2025-03-25T18:12:02.131199+05:00] SaveEntries.INFO: File included and script started: sales_return_actions.php [] []
[2025-03-25T18:12:02.690682+05:00] SaveEntries.INFO: File included and script started: sales_return_actions.php [] []
[2025-03-25T18:12:15.363130+05:00] SaveEntries.INFO: File included and script started: sales_return_actions.php [] []
[2025-03-25T18:12:15.461963+05:00] SaveEntries.INFO: File included and script started: sales_return_actions.php [] []
[2025-03-25T18:12:15.498574+05:00] SaveEntries.INFO: File included and script started: sales_return_actions.php [] []
[2025-03-25T18:12:20.000721+05:00] SaveEntries.INFO: File included and script started: sales_return_actions.php [] []
[2025-03-25T18:12:20.044702+05:00] SaveEntries.INFO: File included and script started: sales_return_actions.php [] []
[2025-03-25T18:12:39.526484+05:00] SaveEntries.INFO: File included and script started: sales_return_actions.php [] []
[2025-03-25T18:12:39.545687+05:00] SaveEntries.INFO: File included and script started: sales_return_actions.php [] []
[2025-03-25T18:12:40.078895+05:00] SaveEntries.INFO: File included and script started: sales_return_actions.php [] []
[2025-03-25T18:12:53.388727+05:00] SaveEntries.INFO: File included and script started: sales_return_actions.php [] []
[2025-03-25T18:12:53.403419+05:00] SaveEntries.INFO: File included and script started: sales_return_actions.php [] []
[2025-03-25T18:12:53.433159+05:00] SaveEntries.INFO: File included and script started: sales_return_actions.php [] []
[2025-03-25T18:12:56.720938+05:00] SaveEntries.INFO: File included and script started: sales_returns.php [] []
[2025-03-25T18:12:57.062380+05:00] SaveEntries.INFO: File included and script started: sales_return_actions.php [] []
[2025-03-25T18:12:57.088601+05:00] SaveEntries.INFO: File included and script started: sales_return_actions.php [] []
[2025-03-25T18:12:57.110457+05:00] SaveEntries.INFO: File included and script started: sales_return_actions.php [] []
[2025-03-25T18:12:57.667325+05:00] SaveEntries.INFO: File included and script started: sales_returns.php [] []
[2025-03-25T18:12:58.166017+05:00] SaveEntries.INFO: File included and script started: sales_return_actions.php [] []
[2025-03-25T18:13:08.887974+05:00] SaveEntries.INFO: File included and script started: sales_returns.php [] []
[2025-03-25T18:13:09.139658+05:00] SaveEntries.INFO: File included and script started: sales_return_actions.php [] []
[2025-03-25T18:13:09.139999+05:00] SaveEntries.INFO: File included and script started: sales_return_actions.php [] []
[2025-03-25T18:13:09.160543+05:00] SaveEntries.INFO: File included and script started: sales_return_actions.php [] []
[2025-03-25T18:13:09.543032+05:00] SaveEntries.INFO: File included and script started: sales_returns.php [] []
[2025-03-25T18:13:10.028594+05:00] SaveEntries.INFO: File included and script started: sales_return_actions.php [] []
[2025-03-25T18:13:46.443848+05:00] SaveEntries.INFO: File included and script started: sales.php [] []
[2025-03-25T18:13:46.930841+05:00] SaveEntries.INFO: File included and script started: sale_actions.php [] []
[2025-03-25T18:13:47.170573+05:00] SaveEntries.INFO: File included and script started: sale_actions.php [] []
[2025-03-25T18:13:47.243898+05:00] SaveEntries.INFO: File included and script started: sale_actions.php [] []
[2025-03-25T18:13:48.457591+05:00] SaveEntries.INFO: File included and script started: sale_actions.php [] []
[2025-03-25T18:13:48.654382+05:00] SaveEntries.INFO: File included and script started: sales.php [] []
[2025-03-25T18:13:48.860529+05:00] SaveEntries.INFO: File included and script started: view_invoice.php [] []
[2025-03-25T18:13:49.200484+05:00] SaveEntries.INFO: File included and script started: company_actions.php [] []
[2025-03-25T18:13:49.234218+05:00] SaveEntries.INFO: File included and script started: sale_actions.php [] []
[2025-03-25T18:13:49.920415+05:00] SaveEntries.INFO: File included and script started: view_invoice.php [] []
[2025-03-25T18:13:53.731027+05:00] SaveEntries.INFO: File included and script started: edit_invoice.php [] []
[2025-03-25T18:13:54.019309+05:00] SaveEntries.INFO: File included and script started: sale_actions.php [] []
[2025-03-25T18:13:54.626862+05:00] SaveEntries.INFO: File included and script started: sale_actions.php [] []
[2025-03-25T18:13:54.702908+05:00] SaveEntries.INFO: File included and script started: edit_invoice.php [] []
[2025-03-25T18:13:59.352470+05:00] SaveEntries.INFO: File included and script started: edit_invoice.php [] []
[2025-03-25T18:13:59.608594+05:00] SaveEntries.INFO: File included and script started: sale_actions.php [] []
[2025-03-25T18:14:00.100859+05:00] SaveEntries.INFO: File included and script started: sale_actions.php [] []
[2025-03-25T18:14:00.161854+05:00] SaveEntries.INFO: File included and script started: edit_invoice.php [] []
[2025-03-25T18:45:59.100912+05:00] SaveEntries.INFO: File included and script started: edit_invoice.php [] []
[2025-03-25T18:45:59.580712+05:00] SaveEntries.INFO: File included and script started: sale_actions.php [] []
[2025-03-25T18:46:00.030901+05:00] SaveEntries.INFO: File included and script started: edit_invoice.php [] []
[2025-03-25T18:46:00.006901+05:00] SaveEntries.INFO: File included and script started: sale_actions.php [] []
[2025-03-25T18:46:05.778331+05:00] SaveEntries.INFO: File included and script started: sales_returns.php [] []
[2025-03-25T18:46:06.134429+05:00] SaveEntries.INFO: File included and script started: sales_return_actions.php [] []
[2025-03-25T18:46:06.141976+05:00] SaveEntries.INFO: File included and script started: sales_return_actions.php [] []
[2025-03-25T18:46:06.149539+05:00] SaveEntries.INFO: File included and script started: sales_return_actions.php [] []
[2025-03-25T18:46:06.658050+05:00] SaveEntries.INFO: File included and script started: sales_returns.php [] []
[2025-03-25T18:46:07.149349+05:00] SaveEntries.INFO: File included and script started: sales_return_actions.php [] []
[2025-03-25T18:46:07.719238+05:00] SaveEntries.INFO: File included and script started: view_return.php [] []
[2025-03-25T18:46:07.741781+05:00] SaveEntries.INFO: File included and script started: view_return.php [] []
[2025-03-25T18:46:08.171329+05:00] SaveEntries.INFO: File included and script started: view_return.php [] []
[2025-03-25T18:46:08.199973+05:00] SaveEntries.INFO: File included and script started: view_return.php [] []
[2025-03-25T18:55:55.637695+05:00] SaveEntries.INFO: File included and script started: view_return.php [] []
[2025-03-25T18:55:55.654672+05:00] SaveEntries.INFO: File included and script started: view_return.php [] []
[2025-03-25T18:55:56.356581+05:00] SaveEntries.INFO: File included and script started: view_return.php [] []
[2025-03-25T18:55:56.400740+05:00] SaveEntries.INFO: File included and script started: view_return.php [] []
[2025-03-25T19:24:33.253699+05:00] SaveEntries.INFO: File included and script started: view_return.php [] []
[2025-03-25T19:24:33.747299+05:00] SaveEntries.INFO: File included and script started: company_actions.php [] []
[2025-03-25T19:24:50.631540+05:00] SaveEntries.INFO: File included and script started: view_return.php [] []
[2025-03-25T19:25:04.779621+05:00] SaveEntries.INFO: File included and script started: sales_returns.php [] []
[2025-03-25T19:25:05.241931+05:00] SaveEntries.INFO: File included and script started: sales_return_actions.php [] []
[2025-03-25T19:25:05.250649+05:00] SaveEntries.INFO: File included and script started: sales_return_actions.php [] []
[2025-03-25T19:25:05.306859+05:00] SaveEntries.INFO: File included and script started: sales_return_actions.php [] []
[2025-03-25T19:25:05.795775+05:00] SaveEntries.INFO: File included and script started: sales_returns.php [] []
[2025-03-25T19:25:06.287794+05:00] SaveEntries.INFO: File included and script started: sales_return_actions.php [] []
[2025-03-25T19:25:06.926790+05:00] SaveEntries.INFO: File included and script started: sales_returns.php [] []
[2025-03-25T19:25:07.163452+05:00] SaveEntries.INFO: File included and script started: sales_return_actions.php [] []
[2025-03-25T19:25:07.183762+05:00] SaveEntries.INFO: File included and script started: sales_return_actions.php [] []
[2025-03-25T19:25:07.184124+05:00] SaveEntries.INFO: File included and script started: sales_return_actions.php [] []
[2025-03-25T19:25:07.655975+05:00] SaveEntries.INFO: File included and script started: sales_returns.php [] []
[2025-03-25T19:25:08.190896+05:00] SaveEntries.INFO: File included and script started: sales_return_actions.php [] []
[2025-03-25T19:25:20.304435+05:00] SaveEntries.INFO: File included and script started: sales_return.php [] []
[2025-03-25T19:25:21.319334+05:00] SaveEntries.INFO: File included and script started: sales_return.php [] []
[2025-03-25T19:25:21.754729+05:00] SaveEntries.INFO: File included and script started: sales_return_actions.php [] []
[2025-03-25T19:25:21.791096+05:00] SaveEntries.INFO: File included and script started: sales_return_actions.php [] []
[2025-03-25T19:25:21.811367+05:00] SaveEntries.INFO: File included and script started: sales_return_actions.php [] []
[2025-03-25T19:25:22.477694+05:00] SaveEntries.INFO: File included and script started: sales_return.php [] []
[2025-03-25T19:25:22.848693+05:00] SaveEntries.INFO: File included and script started: sales_return_actions.php [] []
[2025-03-25T19:27:33.888234+05:00] SaveEntries.INFO: File included and script started: sales_return.php [] []
[2025-03-25T19:27:34.368411+05:00] SaveEntries.INFO: File included and script started: sales_return_actions.php [] []
[2025-03-25T19:27:34.395942+05:00] SaveEntries.INFO: File included and script started: sales_return_actions.php [] []
[2025-03-25T19:27:34.399995+05:00] SaveEntries.INFO: File included and script started: sales_return_actions.php [] []
[2025-03-25T19:27:34.922309+05:00] SaveEntries.INFO: File included and script started: sales_return.php [] []
[2025-03-25T19:27:35.374067+05:00] SaveEntries.INFO: File included and script started: sales_return_actions.php [] []
[2025-03-25T19:27:37.136819+05:00] SaveEntries.INFO: File included and script started: view_return.php [] []
[2025-03-25T19:27:38.023409+05:00] SaveEntries.INFO: File included and script started: view_return.php [] []
[2025-03-25T19:30:16.553662+05:00] SaveEntries.INFO: File included and script started: view_return.php [] []
[2025-03-25T19:30:17.797936+05:00] SaveEntries.INFO: File included and script started: view_return.php [] []
[2025-03-25T19:30:21.857359+05:00] SaveEntries.INFO: File included and script started: view_return.php [] []
[2025-03-25T19:30:22.603850+05:00] SaveEntries.INFO: File included and script started: view_return.php [] []
[2025-03-25T19:33:34.742637+05:00] SaveEntries.INFO: File included and script started: edit_invoice.php [] []
[2025-03-25T19:33:35.127233+05:00] SaveEntries.INFO: File included and script started: sale_actions.php [] []
[2025-03-25T19:33:35.439695+05:00] SaveEntries.INFO: File included and script started: sale_actions.php [] []
[2025-03-25T19:33:35.461070+05:00] SaveEntries.INFO: File included and script started: edit_invoice.php [] []
[2025-03-25T19:33:46.510344+05:00] SaveEntries.INFO: File included and script started: sale_actions.php [] []
[2025-03-25T19:33:53.795818+05:00] SaveEntries.INFO: File included and script started: sale_actions.php [] []
[2025-03-25T19:33:54.702803+05:00] SaveEntries.INFO: File included and script started: view_invoice.php [] []
[2025-03-25T19:33:54.961608+05:00] SaveEntries.INFO: File included and script started: company_actions.php [] []
[2025-03-25T19:33:54.973022+05:00] SaveEntries.INFO: File included and script started: sale_actions.php [] []
[2025-03-25T19:33:55.313549+05:00] SaveEntries.INFO: File included and script started: view_invoice.php [] []
[2025-03-25T19:43:30.468407+05:00] SaveEntries.INFO: File included and script started: returns.php [] []
[2025-03-25T19:43:33.314672+05:00] SaveEntries.INFO: File included and script started: returns.php [] []
[2025-03-25T19:43:35.939606+05:00] SaveEntries.INFO: File included and script started: returns.php [] []
[2025-03-25T19:49:36.670661+05:00] SaveEntries.INFO: File included and script started: returns.php [] []
[2025-03-25T19:49:37.097466+05:00] SaveEntries.INFO: File included and script started: return_actions.php [] []
[2025-03-25T19:49:37.565958+05:00] SaveEntries.INFO: File included and script started: returns.php [] []
[2025-03-25T19:49:42.200176+05:00] SaveEntries.INFO: File included and script started: returns.php [] []
[2025-03-25T19:49:42.480784+05:00] SaveEntries.INFO: File included and script started: return_actions.php [] []
[2025-03-25T19:49:43.031503+05:00] SaveEntries.INFO: File included and script started: returns.php [] []
[2025-03-25T19:49:47.016033+05:00] SaveEntries.INFO: File included and script started: returns.php [] []
[2025-03-25T19:49:47.267613+05:00] SaveEntries.INFO: File included and script started: return_actions.php [] []
[2025-03-25T19:49:47.663468+05:00] SaveEntries.INFO: File included and script started: returns.php [] []
[2025-03-25T19:49:50.231606+05:00] SaveEntries.INFO: File included and script started: create_return.php [] []
[2025-03-25T19:49:50.734745+05:00] SaveEntries.INFO: File included and script started: create_return.php [] []
[2025-03-25T19:49:55.185279+05:00] SaveEntries.INFO: File included and script started: return_actions.php [] []
[2025-03-25T19:49:58.524008+05:00] SaveEntries.INFO: File included and script started: returns.php [] []
[2025-03-25T19:49:58.746282+05:00] SaveEntries.INFO: File included and script started: return_actions.php [] []
[2025-03-25T19:49:59.347882+05:00] SaveEntries.INFO: File included and script started: returns.php [] []
[2025-03-25T19:50:13.815464+05:00] SaveEntries.INFO: File included and script started: returns.php [] []
[2025-03-25T19:50:13.987775+05:00] SaveEntries.INFO: File included and script started: return_actions.php [] []
[2025-03-25T19:50:14.308405+05:00] SaveEntries.INFO: File included and script started: returns.php [] []
[2025-03-25T19:50:15.280976+05:00] SaveEntries.INFO: File included and script started: create_return.php [] []
[2025-03-25T19:50:15.761709+05:00] SaveEntries.INFO: File included and script started: create_return.php [] []
[2025-03-25T19:50:16.869968+05:00] SaveEntries.INFO: File included and script started: return_actions.php [] []
[2025-03-25T19:50:19.241691+05:00] SaveEntries.INFO: File included and script started: return_actions.php [] []
[2025-03-25T19:50:28.064865+05:00] SaveEntries.INFO: File included and script started: return_actions.php [] []
[2025-03-25T19:50:38.385618+05:00] SaveEntries.INFO: File included and script started: return_actions.php [] []
[2025-03-25T19:50:39.238976+05:00] SaveEntries.INFO: File included and script started: returns.php [] []
[2025-03-25T19:50:39.517911+05:00] SaveEntries.INFO: File included and script started: return_actions.php [] []
[2025-03-25T19:50:39.908433+05:00] SaveEntries.INFO: File included and script started: returns.php [] []
[2025-03-25T19:50:43.312705+05:00] SaveEntries.INFO: File included and script started: returns.php [] []
[2025-03-25T19:50:43.535180+05:00] SaveEntries.INFO: File included and script started: return_actions.php [] []
[2025-03-25T19:50:44.110665+05:00] SaveEntries.INFO: File included and script started: returns.php [] []
[2025-03-25T19:55:07.568093+05:00] SaveEntries.INFO: File included and script started: returns.php [] []
[2025-03-25T19:55:08.220454+05:00] SaveEntries.INFO: File included and script started: return_actions.php [] []
[2025-03-25T19:55:08.846245+05:00] SaveEntries.INFO: File included and script started: returns.php [] []
[2025-03-25T19:55:09.799067+05:00] SaveEntries.INFO: File included and script started: view_return.php [] []
[2025-03-25T19:55:10.102300+05:00] SaveEntries.INFO: File included and script started: company_actions.php [] []
[2025-03-25T19:55:10.125076+05:00] SaveEntries.INFO: File included and script started: return_actions.php [] []
[2025-03-25T19:55:10.596987+05:00] SaveEntries.INFO: File included and script started: view_return.php [] []
[2025-03-25T19:55:16.154266+05:00] SaveEntries.INFO: File included and script started: view_return.php [] []
[2025-03-25T19:55:16.371605+05:00] SaveEntries.INFO: File included and script started: company_actions.php [] []
[2025-03-25T19:55:16.381819+05:00] SaveEntries.INFO: File included and script started: return_actions.php [] []
[2025-03-25T19:55:16.730794+05:00] SaveEntries.INFO: File included and script started: view_return.php [] []
[2025-03-25T22:48:34.144233+05:00] SaveEntries.INFO: File included and script started: view_return.php [] []
[2025-03-25T22:48:34.568661+05:00] SaveEntries.INFO: File included and script started: company_actions.php [] []
[2025-03-25T22:48:34.608354+05:00] SaveEntries.INFO: File included and script started: return_actions.php [] []
[2025-03-25T22:48:35.297988+05:00] SaveEntries.INFO: File included and script started: view_return.php [] []
[2025-03-25T22:48:42.725673+05:00] SaveEntries.INFO: File included and script started: view_return.php [] []
[2025-03-25T22:48:42.942633+05:00] SaveEntries.INFO: File included and script started: company_actions.php [] []
[2025-03-25T22:48:42.946848+05:00] SaveEntries.INFO: File included and script started: return_actions.php [] []
[2025-03-25T22:48:43.376470+05:00] SaveEntries.INFO: File included and script started: view_return.php [] []
[2025-03-25T22:49:10.857428+05:00] SaveEntries.INFO: File included and script started: view_return.php [] []
[2025-03-25T22:49:11.078028+05:00] SaveEntries.INFO: File included and script started: company_actions.php [] []
[2025-03-25T22:49:11.306616+05:00] SaveEntries.INFO: File included and script started: return_actions.php [] []
[2025-03-25T22:49:11.732548+05:00] SaveEntries.INFO: File included and script started: view_return.php [] []
[2025-03-25T22:49:31.262532+05:00] SaveEntries.INFO: File included and script started: sales_return.php [] []
[2025-03-25T22:49:31.515188+05:00] SaveEntries.INFO: File included and script started: return_actions.php [] []
[2025-03-25T22:49:32.015288+05:00] SaveEntries.INFO: File included and script started: sales_return.php [] []
[2025-03-25T22:49:35.389620+05:00] SaveEntries.INFO: File included and script started: create_return.php [] []
[2025-03-25T22:49:35.955515+05:00] SaveEntries.INFO: File included and script started: create_return.php [] []
[2025-03-25T22:49:38.408924+05:00] SaveEntries.INFO: File included and script started: return_actions.php [] []
[2025-03-25T22:49:40.410719+05:00] SaveEntries.INFO: File included and script started: return_actions.php [] []
[2025-03-25T22:49:48.190869+05:00] SaveEntries.INFO: File included and script started: return_actions.php [] []
[2025-03-25T22:49:54.840923+05:00] SaveEntries.INFO: File included and script started: return_actions.php [] []
[2025-03-25T22:50:58.367559+05:00] SaveEntries.INFO: File included and script started: returns.php [] []
[2025-03-25T22:50:58.766898+05:00] SaveEntries.INFO: File included and script started: return_actions.php [] []
[2025-03-25T22:50:59.346452+05:00] SaveEntries.INFO: File included and script started: returns.php [] []
[2025-03-25T22:51:01.499923+05:00] SaveEntries.INFO: File included and script started: view_return.php [] []
[2025-03-25T22:51:01.795961+05:00] SaveEntries.INFO: File included and script started: company_actions.php [] []
[2025-03-25T22:51:01.851797+05:00] SaveEntries.INFO: File included and script started: return_actions.php [] []
[2025-03-25T22:51:02.343889+05:00] SaveEntries.INFO: File included and script started: view_return.php [] []
[2025-03-25T22:51:24.966057+05:00] SaveEntries.INFO: File included and script started: returns.php [] []
[2025-03-25T22:51:25.170545+05:00] SaveEntries.INFO: File included and script started: return_actions.php [] []
[2025-03-25T22:51:25.470753+05:00] SaveEntries.INFO: File included and script started: returns.php [] []
[2025-03-25T23:06:59.342500+05:00] SaveEntries.INFO: File included and script started: returns.php [] []
[2025-03-25T23:06:59.687527+05:00] SaveEntries.INFO: File included and script started: return_actions.php [] []
[2025-03-25T23:07:00.229120+05:00] SaveEntries.INFO: File included and script started: returns.php [] []
[2025-03-25T23:07:03.319994+05:00] SaveEntries.INFO: File included and script started: view_return.php [] []
[2025-03-25T23:07:03.518088+05:00] SaveEntries.INFO: File included and script started: return_actions.php [] []
[2025-03-25T23:07:03.522493+05:00] SaveEntries.INFO: File included and script started: company_actions.php [] []
[2025-03-25T23:07:03.832046+05:00] SaveEntries.INFO: File included and script started: view_return.php [] []
[2025-03-25T23:07:04.702827+05:00] SaveEntries.INFO: File included and script started: edit_return.php [] []
[2025-03-25T23:07:04.995264+05:00] SaveEntries.INFO: File included and script started: return_actions.php [] []
[2025-03-25T23:07:05.588564+05:00] SaveEntries.INFO: File included and script started: edit_return.php [] []
[2025-03-25T23:07:18.496639+05:00] SaveEntries.INFO: File included and script started: return_actions.php [] []
[2025-03-25T23:07:26.995830+05:00] SaveEntries.INFO: File included and script started: return_actions.php [] []
[2025-03-25T23:07:43.093241+05:00] SaveEntries.INFO: File included and script started: return_actions.php [] []
[2025-03-25T23:07:55.404362+05:00] SaveEntries.INFO: File included and script started: return_actions.php [] []
[2025-03-25T23:08:01.060378+05:00] SaveEntries.INFO: File included and script started: return_actions.php [] []
[2025-03-25T23:08:51.141103+05:00] SaveEntries.INFO: File included and script started: return_actions.php [] []
[2025-03-25T23:09:59.241937+05:00] SaveEntries.INFO: File included and script started: edit_return.php [] []
[2025-03-25T23:09:59.812549+05:00] SaveEntries.INFO: File included and script started: return_actions.php [] []
[2025-03-25T23:10:00.387323+05:00] SaveEntries.INFO: File included and script started: edit_return.php [] []
[2025-03-25T23:10:07.438011+05:00] SaveEntries.INFO: File included and script started: return_actions.php [] []
[2025-03-25T23:10:21.249346+05:00] SaveEntries.INFO: File included and script started: return_actions.php [] []
[2025-03-25T23:10:24.539498+05:00] SaveEntries.INFO: File included and script started: return_actions.php [] []
[2025-03-25T23:10:51.287802+05:00] SaveEntries.INFO: File included and script started: return_actions.php [] []
[2025-03-25T23:12:38.241586+05:00] SaveEntries.INFO: File included and script started: edit_return.php [] []
[2025-03-25T23:12:38.669093+05:00] SaveEntries.INFO: File included and script started: return_actions.php [] []
[2025-03-25T23:12:39.122306+05:00] SaveEntries.INFO: File included and script started: edit_return.php [] []
[2025-03-25T23:12:45.757299+05:00] SaveEntries.INFO: File included and script started: return_actions.php [] []
[2025-03-25T23:13:00.236333+05:00] SaveEntries.INFO: File included and script started: edit_return.php [] []
[2025-03-25T23:13:01.004633+05:00] SaveEntries.INFO: File included and script started: return_actions.php [] []
[2025-03-25T23:13:02.003641+05:00] SaveEntries.INFO: File included and script started: edit_return.php [] []
[2025-03-25T23:13:12.500061+05:00] SaveEntries.INFO: File included and script started: return_actions.php [] []
[2025-03-25T23:15:41.333534+05:00] SaveEntries.INFO: File included and script started: edit_return.php [] []
[2025-03-25T23:15:42.357697+05:00] SaveEntries.INFO: File included and script started: return_actions.php [] []
[2025-03-25T23:15:43.780212+05:00] SaveEntries.INFO: File included and script started: edit_return.php [] []
[2025-03-25T23:15:50.229825+05:00] SaveEntries.INFO: File included and script started: return_actions.php [] []
[2025-03-25T23:15:56.911267+05:00] SaveEntries.INFO: File included and script started: return_actions.php [] []
[2025-03-25T23:18:13.607876+05:00] SaveEntries.INFO: File included and script started: edit_return.php [] []
[2025-03-25T23:18:14.531842+05:00] SaveEntries.INFO: File included and script started: return_actions.php [] []
[2025-03-25T23:18:18.580378+05:00] SaveEntries.INFO: File included and script started: returns.php [] []
[2025-03-25T23:18:18.616763+05:00] SaveEntries.INFO: File included and script started: edit_return.php [] []
[2025-03-25T23:18:19.314654+05:00] SaveEntries.INFO: File included and script started: return_actions.php [] []
[2025-03-25T23:18:22.348145+05:00] SaveEntries.INFO: File included and script started: returns.php [] []
[2025-03-25T23:18:58.327236+05:00] SaveEntries.INFO: File included and script started: returns.php [] []
[2025-03-25T23:18:58.682953+05:00] SaveEntries.INFO: File included and script started: return_actions.php [] []
[2025-03-25T23:19:25.276185+05:00] SaveEntries.INFO: File included and script started: view_return.php [] []
[2025-03-25T23:19:25.464248+05:00] SaveEntries.INFO: File included and script started: company_actions.php [] []
[2025-03-25T23:19:26.629736+05:00] SaveEntries.INFO: File included and script started: view_return.php [] []
[2025-03-25T23:19:45.311965+05:00] SaveEntries.INFO: File included and script started: returns.php [] []
[2025-03-25T23:19:45.685314+05:00] SaveEntries.INFO: File included and script started: return_actions.php [] []
[2025-03-25T23:19:47.147554+05:00] SaveEntries.INFO: File included and script started: returns.php [] []
[2025-03-25T23:19:50.266553+05:00] SaveEntries.INFO: File included and script started: returns.php [] []
[2025-03-25T23:19:50.455049+05:00] SaveEntries.INFO: File included and script started: return_actions.php [] []
[2025-03-25T23:19:53.030610+05:00] SaveEntries.INFO: File included and script started: returns.php [] []
[2025-03-25T23:23:27.609831+05:00] SaveEntries.INFO: File included and script started: returns.php [] []
[2025-03-25T23:23:28.112426+05:00] SaveEntries.INFO: File included and script started: return_actions.php [] []
[2025-03-25T23:24:06.189905+05:00] SaveEntries.INFO: File included and script started: returns.php [] []
[2025-03-25T23:25:37.017888+05:00] SaveEntries.INFO: File included and script started: returns.php [] []
[2025-03-25T23:25:37.220165+05:00] SaveEntries.INFO: File included and script started: return_actions.php [] []
[2025-03-25T23:25:40.867333+05:00] SaveEntries.INFO: File included and script started: returns.php [] []
[2025-03-25T23:25:48.061154+05:00] SaveEntries.INFO: File included and script started: returns.php [] []
[2025-03-25T23:25:48.862843+05:00] SaveEntries.INFO: File included and script started: return_actions.php [] []
[2025-03-25T23:25:51.078033+05:00] SaveEntries.INFO: File included and script started: returns.php [] []
[2025-03-25T23:28:35.416362+05:00] SaveEntries.INFO: File included and script started: returns.php [] []
[2025-03-25T23:28:36.568719+05:00] SaveEntries.INFO: File included and script started: return_actions.php [] []
[2025-03-25T23:28:53.437436+05:00] SaveEntries.INFO: File included and script started: returns.php [] []
[2025-03-25T23:30:29.758619+05:00] SaveEntries.INFO: File included and script started: returns.php [] []
[2025-03-25T23:30:31.259337+05:00] SaveEntries.INFO: File included and script started: return_actions.php [] []
[2025-03-25T23:30:32.783382+05:00] SaveEntries.INFO: File included and script started: returns.php [] []
[2025-03-25T23:30:39.233594+05:00] SaveEntries.INFO: File included and script started: returns.php [] []
[2025-03-25T23:30:39.887810+05:00] SaveEntries.INFO: File included and script started: return_actions.php [] []
[2025-03-25T23:30:41.881721+05:00] SaveEntries.INFO: File included and script started: returns.php [] []
[2025-03-25T23:31:53.901519+05:00] SaveEntries.INFO: File included and script started: returns.php [] []
[2025-03-25T23:31:54.575220+05:00] SaveEntries.INFO: File included and script started: return_actions.php [] []
[2025-03-25T23:31:55.205789+05:00] SaveEntries.INFO: File included and script started: returns.php [] []
[2025-03-25T23:31:58.380563+05:00] SaveEntries.INFO: File included and script started: sales.php [] []
[2025-03-25T23:31:59.094991+05:00] SaveEntries.INFO: File included and script started: sale_actions.php [] []
[2025-03-25T23:31:59.108540+05:00] SaveEntries.INFO: File included and script started: sale_actions.php [] []
[2025-03-25T23:31:59.179070+05:00] SaveEntries.INFO: File included and script started: sale_actions.php [] []
[2025-03-25T23:31:59.934279+05:00] SaveEntries.INFO: File included and script started: sales.php [] []
[2025-03-25T23:32:00.446211+05:00] SaveEntries.INFO: File included and script started: sale_actions.php [] []
[2025-03-25T23:32:02.238147+05:00] SaveEntries.INFO: File included and script started: quotations.php [] []
[2025-03-25T23:32:02.540665+05:00] SaveEntries.INFO: File included and script started: quotation_actions.php [] []
[2025-03-25T23:32:02.573037+05:00] SaveEntries.INFO: File included and script started: quotation_actions.php [] []
[2025-03-25T23:32:02.610692+05:00] SaveEntries.INFO: File included and script started: quotation_actions.php [] []
[2025-03-25T23:32:03.056951+05:00] SaveEntries.INFO: File included and script started: quotation_actions.php [] []
[2025-03-25T23:32:03.122743+05:00] SaveEntries.INFO: File included and script started: quotations.php [] []
[2025-03-25T23:32:18.020370+05:00] SaveEntries.INFO: File included and script started: returns.php [] []
[2025-03-25T23:32:18.364799+05:00] SaveEntries.INFO: File included and script started: return_actions.php [] []
[2025-03-25T23:32:19.017511+05:00] SaveEntries.INFO: File included and script started: returns.php [] []
[2025-03-25T23:32:23.261921+05:00] SaveEntries.INFO: File included and script started: returns.php [] []
[2025-03-25T23:32:23.485339+05:00] SaveEntries.INFO: File included and script started: return_actions.php [] []
[2025-03-25T23:32:24.012545+05:00] SaveEntries.INFO: File included and script started: returns.php [] []
[2025-03-25T23:32:25.576782+05:00] SaveEntries.INFO: File included and script started: view_return.php [] []
[2025-03-25T23:32:25.814653+05:00] SaveEntries.INFO: File included and script started: company_actions.php [] []
[2025-03-25T23:32:25.818771+05:00] SaveEntries.INFO: File included and script started: return_actions.php [] []
[2025-03-25T23:32:26.133285+05:00] SaveEntries.INFO: File included and script started: view_return.php [] []
[2025-03-25T23:32:29.322125+05:00] SaveEntries.INFO: File included and script started: edit_return.php [] []
[2025-03-25T23:32:29.625620+05:00] SaveEntries.INFO: File included and script started: return_actions.php [] []
[2025-03-25T23:32:30.190172+05:00] SaveEntries.INFO: File included and script started: edit_return.php [] []
[2025-03-25T23:32:37.938865+05:00] SaveEntries.INFO: File included and script started: return_actions.php [] []
[2025-03-25T23:32:42.569823+05:00] SaveEntries.INFO: File included and script started: return_actions.php [] []
[2025-03-25T23:32:44.660799+05:00] SaveEntries.INFO: File included and script started: return_actions.php [] []
[2025-03-25T23:34:10.704889+05:00] SaveEntries.INFO: File included and script started: return_actions.php [] []
[2025-03-25T23:35:41.047695+05:00] SaveEntries.INFO: File included and script started: edit_return.php [] []
[2025-03-25T23:35:41.685580+05:00] SaveEntries.INFO: File included and script started: return_actions.php [] []
[2025-03-25T23:35:43.489221+05:00] SaveEntries.INFO: File included and script started: edit_return.php [] []
[2025-03-25T23:35:47.060271+05:00] SaveEntries.INFO: File included and script started: view_return.php [] []
[2025-03-25T23:35:47.605174+05:00] SaveEntries.INFO: File included and script started: return_actions.php [] []
[2025-03-25T23:35:47.609488+05:00] SaveEntries.INFO: File included and script started: company_actions.php [] []
[2025-03-25T23:35:48.225286+05:00] SaveEntries.INFO: File included and script started: view_return.php [] []
[2025-03-25T23:35:51.790043+05:00] SaveEntries.INFO: File included and script started: returns.php [] []
[2025-03-25T23:35:52.121680+05:00] SaveEntries.INFO: File included and script started: return_actions.php [] []
[2025-03-25T23:35:52.520689+05:00] SaveEntries.INFO: File included and script started: returns.php [] []
[2025-03-25T23:35:54.688408+05:00] SaveEntries.INFO: File included and script started: edit_return.php [] []
[2025-03-25T23:35:54.939476+05:00] SaveEntries.INFO: File included and script started: return_actions.php [] []
[2025-03-25T23:35:55.358677+05:00] SaveEntries.INFO: File included and script started: edit_return.php [] []
[2025-03-25T23:35:58.349570+05:00] SaveEntries.INFO: File included and script started: view_return.php [] []
[2025-03-25T23:35:58.620869+05:00] SaveEntries.INFO: File included and script started: company_actions.php [] []
[2025-03-25T23:35:58.623825+05:00] SaveEntries.INFO: File included and script started: return_actions.php [] []
[2025-03-25T23:35:59.319498+05:00] SaveEntries.INFO: File included and script started: view_return.php [] []
[2025-03-25T23:36:02.224982+05:00] SaveEntries.INFO: File included and script started: returns.php [] []
[2025-03-25T23:36:02.495635+05:00] SaveEntries.INFO: File included and script started: return_actions.php [] []
[2025-03-25T23:36:03.002289+05:00] SaveEntries.INFO: File included and script started: returns.php [] []
[2025-03-25T23:36:04.970059+05:00] SaveEntries.INFO: File included and script started: return_actions.php [] []
[2025-03-25T23:36:06.696831+05:00] SaveEntries.INFO: File included and script started: return_actions.php [] []
[2025-03-25T23:36:26.539274+05:00] SaveEntries.INFO: File included and script started: returns.php [] []
[2025-03-25T23:36:26.768024+05:00] SaveEntries.INFO: File included and script started: return_actions.php [] []
[2025-03-25T23:36:27.189082+05:00] SaveEntries.INFO: File included and script started: returns.php [] []
[2025-03-25T23:36:28.326655+05:00] SaveEntries.INFO: File included and script started: edit_return.php [] []
[2025-03-25T23:36:28.526327+05:00] SaveEntries.INFO: File included and script started: return_actions.php [] []
[2025-03-25T23:36:28.853332+05:00] SaveEntries.INFO: File included and script started: edit_return.php [] []
[2025-03-25T23:36:32.968548+05:00] SaveEntries.INFO: File included and script started: return_actions.php [] []
[2025-03-25T23:36:36.967133+05:00] SaveEntries.INFO: File included and script started: return_actions.php [] []
[2025-03-25T23:36:39.559823+05:00] SaveEntries.INFO: File included and script started: return_actions.php [] []
[2025-03-25T23:36:46.431535+05:00] SaveEntries.INFO: File included and script started: edit_return.php [] []
[2025-03-25T23:36:47.062142+05:00] SaveEntries.INFO: File included and script started: return_actions.php [] []
[2025-03-25T23:36:48.070658+05:00] SaveEntries.INFO: File included and script started: edit_return.php [] []
[2025-03-25T23:36:52.877046+05:00] SaveEntries.INFO: File included and script started: return_actions.php [] []
[2025-03-25T23:36:57.091864+05:00] SaveEntries.INFO: File included and script started: return_actions.php [] []
[2025-03-25T23:40:08.965460+05:00] SaveEntries.INFO: File included and script started: edit_return.php [] []
[2025-03-25T23:40:10.062879+05:00] SaveEntries.INFO: File included and script started: return_actions.php [] []
[2025-03-25T23:40:11.988978+05:00] SaveEntries.INFO: File included and script started: edit_return.php [] []
[2025-03-25T23:40:14.205148+05:00] SaveEntries.INFO: File included and script started: return_actions.php [] []
[2025-03-25T23:40:18.262139+05:00] SaveEntries.INFO: File included and script started: return_actions.php [] []
[2025-03-25T23:40:19.701589+05:00] SaveEntries.INFO: File included and script started: view_return.php [] []
[2025-03-25T23:40:20.041853+05:00] SaveEntries.INFO: File included and script started: company_actions.php [] []
[2025-03-25T23:40:20.062686+05:00] SaveEntries.INFO: File included and script started: return_actions.php [] []
[2025-03-25T23:40:20.429190+05:00] SaveEntries.INFO: File included and script started: view_return.php [] []
[2025-03-25T23:43:10.994824+05:00] SaveEntries.INFO: File included and script started: view_return.php [] []
[2025-03-25T23:43:11.246336+05:00] SaveEntries.INFO: File included and script started: company_actions.php [] []
[2025-03-25T23:43:11.326296+05:00] SaveEntries.INFO: File included and script started: return_actions.php [] []
[2025-03-25T23:43:13.531982+05:00] SaveEntries.INFO: File included and script started: view_return.php [] []
[2025-03-25T23:43:13.979187+05:00] SaveEntries.INFO: File included and script started: sales.php [] []
[2025-03-25T23:43:14.312303+05:00] SaveEntries.INFO: File included and script started: sale_actions.php [] []
[2025-03-25T23:43:14.322031+05:00] SaveEntries.INFO: File included and script started: sale_actions.php [] []
[2025-03-25T23:43:14.372327+05:00] SaveEntries.INFO: File included and script started: sale_actions.php [] []
[2025-03-25T23:43:14.964645+05:00] SaveEntries.INFO: File included and script started: sales.php [] []
[2025-03-25T23:43:15.456822+05:00] SaveEntries.INFO: File included and script started: sale_actions.php [] []
[2025-03-25T23:43:21.249088+05:00] SaveEntries.INFO: File included and script started: sale_actions.php [] []
[2025-03-25T23:43:23.292669+05:00] SaveEntries.INFO: File included and script started: sale_actions.php [] []
[2025-03-25T23:43:23.688513+05:00] SaveEntries.INFO: File included and script started: sale_actions.php [] []
[2025-03-25T23:43:23.692710+05:00] SaveEntries.INFO: File included and script started: sale_actions.php [] []
[2025-03-25T23:43:24.259849+05:00] SaveEntries.INFO: File included and script started: sale_actions.php [] []
[2025-03-25T23:43:25.387717+05:00] SaveEntries.INFO: File included and script started: product_actions.php [] []
