[2025-02-26T08:44:01.594491+05:00] SaveEntries.INFO: File included and script started: product_actions.php [] []
[2025-02-26T08:44:01.613150+05:00] SaveEntries.INFO: File included and script started: product_actions.php [] []
[2025-02-26T08:44:01.687641+05:00] SaveEntries.INFO: File included and script started: product_actions.php [] []
[2025-02-26T08:44:01.718140+05:00] SaveEntries.INFO: File included and script started: product_actions.php [] []
[2025-02-26T08:44:01.773689+05:00] SaveEntries.INFO: File included and script started: product_actions.php [] []
[2025-02-26T09:16:19.983402+05:00] SaveEntries.INFO: File included and script started: brand_actions.php [] []
[2025-02-26T09:34:27.846345+05:00] SaveEntries.INFO: File included and script started: index.php [] []
[2025-02-26T09:34:31.079385+05:00] SaveEntries.INFO: File included and script started: index.php [] []
[2025-02-26T09:34:31.148932+05:00] SaveEntries.INFO: File included and script started: index.php [] []
[2025-02-26T09:34:35.239304+05:00] SaveEntries.INFO: File included and script started: index.php [] []
[2025-02-26T09:34:37.689633+05:00] SaveEntries.INFO: File included and script started: index.php [] []
[2025-02-26T09:35:07.150678+05:00] SaveEntries.INFO: File included and script started: index.php [] []
[2025-02-26T09:35:08.135237+05:00] SaveEntries.INFO: File included and script started: index.php [] []
[2025-02-26T09:35:09.311783+05:00] SaveEntries.INFO: File included and script started: index.php [] []
[2025-02-26T09:35:21.316435+05:00] SaveEntries.INFO: File included and script started: product_actions.php [] []
[2025-02-26T09:35:26.645324+05:00] SaveEntries.INFO: File included and script started: product_actions.php [] []
[2025-02-26T09:35:26.724738+05:00] SaveEntries.INFO: File included and script started: product_actions.php [] []
[2025-02-26T09:35:31.326691+05:00] SaveEntries.INFO: File included and script started: product_actions.php [] []
[2025-02-26T09:35:31.336452+05:00] SaveEntries.INFO: File included and script started: product_actions.php [] []
[2025-02-26T09:35:31.362682+05:00] SaveEntries.INFO: File included and script started: product_actions.php [] []
[2025-02-26T09:35:31.371482+05:00] SaveEntries.INFO: File included and script started: product_actions.php [] []
[2025-02-26T09:35:31.411968+05:00] SaveEntries.INFO: File included and script started: product_actions.php [] []
[2025-02-26T09:35:34.742533+05:00] SaveEntries.INFO: File included and script started: index.php [] []
[2025-02-26T09:37:34.829631+05:00] SaveEntries.INFO: File included and script started: index.php [] []
[2025-02-26T09:37:36.996207+05:00] SaveEntries.INFO: File included and script started: index.php [] []
[2025-02-26T09:37:43.009922+05:00] SaveEntries.INFO: File included and script started: index.php [] []
[2025-02-26T09:38:16.669879+05:00] SaveEntries.INFO: File included and script started: index.php [] []
[2025-02-26T09:38:20.290471+05:00] SaveEntries.INFO: File included and script started: product_actions.php [] []
[2025-02-26T09:38:20.290451+05:00] SaveEntries.INFO: File included and script started: product_actions.php [] []
[2025-02-26T09:38:20.329072+05:00] SaveEntries.INFO: File included and script started: product_actions.php [] []
[2025-02-26T09:38:20.330289+05:00] SaveEntries.INFO: File included and script started: product_actions.php [] []
[2025-02-26T09:38:20.365817+05:00] SaveEntries.INFO: File included and script started: product_actions.php [] []
[2025-02-26T09:38:24.865499+05:00] SaveEntries.INFO: File included and script started: index.php [] []
[2025-02-26T09:38:27.804315+05:00] SaveEntries.INFO: File included and script started: index.php [] []
[2025-02-26T09:38:53.937208+05:00] SaveEntries.INFO: File included and script started: index.php [] []
[2025-02-26T09:38:57.205629+05:00] SaveEntries.INFO: File included and script started: index.php [] []
[2025-02-26T09:38:57.249431+05:00] SaveEntries.INFO: File included and script started: index.php [] []
[2025-02-26T09:38:58.689689+05:00] SaveEntries.INFO: File included and script started: index.php [] []
[2025-02-26T09:39:09.502526+05:00] SaveEntries.INFO: File included and script started: index.php [] []
[2025-02-26T12:10:20.168169+05:00] SaveEntries.INFO: File included and script started: brand_actions.php [] []
[2025-02-26T12:10:22.817142+05:00] SaveEntries.INFO: File included and script started: categories.php [] []
[2025-02-26T12:10:24.218076+05:00] SaveEntries.INFO: File included and script started: categories.php [] []
[2025-02-26T12:10:31.593760+05:00] SaveEntries.INFO: File included and script started: categories.php [] []
[2025-02-26T12:10:53.460973+05:00] SaveEntries.INFO: File included and script started: category_actions.php [] []
[2025-02-26T12:11:16.414108+05:00] SaveEntries.INFO: File included and script started: category_actions.php [] []
[2025-02-26T12:12:01.054797+05:00] SaveEntries.INFO: File included and script started: categories.php [] []
[2025-02-26T12:12:19.351813+05:00] SaveEntries.INFO: File included and script started: categories.php [] []
[2025-02-26T12:12:19.808327+05:00] SaveEntries.INFO: File included and script started: category_actions.php [] []
[2025-02-26T12:12:36.012588+05:00] SaveEntries.INFO: File included and script started: categories.php [] []
[2025-02-26T12:12:36.294965+05:00] SaveEntries.INFO: File included and script started: category_actions.php [] []
[2025-02-26T12:12:53.961193+05:00] SaveEntries.INFO: File included and script started: categories.php [] []
[2025-02-26T12:12:54.192568+05:00] SaveEntries.INFO: File included and script started: category_actions.php [] []
[2025-02-26T12:13:37.792028+05:00] SaveEntries.INFO: File included and script started: index.php [] []
[2025-02-26T12:15:24.488032+05:00] SaveEntries.INFO: File included and script started: index.php [] []
[2025-02-26T12:15:28.202330+05:00] SaveEntries.INFO: File included and script started: categories.php [] []
[2025-02-26T12:15:28.921018+05:00] SaveEntries.INFO: File included and script started: category_actions.php [] []
[2025-02-26T12:15:30.411224+05:00] SaveEntries.INFO: File included and script started: categories.php [] []
[2025-02-26T12:15:30.724877+05:00] SaveEntries.INFO: File included and script started: category_actions.php [] []
[2025-02-26T12:18:45.461727+05:00] SaveEntries.INFO: File included and script started: categories.php [] []
[2025-02-26T12:18:45.834446+05:00] SaveEntries.INFO: File included and script started: category_actions.php [] []
[2025-02-26T12:19:21.604170+05:00] SaveEntries.INFO: File included and script started: categories.php [] []
[2025-02-26T12:19:21.959331+05:00] SaveEntries.INFO: File included and script started: category_actions.php [] []
[2025-02-26T12:19:30.636385+05:00] SaveEntries.INFO: File included and script started: index.php [] []
[2025-02-26T12:19:34.288019+05:00] SaveEntries.INFO: File included and script started: categories.php [] []
[2025-02-26T12:19:34.463075+05:00] SaveEntries.INFO: File included and script started: category_actions.php [] []
[2025-02-26T12:20:18.204935+05:00] SaveEntries.INFO: File included and script started: index.php [] []
[2025-02-26T12:20:41.072610+05:00] SaveEntries.INFO: File included and script started: index.php [] []
[2025-02-26T12:21:13.345203+05:00] SaveEntries.INFO: File included and script started: index.php [] []
[2025-02-26T12:21:17.592002+05:00] SaveEntries.INFO: File included and script started: index.php [] []
[2025-02-26T12:22:07.952681+05:00] SaveEntries.INFO: File included and script started: index.php [] []
[2025-02-26T12:22:14.891262+05:00] SaveEntries.INFO: File included and script started: index.php [] []
[2025-02-26T12:23:05.675002+05:00] SaveEntries.INFO: File included and script started: index.php [] []
[2025-02-26T12:23:09.508163+05:00] SaveEntries.INFO: File included and script started: categories.php [] []
[2025-02-26T12:23:09.887908+05:00] SaveEntries.INFO: File included and script started: category_actions.php [] []
[2025-02-26T12:23:23.333977+05:00] SaveEntries.INFO: File included and script started: categories.php [] []
[2025-02-26T12:23:23.524728+05:00] SaveEntries.INFO: File included and script started: category_actions.php [] []
[2025-02-26T12:26:14.825276+05:00] SaveEntries.INFO: File included and script started: categories.php [] []
[2025-02-26T12:26:15.087756+05:00] SaveEntries.INFO: File included and script started: category_actions.php [] []
[2025-02-26T12:26:17.348006+05:00] SaveEntries.INFO: File included and script started: category_actions.php [] []
[2025-02-26T12:26:42.907640+05:00] SaveEntries.INFO: File included and script started: category_actions.php [] []
[2025-02-26T12:26:42.938221+05:00] SaveEntries.INFO: File included and script started: category_actions.php [] []
[2025-02-26T12:26:51.567567+05:00] SaveEntries.INFO: File included and script started: category_actions.php [] []
[2025-02-26T12:26:52.282280+05:00] SaveEntries.INFO: File included and script started: category_actions.php [] []
[2025-02-26T12:26:54.794939+05:00] SaveEntries.INFO: File included and script started: category_actions.php [] []
[2025-02-26T12:26:54.800748+05:00] SaveEntries.INFO: File included and script started: category_actions.php [] []
[2025-02-26T12:26:56.707862+05:00] SaveEntries.INFO: File included and script started: category_actions.php [] []
[2025-02-26T12:26:56.709212+05:00] SaveEntries.INFO: File included and script started: category_actions.php [] []
[2025-02-26T12:27:14.797170+05:00] SaveEntries.INFO: File included and script started: category_actions.php [] []
[2025-02-26T12:27:15.357600+05:00] SaveEntries.INFO: File included and script started: category_actions.php [] []
[2025-02-26T12:27:38.867447+05:00] SaveEntries.INFO: File included and script started: index.php [] []
[2025-02-26T12:27:42.656286+05:00] SaveEntries.INFO: File included and script started: categories.php [] []
[2025-02-26T12:27:43.165381+05:00] SaveEntries.INFO: File included and script started: category_actions.php [] []
[2025-02-26T12:27:43.276890+05:00] SaveEntries.INFO: File included and script started: categories.php [] []
[2025-02-26T12:27:43.500938+05:00] SaveEntries.INFO: File included and script started: category_actions.php [] []
[2025-02-26T12:28:53.893350+05:00] SaveEntries.INFO: File included and script started: categories.php [] []
[2025-02-26T12:29:12.319465+05:00] SaveEntries.INFO: File included and script started: categories.php [] []
[2025-02-26T12:29:12.604954+05:00] SaveEntries.INFO: File included and script started: category_actions.php [] []
[2025-02-26T12:30:15.884754+05:00] SaveEntries.INFO: File included and script started: categories.php [] []
[2025-02-26T12:30:16.234317+05:00] SaveEntries.INFO: File included and script started: category_actions.php [] []
[2025-02-26T12:30:31.295584+05:00] SaveEntries.INFO: File included and script started: categories.php [] []
[2025-02-26T12:30:31.507719+05:00] SaveEntries.INFO: File included and script started: category_actions.php [] []
[2025-02-26T12:30:39.555367+05:00] SaveEntries.INFO: File included and script started: categories.php [] []
[2025-02-26T12:30:39.598178+05:00] SaveEntries.INFO: File included and script started: index.php [] []
[2025-02-26T12:30:42.606692+05:00] SaveEntries.INFO: File included and script started: categories.php [] []
[2025-02-26T12:30:42.826223+05:00] SaveEntries.INFO: File included and script started: category_actions.php [] []
[2025-02-26T12:30:52.026960+05:00] SaveEntries.INFO: File included and script started: categories.php [] []
[2025-02-26T12:30:52.185344+05:00] SaveEntries.INFO: File included and script started: category_actions.php [] []
[2025-02-26T12:30:54.394536+05:00] SaveEntries.INFO: File included and script started: categories.php [] []
[2025-02-26T12:30:55.021806+05:00] SaveEntries.INFO: File included and script started: category_actions.php [] []
[2025-02-26T12:31:01.980371+05:00] SaveEntries.INFO: File included and script started: brand_actions.php [] []
[2025-02-26T12:31:47.041275+05:00] SaveEntries.INFO: File included and script started: index.php [] []
[2025-02-26T12:37:45.815263+05:00] SaveEntries.INFO: File included and script started: index.php [] []
[2025-02-26T12:38:58.378439+05:00] SaveEntries.INFO: File included and script started: categories.php [] []
[2025-02-26T12:38:58.821099+05:00] SaveEntries.INFO: File included and script started: category_actions.php [] []
[2025-02-26T12:39:00.018894+05:00] SaveEntries.INFO: File included and script started: index.php [] []
[2025-02-26T12:39:01.995929+05:00] SaveEntries.INFO: File included and script started: index.php [] []
[2025-02-26T12:39:05.236547+05:00] SaveEntries.INFO: File included and script started: brands.php [] []
[2025-02-26T12:39:05.995459+05:00] SaveEntries.INFO: File included and script started: brands.php [] []
[2025-02-26T12:39:06.247067+05:00] SaveEntries.INFO: File included and script started: brand_actions.php [] []
[2025-02-26T13:08:08.471774+05:00] SaveEntries.INFO: File included and script started: brands.php [] []
[2025-02-26T13:08:08.902254+05:00] SaveEntries.INFO: File included and script started: brand_actions.php [] []
[2025-02-26T13:08:17.817731+05:00] SaveEntries.INFO: File included and script started: brand_actions.php [] []
[2025-02-26T13:08:18.638334+05:00] SaveEntries.INFO: File included and script started: brand_actions.php [] []
[2025-02-26T13:08:25.810411+05:00] SaveEntries.INFO: File included and script started: brands.php [] []
[2025-02-26T13:08:26.103874+05:00] SaveEntries.INFO: File included and script started: brand_actions.php [] []
[2025-02-26T13:08:29.697698+05:00] SaveEntries.INFO: File included and script started: brands.php [] []
[2025-02-26T13:08:30.027347+05:00] SaveEntries.INFO: File included and script started: brand_actions.php [] []
[2025-02-26T13:08:33.658930+05:00] SaveEntries.INFO: File included and script started: product_actions.php [] []
[2025-02-26T13:08:33.707345+05:00] SaveEntries.INFO: File included and script started: product_actions.php [] []
[2025-02-26T13:08:33.752147+05:00] SaveEntries.INFO: File included and script started: product_actions.php [] []
[2025-02-26T13:08:33.762465+05:00] SaveEntries.INFO: File included and script started: product_actions.php [] []
[2025-02-26T13:09:39.843566+05:00] SaveEntries.INFO: File included and script started: product_actions.php [] []
[2025-02-26T13:09:39.856941+05:00] SaveEntries.INFO: File included and script started: product_actions.php [] []
[2025-02-26T13:09:39.908647+05:00] SaveEntries.INFO: File included and script started: product_actions.php [] []
[2025-02-26T13:09:39.926588+05:00] SaveEntries.INFO: File included and script started: product_actions.php [] []
[2025-02-26T13:09:39.964080+05:00] SaveEntries.INFO: File included and script started: product_actions.php [] []
[2025-02-26T13:09:51.132012+05:00] SaveEntries.INFO: File included and script started: product_actions.php [] []
[2025-02-26T13:09:51.161692+05:00] SaveEntries.INFO: File included and script started: product_actions.php [] []
[2025-02-26T13:09:51.187056+05:00] SaveEntries.INFO: File included and script started: product_actions.php [] []
[2025-02-26T13:09:51.190102+05:00] SaveEntries.INFO: File included and script started: product_actions.php [] []
[2025-02-26T13:09:58.424519+05:00] SaveEntries.INFO: File included and script started: product_actions.php [] []
[2025-02-26T13:09:58.425334+05:00] SaveEntries.INFO: File included and script started: product_actions.php [] []
[2025-02-26T13:09:58.465016+05:00] SaveEntries.INFO: File included and script started: product_actions.php [] []
[2025-02-26T13:09:58.474772+05:00] SaveEntries.INFO: File included and script started: product_actions.php [] []
[2025-02-26T13:09:58.474793+05:00] SaveEntries.INFO: File included and script started: product_actions.php [] []
[2025-02-26T13:10:52.078950+05:00] SaveEntries.INFO: File included and script started: products.php [] []
[2025-02-26T13:10:52.519980+05:00] SaveEntries.INFO: File included and script started: product_actions.php [] []
[2025-02-26T13:10:52.524797+05:00] SaveEntries.INFO: File included and script started: product_actions.php [] []
[2025-02-26T13:10:52.652470+05:00] SaveEntries.INFO: File included and script started: product_actions.php [] []
[2025-02-26T13:10:52.654756+05:00] SaveEntries.INFO: File included and script started: product_actions.php [] []
[2025-02-26T13:10:52.782072+05:00] SaveEntries.INFO: File included and script started: product_actions.php [] []
[2025-02-26T13:11:04.784894+05:00] SaveEntries.INFO: File included and script started: products.php [] []
[2025-02-26T13:11:05.166242+05:00] SaveEntries.INFO: File included and script started: product_actions.php [] []
[2025-02-26T13:11:05.171678+05:00] SaveEntries.INFO: File included and script started: product_actions.php [] []
[2025-02-26T13:11:05.208291+05:00] SaveEntries.INFO: File included and script started: product_actions.php [] []
[2025-02-26T13:11:05.238798+05:00] SaveEntries.INFO: File included and script started: product_actions.php [] []
[2025-02-26T13:11:05.268463+05:00] SaveEntries.INFO: File included and script started: product_actions.php [] []
[2025-02-26T13:18:17.973144+05:00] SaveEntries.INFO: File included and script started: products.php [] []
[2025-02-26T13:18:18.274147+05:00] SaveEntries.INFO: File included and script started: product_actions.php [] []
[2025-02-26T13:18:18.297002+05:00] SaveEntries.INFO: File included and script started: product_actions.php [] []
[2025-02-26T13:18:18.314641+05:00] SaveEntries.INFO: File included and script started: product_actions.php [] []
[2025-02-26T13:18:18.341692+05:00] SaveEntries.INFO: File included and script started: product_actions.php [] []
[2025-02-26T13:18:18.374424+05:00] SaveEntries.INFO: File included and script started: product_actions.php [] []
[2025-02-26T13:18:55.897300+05:00] SaveEntries.INFO: File included and script started: products.php [] []
[2025-02-26T13:18:56.083930+05:00] SaveEntries.INFO: File included and script started: product_actions.php [] []
[2025-02-26T13:18:56.084571+05:00] SaveEntries.INFO: File included and script started: product_actions.php [] []
[2025-02-26T13:18:56.122945+05:00] SaveEntries.INFO: File included and script started: product_actions.php [] []
[2025-02-26T13:18:56.124445+05:00] SaveEntries.INFO: File included and script started: product_actions.php [] []
[2025-02-26T13:18:56.130119+05:00] SaveEntries.INFO: File included and script started: product_actions.php [] []
[2025-02-26T13:19:40.608297+05:00] SaveEntries.INFO: File included and script started: products.php [] []
[2025-02-26T13:19:40.861502+05:00] SaveEntries.INFO: File included and script started: product_actions.php [] []
[2025-02-26T13:19:40.875643+05:00] SaveEntries.INFO: File included and script started: product_actions.php [] []
[2025-02-26T13:19:40.907143+05:00] SaveEntries.INFO: File included and script started: product_actions.php [] []
[2025-02-26T13:19:40.972369+05:00] SaveEntries.INFO: File included and script started: product_actions.php [] []
[2025-02-26T13:19:40.987738+05:00] SaveEntries.INFO: File included and script started: product_actions.php [] []
[2025-02-26T13:20:29.418160+05:00] SaveEntries.INFO: File included and script started: products.php [] []
[2025-02-26T13:20:29.827616+05:00] SaveEntries.INFO: File included and script started: product_actions.php [] []
[2025-02-26T13:20:29.830244+05:00] SaveEntries.INFO: File included and script started: product_actions.php [] []
[2025-02-26T13:20:29.882077+05:00] SaveEntries.INFO: File included and script started: product_actions.php [] []
[2025-02-26T13:20:29.888073+05:00] SaveEntries.INFO: File included and script started: product_actions.php [] []
[2025-02-26T13:20:29.979289+05:00] SaveEntries.INFO: File included and script started: product_actions.php [] []
[2025-02-26T13:20:32.788939+05:00] SaveEntries.INFO: File included and script started: brands.php [] []
[2025-02-26T13:20:33.060868+05:00] SaveEntries.INFO: File included and script started: brand_actions.php [] []
[2025-02-26T13:22:17.435491+05:00] SaveEntries.INFO: File included and script started: brands.php [] []
[2025-02-26T13:22:17.766918+05:00] SaveEntries.INFO: File included and script started: brand_actions.php [] []
[2025-02-26T13:23:31.757554+05:00] SaveEntries.INFO: File included and script started: brand_actions.php [] []
[2025-02-26T13:23:31.786624+05:00] SaveEntries.INFO: File included and script started: brand_actions.php [] []
[2025-02-26T13:23:40.122341+05:00] SaveEntries.INFO: File included and script started: brands.php [] []
[2025-02-26T13:23:40.496343+05:00] SaveEntries.INFO: File included and script started: brand_actions.php [] []
[2025-02-26T13:24:32.216735+05:00] SaveEntries.INFO: File included and script started: products.php [] []
[2025-02-26T13:24:32.455956+05:00] SaveEntries.INFO: File included and script started: product_actions.php [] []
[2025-02-26T13:24:32.501788+05:00] SaveEntries.INFO: File included and script started: product_actions.php [] []
[2025-02-26T13:24:32.525178+05:00] SaveEntries.INFO: File included and script started: product_actions.php [] []
[2025-02-26T13:24:32.558127+05:00] SaveEntries.INFO: File included and script started: product_actions.php [] []
[2025-02-26T13:24:46.852917+05:00] SaveEntries.INFO: File included and script started: product_actions.php [] []
[2025-02-26T13:24:46.852922+05:00] SaveEntries.INFO: File included and script started: product_actions.php [] []
[2025-02-26T13:24:48.829573+05:00] SaveEntries.INFO: File included and script started: product_actions.php [] []
[2025-02-26T13:24:48.832339+05:00] SaveEntries.INFO: File included and script started: product_actions.php [] []
[2025-02-26T13:24:53.589463+05:00] SaveEntries.INFO: File included and script started: product_actions.php [] []
[2025-02-26T13:25:03.720599+05:00] SaveEntries.INFO: File included and script started: product_actions.php [] []
[2025-02-26T13:25:03.721809+05:00] SaveEntries.INFO: File included and script started: product_actions.php [] []
[2025-02-26T13:25:10.409691+05:00] SaveEntries.INFO: File included and script started: products.php [] []
[2025-02-26T13:25:10.769924+05:00] SaveEntries.INFO: File included and script started: product_actions.php [] []
[2025-02-26T13:25:10.795176+05:00] SaveEntries.INFO: File included and script started: product_actions.php [] []
[2025-02-26T13:25:10.777666+05:00] SaveEntries.INFO: File included and script started: product_actions.php [] []
[2025-02-26T13:25:10.842717+05:00] SaveEntries.INFO: File included and script started: product_actions.php [] []
[2025-02-26T13:25:10.843791+05:00] SaveEntries.INFO: File included and script started: product_actions.php [] []
[2025-02-26T13:25:15.477299+05:00] SaveEntries.INFO: File included and script started: brand_actions.php [] []
[2025-02-26T13:25:15.478078+05:00] SaveEntries.INFO: File included and script started: brand_actions.php [] []
[2025-02-26T13:25:18.563369+05:00] SaveEntries.INFO: File included and script started: brand_actions.php [] []
[2025-02-26T13:25:18.570716+05:00] SaveEntries.INFO: File included and script started: brand_actions.php [] []
[2025-02-26T13:25:21.531634+05:00] SaveEntries.INFO: File included and script started: brand_actions.php [] []
[2025-02-26T13:25:21.535550+05:00] SaveEntries.INFO: File included and script started: brand_actions.php [] []
[2025-02-26T13:25:23.906369+05:00] SaveEntries.INFO: File included and script started: brand_actions.php [] []
[2025-02-26T13:25:32.524856+05:00] SaveEntries.INFO: File included and script started: categories.php [] []
[2025-02-26T13:25:32.691856+05:00] SaveEntries.INFO: File included and script started: category_actions.php [] []
[2025-02-26T13:25:39.590224+05:00] SaveEntries.INFO: File included and script started: brand_actions.php [] []
[2025-02-26T13:25:39.688055+05:00] SaveEntries.INFO: File included and script started: brand_actions.php [] []
[2025-02-26T13:25:39.757894+05:00] SaveEntries.INFO: File included and script started: brand_actions.php [] []
[2025-02-26T13:25:39.864162+05:00] SaveEntries.INFO: File included and script started: brand_actions.php [] []
[2025-02-26T13:25:39.914771+05:00] SaveEntries.INFO: File included and script started: brand_actions.php [] []
[2025-02-26T13:25:39.927595+05:00] SaveEntries.INFO: File included and script started: brand_actions.php [] []
[2025-02-26T13:25:40.715032+05:00] SaveEntries.INFO: File included and script started: brand_actions.php [] []
[2025-02-26T13:50:43.854700+05:00] SaveEntries.INFO: File included and script started: brand_actions.php [] []
[2025-02-26T13:50:43.919297+05:00] SaveEntries.INFO: File included and script started: brand_actions.php [] []
[2025-02-26T13:50:44.049556+05:00] SaveEntries.INFO: File included and script started: brand_actions.php [] []
[2025-02-26T13:50:44.098080+05:00] SaveEntries.INFO: File included and script started: brand_actions.php [] []
[2025-02-26T13:50:44.182970+05:00] SaveEntries.INFO: File included and script started: brand_actions.php [] []
[2025-02-26T13:50:47.262057+05:00] SaveEntries.INFO: File included and script started: brand_actions.php [] []
[2025-02-26T13:50:51.852484+05:00] SaveEntries.INFO: File included and script started: brand_actions.php [] []
[2025-02-26T13:50:52.510496+05:00] SaveEntries.INFO: File included and script started: brand_actions.php [] []
[2025-02-26T13:50:55.942094+05:00] SaveEntries.INFO: File included and script started: brand_actions.php [] []
[2025-02-26T15:12:07.395173+05:00] SaveEntries.INFO: File included and script started: categories.php [] []
[2025-02-26T15:12:07.875790+05:00] SaveEntries.INFO: File included and script started: category_actions.php [] []
[2025-02-26T15:13:45.963379+05:00] SaveEntries.INFO: File included and script started: index.php [] []
[2025-02-26T15:13:46.765357+05:00] SaveEntries.INFO: File included and script started: index.php [] []
[2025-02-26T15:14:24.333863+05:00] SaveEntries.INFO: File included and script started: index.php [] []
[2025-02-26T15:14:24.471343+05:00] SaveEntries.INFO: File included and script started: index.php [] []
[2025-02-26T15:14:40.207866+05:00] SaveEntries.INFO: File included and script started: index.php [] []
[2025-02-26T15:14:43.847933+05:00] SaveEntries.INFO: File included and script started: brands.php [] []
[2025-02-26T15:14:44.437715+05:00] SaveEntries.INFO: File included and script started: brand_actions.php [] []
[2025-02-26T15:14:44.785686+05:00] SaveEntries.INFO: File included and script started: brands.php [] []
[2025-02-26T15:14:45.052074+05:00] SaveEntries.INFO: File included and script started: brand_actions.php [] []
[2025-02-26T15:15:00.296840+05:00] SaveEntries.INFO: File included and script started: brand_actions.php [] []
[2025-02-26T15:15:00.407764+05:00] SaveEntries.INFO: File included and script started: brand_actions.php [] []
[2025-02-26T15:15:00.505045+05:00] SaveEntries.INFO: File included and script started: brand_actions.php [] []
[2025-02-26T15:15:00.676943+05:00] SaveEntries.INFO: File included and script started: brand_actions.php [] []
[2025-02-26T15:15:00.702284+05:00] SaveEntries.INFO: File included and script started: brand_actions.php [] []
[2025-02-26T15:15:01.826171+05:00] SaveEntries.INFO: File included and script started: brand_actions.php [] []
[2025-02-26T15:15:08.777363+05:00] SaveEntries.INFO: File included and script started: brand_actions.php [] []
[2025-02-26T15:15:17.823915+05:00] SaveEntries.INFO: File included and script started: categories.php [] []
[2025-02-26T15:15:18.361299+05:00] SaveEntries.INFO: File included and script started: category_actions.php [] []
[2025-02-26T15:15:21.675092+05:00] SaveEntries.INFO: File included and script started: categories.php [] []
[2025-02-26T15:15:21.991613+05:00] SaveEntries.INFO: File included and script started: category_actions.php [] []
[2025-02-26T15:15:26.597367+05:00] SaveEntries.INFO: File included and script started: category_actions.php [] []
[2025-02-26T15:15:26.599856+05:00] SaveEntries.INFO: File included and script started: category_actions.php [] []
[2025-02-26T15:15:30.576465+05:00] SaveEntries.INFO: File included and script started: category_actions.php [] []
[2025-02-26T15:15:33.244898+05:00] SaveEntries.INFO: File included and script started: category_actions.php [] []
[2025-02-26T15:16:02.931228+05:00] SaveEntries.INFO: File included and script started: products.php [] []
[2025-02-26T15:16:03.158216+05:00] SaveEntries.INFO: File included and script started: product_actions.php [] []
[2025-02-26T15:16:03.199658+05:00] SaveEntries.INFO: File included and script started: product_actions.php [] []
[2025-02-26T15:16:03.204261+05:00] SaveEntries.INFO: File included and script started: product_actions.php [] []
[2025-02-26T15:16:03.232419+05:00] SaveEntries.INFO: File included and script started: product_actions.php [] []
[2025-02-26T15:16:03.262543+05:00] SaveEntries.INFO: File included and script started: product_actions.php [] []
[2025-02-26T15:16:24.365349+05:00] SaveEntries.INFO: File included and script started: product_actions.php [] []
[2025-02-26T15:16:24.366631+05:00] SaveEntries.INFO: File included and script started: product_actions.php [] []
[2025-02-26T15:16:29.896748+05:00] SaveEntries.INFO: File included and script started: product_actions.php [] []
[2025-02-26T15:16:29.904972+05:00] SaveEntries.INFO: File included and script started: product_actions.php [] []
[2025-02-26T15:16:36.549915+05:00] SaveEntries.INFO: File included and script started: product_actions.php [] []
[2025-02-26T15:16:36.552852+05:00] SaveEntries.INFO: File included and script started: product_actions.php [] []
[2025-02-26T15:21:21.720253+05:00] SaveEntries.INFO: File included and script started: product_actions.php [] []
[2025-02-26T15:21:21.723792+05:00] SaveEntries.INFO: File included and script started: product_actions.php [] []
[2025-02-26T15:21:26.596929+05:00] SaveEntries.INFO: File included and script started: product_actions.php [] []
[2025-02-26T15:21:26.621919+05:00] SaveEntries.INFO: File included and script started: product_actions.php [] []
[2025-02-26T15:21:32.647636+05:00] SaveEntries.INFO: File included and script started: product_actions.php [] []
[2025-02-26T15:21:34.835350+05:00] SaveEntries.INFO: File included and script started: product_actions.php [] []
[2025-02-26T15:21:36.103868+05:00] SaveEntries.INFO: File included and script started: product_actions.php [] []
[2025-02-26T15:21:39.645174+05:00] SaveEntries.INFO: File included and script started: categories.php [] []
[2025-02-26T15:21:40.079897+05:00] SaveEntries.INFO: File included and script started: category_actions.php [] []
[2025-02-26T15:21:41.247193+05:00] SaveEntries.INFO: File included and script started: categories.php [] []
[2025-02-26T15:21:41.650551+05:00] SaveEntries.INFO: File included and script started: category_actions.php [] []
[2025-02-26T15:21:43.464111+05:00] SaveEntries.INFO: File included and script started: category_actions.php [] []
[2025-02-26T15:21:43.466898+05:00] SaveEntries.INFO: File included and script started: category_actions.php [] []
[2025-02-26T15:21:44.525855+05:00] SaveEntries.INFO: File included and script started: category_actions.php [] []
[2025-02-26T15:21:44.635192+05:00] SaveEntries.INFO: File included and script started: category_actions.php [] []
[2025-02-26T15:21:44.696729+05:00] SaveEntries.INFO: File included and script started: category_actions.php [] []
[2025-02-26T15:21:44.944785+05:00] SaveEntries.INFO: File included and script started: category_actions.php [] []
[2025-02-26T15:21:44.954002+05:00] SaveEntries.INFO: File included and script started: category_actions.php [] []
[2025-02-26T15:21:45.718250+05:00] SaveEntries.INFO: File included and script started: category_actions.php [] []
[2025-02-26T22:30:33.132848+05:00] SaveEntries.INFO: File included and script started: categories.php [] []
[2025-02-26T22:30:33.897256+05:00] SaveEntries.INFO: File included and script started: category_actions.php [] []
[2025-02-26T22:31:19.311077+05:00] SaveEntries.INFO: File included and script started: categories.php [] []
[2025-02-26T22:31:19.693378+05:00] SaveEntries.INFO: File included and script started: category_actions.php [] []
[2025-02-26T22:31:41.275080+05:00] SaveEntries.INFO: File included and script started: categories.php [] []
[2025-02-26T22:31:41.485393+05:00] SaveEntries.INFO: File included and script started: category_actions.php [] []
[2025-02-26T22:32:08.123188+05:00] SaveEntries.INFO: File included and script started: categories.php [] []
[2025-02-26T22:32:08.394250+05:00] SaveEntries.INFO: File included and script started: category_actions.php [] []
[2025-02-26T22:32:55.139280+05:00] SaveEntries.INFO: File included and script started: categories.php [] []
[2025-02-26T22:32:55.409361+05:00] SaveEntries.INFO: File included and script started: category_actions.php [] []
[2025-02-26T22:33:20.671295+05:00] SaveEntries.INFO: File included and script started: categories.php [] []
[2025-02-26T22:33:21.031775+05:00] SaveEntries.INFO: File included and script started: category_actions.php [] []
[2025-02-26T22:33:58.444469+05:00] SaveEntries.INFO: File included and script started: categories.php [] []
[2025-02-26T22:33:58.622773+05:00] SaveEntries.INFO: File included and script started: category_actions.php [] []
[2025-02-26T22:34:00.751649+05:00] SaveEntries.INFO: File included and script started: category_actions.php [] []
[2025-02-26T22:34:00.756031+05:00] SaveEntries.INFO: File included and script started: category_actions.php [] []
[2025-02-26T22:34:02.253450+05:00] SaveEntries.INFO: File included and script started: category_actions.php [] []
[2025-02-26T22:34:04.326005+05:00] SaveEntries.INFO: File included and script started: category_actions.php [] []
[2025-02-26T22:34:17.111014+05:00] SaveEntries.INFO: File included and script started: category_actions.php [] []
[2025-02-26T22:34:17.138348+05:00] SaveEntries.INFO: File included and script started: category_actions.php [] []
[2025-02-26T22:34:20.047418+05:00] SaveEntries.INFO: File included and script started: category_actions.php [] []
[2025-02-26T22:34:21.157390+05:00] SaveEntries.INFO: File included and script started: category_actions.php [] []
[2025-02-26T22:34:28.937596+05:00] SaveEntries.INFO: File included and script started: category_actions.php [] []
[2025-02-26T22:34:29.919888+05:00] SaveEntries.INFO: File included and script started: category_actions.php [] []
[2025-02-26T22:34:35.805527+05:00] SaveEntries.INFO: File included and script started: brands.php [] []
[2025-02-26T22:34:36.769994+05:00] SaveEntries.INFO: File included and script started: brand_actions.php [] []
[2025-02-26T22:34:36.858881+05:00] SaveEntries.INFO: File included and script started: brands.php [] []
[2025-02-26T22:34:37.107722+05:00] SaveEntries.INFO: File included and script started: brand_actions.php [] []
[2025-02-26T22:34:46.654089+05:00] SaveEntries.INFO: File included and script started: products.php [] []
[2025-02-26T22:34:47.342947+05:00] SaveEntries.INFO: File included and script started: product_actions.php [] []
[2025-02-26T22:34:47.344318+05:00] SaveEntries.INFO: File included and script started: product_actions.php [] []
[2025-02-26T22:34:47.346877+05:00] SaveEntries.INFO: File included and script started: product_actions.php [] []
[2025-02-26T22:34:47.383749+05:00] SaveEntries.INFO: File included and script started: product_actions.php [] []
[2025-02-26T22:34:47.389725+05:00] SaveEntries.INFO: File included and script started: product_actions.php [] []
[2025-02-26T22:34:53.024179+05:00] SaveEntries.INFO: File included and script started: categories.php [] []
[2025-02-26T22:34:53.625294+05:00] SaveEntries.INFO: File included and script started: category_actions.php [] []
[2025-02-26T22:34:53.883846+05:00] SaveEntries.INFO: File included and script started: categories.php [] []
[2025-02-26T22:34:54.118723+05:00] SaveEntries.INFO: File included and script started: category_actions.php [] []
[2025-02-26T22:35:43.165729+05:00] SaveEntries.INFO: File included and script started: categories.php [] []
[2025-02-26T22:35:43.407432+05:00] SaveEntries.INFO: File included and script started: category_actions.php [] []
[2025-02-26T22:35:49.604161+05:00] SaveEntries.INFO: File included and script started: categories.php [] []
[2025-02-26T22:35:49.894221+05:00] SaveEntries.INFO: File included and script started: category_actions.php [] []
[2025-02-26T22:35:53.098553+05:00] SaveEntries.INFO: File included and script started: category_actions.php [] []
[2025-02-26T22:35:53.101669+05:00] SaveEntries.INFO: File included and script started: category_actions.php [] []
[2025-02-26T22:35:54.944361+05:00] SaveEntries.INFO: File included and script started: category_actions.php [] []
[2025-02-26T22:35:54.948587+05:00] SaveEntries.INFO: File included and script started: category_actions.php [] []
[2025-02-26T22:36:01.207563+05:00] SaveEntries.INFO: File included and script started: category_actions.php [] []
[2025-02-26T22:36:06.862080+05:00] SaveEntries.INFO: File included and script started: products.php [] []
[2025-02-26T22:36:07.332557+05:00] SaveEntries.INFO: File included and script started: product_actions.php [] []
[2025-02-26T22:36:07.385753+05:00] SaveEntries.INFO: File included and script started: product_actions.php [] []
[2025-02-26T22:36:07.385921+05:00] SaveEntries.INFO: File included and script started: product_actions.php [] []
[2025-02-26T22:36:07.393945+05:00] SaveEntries.INFO: File included and script started: product_actions.php [] []
[2025-02-26T22:36:07.520860+05:00] SaveEntries.INFO: File included and script started: products.php [] []
[2025-02-26T22:36:07.735903+05:00] SaveEntries.INFO: File included and script started: product_actions.php [] []
[2025-02-26T22:36:07.774076+05:00] SaveEntries.INFO: File included and script started: product_actions.php [] []
[2025-02-26T22:36:07.777830+05:00] SaveEntries.INFO: File included and script started: product_actions.php [] []
[2025-02-26T22:36:07.790734+05:00] SaveEntries.INFO: File included and script started: product_actions.php [] []
[2025-02-26T22:36:14.642665+05:00] SaveEntries.INFO: File included and script started: product_actions.php [] []
[2025-02-26T22:36:16.800286+05:00] SaveEntries.INFO: File included and script started: product_actions.php [] []
[2025-02-26T22:36:16.804218+05:00] SaveEntries.INFO: File included and script started: product_actions.php [] []
[2025-02-26T22:36:34.575424+05:00] SaveEntries.INFO: File included and script started: product_actions.php [] []
[2025-02-26T22:36:34.612639+05:00] SaveEntries.INFO: File included and script started: product_actions.php [] []
[2025-02-26T22:36:37.199390+05:00] SaveEntries.INFO: File included and script started: product_actions.php [] []
[2025-02-26T22:36:40.537150+05:00] SaveEntries.INFO: File included and script started: product_actions.php [] []
[2025-02-26T22:36:42.259423+05:00] SaveEntries.INFO: File included and script started: product_actions.php [] []
[2025-02-26T22:36:44.892305+05:00] SaveEntries.INFO: File included and script started: product_actions.php [] []
[2025-02-26T22:36:45.892033+05:00] SaveEntries.INFO: File included and script started: product_actions.php [] []
[2025-02-26T22:37:28.492358+05:00] SaveEntries.INFO: File included and script started: products.php [] []
[2025-02-26T22:37:28.692947+05:00] SaveEntries.INFO: File included and script started: product_actions.php [] []
[2025-02-26T22:37:28.693624+05:00] SaveEntries.INFO: File included and script started: product_actions.php [] []
[2025-02-26T22:37:28.727712+05:00] SaveEntries.INFO: File included and script started: product_actions.php [] []
[2025-02-26T22:37:28.747659+05:00] SaveEntries.INFO: File included and script started: product_actions.php [] []
[2025-02-26T22:37:28.779095+05:00] SaveEntries.INFO: File included and script started: product_actions.php [] []
[2025-02-26T22:37:33.708089+05:00] SaveEntries.INFO: File included and script started: products.php [] []
[2025-02-26T22:37:33.858249+05:00] SaveEntries.INFO: File included and script started: product_actions.php [] []
[2025-02-26T22:37:33.861747+05:00] SaveEntries.INFO: File included and script started: product_actions.php [] []
[2025-02-26T22:37:33.893223+05:00] SaveEntries.INFO: File included and script started: product_actions.php [] []
[2025-02-26T22:37:33.901307+05:00] SaveEntries.INFO: File included and script started: product_actions.php [] []
[2025-02-26T22:37:33.933044+05:00] SaveEntries.INFO: File included and script started: product_actions.php [] []
[2025-02-26T22:37:36.993013+05:00] SaveEntries.INFO: File included and script started: product_actions.php [] []
[2025-02-26T22:37:56.646355+05:00] SaveEntries.INFO: File included and script started: products.php [] []
[2025-02-26T22:37:56.828839+05:00] SaveEntries.INFO: File included and script started: product_actions.php [] []
[2025-02-26T22:37:56.854752+05:00] SaveEntries.INFO: File included and script started: product_actions.php [] []
[2025-02-26T22:37:56.903168+05:00] SaveEntries.INFO: File included and script started: product_actions.php [] []
[2025-02-26T22:37:56.904864+05:00] SaveEntries.INFO: File included and script started: product_actions.php [] []
[2025-02-26T22:37:56.942106+05:00] SaveEntries.INFO: File included and script started: product_actions.php [] []
[2025-02-26T22:37:58.452241+05:00] SaveEntries.INFO: File included and script started: product_actions.php [] []
[2025-02-26T22:38:15.114931+05:00] SaveEntries.INFO: File included and script started: products.php [] []
[2025-02-26T22:38:15.427196+05:00] SaveEntries.INFO: File included and script started: product_actions.php [] []
[2025-02-26T22:38:15.476152+05:00] SaveEntries.INFO: File included and script started: product_actions.php [] []
[2025-02-26T22:38:15.505249+05:00] SaveEntries.INFO: File included and script started: product_actions.php [] []
[2025-02-26T22:38:15.558350+05:00] SaveEntries.INFO: File included and script started: product_actions.php [] []
[2025-02-26T22:38:15.570042+05:00] SaveEntries.INFO: File included and script started: product_actions.php [] []
[2025-02-26T22:38:17.920525+05:00] SaveEntries.INFO: File included and script started: product_actions.php [] []
[2025-02-26T22:38:24.805023+05:00] SaveEntries.INFO: File included and script started: product_actions.php [] []
[2025-02-26T22:38:24.862860+05:00] SaveEntries.INFO: File included and script started: product_actions.php [] []
[2025-02-26T22:38:31.622586+05:00] SaveEntries.INFO: File included and script started: product_actions.php [] []
[2025-02-26T22:38:31.630066+05:00] SaveEntries.INFO: File included and script started: product_actions.php [] []
[2025-02-26T22:38:33.930565+05:00] SaveEntries.INFO: File included and script started: product_actions.php [] []
[2025-02-26T22:38:33.932690+05:00] SaveEntries.INFO: File included and script started: product_actions.php [] []
[2025-02-26T22:38:35.839911+05:00] SaveEntries.INFO: File included and script started: product_actions.php [] []
[2025-02-26T22:38:35.844080+05:00] SaveEntries.INFO: File included and script started: product_actions.php [] []
[2025-02-26T22:38:37.253227+05:00] SaveEntries.INFO: File included and script started: product_actions.php [] []
[2025-02-26T22:38:39.677166+05:00] SaveEntries.INFO: File included and script started: product_actions.php [] []
[2025-02-26T22:38:39.684488+05:00] SaveEntries.INFO: File included and script started: product_actions.php [] []
[2025-02-26T22:38:41.539892+05:00] SaveEntries.INFO: File included and script started: product_actions.php [] []
[2025-02-26T22:38:41.550506+05:00] SaveEntries.INFO: File included and script started: product_actions.php [] []
[2025-02-26T22:38:43.260775+05:00] SaveEntries.INFO: File included and script started: product_actions.php [] []
[2025-02-26T22:38:49.555918+05:00] SaveEntries.INFO: File included and script started: product_actions.php [] []
[2025-02-26T22:38:49.561821+05:00] SaveEntries.INFO: File included and script started: product_actions.php [] []
[2025-02-26T22:38:51.188289+05:00] SaveEntries.INFO: File included and script started: product_actions.php [] []
[2025-02-26T22:38:55.821352+05:00] SaveEntries.INFO: File included and script started: product_actions.php [] []
[2025-02-26T22:40:34.254863+05:00] SaveEntries.INFO: File included and script started: products.php [] []
[2025-02-26T22:40:34.618780+05:00] SaveEntries.INFO: File included and script started: product_actions.php [] []
[2025-02-26T22:40:34.619414+05:00] SaveEntries.INFO: File included and script started: product_actions.php [] []
[2025-02-26T22:40:34.660905+05:00] SaveEntries.INFO: File included and script started: product_actions.php [] []
[2025-02-26T22:40:34.664375+05:00] SaveEntries.INFO: File included and script started: product_actions.php [] []
[2025-02-26T22:40:34.697499+05:00] SaveEntries.INFO: File included and script started: product_actions.php [] []
[2025-02-26T22:40:36.889447+05:00] SaveEntries.INFO: File included and script started: product_actions.php [] []
[2025-02-26T22:40:36.889878+05:00] SaveEntries.INFO: File included and script started: product_actions.php [] []
[2025-02-26T22:41:07.862096+05:00] SaveEntries.INFO: File included and script started: products.php [] []
[2025-02-26T22:41:08.277024+05:00] SaveEntries.INFO: File included and script started: product_actions.php [] []
[2025-02-26T22:41:08.280160+05:00] SaveEntries.INFO: File included and script started: product_actions.php [] []
[2025-02-26T22:41:08.321351+05:00] SaveEntries.INFO: File included and script started: product_actions.php [] []
[2025-02-26T22:41:08.329928+05:00] SaveEntries.INFO: File included and script started: product_actions.php [] []
[2025-02-26T22:41:08.339522+05:00] SaveEntries.INFO: File included and script started: product_actions.php [] []
[2025-02-26T22:41:10.105854+05:00] SaveEntries.INFO: File included and script started: product_actions.php [] []
[2025-02-26T22:41:17.474256+05:00] SaveEntries.INFO: File included and script started: product_actions.php [] []
[2025-02-26T22:41:17.515241+05:00] SaveEntries.INFO: File included and script started: product_actions.php [] []
[2025-02-26T22:41:25.846803+05:00] SaveEntries.INFO: File included and script started: product_actions.php [] []
[2025-02-26T22:44:11.024580+05:00] SaveEntries.INFO: File included and script started: product_actions.php [] []
[2025-02-26T22:44:11.025669+05:00] SaveEntries.INFO: File included and script started: product_actions.php [] []
[2025-02-26T22:44:15.618935+05:00] SaveEntries.INFO: File included and script started: product_actions.php [] []
[2025-02-26T22:44:16.627885+05:00] SaveEntries.INFO: File included and script started: product_actions.php [] []
[2025-02-26T22:44:16.840033+05:00] SaveEntries.INFO: File included and script started: product_actions.php [] []
[2025-02-26T22:44:17.024797+05:00] SaveEntries.INFO: File included and script started: product_actions.php [] []
[2025-02-26T22:44:17.229359+05:00] SaveEntries.INFO: File included and script started: product_actions.php [] []
[2025-02-26T22:44:23.561742+05:00] SaveEntries.INFO: File included and script started: products.php [] []
[2025-02-26T22:44:23.879686+05:00] SaveEntries.INFO: File included and script started: product_actions.php [] []
[2025-02-26T22:44:23.881629+05:00] SaveEntries.INFO: File included and script started: product_actions.php [] []
[2025-02-26T22:44:23.921391+05:00] SaveEntries.INFO: File included and script started: product_actions.php [] []
[2025-02-26T22:44:23.920846+05:00] SaveEntries.INFO: File included and script started: product_actions.php [] []
[2025-02-26T22:44:23.936428+05:00] SaveEntries.INFO: File included and script started: product_actions.php [] []
[2025-02-26T22:44:26.183503+05:00] SaveEntries.INFO: File included and script started: product_actions.php [] []
[2025-02-26T22:44:28.405005+05:00] SaveEntries.INFO: File included and script started: products.php [] []
[2025-02-26T22:44:28.593485+05:00] SaveEntries.INFO: File included and script started: product_actions.php [] []
[2025-02-26T22:44:28.628803+05:00] SaveEntries.INFO: File included and script started: product_actions.php [] []
[2025-02-26T22:44:28.653387+05:00] SaveEntries.INFO: File included and script started: product_actions.php [] []
[2025-02-26T22:44:28.730932+05:00] SaveEntries.INFO: File included and script started: product_actions.php [] []
[2025-02-26T22:44:28.732454+05:00] SaveEntries.INFO: File included and script started: product_actions.php [] []
[2025-02-26T22:44:30.731666+05:00] SaveEntries.INFO: File included and script started: product_actions.php [] []
[2025-02-26T22:44:30.732840+05:00] SaveEntries.INFO: File included and script started: product_actions.php [] []
[2025-02-26T22:44:32.458079+05:00] SaveEntries.INFO: File included and script started: products.php [] []
[2025-02-26T22:44:32.625568+05:00] SaveEntries.INFO: File included and script started: product_actions.php [] []
[2025-02-26T22:44:32.628764+05:00] SaveEntries.INFO: File included and script started: product_actions.php [] []
[2025-02-26T22:44:32.672316+05:00] SaveEntries.INFO: File included and script started: product_actions.php [] []
[2025-02-26T22:44:32.690815+05:00] SaveEntries.INFO: File included and script started: product_actions.php [] []
[2025-02-26T22:44:32.767458+05:00] SaveEntries.INFO: File included and script started: product_actions.php [] []
[2025-02-26T22:48:23.261803+05:00] SaveEntries.INFO: File included and script started: products.php [] []
[2025-02-26T22:48:23.435747+05:00] SaveEntries.INFO: File included and script started: product_actions.php [] []
[2025-02-26T22:48:23.451317+05:00] SaveEntries.INFO: File included and script started: product_actions.php [] []
[2025-02-26T22:48:23.496534+05:00] SaveEntries.INFO: File included and script started: product_actions.php [] []
[2025-02-26T22:48:23.508826+05:00] SaveEntries.INFO: File included and script started: product_actions.php [] []
[2025-02-26T22:48:23.538490+05:00] SaveEntries.INFO: File included and script started: product_actions.php [] []
[2025-02-26T22:48:25.690729+05:00] SaveEntries.INFO: File included and script started: product_actions.php [] []
[2025-02-26T22:48:29.095185+05:00] SaveEntries.INFO: File included and script started: product_actions.php [] []
[2025-02-26T22:48:33.613087+05:00] SaveEntries.INFO: File included and script started: products.php [] []
[2025-02-26T22:48:33.844421+05:00] SaveEntries.INFO: File included and script started: product_actions.php [] []
[2025-02-26T22:48:33.882950+05:00] SaveEntries.INFO: File included and script started: product_actions.php [] []
[2025-02-26T22:48:33.889499+05:00] SaveEntries.INFO: File included and script started: product_actions.php [] []
[2025-02-26T22:48:33.930027+05:00] SaveEntries.INFO: File included and script started: product_actions.php [] []
[2025-02-26T22:48:41.870234+05:00] SaveEntries.INFO: File included and script started: product_actions.php [] []
[2025-02-26T22:48:43.382827+05:00] SaveEntries.INFO: File included and script started: product_actions.php [] []
[2025-02-26T22:48:54.368292+05:00] SaveEntries.INFO: File included and script started: product_actions.php [] []
[2025-02-26T22:49:05.220824+05:00] SaveEntries.INFO: File included and script started: product_actions.php [] []
[2025-02-26T22:49:58.771452+05:00] SaveEntries.INFO: File included and script started: product_actions.php [] []
[2025-02-26T22:53:58.841235+05:00] SaveEntries.INFO: File included and script started: product_actions.php [] []
[2025-02-26T22:53:58.845997+05:00] SaveEntries.INFO: File included and script started: product_actions.php [] []
[2025-02-26T22:53:58.851323+05:00] SaveEntries.INFO: File included and script started: product_actions.php [] []
[2025-02-26T22:54:02.316769+05:00] SaveEntries.INFO: File included and script started: product_actions.php [] []
[2025-02-26T22:54:02.321070+05:00] SaveEntries.INFO: File included and script started: product_actions.php [] []
[2025-02-26T22:54:05.756849+05:00] SaveEntries.INFO: File included and script started: product_actions.php [] []
[2025-02-26T22:54:29.376235+05:00] SaveEntries.INFO: File included and script started: products.php [] []
[2025-02-26T22:54:29.701593+05:00] SaveEntries.INFO: File included and script started: product_actions.php [] []
[2025-02-26T22:54:29.706605+05:00] SaveEntries.INFO: File included and script started: product_actions.php [] []
[2025-02-26T22:54:29.741290+05:00] SaveEntries.INFO: File included and script started: product_actions.php [] []
[2025-02-26T22:54:29.754674+05:00] SaveEntries.INFO: File included and script started: product_actions.php [] []
[2025-02-26T22:54:29.803456+05:00] SaveEntries.INFO: File included and script started: product_actions.php [] []
[2025-02-26T22:54:32.768493+05:00] SaveEntries.INFO: File included and script started: product_actions.php [] []
[2025-02-26T22:54:32.772724+05:00] SaveEntries.INFO: File included and script started: product_actions.php [] []
[2025-02-26T22:54:34.050407+05:00] SaveEntries.INFO: File included and script started: product_actions.php [] []
[2025-02-26T22:54:35.400002+05:00] SaveEntries.INFO: File included and script started: product_actions.php [] []
[2025-02-26T22:54:36.319727+05:00] SaveEntries.INFO: File included and script started: product_actions.php [] []
[2025-02-26T22:54:38.714143+05:00] SaveEntries.INFO: File included and script started: product_actions.php [] []
[2025-02-26T22:54:40.026801+05:00] SaveEntries.INFO: File included and script started: product_actions.php [] []
[2025-02-26T22:55:41.528746+05:00] SaveEntries.INFO: File included and script started: products.php [] []
[2025-02-26T22:55:41.762903+05:00] SaveEntries.INFO: File included and script started: product_actions.php [] []
[2025-02-26T22:55:41.813838+05:00] SaveEntries.INFO: File included and script started: product_actions.php [] []
[2025-02-26T22:55:41.840318+05:00] SaveEntries.INFO: File included and script started: product_actions.php [] []
[2025-02-26T22:55:41.905603+05:00] SaveEntries.INFO: File included and script started: product_actions.php [] []
[2025-02-26T22:55:41.938796+05:00] SaveEntries.INFO: File included and script started: product_actions.php [] []
[2025-02-26T22:56:21.956154+05:00] SaveEntries.INFO: File included and script started: products.php [] []
[2025-02-26T22:56:22.311857+05:00] SaveEntries.INFO: File included and script started: product_actions.php [] []
[2025-02-26T22:56:22.311444+05:00] SaveEntries.INFO: File included and script started: product_actions.php [] []
[2025-02-26T22:56:22.351458+05:00] SaveEntries.INFO: File included and script started: product_actions.php [] []
[2025-02-26T22:56:22.369440+05:00] SaveEntries.INFO: File included and script started: product_actions.php [] []
[2025-02-26T22:56:22.394260+05:00] SaveEntries.INFO: File included and script started: product_actions.php [] []
[2025-02-26T22:56:29.502761+05:00] SaveEntries.INFO: File included and script started: products.php [] []
[2025-02-26T22:56:29.773562+05:00] SaveEntries.INFO: File included and script started: product_actions.php [] []
[2025-02-26T22:56:29.775081+05:00] SaveEntries.INFO: File included and script started: product_actions.php [] []
[2025-02-26T22:56:29.817872+05:00] SaveEntries.INFO: File included and script started: product_actions.php [] []
[2025-02-26T22:56:29.819718+05:00] SaveEntries.INFO: File included and script started: product_actions.php [] []
[2025-02-26T22:56:29.883393+05:00] SaveEntries.INFO: File included and script started: product_actions.php [] []
[2025-02-26T22:56:31.913123+05:00] SaveEntries.INFO: File included and script started: product_actions.php [] []
[2025-02-26T22:56:31.917538+05:00] SaveEntries.INFO: File included and script started: product_actions.php [] []
[2025-02-26T22:56:33.440891+05:00] SaveEntries.INFO: File included and script started: products.php [] []
[2025-02-26T22:56:33.577934+05:00] SaveEntries.INFO: File included and script started: product_actions.php [] []
[2025-02-26T22:56:33.618185+05:00] SaveEntries.INFO: File included and script started: product_actions.php [] []
[2025-02-26T22:56:33.620558+05:00] SaveEntries.INFO: File included and script started: product_actions.php [] []
[2025-02-26T22:56:33.626509+05:00] SaveEntries.INFO: File included and script started: product_actions.php [] []
[2025-02-26T22:56:35.258167+05:00] SaveEntries.INFO: File included and script started: product_actions.php [] []
[2025-02-26T22:56:36.419134+05:00] SaveEntries.INFO: File included and script started: product_actions.php [] []
[2025-02-26T22:56:38.960509+05:00] SaveEntries.INFO: File included and script started: product_actions.php [] []
[2025-02-26T22:56:40.774737+05:00] SaveEntries.INFO: File included and script started: product_actions.php [] []
[2025-02-26T22:56:40.857467+05:00] SaveEntries.INFO: File included and script started: product_actions.php [] []
[2025-02-26T22:56:40.859028+05:00] SaveEntries.INFO: File included and script started: product_actions.php [] []
[2025-02-26T22:57:00.959976+05:00] SaveEntries.INFO: File included and script started: product_actions.php [] []
[2025-02-26T22:57:01.047360+05:00] SaveEntries.INFO: File included and script started: product_actions.php [] []
[2025-02-26T22:57:10.940648+05:00] SaveEntries.INFO: File included and script started: product_actions.php [] []
[2025-02-26T22:57:12.132213+05:00] SaveEntries.INFO: File included and script started: product_actions.php [] []
[2025-02-26T22:57:13.866677+05:00] SaveEntries.INFO: File included and script started: product_actions.php [] []
[2025-02-26T22:57:15.199741+05:00] SaveEntries.INFO: File included and script started: product_actions.php [] []
[2025-02-26T22:57:15.287693+05:00] SaveEntries.INFO: File included and script started: products.php [] []
[2025-02-26T22:57:15.464237+05:00] SaveEntries.INFO: File included and script started: product_actions.php [] []
[2025-02-26T22:57:15.464810+05:00] SaveEntries.INFO: File included and script started: product_actions.php [] []
[2025-02-26T22:57:15.511468+05:00] SaveEntries.INFO: File included and script started: product_actions.php [] []
[2025-02-26T22:57:15.528562+05:00] SaveEntries.INFO: File included and script started: product_actions.php [] []
[2025-02-26T22:57:15.528979+05:00] SaveEntries.INFO: File included and script started: product_actions.php [] []
[2025-02-26T22:57:17.532276+05:00] SaveEntries.INFO: File included and script started: product_actions.php [] []
[2025-02-26T22:57:17.533665+05:00] SaveEntries.INFO: File included and script started: product_actions.php [] []
[2025-02-26T22:57:20.292471+05:00] SaveEntries.INFO: File included and script started: product_actions.php [] []
[2025-02-26T22:57:20.294633+05:00] SaveEntries.INFO: File included and script started: product_actions.php [] []
[2025-02-26T22:57:22.276286+05:00] SaveEntries.INFO: File included and script started: product_actions.php [] []
[2025-02-26T22:57:23.012596+05:00] SaveEntries.INFO: File included and script started: product_actions.php [] []
[2025-02-26T22:57:23.259946+05:00] SaveEntries.INFO: File included and script started: product_actions.php [] []
[2025-02-26T22:57:48.796727+05:00] SaveEntries.INFO: File included and script started: product_actions.php [] []
[2025-02-26T22:59:07.384689+05:00] SaveEntries.INFO: File included and script started: product_actions.php [] []
[2025-02-26T22:59:07.397807+05:00] SaveEntries.INFO: File included and script started: products.php [] []
[2025-02-26T22:59:09.807825+05:00] SaveEntries.INFO: File included and script started: product_actions.php [] []
[2025-02-26T22:59:09.809361+05:00] SaveEntries.INFO: File included and script started: product_actions.php [] []
[2025-02-26T22:59:09.853619+05:00] SaveEntries.INFO: File included and script started: product_actions.php [] []
[2025-02-26T22:59:09.874551+05:00] SaveEntries.INFO: File included and script started: product_actions.php [] []
[2025-02-26T22:59:09.877478+05:00] SaveEntries.INFO: File included and script started: product_actions.php [] []
[2025-02-26T22:59:13.110080+05:00] SaveEntries.INFO: File included and script started: product_actions.php [] []
[2025-02-26T22:59:13.111218+05:00] SaveEntries.INFO: File included and script started: product_actions.php [] []
[2025-02-26T22:59:14.676215+05:00] SaveEntries.INFO: File included and script started: product_actions.php [] []
[2025-02-26T22:59:15.990246+05:00] SaveEntries.INFO: File included and script started: product_actions.php [] []
[2025-02-26T22:59:37.059704+05:00] SaveEntries.INFO: File included and script started: products.php [] []
[2025-02-26T22:59:37.068901+05:00] SaveEntries.INFO: File included and script started: product_actions.php [] []
[2025-02-26T22:59:37.368135+05:00] SaveEntries.INFO: File included and script started: product_actions.php [] []
[2025-02-26T22:59:37.374154+05:00] SaveEntries.INFO: File included and script started: product_actions.php [] []
[2025-02-26T22:59:37.407898+05:00] SaveEntries.INFO: File included and script started: product_actions.php [] []
[2025-02-26T22:59:37.411319+05:00] SaveEntries.INFO: File included and script started: product_actions.php [] []
[2025-02-26T22:59:37.430467+05:00] SaveEntries.INFO: File included and script started: product_actions.php [] []
[2025-02-26T22:59:44.406818+05:00] SaveEntries.INFO: File included and script started: products.php [] []
[2025-02-26T22:59:44.572879+05:00] SaveEntries.INFO: File included and script started: product_actions.php [] []
[2025-02-26T22:59:44.573261+05:00] SaveEntries.INFO: File included and script started: product_actions.php [] []
[2025-02-26T22:59:44.616491+05:00] SaveEntries.INFO: File included and script started: product_actions.php [] []
[2025-02-26T22:59:44.628572+05:00] SaveEntries.INFO: File included and script started: product_actions.php [] []
[2025-02-26T22:59:44.631819+05:00] SaveEntries.INFO: File included and script started: product_actions.php [] []
[2025-02-26T22:59:46.809134+05:00] SaveEntries.INFO: File included and script started: product_actions.php [] []
[2025-02-26T22:59:51.455769+05:00] SaveEntries.INFO: File included and script started: product_actions.php [] []
[2025-02-26T23:00:26.915557+05:00] SaveEntries.INFO: File included and script started: product_actions.php [] []
[2025-02-26T23:00:28.174759+05:00] SaveEntries.INFO: File included and script started: product_actions.php [] []
[2025-02-26T23:00:45.330581+05:00] SaveEntries.INFO: File included and script started: product_actions.php [] []
[2025-02-26T23:00:48.549905+05:00] SaveEntries.INFO: File included and script started: product_actions.php [] []
[2025-02-26T23:04:08.547182+05:00] SaveEntries.INFO: File included and script started: products.php [] []
[2025-02-26T23:04:08.857336+05:00] SaveEntries.INFO: File included and script started: product_actions.php [] []
[2025-02-26T23:04:08.864855+05:00] SaveEntries.INFO: File included and script started: product_actions.php [] []
[2025-02-26T23:04:08.907474+05:00] SaveEntries.INFO: File included and script started: product_actions.php [] []
[2025-02-26T23:04:08.922002+05:00] SaveEntries.INFO: File included and script started: product_actions.php [] []
[2025-02-26T23:04:08.932578+05:00] SaveEntries.INFO: File included and script started: product_actions.php [] []
[2025-02-26T23:04:14.318464+05:00] SaveEntries.INFO: File included and script started: product_actions.php [] []
[2025-02-26T23:04:15.640466+05:00] SaveEntries.INFO: File included and script started: product_actions.php [] []
[2025-02-26T23:04:37.134890+05:00] SaveEntries.INFO: File included and script started: product_actions.php [] []
[2025-02-26T23:04:37.583876+05:00] SaveEntries.INFO: File included and script started: product_actions.php [] []
[2025-02-26T23:05:41.529060+05:00] SaveEntries.INFO: File included and script started: products.php [] []
[2025-02-26T23:05:42.039495+05:00] SaveEntries.INFO: File included and script started: product_actions.php [] []
[2025-02-26T23:05:42.054184+05:00] SaveEntries.INFO: File included and script started: product_actions.php [] []
[2025-02-26T23:05:42.108238+05:00] SaveEntries.INFO: File included and script started: product_actions.php [] []
[2025-02-26T23:05:42.110614+05:00] SaveEntries.INFO: File included and script started: product_actions.php [] []
[2025-02-26T23:05:42.134017+05:00] SaveEntries.INFO: File included and script started: product_actions.php [] []
[2025-02-26T23:05:43.629887+05:00] SaveEntries.INFO: File included and script started: product_actions.php [] []
[2025-02-26T23:05:44.791960+05:00] SaveEntries.INFO: File included and script started: product_actions.php [] []
[2025-02-26T23:05:45.793206+05:00] SaveEntries.INFO: File included and script started: product_actions.php [] []
[2025-02-26T23:05:47.017260+05:00] SaveEntries.INFO: File included and script started: product_actions.php [] []
[2025-02-26T23:05:47.076560+05:00] SaveEntries.INFO: File included and script started: products.php [] []
[2025-02-26T23:05:47.242898+05:00] SaveEntries.INFO: File included and script started: product_actions.php [] []
[2025-02-26T23:05:47.251100+05:00] SaveEntries.INFO: File included and script started: product_actions.php [] []
[2025-02-26T23:05:47.278993+05:00] SaveEntries.INFO: File included and script started: product_actions.php [] []
[2025-02-26T23:05:47.350526+05:00] SaveEntries.INFO: File included and script started: product_actions.php [] []
[2025-02-26T23:05:47.380389+05:00] SaveEntries.INFO: File included and script started: product_actions.php [] []
[2025-02-26T23:05:53.185035+05:00] SaveEntries.INFO: File included and script started: products.php [] []
[2025-02-26T23:05:53.373571+05:00] SaveEntries.INFO: File included and script started: product_actions.php [] []
[2025-02-26T23:05:53.375592+05:00] SaveEntries.INFO: File included and script started: product_actions.php [] []
[2025-02-26T23:05:53.422000+05:00] SaveEntries.INFO: File included and script started: product_actions.php [] []
[2025-02-26T23:05:53.440096+05:00] SaveEntries.INFO: File included and script started: product_actions.php [] []
[2025-02-26T23:05:53.493252+05:00] SaveEntries.INFO: File included and script started: product_actions.php [] []
[2025-02-26T23:05:56.685125+05:00] SaveEntries.INFO: File included and script started: product_actions.php [] []
[2025-02-26T23:05:56.686855+05:00] SaveEntries.INFO: File included and script started: product_actions.php [] []
[2025-02-26T23:07:17.388937+05:00] SaveEntries.INFO: File included and script started: product_actions.php [] []
[2025-02-26T23:07:23.014581+05:00] SaveEntries.INFO: File included and script started: product_actions.php [] []
[2025-02-26T23:07:42.730150+05:00] SaveEntries.INFO: File included and script started: products.php [] []
[2025-02-26T23:07:43.016276+05:00] SaveEntries.INFO: File included and script started: product_actions.php [] []
[2025-02-26T23:07:43.024423+05:00] SaveEntries.INFO: File included and script started: product_actions.php [] []
[2025-02-26T23:07:43.058611+05:00] SaveEntries.INFO: File included and script started: product_actions.php [] []
[2025-02-26T23:07:43.082135+05:00] SaveEntries.INFO: File included and script started: product_actions.php [] []
[2025-02-26T23:07:43.087328+05:00] SaveEntries.INFO: File included and script started: product_actions.php [] []
[2025-02-26T23:08:31.090579+05:00] SaveEntries.INFO: File included and script started: product_actions.php [] []
[2025-02-26T23:08:35.746094+05:00] SaveEntries.INFO: File included and script started: products.php [] []
[2025-02-26T23:08:35.948294+05:00] SaveEntries.INFO: File included and script started: product_actions.php [] []
[2025-02-26T23:15:36.781280+05:00] SaveEntries.INFO: File included and script started: products.php [] []
[2025-02-26T23:15:37.116493+05:00] SaveEntries.INFO: File included and script started: product_actions.php [] []
[2025-02-26T23:15:37.123031+05:00] SaveEntries.INFO: File included and script started: product_actions.php [] []
[2025-02-26T23:15:37.167568+05:00] SaveEntries.INFO: File included and script started: product_actions.php [] []
[2025-02-26T23:15:37.196617+05:00] SaveEntries.INFO: File included and script started: product_actions.php [] []
[2025-02-26T23:15:37.214894+05:00] SaveEntries.INFO: File included and script started: product_actions.php [] []
[2025-02-26T23:15:38.690740+05:00] SaveEntries.INFO: File included and script started: product_actions.php [] []
[2025-02-26T23:15:42.596772+05:00] SaveEntries.INFO: File included and script started: product_actions.php [] []
[2025-02-26T23:15:44.489909+05:00] SaveEntries.INFO: File included and script started: product_actions.php [] []
[2025-02-26T23:15:56.068558+05:00] SaveEntries.INFO: File included and script started: product_actions.php [] []
[2025-02-26T23:47:28.790843+05:00] SaveEntries.INFO: File included and script started: product_actions.php [] []
[2025-02-26T23:47:44.681661+05:00] SaveEntries.INFO: File included and script started: products.php [] []
[2025-02-26T23:47:45.082126+05:00] SaveEntries.INFO: File included and script started: product_actions.php [] []
[2025-02-26T23:54:14.328563+05:00] SaveEntries.INFO: File included and script started: products.php [] []
[2025-02-26T23:54:14.633207+05:00] SaveEntries.INFO: File included and script started: product_actions.php [] []
[2025-02-26T23:54:14.637090+05:00] SaveEntries.INFO: File included and script started: product_actions.php [] []
[2025-02-26T23:54:14.709218+05:00] SaveEntries.INFO: File included and script started: product_actions.php [] []
[2025-02-26T23:54:14.721048+05:00] SaveEntries.INFO: File included and script started: product_actions.php [] []
[2025-02-26T23:54:14.721807+05:00] SaveEntries.INFO: File included and script started: product_actions.php [] []
[2025-02-26T23:54:16.765006+05:00] SaveEntries.INFO: File included and script started: product_actions.php [] []
[2025-02-26T23:54:25.102352+05:00] SaveEntries.INFO: File included and script started: product_actions.php [] []
[2025-02-26T23:54:29.486527+05:00] SaveEntries.INFO: File included and script started: product_actions.php [] []
[2025-02-26T23:54:29.812560+05:00] SaveEntries.INFO: File included and script started: product_actions.php [] []
[2025-02-26T23:54:30.131309+05:00] SaveEntries.INFO: File included and script started: product_actions.php [] []
[2025-02-26T23:54:30.348611+05:00] SaveEntries.INFO: File included and script started: product_actions.php [] []
[2025-02-26T23:54:30.580063+05:00] SaveEntries.INFO: File included and script started: product_actions.php [] []
[2025-02-26T23:54:30.909536+05:00] SaveEntries.INFO: File included and script started: product_actions.php [] []
[2025-02-26T23:54:34.092029+05:00] SaveEntries.INFO: File included and script started: product_actions.php [] []
[2025-02-26T23:54:36.703707+05:00] SaveEntries.INFO: File included and script started: product_actions.php [] []
[2025-02-26T23:54:38.849609+05:00] SaveEntries.INFO: File included and script started: product_actions.php [] []
[2025-02-26T23:54:40.761595+05:00] SaveEntries.INFO: File included and script started: product_actions.php [] []
[2025-02-26T23:54:42.842603+05:00] SaveEntries.INFO: File included and script started: product_actions.php [] []
[2025-02-26T23:54:43.165398+05:00] SaveEntries.INFO: File included and script started: product_actions.php [] []
[2025-02-26T23:55:21.000269+05:00] SaveEntries.INFO: File included and script started: product_actions.php [] []
[2025-02-26T23:55:23.417514+05:00] SaveEntries.INFO: File included and script started: product_actions.php [] []
[2025-02-26T23:55:32.793711+05:00] SaveEntries.INFO: File included and script started: product_actions.php [] []
[2025-02-26T23:55:33.114017+05:00] SaveEntries.INFO: File included and script started: product_actions.php [] []
[2025-02-26T23:55:36.110975+05:00] SaveEntries.INFO: File included and script started: product_actions.php [] []
[2025-02-26T23:55:38.040965+05:00] SaveEntries.INFO: File included and script started: product_actions.php [] []
[2025-02-26T23:55:38.362445+05:00] SaveEntries.INFO: File included and script started: product_actions.php [] []
[2025-02-26T23:55:40.684635+05:00] SaveEntries.INFO: File included and script started: product_actions.php [] []
[2025-02-26T23:55:41.917851+05:00] SaveEntries.INFO: File included and script started: product_actions.php [] []
[2025-02-26T23:55:42.251578+05:00] SaveEntries.INFO: File included and script started: product_actions.php [] []
[2025-02-26T23:55:44.217622+05:00] SaveEntries.INFO: File included and script started: product_actions.php [] []
[2025-02-26T23:55:45.738680+05:00] SaveEntries.INFO: File included and script started: product_actions.php [] []
[2025-02-26T23:55:46.067959+05:00] SaveEntries.INFO: File included and script started: product_actions.php [] []
[2025-02-26T23:55:51.657174+05:00] SaveEntries.INFO: File included and script started: product_actions.php [] []
[2025-02-26T23:55:54.421569+05:00] SaveEntries.INFO: File included and script started: product_actions.php [] []
[2025-02-26T23:55:55.856278+05:00] SaveEntries.INFO: File included and script started: product_actions.php [] []
[2025-02-26T23:55:56.182994+05:00] SaveEntries.INFO: File included and script started: product_actions.php [] []
[2025-02-26T23:56:03.399629+05:00] SaveEntries.INFO: File included and script started: product_actions.php [] []
[2025-02-26T23:56:12.475609+05:00] SaveEntries.INFO: File included and script started: product_actions.php [] []
[2025-02-26T23:56:18.852289+05:00] SaveEntries.INFO: File included and script started: product_actions.php [] []
[2025-02-26T23:56:21.232373+05:00] SaveEntries.INFO: File included and script started: product_actions.php [] []
[2025-02-26T23:56:28.574834+05:00] SaveEntries.INFO: File included and script started: product_actions.php [] []
[2025-02-26T23:56:28.624957+05:00] SaveEntries.INFO: File included and script started: product_actions.php [] []
[2025-02-26T23:56:30.318205+05:00] SaveEntries.INFO: File included and script started: product_actions.php [] []
[2025-02-26T23:56:30.640844+05:00] SaveEntries.INFO: File included and script started: product_actions.php [] []
[2025-02-26T23:56:37.992454+05:00] SaveEntries.INFO: File included and script started: product_actions.php [] []
[2025-02-26T23:56:43.119965+05:00] SaveEntries.INFO: File included and script started: product_actions.php [] []
[2025-02-26T23:56:47.853271+05:00] SaveEntries.INFO: File included and script started: product_actions.php [] []
[2025-02-26T23:56:49.093900+05:00] SaveEntries.INFO: File included and script started: product_actions.php [] []
[2025-02-26T23:58:38.477992+05:00] SaveEntries.INFO: File included and script started: product_actions.php [] []
[2025-02-26T23:58:41.032448+05:00] SaveEntries.INFO: File included and script started: product_actions.php [] []
[2025-02-26T23:58:44.637189+05:00] SaveEntries.INFO: File included and script started: product_actions.php [] []
[2025-02-26T23:58:46.082211+05:00] SaveEntries.INFO: File included and script started: product_actions.php [] []
[2025-02-26T23:58:46.378814+05:00] SaveEntries.INFO: File included and script started: product_actions.php [] []
[2025-02-26T23:58:53.862926+05:00] SaveEntries.INFO: File included and script started: product_actions.php [] []
[2025-02-26T23:58:54.923863+05:00] SaveEntries.INFO: File included and script started: product_actions.php [] []
[2025-02-26T23:58:57.203997+05:00] SaveEntries.INFO: File included and script started: product_actions.php [] []
[2025-02-26T23:58:57.210674+05:00] SaveEntries.INFO: File included and script started: product_actions.php [] []
[2025-02-26T23:59:17.214975+05:00] SaveEntries.INFO: File included and script started: product_actions.php [] []
[2025-02-26T23:59:17.253745+05:00] SaveEntries.INFO: File included and script started: product_actions.php [] []
[2025-02-26T23:59:25.373673+05:00] SaveEntries.INFO: File included and script started: product_actions.php [] []
[2025-02-26T23:59:28.836926+05:00] SaveEntries.INFO: File included and script started: product_actions.php [] []
