[2025-02-27T00:01:02.884057+05:00] SaveEntries.INFO: File included and script started: products.php [] []
[2025-02-27T00:01:03.268629+05:00] SaveEntries.INFO: File included and script started: product_actions.php [] []
[2025-02-27T00:01:03.301096+05:00] SaveEntries.INFO: File included and script started: product_actions.php [] []
[2025-02-27T00:01:03.337852+05:00] SaveEntries.INFO: File included and script started: product_actions.php [] []
[2025-02-27T00:01:03.389345+05:00] SaveEntries.INFO: File included and script started: product_actions.php [] []
[2025-02-27T00:01:03.430650+05:00] SaveEntries.INFO: File included and script started: product_actions.php [] []
[2025-02-27T00:01:04.906831+05:00] SaveEntries.INFO: File included and script started: product_actions.php [] []
[2025-02-27T00:01:06.610605+05:00] SaveEntries.INFO: File included and script started: product_actions.php [] []
[2025-02-27T00:01:07.758356+05:00] SaveEntries.INFO: File included and script started: product_actions.php [] []
[2025-02-27T00:02:50.788383+05:00] SaveEntries.INFO: File included and script started: products.php [] []
[2025-02-27T00:02:51.077763+05:00] SaveEntries.INFO: File included and script started: product_actions.php [] []
[2025-02-27T00:02:51.091801+05:00] SaveEntries.INFO: File included and script started: product_actions.php [] []
[2025-02-27T00:02:51.210100+05:00] SaveEntries.INFO: File included and script started: product_actions.php [] []
[2025-02-27T00:02:51.225294+05:00] SaveEntries.INFO: File included and script started: product_actions.php [] []
[2025-02-27T00:02:51.241547+05:00] SaveEntries.INFO: File included and script started: product_actions.php [] []
[2025-02-27T00:02:53.588688+05:00] SaveEntries.INFO: File included and script started: product_actions.php [] []
[2025-02-27T00:02:56.023502+05:00] SaveEntries.INFO: File included and script started: product_actions.php [] []
[2025-02-27T00:02:56.358933+05:00] SaveEntries.INFO: File included and script started: product_actions.php [] []
[2025-02-27T00:02:59.942829+05:00] SaveEntries.INFO: File included and script started: product_actions.php [] []
[2025-02-27T00:03:33.724662+05:00] SaveEntries.INFO: File included and script started: product_actions.php [] []
[2025-02-27T00:04:59.711556+05:00] SaveEntries.INFO: File included and script started: products.php [] []
[2025-02-27T00:05:00.003623+05:00] SaveEntries.INFO: File included and script started: product_actions.php [] []
[2025-02-27T00:05:00.015439+05:00] SaveEntries.INFO: File included and script started: product_actions.php [] []
[2025-02-27T00:05:00.067244+05:00] SaveEntries.INFO: File included and script started: product_actions.php [] []
[2025-02-27T00:05:00.088452+05:00] SaveEntries.INFO: File included and script started: product_actions.php [] []
[2025-02-27T00:05:00.128914+05:00] SaveEntries.INFO: File included and script started: product_actions.php [] []
[2025-02-27T00:05:03.808240+05:00] SaveEntries.INFO: File included and script started: product_actions.php [] []
[2025-02-27T00:05:05.052132+05:00] SaveEntries.INFO: File included and script started: product_actions.php [] []
[2025-02-27T00:05:05.413178+05:00] SaveEntries.INFO: File included and script started: product_actions.php [] []
[2025-02-27T00:05:06.502747+05:00] SaveEntries.INFO: File included and script started: product_actions.php [] []
[2025-02-27T00:05:08.388357+05:00] SaveEntries.INFO: File included and script started: product_actions.php [] []
[2025-02-27T00:05:10.500637+05:00] SaveEntries.INFO: File included and script started: product_actions.php [] []
[2025-02-27T00:05:12.440158+05:00] SaveEntries.INFO: File included and script started: product_actions.php [] []
[2025-02-27T00:05:14.270090+05:00] SaveEntries.INFO: File included and script started: product_actions.php [] []
[2025-02-27T00:05:16.985432+05:00] SaveEntries.INFO: File included and script started: product_actions.php [] []
[2025-02-27T00:05:16.987862+05:00] SaveEntries.INFO: File included and script started: product_actions.php [] []
[2025-02-27T00:05:40.365119+05:00] SaveEntries.INFO: File included and script started: product_actions.php [] []
[2025-02-27T00:05:40.441661+05:00] SaveEntries.INFO: File included and script started: product_actions.php [] []
[2025-02-27T00:05:46.019922+05:00] SaveEntries.INFO: File included and script started: product_actions.php [] []
[2025-02-27T00:05:51.495811+05:00] SaveEntries.INFO: File included and script started: product_actions.php [] []
[2025-02-27T00:05:51.559367+05:00] SaveEntries.INFO: File included and script started: product_actions.php [] []
[2025-02-27T00:06:15.672607+05:00] SaveEntries.INFO: File included and script started: index.php [] []
[2025-02-27T00:06:29.522000+05:00] SaveEntries.INFO: File included and script started: categories.php [] []
[2025-02-27T00:06:30.119825+05:00] SaveEntries.INFO: File included and script started: category_actions.php [] []
[2025-02-27T00:06:52.575296+05:00] SaveEntries.INFO: File included and script started: categories.php [] []
[2025-02-27T00:06:52.930195+05:00] SaveEntries.INFO: File included and script started: category_actions.php [] []
[2025-02-27T00:06:57.116119+05:00] SaveEntries.INFO: File included and script started: category_actions.php [] []
[2025-02-27T00:06:57.130470+05:00] SaveEntries.INFO: File included and script started: category_actions.php [] []
[2025-02-27T00:06:57.284538+05:00] SaveEntries.INFO: File included and script started: category_actions.php [] []
[2025-02-27T00:06:57.389710+05:00] SaveEntries.INFO: File included and script started: category_actions.php [] []
[2025-02-27T00:06:59.383791+05:00] SaveEntries.INFO: File included and script started: category_actions.php [] []
[2025-02-27T08:43:28.044509+05:00] SaveEntries.INFO: File included and script started: index.php [] []
[2025-02-27T08:43:29.506320+05:00] SaveEntries.INFO: File included and script started: categories.php [] []
[2025-02-27T08:43:29.775978+05:00] SaveEntries.INFO: File included and script started: category_actions.php [] []
[2025-02-27T08:56:38.068573+05:00] SaveEntries.INFO: File included and script started: categories.php [] []
[2025-02-27T08:56:38.551883+05:00] SaveEntries.INFO: File included and script started: category_actions.php [] []
[2025-02-27T08:57:16.814862+05:00] SaveEntries.INFO: File included and script started: customer.php [] []
[2025-02-27T08:57:38.484834+05:00] SaveEntries.INFO: File included and script started: customer.php [] []
[2025-02-27T08:59:44.598429+05:00] SaveEntries.INFO: File included and script started: customers_actions.php [] []
[2025-02-27T08:59:49.558517+05:00] SaveEntries.INFO: File included and script started: categories.php [] []
[2025-02-27T08:59:50.197352+05:00] SaveEntries.INFO: File included and script started: category_actions.php [] []
[2025-02-27T08:59:56.793472+05:00] SaveEntries.INFO: File included and script started: categories.php [] []
[2025-02-27T08:59:57.263296+05:00] SaveEntries.INFO: File included and script started: category_actions.php [] []
[2025-02-27T08:59:59.065781+05:00] SaveEntries.INFO: File included and script started: customer.php [] []
[2025-02-27T08:59:59.429333+05:00] SaveEntries.INFO: File included and script started: customers_actions.php [] []
[2025-02-27T09:00:31.542197+05:00] SaveEntries.INFO: File included and script started: customers_actions.php [] []
[2025-02-27T09:00:31.572611+05:00] SaveEntries.INFO: File included and script started: customers_actions.php [] []
[2025-02-27T09:00:34.915720+05:00] SaveEntries.INFO: File included and script started: customers_actions.php [] []
[2025-02-27T09:00:34.955154+05:00] SaveEntries.INFO: File included and script started: customers_actions.php [] []
[2025-02-27T09:00:35.097122+05:00] SaveEntries.INFO: File included and script started: customers_actions.php [] []
[2025-02-27T09:00:35.808351+05:00] SaveEntries.INFO: File included and script started: customers_actions.php [] []
[2025-02-27T09:00:36.236272+05:00] SaveEntries.INFO: File included and script started: customers_actions.php [] []
[2025-02-27T09:00:46.240004+05:00] SaveEntries.INFO: File included and script started: customers_actions.php [] []
[2025-02-27T09:00:47.214754+05:00] SaveEntries.INFO: File included and script started: customers_actions.php [] []
[2025-02-27T09:00:51.763951+05:00] SaveEntries.INFO: File included and script started: categories.php [] []
[2025-02-27T09:00:52.243132+05:00] SaveEntries.INFO: File included and script started: category_actions.php [] []
[2025-02-27T09:00:52.427788+05:00] SaveEntries.INFO: File included and script started: categories.php [] []
[2025-02-27T09:00:52.661952+05:00] SaveEntries.INFO: File included and script started: category_actions.php [] []
[2025-02-27T09:01:01.000361+05:00] SaveEntries.INFO: File included and script started: customer.php [] []
[2025-02-27T09:01:01.343319+05:00] SaveEntries.INFO: File included and script started: customers_actions.php [] []
[2025-02-27T09:01:14.720877+05:00] SaveEntries.INFO: File included and script started: customers_actions.php [] []
[2025-02-27T09:01:14.752095+05:00] SaveEntries.INFO: File included and script started: customers_actions.php [] []
[2025-02-27T09:01:34.531283+05:00] SaveEntries.INFO: File included and script started: customers_actions.php [] []
[2025-02-27T09:01:34.563434+05:00] SaveEntries.INFO: File included and script started: customers_actions.php [] []
[2025-02-27T09:01:38.369963+05:00] SaveEntries.INFO: File included and script started: customers_actions.php [] []
[2025-02-27T09:01:44.909667+05:00] SaveEntries.INFO: File included and script started: customers_actions.php [] []
[2025-02-27T09:01:44.954751+05:00] SaveEntries.INFO: File included and script started: customers_actions.php [] []
[2025-02-27T09:01:44.961994+05:00] SaveEntries.INFO: File included and script started: customers_actions.php [] []
[2025-02-27T09:03:14.178264+05:00] SaveEntries.INFO: File included and script started: customer.php [] []
[2025-02-27T09:03:14.520568+05:00] SaveEntries.INFO: File included and script started: customer_actions.php [] []
[2025-02-27T09:03:30.505370+05:00] SaveEntries.INFO: File included and script started: customer_actions.php [] []
[2025-02-27T09:03:30.547573+05:00] SaveEntries.INFO: File included and script started: customer_actions.php [] []
[2025-02-27T09:03:36.246442+05:00] SaveEntries.INFO: File included and script started: customer_actions.php [] []
[2025-02-27T09:03:37.092637+05:00] SaveEntries.INFO: File included and script started: customer_actions.php [] []
[2025-02-27T09:03:56.933503+05:00] SaveEntries.INFO: File included and script started: customer_actions.php [] []
[2025-02-27T09:03:56.963712+05:00] SaveEntries.INFO: File included and script started: customer_actions.php [] []
[2025-02-27T09:04:08.781393+05:00] SaveEntries.INFO: File included and script started: customer_actions.php [] []
[2025-02-27T09:04:08.807991+05:00] SaveEntries.INFO: File included and script started: customer_actions.php [] []
[2025-02-27T09:04:33.789730+05:00] SaveEntries.INFO: File included and script started: customer_actions.php [] []
[2025-02-27T09:04:33.813935+05:00] SaveEntries.INFO: File included and script started: customer_actions.php [] []
[2025-02-27T09:04:40.962531+05:00] SaveEntries.INFO: File included and script started: customer_actions.php [] []
[2025-02-27T09:04:46.861355+05:00] SaveEntries.INFO: File included and script started: customer_actions.php [] []
[2025-02-27T09:04:46.892323+05:00] SaveEntries.INFO: File included and script started: customer_actions.php [] []
[2025-02-27T09:08:49.687444+05:00] SaveEntries.INFO: File included and script started: customer.php [] []
[2025-02-27T09:08:49.720695+05:00] SaveEntries.INFO: File included and script started: index.php [] []
[2025-02-27T09:08:57.139707+05:00] SaveEntries.INFO: File included and script started: index.php [] []
[2025-02-27T09:08:57.269973+05:00] SaveEntries.INFO: File included and script started: index.php [] []
[2025-02-27T09:09:07.601405+05:00] SaveEntries.INFO: File included and script started: index.php [] []
[2025-02-27T09:09:12.136236+05:00] SaveEntries.INFO: File included and script started: index.php [] []
[2025-02-27T09:10:30.722672+05:00] SaveEntries.INFO: File included and script started: vendor.php [] []
[2025-02-27T09:10:59.751527+05:00] SaveEntries.INFO: File included and script started: vendor.php [] []
[2025-02-27T09:10:59.995655+05:00] SaveEntries.INFO: File included and script started: vendor_actions.php [] []
[2025-02-27T09:11:08.842716+05:00] SaveEntries.INFO: File included and script started: vendor_actions.php [] []
[2025-02-27T09:11:08.885970+05:00] SaveEntries.INFO: File included and script started: vendor_actions.php [] []
[2025-02-27T09:11:12.964708+05:00] SaveEntries.INFO: File included and script started: vendor_actions.php [] []
[2025-02-27T09:11:12.972062+05:00] SaveEntries.INFO: File included and script started: vendor_actions.php [] []
[2025-02-27T09:11:15.415397+05:00] SaveEntries.INFO: File included and script started: vendor_actions.php [] []
[2025-02-27T09:11:15.423411+05:00] SaveEntries.INFO: File included and script started: vendor_actions.php [] []
[2025-02-27T09:11:17.009950+05:00] SaveEntries.INFO: File included and script started: vendor_actions.php [] []
[2025-02-27T09:11:34.003231+05:00] SaveEntries.INFO: File included and script started: vendor_actions.php [] []
[2025-02-27T09:11:34.033086+05:00] SaveEntries.INFO: File included and script started: vendor_actions.php [] []
[2025-02-27T09:11:42.184590+05:00] SaveEntries.INFO: File included and script started: vendor_actions.php [] []
[2025-02-27T09:11:43.644702+05:00] SaveEntries.INFO: File included and script started: vendor_actions.php [] []
[2025-02-27T09:11:44.895517+05:00] SaveEntries.INFO: File included and script started: vendor_actions.php [] []
[2025-02-27T09:11:45.059503+05:00] SaveEntries.INFO: File included and script started: vendor_actions.php [] []
[2025-02-27T09:11:45.138748+05:00] SaveEntries.INFO: File included and script started: vendor_actions.php [] []
[2025-02-27T09:11:45.290478+05:00] SaveEntries.INFO: File included and script started: vendor_actions.php [] []
[2025-02-27T09:11:46.211992+05:00] SaveEntries.INFO: File included and script started: vendor_actions.php [] []
[2025-02-27T09:14:01.693621+05:00] SaveEntries.INFO: File included and script started: vendor.php [] []
[2025-02-27T09:14:01.875988+05:00] SaveEntries.INFO: File included and script started: vendor_actions.php [] []
[2025-02-27T09:21:54.871467+05:00] SaveEntries.INFO: File included and script started: customer.php [] []
[2025-02-27T09:21:55.295988+05:00] SaveEntries.INFO: File included and script started: customer_actions.php [] []
[2025-02-27T09:21:57.971365+05:00] SaveEntries.INFO: File included and script started: brands.php [] []
[2025-02-27T09:21:58.155226+05:00] SaveEntries.INFO: File included and script started: brand_actions.php [] []
[2025-02-27T09:22:01.618734+05:00] SaveEntries.INFO: File included and script started: categories.php [] []
[2025-02-27T09:22:01.843937+05:00] SaveEntries.INFO: File included and script started: category_actions.php [] []
[2025-02-27T09:22:06.451531+05:00] SaveEntries.INFO: File included and script started: categories.php [] []
[2025-02-27T09:22:06.745203+05:00] SaveEntries.INFO: File included and script started: category_actions.php [] []
[2025-02-27T09:23:02.376432+05:00] SaveEntries.INFO: File included and script started: customers.php [] []
[2025-02-27T09:23:03.158737+05:00] SaveEntries.INFO: File included and script started: customer_actions.php [] []
[2025-02-27T09:23:05.907572+05:00] SaveEntries.INFO: File included and script started: customers.php [] []
[2025-02-27T09:23:06.097983+05:00] SaveEntries.INFO: File included and script started: customer_actions.php [] []
[2025-02-27T09:23:14.260391+05:00] SaveEntries.INFO: File included and script started: brands.php [] []
[2025-02-27T09:23:14.457813+05:00] SaveEntries.INFO: File included and script started: brand_actions.php [] []
[2025-02-27T09:23:17.215801+05:00] SaveEntries.INFO: File included and script started: categories.php [] []
[2025-02-27T09:23:17.416676+05:00] SaveEntries.INFO: File included and script started: category_actions.php [] []
[2025-02-27T09:23:21.913671+05:00] SaveEntries.INFO: File included and script started: customers.php [] []
[2025-02-27T09:23:22.194030+05:00] SaveEntries.INFO: File included and script started: customer_actions.php [] []
[2025-02-27T09:23:26.853897+05:00] SaveEntries.INFO: File included and script started: products.php [] []
[2025-02-27T09:23:27.073567+05:00] SaveEntries.INFO: File included and script started: product_actions.php [] []
[2025-02-27T09:23:27.171404+05:00] SaveEntries.INFO: File included and script started: product_actions.php [] []
[2025-02-27T09:23:27.134487+05:00] SaveEntries.INFO: File included and script started: product_actions.php [] []
[2025-02-27T09:23:27.216649+05:00] SaveEntries.INFO: File included and script started: product_actions.php [] []
[2025-02-27T09:23:31.333358+05:00] SaveEntries.INFO: File included and script started: products.php [] []
[2025-02-27T09:23:31.560736+05:00] SaveEntries.INFO: File included and script started: product_actions.php [] []
[2025-02-27T09:23:52.127607+05:00] SaveEntries.INFO: File included and script started: vendors.php [] []
[2025-02-27T09:23:52.404511+05:00] SaveEntries.INFO: File included and script started: vendor_actions.php [] []
[2025-02-27T09:24:06.472627+05:00] SaveEntries.INFO: File included and script started: vendor_actions.php [] []
[2025-02-27T09:24:13.462643+05:00] SaveEntries.INFO: File included and script started: vendor_actions.php [] []
[2025-02-27T09:24:13.497832+05:00] SaveEntries.INFO: File included and script started: vendor_actions.php [] []
[2025-02-27T09:24:28.171660+05:00] SaveEntries.INFO: File included and script started: brands.php [] []
[2025-02-27T09:24:28.405972+05:00] SaveEntries.INFO: File included and script started: brand_actions.php [] []
[2025-02-27T09:24:29.765453+05:00] SaveEntries.INFO: File included and script started: categories.php [] []
[2025-02-27T09:24:29.982282+05:00] SaveEntries.INFO: File included and script started: category_actions.php [] []
[2025-02-27T09:24:42.434516+05:00] SaveEntries.INFO: File included and script started: products.php [] []
[2025-02-27T09:24:42.666803+05:00] SaveEntries.INFO: File included and script started: product_actions.php [] []
[2025-02-27T09:24:42.688258+05:00] SaveEntries.INFO: File included and script started: product_actions.php [] []
[2025-02-27T09:24:42.722903+05:00] SaveEntries.INFO: File included and script started: product_actions.php [] []
[2025-02-27T09:24:42.717738+05:00] SaveEntries.INFO: File included and script started: product_actions.php [] []
[2025-02-27T09:24:42.776294+05:00] SaveEntries.INFO: File included and script started: product_actions.php [] []
[2025-02-27T09:24:45.939201+05:00] SaveEntries.INFO: File included and script started: vendors.php [] []
[2025-02-27T09:24:46.123828+05:00] SaveEntries.INFO: File included and script started: vendor_actions.php [] []
[2025-02-27T09:24:52.535148+05:00] SaveEntries.INFO: File included and script started: vendors.php [] []
[2025-02-27T09:24:52.746175+05:00] SaveEntries.INFO: File included and script started: vendor_actions.php [] []
[2025-02-27T09:28:26.835687+05:00] SaveEntries.INFO: File included and script started: vendors.php [] []
[2025-02-27T09:28:27.227681+05:00] SaveEntries.INFO: File included and script started: vendor_actions.php [] []
[2025-02-27T09:28:47.900166+05:00] SaveEntries.INFO: File included and script started: vendors.php [] []
[2025-02-27T09:28:48.165199+05:00] SaveEntries.INFO: File included and script started: vendor_actions.php [] []
[2025-02-27T09:38:47.687669+05:00] SaveEntries.INFO: File included and script started: index.php [] []
[2025-02-27T09:39:33.035814+05:00] SaveEntries.INFO: File included and script started: index.php [] []
[2025-02-27T09:39:35.833355+05:00] SaveEntries.INFO: File included and script started: index.php [] []
[2025-02-27T09:40:13.484153+05:00] SaveEntries.INFO: File included and script started: index.php [] []
[2025-02-27T09:40:43.526297+05:00] SaveEntries.INFO: File included and script started: index.php [] []
[2025-02-27T09:40:48.060575+05:00] SaveEntries.INFO: File included and script started: index.php [] []
[2025-02-27T09:40:48.144667+05:00] SaveEntries.INFO: File included and script started: index.php [] []
[2025-02-27T09:40:54.366317+05:00] SaveEntries.INFO: File included and script started: brands.php [] []
[2025-02-27T09:40:54.614151+05:00] SaveEntries.INFO: File included and script started: brand_actions.php [] []
[2025-02-27T09:40:56.114268+05:00] SaveEntries.INFO: File included and script started: categories.php [] []
[2025-02-27T09:40:56.326376+05:00] SaveEntries.INFO: File included and script started: category_actions.php [] []
[2025-02-27T09:41:25.731950+05:00] SaveEntries.INFO: File included and script started: brands.php [] []
[2025-02-27T09:41:25.928889+05:00] SaveEntries.INFO: File included and script started: brand_actions.php [] []
[2025-02-27T10:27:48.215935+05:00] SaveEntries.INFO: File included and script started: brands.php [] []
[2025-02-27T10:27:48.667485+05:00] SaveEntries.INFO: File included and script started: brand_actions.php [] []
[2025-02-27T11:08:41.950915+05:00] SaveEntries.INFO: File included and script started: brands.php [] []
[2025-02-27T11:08:42.309503+05:00] SaveEntries.INFO: File included and script started: brand_actions.php [] []
[2025-02-27T11:09:05.949099+05:00] SaveEntries.INFO: File included and script started: brand_actions.php [] []
[2025-02-27T11:09:06.310593+05:00] SaveEntries.INFO: File included and script started: brand_actions.php [] []
[2025-02-27T11:09:21.275717+05:00] SaveEntries.INFO: File included and script started: brands.php [] []
[2025-02-27T11:09:21.469490+05:00] SaveEntries.INFO: File included and script started: brand_actions.php [] []
[2025-02-27T11:09:32.448857+05:00] SaveEntries.INFO: File included and script started: categories.php [] []
[2025-02-27T11:09:32.667555+05:00] SaveEntries.INFO: File included and script started: category_actions.php [] []
[2025-02-27T11:09:36.934242+05:00] SaveEntries.INFO: File included and script started: customers.php [] []
[2025-02-27T11:09:37.143475+05:00] SaveEntries.INFO: File included and script started: customer_actions.php [] []
[2025-02-27T11:09:37.934546+05:00] SaveEntries.INFO: File included and script started: products.php [] []
[2025-02-27T11:09:38.172772+05:00] SaveEntries.INFO: File included and script started: product_actions.php [] []
[2025-02-27T11:09:38.211616+05:00] SaveEntries.INFO: File included and script started: product_actions.php [] []
[2025-02-27T11:09:38.240950+05:00] SaveEntries.INFO: File included and script started: product_actions.php [] []
[2025-02-27T11:09:38.239908+05:00] SaveEntries.INFO: File included and script started: product_actions.php [] []
[2025-02-27T11:09:38.265465+05:00] SaveEntries.INFO: File included and script started: product_actions.php [] []
[2025-02-27T11:09:43.781999+05:00] SaveEntries.INFO: File included and script started: brands.php [] []
[2025-02-27T11:09:43.978427+05:00] SaveEntries.INFO: File included and script started: brand_actions.php [] []
