[2025-03-08T22:55:01.848590+05:00] SaveEntries.INFO: File included and script started: categories.php [] []
[2025-03-08T22:55:02.182858+05:00] SaveEntries.INFO: File included and script started: index.php [] []
[2025-03-08T22:57:31.099800+05:00] SaveEntries.INFO: File included and script started: index.php [] []
[2025-03-08T22:57:31.349231+05:00] SaveEntries.INFO: File included and script started: index.php [] []
[2025-03-08T22:57:33.687293+05:00] SaveEntries.INFO: File included and script started: statistics_actions.php [] []
[2025-03-08T22:57:52.414470+05:00] SaveEntries.INFO: File included and script started: products.php [] []
[2025-03-08T22:57:52.700013+05:00] SaveEntries.INFO: File included and script started: product_actions.php [] []
[2025-03-08T22:57:52.705190+05:00] SaveEntries.INFO: File included and script started: product_actions.php [] []
[2025-03-08T22:57:52.785173+05:00] SaveEntries.INFO: File included and script started: product_actions.php [] []
[2025-03-08T22:57:52.787580+05:00] SaveEntries.INFO: File included and script started: product_actions.php [] []
[2025-03-08T22:57:52.800086+05:00] SaveEntries.INFO: File included and script started: product_actions.php [] []
[2025-03-08T22:57:55.820796+05:00] SaveEntries.INFO: File included and script started: product_actions.php [] []
[2025-03-08T22:57:55.821323+05:00] SaveEntries.INFO: File included and script started: product_actions.php [] []
[2025-03-08T22:59:30.103749+05:00] SaveEntries.INFO: File included and script started: product_actions.php [] []
[2025-03-08T22:59:52.772450+05:00] SaveEntries.INFO: File included and script started: product_actions.php [] []
[2025-03-08T22:59:52.778268+05:00] SaveEntries.INFO: File included and script started: product_actions.php [] []
[2025-03-08T23:06:21.876612+05:00] SaveEntries.INFO: File included and script started: products.php [] []
[2025-03-08T23:06:22.336924+05:00] SaveEntries.INFO: File included and script started: product_actions.php [] []
[2025-03-08T23:06:22.443628+05:00] SaveEntries.INFO: File included and script started: product_actions.php [] []
[2025-03-08T23:06:22.487051+05:00] SaveEntries.INFO: File included and script started: product_actions.php [] []
[2025-03-08T23:06:22.490036+05:00] SaveEntries.INFO: File included and script started: product_actions.php [] []
[2025-03-08T23:06:22.631050+05:00] SaveEntries.INFO: File included and script started: product_actions.php [] []
[2025-03-08T23:06:29.618637+05:00] SaveEntries.INFO: File included and script started: products.php [] []
[2025-03-08T23:06:29.806474+05:00] SaveEntries.INFO: File included and script started: product_actions.php [] []
[2025-03-08T23:06:29.894829+05:00] SaveEntries.INFO: File included and script started: product_actions.php [] []
[2025-03-08T23:06:30.005984+05:00] SaveEntries.INFO: File included and script started: product_actions.php [] []
[2025-03-08T23:06:30.044307+05:00] SaveEntries.INFO: File included and script started: product_actions.php [] []
[2025-03-08T23:06:32.390357+05:00] SaveEntries.INFO: File included and script started: product_actions.php [] []
[2025-03-08T23:06:32.390790+05:00] SaveEntries.INFO: File included and script started: product_actions.php [] []
[2025-03-08T23:06:36.427438+05:00] SaveEntries.INFO: File included and script started: categories.php [] []
[2025-03-08T23:06:36.676637+05:00] SaveEntries.INFO: File included and script started: category_actions.php [] []
[2025-03-08T23:06:47.814852+05:00] SaveEntries.INFO: File included and script started: category_actions.php [] []
[2025-03-08T23:06:47.881846+05:00] SaveEntries.INFO: File included and script started: category_actions.php [] []
[2025-03-08T23:06:51.026384+05:00] SaveEntries.INFO: File included and script started: brands.php [] []
[2025-03-08T23:06:51.552774+05:00] SaveEntries.INFO: File included and script started: brand_actions.php [] []
[2025-03-08T23:07:01.760574+05:00] SaveEntries.INFO: File included and script started: brand_actions.php [] []
[2025-03-08T23:07:01.894020+05:00] SaveEntries.INFO: File included and script started: brand_actions.php [] []
[2025-03-08T23:07:03.566629+05:00] SaveEntries.INFO: File included and script started: products.php [] []
[2025-03-08T23:07:03.817658+05:00] SaveEntries.INFO: File included and script started: product_actions.php [] []
[2025-03-08T23:07:03.818089+05:00] SaveEntries.INFO: File included and script started: product_actions.php [] []
[2025-03-08T23:07:03.984134+05:00] SaveEntries.INFO: File included and script started: product_actions.php [] []
[2025-03-08T23:07:03.984822+05:00] SaveEntries.INFO: File included and script started: product_actions.php [] []
[2025-03-08T23:07:05.643449+05:00] SaveEntries.INFO: File included and script started: product_actions.php [] []
[2025-03-08T23:07:05.645973+05:00] SaveEntries.INFO: File included and script started: product_actions.php [] []
[2025-03-08T23:07:29.211202+05:00] SaveEntries.INFO: File included and script started: products.php [] []
[2025-03-08T23:07:29.436617+05:00] SaveEntries.INFO: File included and script started: product_actions.php [] []
[2025-03-08T23:07:29.514592+05:00] SaveEntries.INFO: File included and script started: product_actions.php [] []
[2025-03-08T23:07:29.512584+05:00] SaveEntries.INFO: File included and script started: product_actions.php [] []
[2025-03-08T23:07:29.619256+05:00] SaveEntries.INFO: File included and script started: product_actions.php [] []
[2025-03-08T23:07:29.702676+05:00] SaveEntries.INFO: File included and script started: product_actions.php [] []
[2025-03-08T23:07:30.503363+05:00] SaveEntries.INFO: File included and script started: product_actions.php [] []
[2025-03-08T23:07:30.522839+05:00] SaveEntries.INFO: File included and script started: product_actions.php [] []
[2025-03-08T23:07:37.492051+05:00] SaveEntries.INFO: File included and script started: product_actions.php [] []
[2025-03-08T23:07:41.086859+05:00] SaveEntries.INFO: File included and script started: product_actions.php [] []
[2025-03-08T23:07:50.191548+05:00] SaveEntries.INFO: File included and script started: products.php [] []
[2025-03-08T23:07:50.949085+05:00] SaveEntries.INFO: File included and script started: product_actions.php [] []
[2025-03-08T23:07:50.975351+05:00] SaveEntries.INFO: File included and script started: product_actions.php [] []
[2025-03-08T23:07:51.251501+05:00] SaveEntries.INFO: File included and script started: product_actions.php [] []
[2025-03-08T23:07:51.364372+05:00] SaveEntries.INFO: File included and script started: product_actions.php [] []
[2025-03-08T23:07:51.459547+05:00] SaveEntries.INFO: File included and script started: product_actions.php [] []
[2025-03-08T23:07:52.951607+05:00] SaveEntries.INFO: File included and script started: product_actions.php [] []
[2025-03-08T23:07:52.953644+05:00] SaveEntries.INFO: File included and script started: product_actions.php [] []
[2025-03-08T23:07:57.919841+05:00] SaveEntries.INFO: File included and script started: product_actions.php [] []
[2025-03-08T23:09:53.389757+05:00] SaveEntries.INFO: File included and script started: products.php [] []
[2025-03-08T23:09:54.580247+05:00] SaveEntries.INFO: File included and script started: product_actions.php [] []
[2025-03-08T23:09:54.905720+05:00] SaveEntries.INFO: File included and script started: product_actions.php [] []
[2025-03-08T23:09:54.975725+05:00] SaveEntries.INFO: File included and script started: product_actions.php [] []
[2025-03-08T23:09:55.341488+05:00] SaveEntries.INFO: File included and script started: product_actions.php [] []
[2025-03-08T23:09:55.460938+05:00] SaveEntries.INFO: File included and script started: product_actions.php [] []
[2025-03-08T23:09:58.204031+05:00] SaveEntries.INFO: File included and script started: product_actions.php [] []
[2025-03-08T23:09:59.277877+05:00] SaveEntries.INFO: File included and script started: product_actions.php [] []
[2025-03-08T23:10:01.067904+05:00] SaveEntries.INFO: File included and script started: product_actions.php [] []
[2025-03-08T23:10:01.124317+05:00] SaveEntries.INFO: File included and script started: product_actions.php [] []
[2025-03-08T23:10:08.149898+05:00] SaveEntries.INFO: File included and script started: product_actions.php [] []
[2025-03-08T23:10:10.806113+05:00] SaveEntries.INFO: File included and script started: products.php [] []
[2025-03-08T23:10:11.641171+05:00] SaveEntries.INFO: File included and script started: product_actions.php [] []
[2025-03-08T23:10:11.643387+05:00] SaveEntries.INFO: File included and script started: product_actions.php [] []
[2025-03-08T23:10:11.655604+05:00] SaveEntries.INFO: File included and script started: product_actions.php [] []
[2025-03-08T23:10:12.088949+05:00] SaveEntries.INFO: File included and script started: product_actions.php [] []
[2025-03-08T23:10:12.099754+05:00] SaveEntries.INFO: File included and script started: product_actions.php [] []
[2025-03-08T23:10:17.449131+05:00] SaveEntries.INFO: File included and script started: products.php [] []
[2025-03-08T23:10:18.321628+05:00] SaveEntries.INFO: File included and script started: product_actions.php [] []
[2025-03-08T23:10:18.510254+05:00] SaveEntries.INFO: File included and script started: product_actions.php [] []
[2025-03-08T23:10:18.783968+05:00] SaveEntries.INFO: File included and script started: product_actions.php [] []
[2025-03-08T23:10:18.966679+05:00] SaveEntries.INFO: File included and script started: product_actions.php [] []
[2025-03-08T23:10:18.969025+05:00] SaveEntries.INFO: File included and script started: product_actions.php [] []
[2025-03-08T23:13:44.754626+05:00] SaveEntries.INFO: File included and script started: products.php [] []
[2025-03-08T23:13:45.990610+05:00] SaveEntries.INFO: File included and script started: product_actions.php [] []
[2025-03-08T23:13:45.996833+05:00] SaveEntries.INFO: File included and script started: product_actions.php [] []
[2025-03-08T23:13:46.325171+05:00] SaveEntries.INFO: File included and script started: product_actions.php [] []
[2025-03-08T23:13:50.507983+05:00] SaveEntries.INFO: File included and script started: categories.php [] []
[2025-03-08T23:13:51.413070+05:00] SaveEntries.INFO: File included and script started: category_actions.php [] []
[2025-03-08T23:14:00.337500+05:00] SaveEntries.INFO: File included and script started: category_actions.php [] []
[2025-03-08T23:14:00.501691+05:00] SaveEntries.INFO: File included and script started: category_actions.php [] []
[2025-03-08T23:14:07.385275+05:00] SaveEntries.INFO: File included and script started: category_actions.php [] []
[2025-03-08T23:14:12.913446+05:00] SaveEntries.INFO: File included and script started: category_actions.php [] []
[2025-03-08T23:14:13.033980+05:00] SaveEntries.INFO: File included and script started: category_actions.php [] []
[2025-03-08T23:14:15.740781+05:00] SaveEntries.INFO: File included and script started: brands.php [] []
[2025-03-08T23:14:16.627002+05:00] SaveEntries.INFO: File included and script started: brand_actions.php [] []
[2025-03-08T23:14:26.518244+05:00] SaveEntries.INFO: File included and script started: brand_actions.php [] []
[2025-03-08T23:14:26.645575+05:00] SaveEntries.INFO: File included and script started: brand_actions.php [] []
[2025-03-08T23:14:29.146530+05:00] SaveEntries.INFO: File included and script started: brand_actions.php [] []
[2025-03-08T23:14:32.696554+05:00] SaveEntries.INFO: File included and script started: brand_actions.php [] []
[2025-03-08T23:14:32.790856+05:00] SaveEntries.INFO: File included and script started: brand_actions.php [] []
[2025-03-08T23:14:36.237324+05:00] SaveEntries.INFO: File included and script started: products.php [] []
[2025-03-08T23:14:36.997617+05:00] SaveEntries.INFO: File included and script started: product_actions.php [] []
[2025-03-08T23:14:37.002084+05:00] SaveEntries.INFO: File included and script started: product_actions.php [] []
[2025-03-08T23:14:37.206514+05:00] SaveEntries.INFO: File included and script started: product_actions.php [] []
[2025-03-08T23:14:38.511413+05:00] SaveEntries.INFO: File included and script started: product_actions.php [] []
[2025-03-08T23:14:38.523759+05:00] SaveEntries.INFO: File included and script started: product_actions.php [] []
[2025-03-08T23:14:43.972706+05:00] SaveEntries.INFO: File included and script started: product_actions.php [] []
[2025-03-08T23:14:48.783906+05:00] SaveEntries.INFO: File included and script started: product_actions.php [] []
[2025-03-08T23:14:49.284946+05:00] SaveEntries.INFO: File included and script started: product_actions.php [] []
[2025-03-08T23:14:49.487727+05:00] SaveEntries.INFO: File included and script started: product_actions.php [] []
[2025-03-08T23:14:49.992128+05:00] SaveEntries.INFO: File included and script started: product_actions.php [] []
[2025-03-08T23:14:50.181870+05:00] SaveEntries.INFO: File included and script started: product_actions.php [] []
[2025-03-08T23:14:51.642140+05:00] SaveEntries.INFO: File included and script started: products.php [] []
[2025-03-08T23:14:52.595979+05:00] SaveEntries.INFO: File included and script started: product_actions.php [] []
[2025-03-08T23:14:52.624592+05:00] SaveEntries.INFO: File included and script started: product_actions.php [] []
[2025-03-08T23:14:55.092059+05:00] SaveEntries.INFO: File included and script started: product_actions.php [] []
[2025-03-08T23:14:55.128406+05:00] SaveEntries.INFO: File included and script started: product_actions.php [] []
[2025-03-08T23:15:06.037266+05:00] SaveEntries.INFO: File included and script started: product_actions.php [] []
[2025-03-08T23:15:15.961084+05:00] SaveEntries.INFO: File included and script started: product_actions.php [] []
[2025-03-08T23:15:16.033048+05:00] SaveEntries.INFO: File included and script started: product_actions.php [] []
[2025-03-08T23:18:59.785075+05:00] SaveEntries.INFO: File included and script started: product_actions.php [] []
[2025-03-08T23:18:59.804027+05:00] SaveEntries.INFO: File included and script started: product_actions.php [] []
[2025-03-08T23:22:32.934914+05:00] SaveEntries.INFO: File included and script started: products.php [] []
[2025-03-08T23:22:33.856737+05:00] SaveEntries.INFO: File included and script started: product_actions.php [] []
[2025-03-08T23:22:33.862001+05:00] SaveEntries.INFO: File included and script started: product_actions.php [] []
[2025-03-08T23:22:34.146609+05:00] SaveEntries.INFO: File included and script started: product_actions.php [] []
[2025-03-08T23:22:35.775102+05:00] SaveEntries.INFO: File included and script started: product_actions.php [] []
[2025-03-08T23:22:35.793980+05:00] SaveEntries.INFO: File included and script started: product_actions.php [] []
[2025-03-08T23:22:39.476967+05:00] SaveEntries.INFO: File included and script started: product_actions.php [] []
[2025-03-08T23:22:39.588662+05:00] SaveEntries.INFO: File included and script started: product_actions.php [] []
[2025-03-08T23:22:55.626111+05:00] SaveEntries.INFO: File included and script started: products.php [] []
[2025-03-08T23:22:56.396215+05:00] SaveEntries.INFO: File included and script started: product_actions.php [] []
[2025-03-08T23:22:56.399176+05:00] SaveEntries.INFO: File included and script started: product_actions.php [] []
[2025-03-08T23:22:56.652412+05:00] SaveEntries.INFO: File included and script started: product_actions.php [] []
[2025-03-08T23:22:59.140012+05:00] SaveEntries.INFO: File included and script started: product_actions.php [] []
[2025-03-08T23:22:59.437102+05:00] SaveEntries.INFO: File included and script started: product_actions.php [] []
[2025-03-08T23:23:02.643442+05:00] SaveEntries.INFO: File included and script started: product_actions.php [] []
[2025-03-08T23:23:04.133963+05:00] SaveEntries.INFO: File included and script started: product_actions.php [] []
[2025-03-08T23:23:04.426449+05:00] SaveEntries.INFO: File included and script started: product_actions.php [] []
[2025-03-08T23:23:04.905544+05:00] SaveEntries.INFO: File included and script started: product_actions.php [] []
[2025-03-08T23:23:04.941424+05:00] SaveEntries.INFO: File included and script started: product_actions.php [] []
[2025-03-08T23:23:44.608508+05:00] SaveEntries.INFO: File included and script started: category_actions.php [] []
[2025-03-08T23:23:44.838305+05:00] SaveEntries.INFO: File included and script started: product_actions.php [] []
[2025-03-08T23:24:41.688818+05:00] SaveEntries.INFO: File included and script started: category_actions.php [] []
[2025-03-08T23:24:41.937565+05:00] SaveEntries.INFO: File included and script started: product_actions.php [] []
[2025-03-08T23:25:18.895161+05:00] SaveEntries.INFO: File included and script started: brand_actions.php [] []
[2025-03-08T23:25:19.038149+05:00] SaveEntries.INFO: File included and script started: product_actions.php [] []
[2025-03-08T23:25:27.009599+05:00] SaveEntries.INFO: File included and script started: product_actions.php [] []
[2025-03-08T23:25:50.178033+05:00] SaveEntries.INFO: File included and script started: product_actions.php [] []
[2025-03-08T23:25:50.276015+05:00] SaveEntries.INFO: File included and script started: product_actions.php [] []
[2025-03-08T23:25:53.911537+05:00] SaveEntries.INFO: File included and script started: product_actions.php [] []
[2025-03-08T23:25:54.048459+05:00] SaveEntries.INFO: File included and script started: product_actions.php [] []
[2025-03-08T23:26:00.856527+05:00] SaveEntries.INFO: File included and script started: product_actions.php [] []
[2025-03-08T23:26:15.032843+05:00] SaveEntries.INFO: File included and script started: product_actions.php [] []
[2025-03-08T23:26:15.072980+05:00] SaveEntries.INFO: File included and script started: product_actions.php [] []
[2025-03-08T23:26:28.387147+05:00] SaveEntries.INFO: File included and script started: products.php [] []
[2025-03-08T23:26:29.358096+05:00] SaveEntries.INFO: File included and script started: product_actions.php [] []
[2025-03-08T23:26:29.365631+05:00] SaveEntries.INFO: File included and script started: product_actions.php [] []
[2025-03-08T23:26:29.372077+05:00] SaveEntries.INFO: File included and script started: product_actions.php [] []
[2025-03-08T23:26:53.004820+05:00] SaveEntries.INFO: File included and script started: product_actions.php [] []
[2025-03-08T23:26:59.549839+05:00] SaveEntries.INFO: File included and script started: product_actions.php [] []
[2025-03-08T23:26:59.624984+05:00] SaveEntries.INFO: File included and script started: product_actions.php [] []
[2025-03-08T23:27:03.785713+05:00] SaveEntries.INFO: File included and script started: product_actions.php [] []
[2025-03-08T23:27:05.327810+05:00] SaveEntries.INFO: File included and script started: product_actions.php [] []
[2025-03-08T23:27:05.626034+05:00] SaveEntries.INFO: File included and script started: product_actions.php [] []
[2025-03-08T23:34:17.209410+05:00] SaveEntries.INFO: File included and script started: products.php [] []
[2025-03-08T23:34:17.770469+05:00] SaveEntries.INFO: File included and script started: product_actions.php [] []
[2025-03-08T23:34:17.967741+05:00] SaveEntries.INFO: File included and script started: product_actions.php [] []
[2025-03-08T23:34:18.019072+05:00] SaveEntries.INFO: File included and script started: product_actions.php [] []
[2025-03-08T23:34:31.919077+05:00] SaveEntries.INFO: File included and script started: product_actions.php [] []
[2025-03-08T23:34:34.501020+05:00] SaveEntries.INFO: File included and script started: product_actions.php [] []
[2025-03-08T23:34:36.819134+05:00] SaveEntries.INFO: File included and script started: product_actions.php [] []
[2025-03-08T23:34:42.384510+05:00] SaveEntries.INFO: File included and script started: product_actions.php [] []
[2025-03-08T23:34:43.809692+05:00] SaveEntries.INFO: File included and script started: product_actions.php [] []
[2025-03-08T23:37:47.198638+05:00] SaveEntries.INFO: File included and script started: products.php [] []
[2025-03-08T23:37:55.333187+05:00] SaveEntries.INFO: File included and script started: product_actions.php [] []
[2025-03-08T23:37:55.395683+05:00] SaveEntries.INFO: File included and script started: product_actions.php [] []
[2025-03-08T23:37:55.484844+05:00] SaveEntries.INFO: File included and script started: product_actions.php [] []
[2025-03-08T23:38:02.870728+05:00] SaveEntries.INFO: File included and script started: categories.php [] []
[2025-03-08T23:38:03.086817+05:00] SaveEntries.INFO: File included and script started: category_actions.php [] []
[2025-03-08T23:38:22.061261+05:00] SaveEntries.INFO: File included and script started: products.php [] []
[2025-03-08T23:38:22.611550+05:00] SaveEntries.INFO: File included and script started: product_actions.php [] []
[2025-03-08T23:38:22.653747+05:00] SaveEntries.INFO: File included and script started: product_actions.php [] []
[2025-03-08T23:38:22.615775+05:00] SaveEntries.INFO: File included and script started: product_actions.php [] []
[2025-03-08T23:42:10.311828+05:00] SaveEntries.INFO: File included and script started: products.php [] []
[2025-03-08T23:42:10.792660+05:00] SaveEntries.INFO: File included and script started: product_actions.php [] []
[2025-03-08T23:42:10.870997+05:00] SaveEntries.INFO: File included and script started: product_actions.php [] []
[2025-03-08T23:42:10.982568+05:00] SaveEntries.INFO: File included and script started: product_actions.php [] []
[2025-03-08T23:42:18.722481+05:00] SaveEntries.INFO: File included and script started: product_actions.php [] []
[2025-03-08T23:42:21.067424+05:00] SaveEntries.INFO: File included and script started: product_actions.php [] []
[2025-03-08T23:42:21.370136+05:00] SaveEntries.INFO: File included and script started: product_actions.php [] []
[2025-03-08T23:42:22.723354+05:00] SaveEntries.INFO: File included and script started: product_actions.php [] []
[2025-03-08T23:42:22.758083+05:00] SaveEntries.INFO: File included and script started: product_actions.php [] []
[2025-03-08T23:42:31.453287+05:00] SaveEntries.INFO: File included and script started: product_actions.php [] []
[2025-03-08T23:42:31.539763+05:00] SaveEntries.INFO: File included and script started: product_actions.php [] []
[2025-03-08T23:42:42.457884+05:00] SaveEntries.INFO: File included and script started: product_actions.php [] []
[2025-03-08T23:42:46.499933+05:00] SaveEntries.INFO: File included and script started: product_actions.php [] []
[2025-03-08T23:42:46.830729+05:00] SaveEntries.INFO: File included and script started: product_actions.php [] []
[2025-03-08T23:42:49.448748+05:00] SaveEntries.INFO: File included and script started: product_actions.php [] []
[2025-03-08T23:42:49.485410+05:00] SaveEntries.INFO: File included and script started: product_actions.php [] []
[2025-03-08T23:43:06.189498+05:00] SaveEntries.INFO: File included and script started: product_actions.php [] []
[2025-03-08T23:43:06.261248+05:00] SaveEntries.INFO: File included and script started: product_actions.php [] []
[2025-03-08T23:43:21.776735+05:00] SaveEntries.INFO: File included and script started: product_actions.php [] []
[2025-03-08T23:43:27.079653+05:00] SaveEntries.INFO: File included and script started: product_actions.php [] []
[2025-03-08T23:43:27.141920+05:00] SaveEntries.INFO: File included and script started: product_actions.php [] []
[2025-03-08T23:43:32.961999+05:00] SaveEntries.INFO: File included and script started: product_actions.php [] []
[2025-03-08T23:43:35.099366+05:00] SaveEntries.INFO: File included and script started: product_actions.php [] []
[2025-03-08T23:43:35.434303+05:00] SaveEntries.INFO: File included and script started: product_actions.php [] []
[2025-03-08T23:46:34.879293+05:00] SaveEntries.INFO: File included and script started: product_actions.php [] []
[2025-03-08T23:46:36.647442+05:00] SaveEntries.INFO: File included and script started: product_actions.php [] []
