[2025-03-05T09:50:18.442456+05:00] SaveEntries.INFO: File included and script started: index.php [] []
[2025-03-05T09:50:23.659530+05:00] SaveEntries.INFO: File included and script started: index.php [] []
[2025-03-05T09:50:23.846263+05:00] SaveEntries.INFO: File included and script started: index.php [] []
[2025-03-05T09:50:24.289995+05:00] SaveEntries.INFO: File included and script started: statistics_actions.php [] []
[2025-03-05T09:50:32.815325+05:00] SaveEntries.INFO: File included and script started: products.php [] []
[2025-03-05T09:50:33.051887+05:00] SaveEntries.INFO: File included and script started: product_actions.php [] []
[2025-03-05T09:50:33.107542+05:00] SaveEntries.INFO: File included and script started: product_actions.php [] []
[2025-03-05T09:50:33.112140+05:00] SaveEntries.INFO: File included and script started: product_actions.php [] []
[2025-03-05T09:50:33.150110+05:00] SaveEntries.INFO: File included and script started: product_actions.php [] []
[2025-03-05T09:50:34.890785+05:00] SaveEntries.INFO: File included and script started: product_actions.php [] []
[2025-03-05T09:50:34.937444+05:00] SaveEntries.INFO: File included and script started: product_actions.php [] []
[2025-03-05T09:50:54.447863+05:00] SaveEntries.INFO: File included and script started: index.php [] []
[2025-03-05T09:50:54.712911+05:00] SaveEntries.INFO: File included and script started: statistics_actions.php [] []
[2025-03-05T09:50:56.165278+05:00] SaveEntries.INFO: File included and script started: categories.php [] []
[2025-03-05T09:50:56.402891+05:00] SaveEntries.INFO: File included and script started: category_actions.php [] []
[2025-03-05T09:50:58.529875+05:00] SaveEntries.INFO: File included and script started: index.php [] []
[2025-03-05T09:50:58.747424+05:00] SaveEntries.INFO: File included and script started: statistics_actions.php [] []
[2025-03-05T09:53:43.964441+05:00] SaveEntries.INFO: File included and script started: index.php [] []
[2025-03-05T09:53:44.177400+05:00] SaveEntries.INFO: File included and script started: statistics_actions.php [] []
[2025-03-05T09:53:46.758991+05:00] SaveEntries.INFO: File included and script started: categories.php [] []
[2025-03-05T09:53:46.988375+05:00] SaveEntries.INFO: File included and script started: category_actions.php [] []
[2025-03-05T09:54:02.631279+05:00] SaveEntries.INFO: File included and script started: category_actions.php [] []
[2025-03-05T09:54:02.671821+05:00] SaveEntries.INFO: File included and script started: category_actions.php [] []
[2025-03-05T09:54:04.914661+05:00] SaveEntries.INFO: File included and script started: index.php [] []
[2025-03-05T09:54:05.122451+05:00] SaveEntries.INFO: File included and script started: statistics_actions.php [] []
[2025-03-05T09:54:07.993027+05:00] SaveEntries.INFO: File included and script started: products.php [] []
[2025-03-05T09:54:08.202915+05:00] SaveEntries.INFO: File included and script started: product_actions.php [] []
[2025-03-05T09:54:08.220348+05:00] SaveEntries.INFO: File included and script started: product_actions.php [] []
[2025-03-05T09:54:08.253721+05:00] SaveEntries.INFO: File included and script started: product_actions.php [] []
[2025-03-05T09:54:08.272148+05:00] SaveEntries.INFO: File included and script started: product_actions.php [] []
[2025-03-05T09:54:08.300301+05:00] SaveEntries.INFO: File included and script started: product_actions.php [] []
[2025-03-05T09:54:09.391535+05:00] SaveEntries.INFO: File included and script started: product_actions.php [] []
[2025-03-05T09:54:09.391527+05:00] SaveEntries.INFO: File included and script started: product_actions.php [] []
[2025-03-05T09:54:13.712447+05:00] SaveEntries.INFO: File included and script started: index.php [] []
[2025-03-05T09:54:13.949686+05:00] SaveEntries.INFO: File included and script started: statistics_actions.php [] []
[2025-03-05T09:54:15.021755+05:00] SaveEntries.INFO: File included and script started: brands.php [] []
[2025-03-05T09:54:15.244792+05:00] SaveEntries.INFO: File included and script started: brand_actions.php [] []
[2025-03-05T09:54:35.875112+05:00] SaveEntries.INFO: File included and script started: brand_actions.php [] []
[2025-03-05T09:54:35.905721+05:00] SaveEntries.INFO: File included and script started: brand_actions.php [] []
[2025-03-05T09:54:39.286062+05:00] SaveEntries.INFO: File included and script started: index.php [] []
[2025-03-05T09:54:39.537449+05:00] SaveEntries.INFO: File included and script started: statistics_actions.php [] []
[2025-03-05T09:54:41.727242+05:00] SaveEntries.INFO: File included and script started: products.php [] []
[2025-03-05T09:54:41.976558+05:00] SaveEntries.INFO: File included and script started: product_actions.php [] []
[2025-03-05T09:54:42.010890+05:00] SaveEntries.INFO: File included and script started: product_actions.php [] []
[2025-03-05T09:54:42.016294+05:00] SaveEntries.INFO: File included and script started: product_actions.php [] []
[2025-03-05T09:54:42.034903+05:00] SaveEntries.INFO: File included and script started: product_actions.php [] []
[2025-03-05T09:54:44.702516+05:00] SaveEntries.INFO: File included and script started: product_actions.php [] []
[2025-03-05T09:54:44.710533+05:00] SaveEntries.INFO: File included and script started: product_actions.php [] []
[2025-03-05T09:56:01.643670+05:00] SaveEntries.INFO: File included and script started: product_actions.php [] []
[2025-03-05T09:56:01.680206+05:00] SaveEntries.INFO: File included and script started: product_actions.php [] []
[2025-03-05T09:56:04.033455+05:00] SaveEntries.INFO: File included and script started: index.php [] []
[2025-03-05T09:56:04.289373+05:00] SaveEntries.INFO: File included and script started: statistics_actions.php [] []
[2025-03-05T09:56:10.311905+05:00] SaveEntries.INFO: File included and script started: customers.php [] []
[2025-03-05T09:56:10.555713+05:00] SaveEntries.INFO: File included and script started: customer_actions.php [] []
[2025-03-05T09:56:20.734541+05:00] SaveEntries.INFO: File included and script started: customer_actions.php [] []
[2025-03-05T09:56:20.766888+05:00] SaveEntries.INFO: File included and script started: customer_actions.php [] []
[2025-03-05T09:56:22.777474+05:00] SaveEntries.INFO: File included and script started: index.php [] []
[2025-03-05T09:56:23.001680+05:00] SaveEntries.INFO: File included and script started: statistics_actions.php [] []
[2025-03-05T09:56:30.513182+05:00] SaveEntries.INFO: File included and script started: sales.php [] []
[2025-03-05T09:56:30.777308+05:00] SaveEntries.INFO: File included and script started: sale_actions.php [] []
[2025-03-05T09:56:30.806888+05:00] SaveEntries.INFO: File included and script started: sale_actions.php [] []
[2025-03-05T09:56:30.858723+05:00] SaveEntries.INFO: File included and script started: sale_actions.php [] []
[2025-03-05T09:56:31.428546+05:00] SaveEntries.INFO: File included and script started: sale_actions.php [] []
[2025-03-05T09:56:35.338844+05:00] SaveEntries.INFO: File included and script started: sale_actions.php [] []
[2025-03-05T09:56:35.343952+05:00] SaveEntries.INFO: File included and script started: sale_actions.php [] []
[2025-03-05T09:56:35.892109+05:00] SaveEntries.INFO: File included and script started: sale_actions.php [] []
[2025-03-05T09:56:45.899747+05:00] SaveEntries.INFO: File included and script started: index.php [] []
[2025-03-05T09:56:46.161253+05:00] SaveEntries.INFO: File included and script started: statistics_actions.php [] []
[2025-03-05T09:56:49.090573+05:00] SaveEntries.INFO: File included and script started: products.php [] []
[2025-03-05T09:56:49.339023+05:00] SaveEntries.INFO: File included and script started: product_actions.php [] []
[2025-03-05T09:56:49.341836+05:00] SaveEntries.INFO: File included and script started: product_actions.php [] []
[2025-03-05T09:56:49.388165+05:00] SaveEntries.INFO: File included and script started: product_actions.php [] []
[2025-03-05T09:56:49.401268+05:00] SaveEntries.INFO: File included and script started: product_actions.php [] []
[2025-03-05T09:56:51.526477+05:00] SaveEntries.INFO: File included and script started: product_actions.php [] []
[2025-03-05T09:56:55.344242+05:00] SaveEntries.INFO: File included and script started: product_actions.php [] []
[2025-03-05T09:56:55.396742+05:00] SaveEntries.INFO: File included and script started: product_actions.php [] []
[2025-03-05T09:57:05.550721+05:00] SaveEntries.INFO: File included and script started: sales.php [] []
[2025-03-05T09:57:05.886245+05:00] SaveEntries.INFO: File included and script started: sale_actions.php [] []
[2025-03-05T09:57:05.902665+05:00] SaveEntries.INFO: File included and script started: sale_actions.php [] []
[2025-03-05T09:57:05.911219+05:00] SaveEntries.INFO: File included and script started: sale_actions.php [] []
[2025-03-05T09:57:06.505057+05:00] SaveEntries.INFO: File included and script started: sale_actions.php [] []
[2025-03-05T09:57:07.471376+05:00] SaveEntries.INFO: File included and script started: sale_actions.php [] []
[2025-03-05T09:57:08.068510+05:00] SaveEntries.INFO: File included and script started: sale_actions.php [] []
