[2025-03-17T09:12:59.459090+05:00] SaveEntries.INFO: File included and script started: sales.php [] []
[2025-03-17T09:12:59.760922+05:00] SaveEntries.INFO: File included and script started: index.php [] []
[2025-03-17T09:13:04.133678+05:00] SaveEntries.INFO: File included and script started: index.php [] []
[2025-03-17T09:13:04.438712+05:00] SaveEntries.INFO: File included and script started: index.php [] []
[2025-03-17T09:13:06.356805+05:00] SaveEntries.INFO: File included and script started: statistics_actions.php [] []
[2025-03-17T09:15:18.179634+05:00] SaveEntries.INFO: File included and script started: quotations.php [] []
[2025-03-17T09:15:18.825367+05:00] SaveEntries.INFO: File included and script started: quotation_actions.php [] []
[2025-03-17T09:15:18.830247+05:00] SaveEntries.INFO: File included and script started: quotation_actions.php [] []
[2025-03-17T09:15:18.855458+05:00] SaveEntries.INFO: File included and script started: quotation_actions.php [] []
[2025-03-17T09:15:19.074112+05:00] SaveEntries.INFO: File included and script started: quotation_actions.php [] []
[2025-03-17T09:15:21.705684+05:00] SaveEntries.INFO: File included and script started: view_quotation.php [] []
[2025-03-17T09:15:22.040765+05:00] SaveEntries.INFO: File included and script started: quotation_actions.php [] []
[2025-03-17T09:15:22.091673+05:00] SaveEntries.INFO: File included and script started: company_actions.php [] []
[2025-03-17T09:15:35.459302+05:00] SaveEntries.INFO: File included and script started: quotation_actions.php [] []
[2025-03-17T09:15:49.822351+05:00] SaveEntries.INFO: File included and script started: sales.php [] []
[2025-03-17T09:15:50.117750+05:00] SaveEntries.INFO: File included and script started: sale_actions.php [] []
[2025-03-17T09:15:50.118369+05:00] SaveEntries.INFO: File included and script started: sale_actions.php [] []
[2025-03-17T09:15:50.121497+05:00] SaveEntries.INFO: File included and script started: sale_actions.php [] []
[2025-03-17T09:15:50.682603+05:00] SaveEntries.INFO: File included and script started: sale_actions.php [] []
[2025-03-17T09:15:52.361546+05:00] SaveEntries.INFO: File included and script started: view_invoice.php [] []
[2025-03-17T09:15:52.635634+05:00] SaveEntries.INFO: File included and script started: company_actions.php [] []
[2025-03-17T09:15:52.682392+05:00] SaveEntries.INFO: File included and script started: sale_actions.php [] []
[2025-03-17T09:16:13.446670+05:00] SaveEntries.INFO: File included and script started: edit_invoice.php [] []
[2025-03-17T09:16:13.716119+05:00] SaveEntries.INFO: File included and script started: sale_actions.php [] []
[2025-03-17T09:16:13.785318+05:00] SaveEntries.INFO: File included and script started: sale_actions.php [] []
[2025-03-17T09:16:18.709548+05:00] SaveEntries.INFO: File included and script started: index.php [] []
[2025-03-17T09:16:18.960593+05:00] SaveEntries.INFO: File included and script started: statistics_actions.php [] []
[2025-03-17T09:42:27.638935+05:00] SaveEntries.INFO: File included and script started: index.php [] []
[2025-03-17T09:42:28.333829+05:00] SaveEntries.INFO: File included and script started: statistics_actions.php [] []
[2025-03-17T09:42:32.285333+05:00] SaveEntries.INFO: File included and script started: quotations.php [] []
[2025-03-17T09:42:32.783744+05:00] SaveEntries.INFO: File included and script started: quotation_actions.php [] []
[2025-03-17T09:42:32.810782+05:00] SaveEntries.INFO: File included and script started: quotation_actions.php [] []
[2025-03-17T09:42:32.833439+05:00] SaveEntries.INFO: File included and script started: quotation_actions.php [] []
[2025-03-17T09:42:32.906980+05:00] SaveEntries.INFO: File included and script started: quotation_actions.php [] []
[2025-03-17T09:42:38.120481+05:00] SaveEntries.INFO: File included and script started: index.php [] []
[2025-03-17T09:42:38.291335+05:00] SaveEntries.INFO: File included and script started: statistics_actions.php [] []
[2025-03-17T09:42:42.783589+05:00] SaveEntries.INFO: File included and script started: quotations.php [] []
[2025-03-17T09:42:43.101499+05:00] SaveEntries.INFO: File included and script started: quotation_actions.php [] []
[2025-03-17T09:42:43.118187+05:00] SaveEntries.INFO: File included and script started: quotation_actions.php [] []
[2025-03-17T09:42:43.136627+05:00] SaveEntries.INFO: File included and script started: quotation_actions.php [] []
[2025-03-17T09:42:43.362897+05:00] SaveEntries.INFO: File included and script started: quotation_actions.php [] []
[2025-03-17T09:42:44.653075+05:00] SaveEntries.INFO: File included and script started: index.php [] []
[2025-03-17T09:42:44.874530+05:00] SaveEntries.INFO: File included and script started: statistics_actions.php [] []
