[2025-03-01T11:20:19.114116+05:00] SaveEntries.INFO: File included and script started: categories.php [] []
[2025-03-01T11:20:20.103363+05:00] SaveEntries.INFO: File included and script started: category_actions.php [] []
[2025-03-01T11:20:22.325162+05:00] SaveEntries.INFO: File included and script started: category_actions.php [] []
[2025-03-01T11:20:22.356347+05:00] SaveEntries.INFO: File included and script started: category_actions.php [] []
[2025-03-01T11:20:24.499510+05:00] SaveEntries.INFO: File included and script started: category_actions.php [] []
[2025-03-01T11:20:26.819012+05:00] SaveEntries.INFO: File included and script started: category_actions.php [] []
[2025-03-01T11:20:26.822167+05:00] SaveEntries.INFO: File included and script started: category_actions.php [] []
[2025-03-01T11:20:29.746938+05:00] SaveEntries.INFO: File included and script started: category_actions.php [] []
[2025-03-01T11:20:31.086888+05:00] SaveEntries.INFO: File included and script started: vendors.php [] []
[2025-03-01T11:20:31.658835+05:00] SaveEntries.INFO: File included and script started: vendor_actions.php [] []
[2025-03-01T11:21:34.635773+05:00] SaveEntries.INFO: File included and script started: products.php [] []
[2025-03-01T11:21:35.166853+05:00] SaveEntries.INFO: File included and script started: product_actions.php [] []
[2025-03-01T11:21:35.193730+05:00] SaveEntries.INFO: File included and script started: product_actions.php [] []
[2025-03-01T11:21:35.199147+05:00] SaveEntries.INFO: File included and script started: product_actions.php [] []
[2025-03-01T11:21:35.340366+05:00] SaveEntries.INFO: File included and script started: product_actions.php [] []
[2025-03-01T11:21:35.346614+05:00] SaveEntries.INFO: File included and script started: product_actions.php [] []
[2025-03-01T11:21:36.511009+05:00] SaveEntries.INFO: File included and script started: product_actions.php [] []
[2025-03-01T11:21:37.824168+05:00] SaveEntries.INFO: File included and script started: product_actions.php [] []
[2025-03-01T11:21:40.357654+05:00] SaveEntries.INFO: File included and script started: product_actions.php [] []
[2025-03-01T11:21:42.185289+05:00] SaveEntries.INFO: File included and script started: product_actions.php [] []
[2025-03-01T11:21:42.482842+05:00] SaveEntries.INFO: File included and script started: product_actions.php [] []
[2025-03-01T11:21:45.083032+05:00] SaveEntries.INFO: File included and script started: product_actions.php [] []
[2025-03-01T11:21:45.116417+05:00] SaveEntries.INFO: File included and script started: product_actions.php [] []
