[2025-03-10T22:04:30.436917+05:00] SaveEntries.INFO: File included and script started: company_settings.php [] []
[2025-03-10T22:44:56.462795+05:00] SaveEntries.INFO: File included and script started: company_settings.php [] []
[2025-03-10T22:45:02.823153+05:00] SaveEntries.INFO: File included and script started: company_actions.php [] []
[2025-03-10T22:45:04.121330+05:00] SaveEntries.INFO: File included and script started: company_settings.php [] []
[2025-03-10T22:45:06.242981+05:00] SaveEntries.INFO: File included and script started: index.php [] []
[2025-03-10T22:45:06.458468+05:00] SaveEntries.INFO: File included and script started: statistics_actions.php [] []
[2025-03-10T22:45:09.890025+05:00] SaveEntries.INFO: File included and script started: sales.php [] []
[2025-03-10T22:45:10.215488+05:00] SaveEntries.INFO: File included and script started: sale_actions.php [] []
[2025-03-10T22:45:10.258197+05:00] SaveEntries.INFO: File included and script started: sale_actions.php [] []
[2025-03-10T22:45:10.463086+05:00] SaveEntries.INFO: File included and script started: sale_actions.php [] []
[2025-03-10T22:45:10.846429+05:00] SaveEntries.INFO: File included and script started: sale_actions.php [] []
[2025-03-10T22:45:16.723425+05:00] SaveEntries.INFO: File included and script started: view_invoice.php [] []
[2025-03-10T22:45:16.974286+05:00] SaveEntries.INFO: File included and script started: sale_actions.php [] []
[2025-03-10T22:45:39.856914+05:00] SaveEntries.INFO: File included and script started: sale_actions.php [] []
[2025-03-10T22:45:40.633355+05:00] SaveEntries.INFO: File included and script started: sales.php [] []
[2025-03-10T22:45:40.908162+05:00] SaveEntries.INFO: File included and script started: sale_actions.php [] []
[2025-03-10T22:45:40.909656+05:00] SaveEntries.INFO: File included and script started: sale_actions.php [] []
[2025-03-10T22:45:40.948187+05:00] SaveEntries.INFO: File included and script started: sale_actions.php [] []
[2025-03-10T22:45:41.451349+05:00] SaveEntries.INFO: File included and script started: sale_actions.php [] []
[2025-03-10T22:45:44.690007+05:00] SaveEntries.INFO: File included and script started: sale_actions.php [] []
[2025-03-10T22:45:44.691509+05:00] SaveEntries.INFO: File included and script started: sale_actions.php [] []
[2025-03-10T22:45:45.234802+05:00] SaveEntries.INFO: File included and script started: sale_actions.php [] []
[2025-03-10T22:46:00.570615+05:00] SaveEntries.INFO: File included and script started: sale_actions.php [] []
[2025-03-10T22:46:00.619967+05:00] SaveEntries.INFO: File included and script started: sale_actions.php [] []
[2025-03-10T22:46:03.153018+05:00] SaveEntries.INFO: File included and script started: view_invoice.php [] []
[2025-03-10T22:46:03.366226+05:00] SaveEntries.INFO: File included and script started: sale_actions.php [] []
[2025-03-10T22:47:10.219810+05:00] SaveEntries.INFO: File included and script started: view_invoice.php [] []
[2025-03-10T22:47:10.392119+05:00] SaveEntries.INFO: File included and script started: sale_actions.php [] []
[2025-03-10T22:54:39.773133+05:00] SaveEntries.INFO: File included and script started: view_invoice.php [] []
[2025-03-10T22:54:40.111125+05:00] SaveEntries.INFO: File included and script started: sale_actions.php [] []
[2025-03-10T22:56:08.085097+05:00] SaveEntries.INFO: File included and script started: view_invoice.php [] []
[2025-03-10T22:56:08.388618+05:00] SaveEntries.INFO: File included and script started: sale_actions.php [] []
[2025-03-10T22:57:10.027100+05:00] SaveEntries.INFO: File included and script started: view_invoice.php [] []
[2025-03-10T22:57:10.200268+05:00] SaveEntries.INFO: File included and script started: sale_actions.php [] []
[2025-03-10T22:57:56.548803+05:00] SaveEntries.INFO: File included and script started: view_invoice.php [] []
[2025-03-10T22:57:56.728444+05:00] SaveEntries.INFO: File included and script started: sale_actions.php [] []
[2025-03-10T23:37:01.521690+05:00] SaveEntries.INFO: File included and script started: view_invoice.php [] []
[2025-03-10T23:37:01.866464+05:00] SaveEntries.INFO: File included and script started: sale_actions.php [] []
[2025-03-10T23:37:24.468822+05:00] SaveEntries.INFO: File included and script started: index.php [] []
[2025-03-10T23:37:24.732260+05:00] SaveEntries.INFO: File included and script started: statistics_actions.php [] []
[2025-03-10T23:37:26.327443+05:00] SaveEntries.INFO: File included and script started: users.php [] []
[2025-03-10T23:37:26.546806+05:00] SaveEntries.INFO: File included and script started: user_actions.php [] []
[2025-03-10T23:37:29.693118+05:00] SaveEntries.INFO: File included and script started: index.php [] []
[2025-03-10T23:37:29.865463+05:00] SaveEntries.INFO: File included and script started: statistics_actions.php [] []
[2025-03-10T23:37:31.462668+05:00] SaveEntries.INFO: File included and script started: sales.php [] []
[2025-03-10T23:37:31.924715+05:00] SaveEntries.INFO: File included and script started: sale_actions.php [] []
[2025-03-10T23:37:31.969709+05:00] SaveEntries.INFO: File included and script started: sale_actions.php [] []
[2025-03-10T23:37:31.979452+05:00] SaveEntries.INFO: File included and script started: sale_actions.php [] []
[2025-03-10T23:37:32.525630+05:00] SaveEntries.INFO: File included and script started: sale_actions.php [] []
[2025-03-10T11:52:46.519533+05:00] SaveEntries.INFO: File included and script started: view_invoice.php [] []
[2025-03-10T11:52:46.922788+05:00] SaveEntries.INFO: File included and script started: company_actions.php [] []
[2025-03-10T11:52:46.924631+05:00] SaveEntries.INFO: File included and script started: sale_actions.php [] []
[2025-03-10T11:55:10.011306+05:00] SaveEntries.INFO: File included and script started: view_invoice.php [] []
[2025-03-10T11:55:10.639951+05:00] SaveEntries.INFO: File included and script started: company_actions.php [] []
[2025-03-10T11:55:10.660328+05:00] SaveEntries.INFO: File included and script started: sale_actions.php [] []
[2025-03-10T11:56:48.748423+05:00] SaveEntries.INFO: File included and script started: view_invoice.php [] []
[2025-03-10T11:56:49.101576+05:00] SaveEntries.INFO: File included and script started: company_actions.php [] []
[2025-03-10T11:56:49.105959+05:00] SaveEntries.INFO: File included and script started: sale_actions.php [] []
[2025-03-10T11:57:18.059943+05:00] SaveEntries.INFO: File included and script started: view_invoice.php [] []
[2025-03-10T11:57:18.248901+05:00] SaveEntries.INFO: File included and script started: sale_actions.php [] []
[]
[2025-03-10T11:57:22.081754+05:00] SaveEntries.INFO: File included and script started: view_invoice.php [] []
[2025-03-10T11:57:22.228045+05:00] SaveEntries.INFO: File included and script started: company_actions.php [] []
[2025-03-10T11:57:22.232605+05:00] SaveEntries.INFO: File included and script started: sale_actions.php [] []
[2025-03-10T11:58:24.639704+05:00] SaveEntries.INFO: File included and script started: view_invoice.php [] []
[2025-03-10T11:58:24.931073+05:00] SaveEntries.INFO: File included and script started: company_actions.php [] []
[2025-03-10T11:58:24.933933+05:00] SaveEntries.INFO: File included and script started: sale_actions.php [] []
[2025-03-10T11:58:45.297590+05:00] SaveEntries.INFO: File included and script started: view_invoice.php [] []
[2025-03-10T11:58:45.581735+05:00] SaveEntries.INFO: File included and script started: company_actions.php [] []
[2025-03-10T11:58:45.584144+05:00] SaveEntries.INFO: File included and script started: sale_actions.php [] []
[2025-03-10T12:02:23.508345+05:00] SaveEntries.INFO: File included and script started: view_invoice.php [] []
[2025-03-10T12:02:23.881972+05:00] SaveEntries.INFO: File included and script started: company_actions.php [] []
[2025-03-10T12:02:23.884699+05:00] SaveEntries.INFO: File included and script started: sale_actions.php [] []
[2025-03-10T12:03:03.469938+05:00] SaveEntries.INFO: File included and script started: view_invoice.php [] []
[2025-03-10T12:03:03.683974+05:00] SaveEntries.INFO: File included and script started: company_actions.php [] []
[2025-03-10T12:03:03.693025+05:00] SaveEntries.INFO: File included and script started: sale_actions.php [] []
[2025-03-10T12:03:26.446719+05:00] SaveEntries.INFO: File included and script started: view_invoice.php [] []
[2025-03-10T12:03:26.640071+05:00] SaveEntries.INFO: File included and script started: company_actions.php [] []
[2025-03-10T12:03:26.662169+05:00] SaveEntries.INFO: File included and script started: sale_actions.php [] []
[2025-03-10T12:08:04.727584+05:00] SaveEntries.INFO: File included and script started: index.php [] []
[2025-03-10T12:08:04.975263+05:00] SaveEntries.INFO: File included and script started: statistics_actions.php [] []
[2025-03-10T12:12:52.883513+05:00] SaveEntries.INFO: File included and script started: index.php [] []
[2025-03-10T12:12:53.315708+05:00] SaveEntries.INFO: File included and script started: statistics_actions.php [] []
[2025-03-10T12:13:09.153960+05:00] SaveEntries.INFO: File included and script started: sales.php [] []
[2025-03-10T12:13:09.479942+05:00] SaveEntries.INFO: File included and script started: sale_actions.php [] []
[2025-03-10T12:13:09.487601+05:00] SaveEntries.INFO: File included and script started: sale_actions.php [] []
[2025-03-10T12:13:09.569253+05:00] SaveEntries.INFO: File included and script started: sale_actions.php [] []
[2025-03-10T12:13:10.180847+05:00] SaveEntries.INFO: File included and script started: sale_actions.php [] []
[2025-03-10T12:13:11.158918+05:00] SaveEntries.INFO: File included and script started: index.php [] []
[2025-03-10T12:13:11.388263+05:00] SaveEntries.INFO: File included and script started: statistics_actions.php [] []
[2025-03-10T12:18:11.551012+05:00] SaveEntries.INFO: File included and script started: statistics_actions.php [] []
[2025-03-10T12:19:05.511126+05:00] SaveEntries.INFO: File included and script started: index.php [] []
[2025-03-10T12:19:05.938119+05:00] SaveEntries.INFO: File included and script started: statistics_actions.php [] []
[2025-03-10T12:19:24.810903+05:00] SaveEntries.INFO: File included and script started: index.php [] []
[2025-03-10T12:19:24.970067+05:00] SaveEntries.INFO: File included and script started: statistics_actions.php [] []
[2025-03-10T12:19:29.333889+05:00] SaveEntries.INFO: File included and script started: sales.php [] []
[2025-03-10T12:19:29.553459+05:00] SaveEntries.INFO: File included and script started: sale_actions.php [] []
[2025-03-10T12:19:29.577522+05:00] SaveEntries.INFO: File included and script started: sale_actions.php [] []
[2025-03-10T12:19:29.608468+05:00] SaveEntries.INFO: File included and script started: sale_actions.php [] []
[2025-03-10T12:19:30.113285+05:00] SaveEntries.INFO: File included and script started: sale_actions.php [] []
[2025-03-10T12:19:36.237269+05:00] SaveEntries.INFO: File included and script started: view_invoice.php [] []
[2025-03-10T12:19:36.452267+05:00] SaveEntries.INFO: File included and script started: sale_actions.php [] []
[2025-03-10T12:19:36.473631+05:00] SaveEntries.INFO: File included and script started: company_actions.php [] []
[2025-03-10T12:19:42.522506+05:00] SaveEntries.INFO: File included and script started: index.php [] []
[2025-03-10T12:19:42.808340+05:00] SaveEntries.INFO: File included and script started: statistics_actions.php [] []
