[2025-03-07T08:34:30.400449+05:00] SaveEntries.INFO: File included and script started: index.php [] []
[2025-03-07T08:34:30.570454+05:00] SaveEntries.INFO: File included and script started: index.php [] []
[2025-03-07T08:34:31.133888+05:00] SaveEntries.INFO: File included and script started: statistics_actions.php [] []
[2025-03-07T08:36:08.654341+05:00] SaveEntries.INFO: File included and script started: users.php [] []
[2025-03-07T08:36:09.268678+05:00] SaveEntries.INFO: File included and script started: user_actions.php [] []
[2025-03-07T08:36:11.045839+05:00] SaveEntries.INFO: File included and script started: index.php [] []
[2025-03-07T08:36:11.287654+05:00] SaveEntries.INFO: File included and script started: statistics_actions.php [] []
[2025-03-07T08:36:27.765493+05:00] SaveEntries.INFO: File included and script started: index.php [] []
[2025-03-07T08:36:27.973066+05:00] SaveEntries.INFO: File included and script started: statistics_actions.php [] []
[2025-03-07T08:36:29.415934+05:00] SaveEntries.INFO: File included and script started: index.php [] []
[2025-03-07T08:36:29.624031+05:00] SaveEntries.INFO: File included and script started: statistics_actions.php [] []
[2025-03-07T08:36:31.102528+05:00] SaveEntries.INFO: File included and script started: users.php [] []
[2025-03-07T08:36:31.331771+05:00] SaveEntries.INFO: File included and script started: user_actions.php [] []
[2025-03-07T08:36:33.868831+05:00] SaveEntries.INFO: File included and script started: index.php [] []
[2025-03-07T08:36:34.117642+05:00] SaveEntries.INFO: File included and script started: statistics_actions.php [] []
[2025-03-07T08:37:23.769600+05:00] SaveEntries.INFO: File included and script started: products.php [] []
[2025-03-07T08:37:23.769624+05:00] SaveEntries.INFO: File included and script started: products.php [] []
[2025-03-07T08:37:25.215140+05:00] SaveEntries.INFO: File included and script started: product_actions.php [] []
[2025-03-07T08:37:25.229397+05:00] SaveEntries.INFO: File included and script started: product_actions.php [] []
[2025-03-07T08:37:25.231024+05:00] SaveEntries.INFO: File included and script started: product_actions.php [] []
[2025-03-07T08:37:25.427863+05:00] SaveEntries.INFO: File included and script started: product_actions.php [] []
[2025-03-07T08:37:25.442492+05:00] SaveEntries.INFO: File included and script started: product_actions.php [] []
[2025-03-07T08:37:26.554450+05:00] SaveEntries.INFO: File included and script started: product_actions.php [] []
[2025-03-07T08:37:26.561247+05:00] SaveEntries.INFO: File included and script started: product_actions.php [] []
[2025-03-07T08:38:16.649754+05:00] SaveEntries.INFO: File included and script started: product_actions.php [] []
[2025-03-07T08:38:16.649785+05:00] SaveEntries.INFO: File included and script started: product_actions.php [] []
[2025-03-07T08:39:02.153655+05:00] SaveEntries.INFO: File included and script started: product_actions.php [] []
[2025-03-07T08:39:02.158841+05:00] SaveEntries.INFO: File included and script started: product_actions.php [] []
[2025-03-07T08:39:33.653468+05:00] SaveEntries.INFO: File included and script started: sales.php [] []
[2025-03-07T08:39:36.386216+05:00] SaveEntries.INFO: File included and script started: sale_actions.php [] []
[2025-03-07T08:39:36.428680+05:00] SaveEntries.INFO: File included and script started: sale_actions.php [] []
[2025-03-07T08:39:36.441930+05:00] SaveEntries.INFO: File included and script started: sale_actions.php [] []
[2025-03-07T08:39:36.501793+05:00] SaveEntries.INFO: File included and script started: sale_actions.php [] []
[2025-03-07T08:39:36.506006+05:00] SaveEntries.INFO: File included and script started: sale_actions.php [] []
[2025-03-07T08:39:37.067692+05:00] SaveEntries.INFO: File included and script started: sale_actions.php [] []
[2025-03-07T08:39:48.173867+05:00] SaveEntries.INFO: File included and script started: sale_actions.php [] []
[2025-03-07T08:39:48.176711+05:00] SaveEntries.INFO: File included and script started: sale_actions.php [] []
[2025-03-07T08:39:48.723976+05:00] SaveEntries.INFO: File included and script started: sale_actions.php [] []
[2025-03-07T08:40:28.668627+05:00] SaveEntries.INFO: File included and script started: view_invoice.php [] []
[2025-03-07T08:40:29.399905+05:00] SaveEntries.INFO: File included and script started: sale_actions.php [] []
[2025-03-07T08:45:13.882592+05:00] SaveEntries.INFO: File included and script started: products.php [] []
[2025-03-07T08:45:15.130045+05:00] SaveEntries.INFO: File included and script started: product_actions.php [] []
[2025-03-07T08:45:15.523126+05:00] SaveEntries.INFO: File included and script started: product_actions.php [] []
[2025-03-07T08:45:15.659131+05:00] SaveEntries.INFO: File included and script started: product_actions.php [] []
[2025-03-07T08:45:17.780272+05:00] SaveEntries.INFO: File included and script started: product_actions.php [] []
[2025-03-07T08:45:17.781190+05:00] SaveEntries.INFO: File included and script started: product_actions.php [] []
[2025-03-07T08:45:17.814588+05:00] SaveEntries.INFO: File included and script started: product_actions.php [] []
[2025-03-07T08:45:17.815940+05:00] SaveEntries.INFO: File included and script started: product_actions.php [] []
[2025-03-07T08:45:51.392411+05:00] SaveEntries.INFO: File included and script started: index.php [] []
[2025-03-07T08:45:51.948929+05:00] SaveEntries.INFO: File included and script started: statistics_actions.php [] []
[2025-03-07T08:45:56.754130+05:00] SaveEntries.INFO: File included and script started: products.php [] []
[2025-03-07T08:45:56.996516+05:00] SaveEntries.INFO: File included and script started: product_actions.php [] []
[2025-03-07T08:45:56.996534+05:00] SaveEntries.INFO: File included and script started: product_actions.php [] []
[2025-03-07T08:45:57.053296+05:00] SaveEntries.INFO: File included and script started: product_actions.php [] []
[2025-03-07T08:45:57.063172+05:00] SaveEntries.INFO: File included and script started: product_actions.php [] []
[2025-03-07T08:45:57.078805+05:00] SaveEntries.INFO: File included and script started: product_actions.php [] []
