[2025-03-13T07:43:37.843699+05:00] SaveEntries.INFO: File included and script started: view_invoice.php [] []
[2025-03-13T07:43:38.385564+05:00] SaveEntries.INFO: File included and script started: sale_actions.php [] []
[2025-03-13T07:43:38.395375+05:00] SaveEntries.INFO: File included and script started: company_actions.php [] []
[2025-03-13T07:49:17.512207+05:00] SaveEntries.INFO: File included and script started: view_invoice.php [] []
[2025-03-13T07:49:17.799531+05:00] SaveEntries.INFO: File included and script started: company_actions.php [] []
[2025-03-13T07:49:17.808303+05:00] SaveEntries.INFO: File included and script started: sale_actions.php [] []
[2025-03-13T07:50:52.283620+05:00] SaveEntries.INFO: File included and script started: products.php [] []
[2025-03-13T07:50:52.594840+05:00] SaveEntries.INFO: File included and script started: product_actions.php [] []
[2025-03-13T07:50:52.607979+05:00] SaveEntries.INFO: File included and script started: product_actions.php [] []
[2025-03-13T07:50:52.662290+05:00] SaveEntries.INFO: File included and script started: product_actions.php [] []
[2025-03-13T07:50:55.505254+05:00] SaveEntries.INFO: File included and script started: product_actions.php [] []
[2025-03-13T07:51:09.583816+05:00] SaveEntries.INFO: File included and script started: product_actions.php [] []
[2025-03-13T07:51:09.641675+05:00] SaveEntries.INFO: File included and script started: product_actions.php [] []
[2025-03-13T07:51:18.042337+05:00] SaveEntries.INFO: File included and script started: product_actions.php [] []
[2025-03-13T07:51:22.962740+05:00] SaveEntries.INFO: File included and script started: product_actions.php [] []
[2025-03-13T07:51:23.017311+05:00] SaveEntries.INFO: File included and script started: product_actions.php [] []
[2025-03-13T07:51:39.730716+05:00] SaveEntries.INFO: File included and script started: product_actions.php [] []
[2025-03-13T07:51:41.358656+05:00] SaveEntries.INFO: File included and script started: product_actions.php [] []
[2025-03-13T07:51:41.687062+05:00] SaveEntries.INFO: File included and script started: product_actions.php [] []
[2025-03-13T07:54:53.169391+05:00] SaveEntries.INFO: File included and script started: products.php [] []
[2025-03-13T07:54:53.519236+05:00] SaveEntries.INFO: File included and script started: product_actions.php [] []
[2025-03-13T07:54:53.521381+05:00] SaveEntries.INFO: File included and script started: product_actions.php [] []
[2025-03-13T07:54:53.561299+05:00] SaveEntries.INFO: File included and script started: product_actions.php [] []
[2025-03-13T07:54:56.602855+05:00] SaveEntries.INFO: File included and script started: sales.php [] []
[2025-03-13T07:54:56.833954+05:00] SaveEntries.INFO: File included and script started: sale_actions.php [] []
[2025-03-13T07:54:56.834720+05:00] SaveEntries.INFO: File included and script started: sale_actions.php [] []
[2025-03-13T07:54:56.906940+05:00] SaveEntries.INFO: File included and script started: sale_actions.php [] []
[2025-03-13T07:54:57.406124+05:00] SaveEntries.INFO: File included and script started: sale_actions.php [] []
[2025-03-13T07:55:00.237237+05:00] SaveEntries.INFO: File included and script started: sale_actions.php [] []
[2025-03-13T07:55:00.237660+05:00] SaveEntries.INFO: File included and script started: sale_actions.php [] []
[2025-03-13T07:55:00.783582+05:00] SaveEntries.INFO: File included and script started: sale_actions.php [] []
[2025-03-13T07:55:04.348841+05:00] SaveEntries.INFO: File included and script started: sale_actions.php [] []
[2025-03-13T07:55:04.350008+05:00] SaveEntries.INFO: File included and script started: sale_actions.php [] []
[2025-03-13T07:55:04.900454+05:00] SaveEntries.INFO: File included and script started: sale_actions.php [] []
[2025-03-13T07:55:24.252233+05:00] SaveEntries.INFO: File included and script started: sale_actions.php [] []
[2025-03-13T07:55:24.266735+05:00] SaveEntries.INFO: File included and script started: sale_actions.php [] []
[2025-03-13T07:55:24.314060+05:00] SaveEntries.INFO: File included and script started: sale_actions.php [] []
[2025-03-13T07:55:26.035928+05:00] SaveEntries.INFO: File included and script started: view_invoice.php [] []
[2025-03-13T07:55:26.268315+05:00] SaveEntries.INFO: File included and script started: company_actions.php [] []
[2025-03-13T07:55:26.279554+05:00] SaveEntries.INFO: File included and script started: sale_actions.php [] []
[2025-03-13T07:58:09.093795+05:00] SaveEntries.INFO: File included and script started: view_invoice.php [] []
[2025-03-13T07:58:09.494552+05:00] SaveEntries.INFO: File included and script started: sale_actions.php [] []
[2025-03-13T07:58:09.524706+05:00] SaveEntries.INFO: File included and script started: company_actions.php [] []
[2025-03-13T07:58:36.436029+05:00] SaveEntries.INFO: File included and script started: view_invoice.php [] []
[2025-03-13T07:58:36.637702+05:00] SaveEntries.INFO: File included and script started: company_actions.php [] []
[2025-03-13T07:58:36.638362+05:00] SaveEntries.INFO: File included and script started: sale_actions.php [] []
[2025-03-13T07:58:41.435450+05:00] SaveEntries.INFO: File included and script started: sales.php [] []
[2025-03-13T07:58:41.684679+05:00] SaveEntries.INFO: File included and script started: sale_actions.php [] []
[2025-03-13T07:58:41.718547+05:00] SaveEntries.INFO: File included and script started: sale_actions.php [] []
[2025-03-13T07:58:41.718944+05:00] SaveEntries.INFO: File included and script started: sale_actions.php [] []
[2025-03-13T07:58:42.308444+05:00] SaveEntries.INFO: File included and script started: sale_actions.php [] []
[2025-03-13T08:02:12.818179+05:00] SaveEntries.INFO: File included and script started: sales.php [] []
[2025-03-13T08:02:13.150217+05:00] SaveEntries.INFO: File included and script started: sale_actions.php [] []
[2025-03-13T08:02:13.155742+05:00] SaveEntries.INFO: File included and script started: sale_actions.php [] []
[2025-03-13T08:02:13.173211+05:00] SaveEntries.INFO: File included and script started: sale_actions.php [] []
[2025-03-13T08:02:13.795034+05:00] SaveEntries.INFO: File included and script started: sale_actions.php [] []
[2025-03-13T08:02:18.269238+05:00] SaveEntries.INFO: File included and script started: edit_invoice.php [] []
[2025-03-13T08:02:18.472586+05:00] SaveEntries.INFO: File included and script started: sale_actions.php [] []
[2025-03-13T08:02:18.538232+05:00] SaveEntries.INFO: File included and script started: sale_actions.php [] []
[2025-03-13T08:02:32.612504+05:00] SaveEntries.INFO: File included and script started: sale_actions.php [] []
[2025-03-13T08:02:33.728837+05:00] SaveEntries.INFO: File included and script started: view_invoice.php [] []
[2025-03-13T08:02:33.964373+05:00] SaveEntries.INFO: File included and script started: company_actions.php [] []
[2025-03-13T08:02:33.982177+05:00] SaveEntries.INFO: File included and script started: sale_actions.php [] []
[2025-03-13T08:02:37.983341+05:00] SaveEntries.INFO: File included and script started: sales.php [] []
[2025-03-13T08:02:38.237406+05:00] SaveEntries.INFO: File included and script started: sale_actions.php [] []
[2025-03-13T08:02:38.238513+05:00] SaveEntries.INFO: File included and script started: sale_actions.php [] []
[2025-03-13T08:02:38.247884+05:00] SaveEntries.INFO: File included and script started: sale_actions.php [] []
[2025-03-13T08:02:38.789916+05:00] SaveEntries.INFO: File included and script started: sale_actions.php [] []
[2025-03-13T08:02:48.526634+05:00] SaveEntries.INFO: File included and script started: edit_invoice.php [] []
[2025-03-13T08:02:48.740413+05:00] SaveEntries.INFO: File included and script started: sale_actions.php [] []
[2025-03-13T08:02:48.810651+05:00] SaveEntries.INFO: File included and script started: sale_actions.php [] []
[2025-03-13T08:03:03.511665+05:00] SaveEntries.INFO: File included and script started: sale_actions.php [] []
[2025-03-13T08:03:04.068222+05:00] SaveEntries.INFO: File included and script started: view_invoice.php [] []
[2025-03-13T08:03:04.296218+05:00] SaveEntries.INFO: File included and script started: company_actions.php [] []
[2025-03-13T08:03:04.298719+05:00] SaveEntries.INFO: File included and script started: sale_actions.php [] []
[2025-03-13T08:03:08.041527+05:00] SaveEntries.INFO: File included and script started: sales.php [] []
[2025-03-13T08:03:08.350114+05:00] SaveEntries.INFO: File included and script started: sale_actions.php [] []
[2025-03-13T08:03:08.392179+05:00] SaveEntries.INFO: File included and script started: sale_actions.php [] []
[2025-03-13T08:03:08.415149+05:00] SaveEntries.INFO: File included and script started: sale_actions.php [] []
[2025-03-13T08:03:09.020065+05:00] SaveEntries.INFO: File included and script started: sale_actions.php [] []
[2025-03-13T08:03:23.711339+05:00] SaveEntries.INFO: File included and script started: edit_invoice.php [] []
[2025-03-13T08:03:24.041053+05:00] SaveEntries.INFO: File included and script started: sale_actions.php [] []
[2025-03-13T08:03:24.126637+05:00] SaveEntries.INFO: File included and script started: sale_actions.php [] []
[2025-03-13T08:05:06.056923+05:00] SaveEntries.INFO: File included and script started: view_invoice.php [] []
[2025-03-13T08:05:06.548510+05:00] SaveEntries.INFO: File included and script started: company_actions.php [] []
[2025-03-13T08:05:06.594759+05:00] SaveEntries.INFO: File included and script started: sale_actions.php [] []
[2025-03-13T08:05:15.688061+05:00] SaveEntries.INFO: File included and script started: sales.php [] []
[2025-03-13T08:05:15.946810+05:00] SaveEntries.INFO: File included and script started: sale_actions.php [] []
[2025-03-13T08:05:15.976206+05:00] SaveEntries.INFO: File included and script started: sale_actions.php [] []
[2025-03-13T08:05:16.008593+05:00] SaveEntries.INFO: File included and script started: sale_actions.php [] []
[2025-03-13T08:05:16.514162+05:00] SaveEntries.INFO: File included and script started: sale_actions.php [] []
[2025-03-13T08:16:56.229502+05:00] SaveEntries.INFO: File included and script started: sales.php [] []
[2025-03-13T08:16:56.718607+05:00] SaveEntries.INFO: File included and script started: sale_actions.php [] []
[2025-03-13T08:16:56.737017+05:00] SaveEntries.INFO: File included and script started: sale_actions.php [] []
[2025-03-13T08:16:56.770635+05:00] SaveEntries.INFO: File included and script started: sale_actions.php [] []
[2025-03-13T08:16:57.402000+05:00] SaveEntries.INFO: File included and script started: sale_actions.php [] []
[2025-03-13T08:16:59.091341+05:00] SaveEntries.INFO: File included and script started: edit_invoice.php [] []
[2025-03-13T08:16:59.285556+05:00] SaveEntries.INFO: File included and script started: sale_actions.php [] []
[2025-03-13T08:16:59.350828+05:00] SaveEntries.INFO: File included and script started: sale_actions.php [] []
[2025-03-13T08:17:27.880401+05:00] SaveEntries.INFO: File included and script started: sale_actions.php [] []
[2025-03-13T08:17:29.215978+05:00] SaveEntries.INFO: File included and script started: view_invoice.php [] []
[2025-03-13T08:17:29.448437+05:00] SaveEntries.INFO: File included and script started: company_actions.php [] []
[2025-03-13T08:17:29.507389+05:00] SaveEntries.INFO: File included and script started: sale_actions.php [] []
[2025-03-13T08:17:45.044588+05:00] SaveEntries.INFO: File included and script started: view_invoice.php [] []
[2025-03-13T08:17:45.230310+05:00] SaveEntries.INFO: File included and script started: company_actions.php [] []
[2025-03-13T08:17:45.237470+05:00] SaveEntries.INFO: File included and script started: sale_actions.php [] []
[2025-03-13T08:18:07.926757+05:00] SaveEntries.INFO: File included and script started: sales.php [] []
[2025-03-13T08:18:08.272249+05:00] SaveEntries.INFO: File included and script started: sale_actions.php [] []
[2025-03-13T08:18:08.363742+05:00] SaveEntries.INFO: File included and script started: sale_actions.php [] []
[2025-03-13T08:18:08.392169+05:00] SaveEntries.INFO: File included and script started: sale_actions.php [] []
[2025-03-13T08:18:08.944341+05:00] SaveEntries.INFO: File included and script started: sale_actions.php [] []
