[2025-03-09T01:08:27.320345+05:00] SaveEntries.INFO: File included and script started: sales.php [] []
[2025-03-09T01:08:27.711115+05:00] SaveEntries.INFO: File included and script started: sale_actions.php [] []
[2025-03-09T01:08:27.724046+05:00] SaveEntries.INFO: File included and script started: sale_actions.php [] []
[2025-03-09T01:08:27.740351+05:00] SaveEntries.INFO: File included and script started: sale_actions.php [] []
[2025-03-09T01:08:28.314702+05:00] SaveEntries.INFO: File included and script started: sale_actions.php [] []
[2025-03-09T01:08:29.826504+05:00] SaveEntries.INFO: File included and script started: sale_actions.php [] []
[2025-03-09T01:08:30.361126+05:00] SaveEntries.INFO: File included and script started: sale_actions.php [] []
[2025-03-09T01:08:53.583069+05:00] SaveEntries.INFO: File included and script started: sale_actions.php [] []
[2025-03-09T01:08:53.691342+05:00] SaveEntries.INFO: File included and script started: sale_actions.php [] []
[2025-03-09T01:09:15.719182+05:00] SaveEntries.INFO: File included and script started: sales.php [] []
[2025-03-09T01:09:16.049537+05:00] SaveEntries.INFO: File included and script started: sale_actions.php [] []
[2025-03-09T01:09:16.063597+05:00] SaveEntries.INFO: File included and script started: sale_actions.php [] []
[2025-03-09T01:09:16.112243+05:00] SaveEntries.INFO: File included and script started: sale_actions.php [] []
[2025-03-09T01:09:16.653622+05:00] SaveEntries.INFO: File included and script started: sale_actions.php [] []
[2025-03-09T01:09:19.020213+05:00] SaveEntries.INFO: File included and script started: sale_actions.php [] []
[2025-03-09T01:09:19.580626+05:00] SaveEntries.INFO: File included and script started: sale_actions.php [] []
[2025-03-09T01:15:13.026737+05:00] SaveEntries.INFO: File included and script started: sales.php [] []
[2025-03-09T01:15:13.365400+05:00] SaveEntries.INFO: File included and script started: sale_actions.php [] []
[2025-03-09T01:15:13.381160+05:00] SaveEntries.INFO: File included and script started: sale_actions.php [] []
[2025-03-09T01:15:13.427280+05:00] SaveEntries.INFO: File included and script started: sale_actions.php [] []
[2025-03-09T01:15:14.003796+05:00] SaveEntries.INFO: File included and script started: sale_actions.php [] []
[2025-03-09T01:15:18.286916+05:00] SaveEntries.INFO: File included and script started: sales.php [] []
[2025-03-09T01:15:18.447312+05:00] SaveEntries.INFO: File included and script started: sale_actions.php [] []
[2025-03-09T01:15:18.452784+05:00] SaveEntries.INFO: File included and script started: sale_actions.php [] []
[2025-03-09T01:15:18.464697+05:00] SaveEntries.INFO: File included and script started: sale_actions.php [] []
[2025-03-09T01:15:19.010896+05:00] SaveEntries.INFO: File included and script started: sale_actions.php [] []
[2025-03-09T01:15:22.610600+05:00] SaveEntries.INFO: File included and script started: sale_actions.php [] []
[2025-03-09T01:15:24.680170+05:00] SaveEntries.INFO: File included and script started: sales.php [] []
[2025-03-09T01:15:24.899961+05:00] SaveEntries.INFO: File included and script started: sale_actions.php [] []
[2025-03-09T01:15:24.901069+05:00] SaveEntries.INFO: File included and script started: sale_actions.php [] []
[2025-03-09T01:15:24.909558+05:00] SaveEntries.INFO: File included and script started: sale_actions.php [] []
[2025-03-09T01:15:25.542661+05:00] SaveEntries.INFO: File included and script started: sale_actions.php [] []
[2025-03-09T01:15:41.869107+05:00] SaveEntries.INFO: File included and script started: sale_actions.php [] []
[2025-03-09T01:15:49.555611+05:00] SaveEntries.INFO: File included and script started: sale_actions.php [] []
[2025-03-09T01:15:49.597307+05:00] SaveEntries.INFO: File included and script started: sale_actions.php [] []
[2025-03-09T01:29:50.067161+05:00] SaveEntries.INFO: File included and script started: sales.php [] []
[2025-03-09T01:29:50.526255+05:00] SaveEntries.INFO: File included and script started: sale_actions.php [] []
[2025-03-09T01:29:50.537206+05:00] SaveEntries.INFO: File included and script started: sale_actions.php [] []
[2025-03-09T01:29:50.576120+05:00] SaveEntries.INFO: File included and script started: sale_actions.php [] []
[2025-03-09T01:29:51.228314+05:00] SaveEntries.INFO: File included and script started: sale_actions.php [] []
[2025-03-09T01:29:53.528349+05:00] SaveEntries.INFO: File included and script started: sale_actions.php [] []
[2025-03-09T01:29:53.629038+05:00] SaveEntries.INFO: File included and script started: sale_actions.php [] []
[2025-03-09T01:29:59.486560+05:00] SaveEntries.INFO: File included and script started: sale_actions.php [] []
[2025-03-09T01:30:01.357350+05:00] SaveEntries.INFO: File included and script started: sales.php [] []
[2025-03-09T01:30:01.540227+05:00] SaveEntries.INFO: File included and script started: sale_actions.php [] []
[2025-03-09T01:30:01.559016+05:00] SaveEntries.INFO: File included and script started: sale_actions.php [] []
[2025-03-09T01:30:01.563023+05:00] SaveEntries.INFO: File included and script started: sale_actions.php [] []
[2025-03-09T01:30:02.172198+05:00] SaveEntries.INFO: File included and script started: sale_actions.php [] []
[2025-03-09T01:31:36.026396+05:00] SaveEntries.INFO: File included and script started: sales.php [] []
[2025-03-09T01:31:36.383008+05:00] SaveEntries.INFO: File included and script started: sale_actions.php [] []
[2025-03-09T01:31:36.389185+05:00] SaveEntries.INFO: File included and script started: sale_actions.php [] []
[2025-03-09T01:31:36.422289+05:00] SaveEntries.INFO: File included and script started: sale_actions.php [] []
[2025-03-09T01:31:36.998057+05:00] SaveEntries.INFO: File included and script started: sale_actions.php [] []
[2025-03-09T01:31:39.658450+05:00] SaveEntries.INFO: File included and script started: sale_actions.php [] []
[2025-03-09T01:31:40.201461+05:00] SaveEntries.INFO: File included and script started: sale_actions.php [] []
[2025-03-09T01:31:53.976009+05:00] SaveEntries.INFO: File included and script started: sale_actions.php [] []
[2025-03-09T01:31:54.017909+05:00] SaveEntries.INFO: File included and script started: sale_actions.php [] []
[2025-03-09T01:32:04.352731+05:00] SaveEntries.INFO: File included and script started: sales.php [] []
[2025-03-09T01:32:04.526493+05:00] SaveEntries.INFO: File included and script started: sale_actions.php [] []
[2025-03-09T01:32:04.565884+05:00] SaveEntries.INFO: File included and script started: sale_actions.php [] []
[2025-03-09T01:32:04.579748+05:00] SaveEntries.INFO: File included and script started: sale_actions.php [] []
[2025-03-09T01:32:05.169207+05:00] SaveEntries.INFO: File included and script started: sale_actions.php [] []
[2025-03-09T01:32:36.584152+05:00] SaveEntries.INFO: File included and script started: sales.php [] []
[2025-03-09T01:32:36.776264+05:00] SaveEntries.INFO: File included and script started: sale_actions.php [] []
[2025-03-09T01:32:36.794879+05:00] SaveEntries.INFO: File included and script started: sale_actions.php [] []
[2025-03-09T01:32:36.799242+05:00] SaveEntries.INFO: File included and script started: sale_actions.php [] []
[2025-03-09T01:32:37.335255+05:00] SaveEntries.INFO: File included and script started: sale_actions.php [] []
[2025-03-09T01:32:42.260394+05:00] SaveEntries.INFO: File included and script started: sales.php [] []
[2025-03-09T01:32:42.452487+05:00] SaveEntries.INFO: File included and script started: sale_actions.php [] []
[2025-03-09T01:32:42.454537+05:00] SaveEntries.INFO: File included and script started: sale_actions.php [] []
[2025-03-09T01:32:42.467362+05:00] SaveEntries.INFO: File included and script started: sale_actions.php [] []
[2025-03-09T01:32:43.126974+05:00] SaveEntries.INFO: File included and script started: sale_actions.php [] []
[2025-03-09T01:36:38.631321+05:00] SaveEntries.INFO: File included and script started: sales.php [] []
[2025-03-09T01:36:38.955283+05:00] SaveEntries.INFO: File included and script started: sale_actions.php [] []
[2025-03-09T01:36:38.967126+05:00] SaveEntries.INFO: File included and script started: sale_actions.php [] []
[2025-03-09T01:36:38.999300+05:00] SaveEntries.INFO: File included and script started: sale_actions.php [] []
[2025-03-09T01:36:39.639509+05:00] SaveEntries.INFO: File included and script started: sale_actions.php [] []
[2025-03-09T01:36:43.314860+05:00] SaveEntries.INFO: File included and script started: sale_actions.php [] []
[2025-03-09T01:36:44.695287+05:00] SaveEntries.INFO: File included and script started: sale_actions.php [] []
[2025-03-09T01:36:46.670643+05:00] SaveEntries.INFO: File included and script started: sales.php [] []
[2025-03-09T01:36:46.954072+05:00] SaveEntries.INFO: File included and script started: sale_actions.php [] []
[2025-03-09T01:36:46.962383+05:00] SaveEntries.INFO: File included and script started: sale_actions.php [] []
[2025-03-09T01:36:46.977548+05:00] SaveEntries.INFO: File included and script started: sale_actions.php [] []
[2025-03-09T01:36:47.538642+05:00] SaveEntries.INFO: File included and script started: sale_actions.php [] []
[2025-03-09T01:36:51.548158+05:00] SaveEntries.INFO: File included and script started: sales.php [] []
[2025-03-09T01:36:51.727206+05:00] SaveEntries.INFO: File included and script started: sale_actions.php [] []
[2025-03-09T01:36:51.727933+05:00] SaveEntries.INFO: File included and script started: sale_actions.php [] []
[2025-03-09T01:36:51.765065+05:00] SaveEntries.INFO: File included and script started: sale_actions.php [] []
[2025-03-09T01:36:52.357409+05:00] SaveEntries.INFO: File included and script started: sale_actions.php [] []
[2025-03-09T01:36:57.828434+05:00] SaveEntries.INFO: File included and script started: sale_actions.php [] []
[2025-03-09T01:37:00.161471+05:00] SaveEntries.INFO: File included and script started: sales.php [] []
[2025-03-09T01:37:00.332590+05:00] SaveEntries.INFO: File included and script started: sale_actions.php [] []
[2025-03-09T01:37:00.396503+05:00] SaveEntries.INFO: File included and script started: sale_actions.php [] []
[2025-03-09T01:37:00.396070+05:00] SaveEntries.INFO: File included and script started: sale_actions.php [] []
[2025-03-09T01:37:00.908841+05:00] SaveEntries.INFO: File included and script started: sale_actions.php [] []
[2025-03-09T01:38:45.208461+05:00] SaveEntries.INFO: File included and script started: sales.php [] []
[2025-03-09T01:38:45.399140+05:00] SaveEntries.INFO: File included and script started: sale_actions.php [] []
[2025-03-09T01:38:45.408322+05:00] SaveEntries.INFO: File included and script started: sale_actions.php [] []
[2025-03-09T01:38:45.441737+05:00] SaveEntries.INFO: File included and script started: sale_actions.php [] []
[2025-03-09T01:38:46.011167+05:00] SaveEntries.INFO: File included and script started: sale_actions.php [] []
[2025-03-09T01:38:49.224193+05:00] SaveEntries.INFO: File included and script started: sale_actions.php [] []
[2025-03-09T01:38:49.224220+05:00] SaveEntries.INFO: File included and script started: sale_actions.php [] []
[2025-03-09T01:38:49.770717+05:00] SaveEntries.INFO: File included and script started: sale_actions.php [] []
[2025-03-09T01:39:04.195326+05:00] SaveEntries.INFO: File included and script started: sale_actions.php [] []
[2025-03-09T01:39:04.232348+05:00] SaveEntries.INFO: File included and script started: sale_actions.php [] []
[2025-03-09T01:39:09.985216+05:00] SaveEntries.INFO: File included and script started: sale_actions.php [] []
[2025-03-09T01:39:10.016855+05:00] SaveEntries.INFO: File included and script started: sale_actions.php [] []
[2025-03-09T01:39:15.599172+05:00] SaveEntries.INFO: File included and script started: sale_actions.php [] []
[2025-03-09T01:39:15.607623+05:00] SaveEntries.INFO: File included and script started: sale_actions.php [] []
[2025-03-09T01:39:16.139554+05:00] SaveEntries.INFO: File included and script started: sale_actions.php [] []
[2025-03-09T01:39:34.517252+05:00] SaveEntries.INFO: File included and script started: sale_actions.php [] []
[2025-03-09T01:39:34.557656+05:00] SaveEntries.INFO: File included and script started: sale_actions.php [] []
[2025-03-09T01:41:01.125045+05:00] SaveEntries.INFO: File included and script started: sales.php [] []
[2025-03-09T01:41:01.449048+05:00] SaveEntries.INFO: File included and script started: sale_actions.php [] []
[2025-03-09T01:41:01.457692+05:00] SaveEntries.INFO: File included and script started: sale_actions.php [] []
[2025-03-09T01:41:01.494666+05:00] SaveEntries.INFO: File included and script started: sale_actions.php [] []
[2025-03-09T01:41:02.072138+05:00] SaveEntries.INFO: File included and script started: sale_actions.php [] []
[2025-03-09T01:41:03.838457+05:00] SaveEntries.INFO: File included and script started: sale_actions.php [] []
[2025-03-09T01:41:03.838851+05:00] SaveEntries.INFO: File included and script started: sale_actions.php [] []
[2025-03-09T01:41:03.884021+05:00] SaveEntries.INFO: File included and script started: sale_actions.php [] []
[2025-03-09T01:41:03.892221+05:00] SaveEntries.INFO: File included and script started: sale_actions.php [] []
[2025-03-09T01:41:04.422795+05:00] SaveEntries.INFO: File included and script started: sale_actions.php [] []
[2025-03-09T01:41:33.937939+05:00] SaveEntries.INFO: File included and script started: sale_actions.php [] []
[2025-03-09T01:41:33.975879+05:00] SaveEntries.INFO: File included and script started: sale_actions.php [] []
[2025-03-09T01:41:41.031825+05:00] SaveEntries.INFO: File included and script started: view_invoice.php [] []
[2025-03-09T01:41:41.231191+05:00] SaveEntries.INFO: File included and script started: sale_actions.php [] []
[2025-03-09T01:41:54.062425+05:00] SaveEntries.INFO: File included and script started: sales.php [] []
[2025-03-09T01:41:54.250726+05:00] SaveEntries.INFO: File included and script started: sale_actions.php [] []
[2025-03-09T01:41:54.253526+05:00] SaveEntries.INFO: File included and script started: sale_actions.php [] []
[2025-03-09T01:41:54.296678+05:00] SaveEntries.INFO: File included and script started: sale_actions.php [] []
[2025-03-09T01:41:54.848038+05:00] SaveEntries.INFO: File included and script started: sale_actions.php [] []
[2025-03-09T01:42:02.149073+05:00] SaveEntries.INFO: File included and script started: sale_actions.php [] []
[2025-03-09T01:42:02.189447+05:00] SaveEntries.INFO: File included and script started: sale_actions.php [] []
[2025-03-09T01:42:05.613978+05:00] SaveEntries.INFO: File included and script started: edit_invoice.php [] []
[2025-03-09T01:42:05.792771+05:00] SaveEntries.INFO: File included and script started: sale_actions.php [] []
[2025-03-09T01:42:05.863298+05:00] SaveEntries.INFO: File included and script started: sale_actions.php [] []
[2025-03-09T01:42:12.592768+05:00] SaveEntries.INFO: File included and script started: sale_actions.php [] []
[2025-03-09T01:44:10.114643+05:00] SaveEntries.INFO: File included and script started: sales.php [] []
[2025-03-09T01:44:10.381511+05:00] SaveEntries.INFO: File included and script started: sale_actions.php [] []
[2025-03-09T01:44:10.428722+05:00] SaveEntries.INFO: File included and script started: sale_actions.php [] []
[2025-03-09T01:44:10.481515+05:00] SaveEntries.INFO: File included and script started: sale_actions.php [] []
[2025-03-09T01:44:11.008203+05:00] SaveEntries.INFO: File included and script started: sale_actions.php [] []
[2025-03-09T01:44:12.031905+05:00] SaveEntries.INFO: File included and script started: sale_actions.php [] []
[2025-03-09T01:44:12.031916+05:00] SaveEntries.INFO: File included and script started: sale_actions.php [] []
[2025-03-09T01:44:12.062795+05:00] SaveEntries.INFO: File included and script started: sale_actions.php [] []
[2025-03-09T01:44:12.079687+05:00] SaveEntries.INFO: File included and script started: sale_actions.php [] []
[2025-03-09T01:44:12.617309+05:00] SaveEntries.INFO: File included and script started: sale_actions.php [] []
[2025-03-09T01:46:14.985679+05:00] SaveEntries.INFO: File included and script started: sales.php [] []
[2025-03-09T01:46:15.294804+05:00] SaveEntries.INFO: File included and script started: sale_actions.php [] []
[2025-03-09T01:46:15.306002+05:00] SaveEntries.INFO: File included and script started: sale_actions.php [] []
[2025-03-09T01:46:15.342874+05:00] SaveEntries.INFO: File included and script started: sale_actions.php [] []
[2025-03-09T01:46:15.913276+05:00] SaveEntries.INFO: File included and script started: sale_actions.php [] []
[2025-03-09T01:46:16.498736+05:00] SaveEntries.INFO: File included and script started: sale_actions.php [] []
[2025-03-09T01:46:16.500814+05:00] SaveEntries.INFO: File included and script started: sale_actions.php [] []
[2025-03-09T01:46:16.530496+05:00] SaveEntries.INFO: File included and script started: sale_actions.php [] []
[2025-03-09T01:46:16.541407+05:00] SaveEntries.INFO: File included and script started: sale_actions.php [] []
[2025-03-09T01:46:17.185721+05:00] SaveEntries.INFO: File included and script started: sale_actions.php [] []
[2025-03-09T01:46:46.318930+05:00] SaveEntries.INFO: File included and script started: sale_actions.php [] []
[2025-03-09T01:46:49.857241+05:00] SaveEntries.INFO: File included and script started: sales.php [] []
[2025-03-09T01:46:50.033459+05:00] SaveEntries.INFO: File included and script started: sale_actions.php [] []
[2025-03-09T01:46:50.037518+05:00] SaveEntries.INFO: File included and script started: sale_actions.php [] []
[2025-03-09T01:46:50.081654+05:00] SaveEntries.INFO: File included and script started: sale_actions.php [] []
[2025-03-09T01:46:50.661081+05:00] SaveEntries.INFO: File included and script started: sale_actions.php [] []
[2025-03-09T03:04:04.982483+05:00] SaveEntries.INFO: File included and script started: sales.php [] []
[2025-03-09T03:04:05.345785+05:00] SaveEntries.INFO: File included and script started: sale_actions.php [] []
[2025-03-09T03:04:05.355105+05:00] SaveEntries.INFO: File included and script started: sale_actions.php [] []
[2025-03-09T03:04:05.400906+05:00] SaveEntries.INFO: File included and script started: sale_actions.php [] []
[2025-03-09T03:04:05.976219+05:00] SaveEntries.INFO: File included and script started: sale_actions.php [] []
[2025-03-09T03:04:07.132860+05:00] SaveEntries.INFO: File included and script started: sale_actions.php [] []
[2025-03-09T03:04:07.135378+05:00] SaveEntries.INFO: File included and script started: sale_actions.php [] []
[2025-03-09T03:04:07.167932+05:00] SaveEntries.INFO: File included and script started: sale_actions.php [] []
[2025-03-09T03:04:07.183211+05:00] SaveEntries.INFO: File included and script started: sale_actions.php [] []
[2025-03-09T03:04:07.710592+05:00] SaveEntries.INFO: File included and script started: sale_actions.php [] []
[2025-03-09T03:04:23.413633+05:00] SaveEntries.INFO: File included and script started: sale_actions.php [] []
[2025-03-09T03:04:27.470026+05:00] SaveEntries.INFO: File included and script started: sales.php [] []
[2025-03-09T03:04:27.672714+05:00] SaveEntries.INFO: File included and script started: sale_actions.php [] []
[2025-03-09T03:04:27.698061+05:00] SaveEntries.INFO: File included and script started: sale_actions.php [] []
[2025-03-09T03:04:27.701471+05:00] SaveEntries.INFO: File included and script started: sale_actions.php [] []
[2025-03-09T03:04:28.236342+05:00] SaveEntries.INFO: File included and script started: sale_actions.php [] []
[2025-03-09T03:04:39.227190+05:00] SaveEntries.INFO: File included and script started: sale_actions.php [] []
[2025-03-09T03:04:39.267999+05:00] SaveEntries.INFO: File included and script started: sale_actions.php [] []
[2025-03-09T03:04:42.960759+05:00] SaveEntries.INFO: File included and script started: sale_actions.php [] []
[2025-03-09T03:04:42.966728+05:00] SaveEntries.INFO: File included and script started: sale_actions.php [] []
[2025-03-09T03:04:43.013945+05:00] SaveEntries.INFO: File included and script started: sale_actions.php [] []
[2025-03-09T03:04:43.028061+05:00] SaveEntries.INFO: File included and script started: sale_actions.php [] []
[2025-03-09T03:04:43.553808+05:00] SaveEntries.INFO: File included and script started: sale_actions.php [] []
[2025-03-09T03:05:30.080223+05:00] SaveEntries.INFO: File included and script started: sale_actions.php [] []
[2025-03-09T03:05:34.277055+05:00] SaveEntries.INFO: File included and script started: sales.php [] []
[2025-03-09T03:05:34.493329+05:00] SaveEntries.INFO: File included and script started: sale_actions.php [] []
[2025-03-09T03:05:34.503078+05:00] SaveEntries.INFO: File included and script started: sale_actions.php [] []
[2025-03-09T03:05:34.525100+05:00] SaveEntries.INFO: File included and script started: sale_actions.php [] []
[2025-03-09T03:05:35.135620+05:00] SaveEntries.INFO: File included and script started: sale_actions.php [] []
[2025-03-09T03:07:40.151614+05:00] SaveEntries.INFO: File included and script started: sales.php [] []
[2025-03-09T03:07:40.381918+05:00] SaveEntries.INFO: File included and script started: sale_actions.php [] []
[2025-03-09T03:07:40.395336+05:00] SaveEntries.INFO: File included and script started: sale_actions.php [] []
[2025-03-09T03:07:40.455447+05:00] SaveEntries.INFO: File included and script started: sale_actions.php [] []
[2025-03-09T03:07:41.017837+05:00] SaveEntries.INFO: File included and script started: sale_actions.php [] []
[2025-03-09T03:07:44.414913+05:00] SaveEntries.INFO: File included and script started: sale_actions.php [] []
[2025-03-09T03:07:53.005257+05:00] SaveEntries.INFO: File included and script started: sales.php [] []
[2025-03-09T03:07:53.192163+05:00] SaveEntries.INFO: File included and script started: sale_actions.php [] []
[2025-03-09T03:07:53.219539+05:00] SaveEntries.INFO: File included and script started: sale_actions.php [] []
[2025-03-09T03:07:53.230055+05:00] SaveEntries.INFO: File included and script started: sale_actions.php [] []
[2025-03-09T03:07:53.831183+05:00] SaveEntries.INFO: File included and script started: sale_actions.php [] []
[2025-03-09T03:07:55.622772+05:00] SaveEntries.INFO: File included and script started: sale_actions.php [] []
[2025-03-09T03:07:55.622491+05:00] SaveEntries.INFO: File included and script started: sale_actions.php [] []
[2025-03-09T03:07:55.649590+05:00] SaveEntries.INFO: File included and script started: sale_actions.php [] []
[2025-03-09T03:07:55.693296+05:00] SaveEntries.INFO: File included and script started: sale_actions.php [] []
[2025-03-09T03:07:56.205866+05:00] SaveEntries.INFO: File included and script started: sale_actions.php [] []
[2025-03-09T03:09:47.654471+05:00] SaveEntries.INFO: File included and script started: sales.php [] []
[2025-03-09T03:09:47.996851+05:00] SaveEntries.INFO: File included and script started: sale_actions.php [] []
[2025-03-09T03:09:48.003938+05:00] SaveEntries.INFO: File included and script started: sale_actions.php [] []
[2025-03-09T03:09:48.034003+05:00] SaveEntries.INFO: File included and script started: sale_actions.php [] []
[2025-03-09T03:09:48.638820+05:00] SaveEntries.INFO: File included and script started: sale_actions.php [] []
[2025-03-09T03:09:49.805426+05:00] SaveEntries.INFO: File included and script started: sale_actions.php [] []
[2025-03-09T03:09:49.810397+05:00] SaveEntries.INFO: File included and script started: sale_actions.php [] []
[2025-03-09T03:09:49.835195+05:00] SaveEntries.INFO: File included and script started: sale_actions.php [] []
[2025-03-09T03:09:49.849140+05:00] SaveEntries.INFO: File included and script started: sale_actions.php [] []
[2025-03-09T03:09:50.421333+05:00] SaveEntries.INFO: File included and script started: sale_actions.php [] []
[2025-03-09T03:10:05.915784+05:00] SaveEntries.INFO: File included and script started: sale_actions.php [] []
[2025-03-09T03:10:10.826342+05:00] SaveEntries.INFO: File included and script started: sales.php [] []
[2025-03-09T03:10:11.016945+05:00] SaveEntries.INFO: File included and script started: sale_actions.php [] []
[2025-03-09T03:10:11.030797+05:00] SaveEntries.INFO: File included and script started: sale_actions.php [] []
[2025-03-09T03:10:11.042302+05:00] SaveEntries.INFO: File included and script started: sale_actions.php [] []
[2025-03-09T03:10:11.646503+05:00] SaveEntries.INFO: File included and script started: sale_actions.php [] []
[2025-03-09T03:10:36.062741+05:00] SaveEntries.INFO: File included and script started: sale_actions.php [] []
[2025-03-09T03:10:36.062760+05:00] SaveEntries.INFO: File included and script started: sale_actions.php [] []
[2025-03-09T03:10:36.091905+05:00] SaveEntries.INFO: File included and script started: sale_actions.php [] []
[2025-03-09T03:10:36.096446+05:00] SaveEntries.INFO: File included and script started: sale_actions.php [] []
[2025-03-09T03:10:36.666810+05:00] SaveEntries.INFO: File included and script started: sale_actions.php [] []
[2025-03-09T03:17:39.136142+05:00] SaveEntries.INFO: File included and script started: sales.php [] []
[2025-03-09T03:17:39.462341+05:00] SaveEntries.INFO: File included and script started: sale_actions.php [] []
[2025-03-09T03:17:39.493920+05:00] SaveEntries.INFO: File included and script started: sale_actions.php [] []
[2025-03-09T03:17:39.511060+05:00] SaveEntries.INFO: File included and script started: sale_actions.php [] []
[2025-03-09T03:17:41.024360+05:00] SaveEntries.INFO: File included and script started: sale_actions.php [] []
[2025-03-09T03:17:43.157534+05:00] SaveEntries.INFO: File included and script started: sale_actions.php [] []
[2025-03-09T03:17:43.159743+05:00] SaveEntries.INFO: File included and script started: sale_actions.php [] []
[2025-03-09T03:17:43.708960+05:00] SaveEntries.INFO: File included and script started: sale_actions.php [] []
[2025-03-09T03:17:53.660678+05:00] SaveEntries.INFO: File included and script started: sales.php [] []
[2025-03-09T03:17:53.923780+05:00] SaveEntries.INFO: File included and script started: sale_actions.php [] []
[2025-03-09T03:17:53.946231+05:00] SaveEntries.INFO: File included and script started: sale_actions.php [] []
[2025-03-09T03:17:53.990138+05:00] SaveEntries.INFO: File included and script started: sale_actions.php [] []
[2025-03-09T03:17:54.543662+05:00] SaveEntries.INFO: File included and script started: sale_actions.php [] []
[2025-03-09T03:17:56.449888+05:00] SaveEntries.INFO: File included and script started: sale_actions.php [] []
[2025-03-09T03:17:56.478443+05:00] SaveEntries.INFO: File included and script started: sale_actions.php [] []
[2025-03-09T03:17:56.493846+05:00] SaveEntries.INFO: File included and script started: sale_actions.php [] []
[2025-03-09T03:17:57.033666+05:00] SaveEntries.INFO: File included and script started: sale_actions.php [] []
[2025-03-09T03:18:38.956146+05:00] SaveEntries.INFO: File included and script started: sales.php [] []
[2025-03-09T03:18:39.165932+05:00] SaveEntries.INFO: File included and script started: sale_actions.php [] []
[2025-03-09T03:18:39.168021+05:00] SaveEntries.INFO: File included and script started: sale_actions.php [] []
[2025-03-09T03:18:39.189052+05:00] SaveEntries.INFO: File included and script started: sale_actions.php [] []
[2025-03-09T03:18:39.782819+05:00] SaveEntries.INFO: File included and script started: sale_actions.php [] []
[2025-03-09T03:18:40.883633+05:00] SaveEntries.INFO: File included and script started: sale_actions.php [] []
[2025-03-09T03:18:40.883620+05:00] SaveEntries.INFO: File included and script started: sale_actions.php [] []
[2025-03-09T03:18:40.918317+05:00] SaveEntries.INFO: File included and script started: sale_actions.php [] []
[2025-03-09T03:18:40.934776+05:00] SaveEntries.INFO: File included and script started: sale_actions.php [] []
[2025-03-09T03:18:41.460425+05:00] SaveEntries.INFO: File included and script started: sale_actions.php [] []
[2025-03-09T03:18:54.075614+05:00] SaveEntries.INFO: File included and script started: sale_actions.php [] []
[2025-03-09T03:18:56.830075+05:00] SaveEntries.INFO: File included and script started: sales.php [] []
[2025-03-09T03:18:57.006755+05:00] SaveEntries.INFO: File included and script started: sale_actions.php [] []
[2025-03-09T03:18:57.010555+05:00] SaveEntries.INFO: File included and script started: sale_actions.php [] []
[2025-03-09T03:18:57.046287+05:00] SaveEntries.INFO: File included and script started: sale_actions.php [] []
[2025-03-09T03:18:57.639490+05:00] SaveEntries.INFO: File included and script started: sale_actions.php [] []
[2025-03-09T03:24:48.947931+05:00] SaveEntries.INFO: File included and script started: sales.php [] []
[2025-03-09T03:24:49.295440+05:00] SaveEntries.INFO: File included and script started: sale_actions.php [] []
[2025-03-09T03:24:49.302068+05:00] SaveEntries.INFO: File included and script started: sale_actions.php [] []
[2025-03-09T03:24:49.312087+05:00] SaveEntries.INFO: File included and script started: sale_actions.php [] []
[2025-03-09T03:24:49.953991+05:00] SaveEntries.INFO: File included and script started: sale_actions.php [] []
[2025-03-09T03:24:51.322494+05:00] SaveEntries.INFO: File included and script started: sale_actions.php [] []
[2025-03-09T03:24:51.884139+05:00] SaveEntries.INFO: File included and script started: sale_actions.php [] []
[2025-03-09T03:25:19.252033+05:00] SaveEntries.INFO: File included and script started: sale_actions.php [] []
[2025-03-09T03:25:22.456287+05:00] SaveEntries.INFO: File included and script started: sales.php [] []
[2025-03-09T03:25:22.787371+05:00] SaveEntries.INFO: File included and script started: sale_actions.php [] []
[2025-03-09T03:25:22.858354+05:00] SaveEntries.INFO: File included and script started: sale_actions.php [] []
[2025-03-09T03:25:23.438433+05:00] SaveEntries.INFO: File included and script started: sale_actions.php [] []
[2025-03-09T03:25:28.427594+05:00] SaveEntries.INFO: File included and script started: sale_actions.php [] []
[2025-03-09T03:25:28.456038+05:00] SaveEntries.INFO: File included and script started: sale_actions.php [] []
[2025-03-09T03:25:29.006604+05:00] SaveEntries.INFO: File included and script started: sale_actions.php [] []
[2025-03-09T03:25:35.985311+05:00] SaveEntries.INFO: File included and script started: sale_actions.php [] []
[2025-03-09T03:34:27.721761+05:00] SaveEntries.INFO: File included and script started: sales.php [] []
[2025-03-09T03:34:28.720705+05:00] SaveEntries.INFO: File included and script started: sale_actions.php [] []
[2025-03-09T03:34:28.787067+05:00] SaveEntries.INFO: File included and script started: sale_actions.php [] []
[2025-03-09T03:34:28.781291+05:00] SaveEntries.INFO: File included and script started: sale_actions.php [] []
[2025-03-09T03:34:29.652947+05:00] SaveEntries.INFO: File included and script started: sale_actions.php [] []
[2025-03-09T03:34:34.607852+05:00] SaveEntries.INFO: File included and script started: sales.php [] []
[2025-03-09T03:34:35.754247+05:00] SaveEntries.INFO: File included and script started: sale_actions.php [] []
[2025-03-09T03:34:35.804200+05:00] SaveEntries.INFO: File included and script started: sale_actions.php [] []
[2025-03-09T03:34:35.874378+05:00] SaveEntries.INFO: File included and script started: sale_actions.php [] []
[2025-03-09T03:34:36.904100+05:00] SaveEntries.INFO: File included and script started: sale_actions.php [] []
[2025-03-09T03:34:41.502801+05:00] SaveEntries.INFO: File included and script started: sale_actions.php [] []
[2025-03-09T03:34:41.584359+05:00] SaveEntries.INFO: File included and script started: sale_actions.php [] []
[2025-03-09T03:34:44.748056+05:00] SaveEntries.INFO: File included and script started: sale_actions.php [] []
[2025-03-09T03:34:44.772101+05:00] SaveEntries.INFO: File included and script started: sale_actions.php [] []
[2025-03-09T03:34:45.358017+05:00] SaveEntries.INFO: File included and script started: sale_actions.php [] []
[2025-03-09T03:34:54.549125+05:00] SaveEntries.INFO: File included and script started: sale_actions.php [] []
[2025-03-09T03:34:54.617031+05:00] SaveEntries.INFO: File included and script started: sale_actions.php [] []
[2025-03-09T03:35:04.268500+05:00] SaveEntries.INFO: File included and script started: sale_actions.php [] []
[2025-03-09T03:35:04.268288+05:00] SaveEntries.INFO: File included and script started: sale_actions.php [] []
[2025-03-09T03:35:04.851955+05:00] SaveEntries.INFO: File included and script started: sale_actions.php [] []
[2025-03-09T03:35:10.839207+05:00] SaveEntries.INFO: File included and script started: sale_actions.php [] []
[2025-03-09T03:35:10.902023+05:00] SaveEntries.INFO: File included and script started: sale_actions.php [] []
[2025-03-09T03:35:13.114095+05:00] SaveEntries.INFO: File included and script started: sale_actions.php [] []
[2025-03-09T03:35:13.125029+05:00] SaveEntries.INFO: File included and script started: sale_actions.php [] []
[2025-03-09T03:35:13.691538+05:00] SaveEntries.INFO: File included and script started: sale_actions.php [] []
[2025-03-09T03:35:22.089468+05:00] SaveEntries.INFO: File included and script started: sale_actions.php [] []
[2025-03-09T03:35:22.155996+05:00] SaveEntries.INFO: File included and script started: sale_actions.php [] []
[2025-03-09T03:35:24.975953+05:00] SaveEntries.INFO: File included and script started: view_invoice.php [] []
[2025-03-09T03:35:25.966165+05:00] SaveEntries.INFO: File included and script started: sale_actions.php [] []
[2025-03-09T03:36:01.289764+05:00] SaveEntries.INFO: File included and script started: edit_invoice.php [] []
[2025-03-09T03:36:01.588185+05:00] SaveEntries.INFO: File included and script started: sale_actions.php [] []
[2025-03-09T03:36:01.733741+05:00] SaveEntries.INFO: File included and script started: sale_actions.php [] []
[2025-03-09T03:36:19.406973+05:00] SaveEntries.INFO: File included and script started: sale_actions.php [] []
[2025-03-09T03:39:39.025618+05:00] SaveEntries.INFO: File included and script started: edit_invoice.php [] []
[2025-03-09T03:39:39.408809+05:00] SaveEntries.INFO: File included and script started: sale_actions.php [] []
[2025-03-09T03:39:39.505453+05:00] SaveEntries.INFO: File included and script started: sale_actions.php [] []
[2025-03-09T03:39:42.924691+05:00] SaveEntries.INFO: File included and script started: sale_actions.php [] []
[2025-03-09T03:39:47.632306+05:00] SaveEntries.INFO: File included and script started: sale_actions.php [] []
[2025-03-09T03:40:28.978186+05:00] SaveEntries.INFO: File included and script started: sale_actions.php [] []
[2025-03-09T03:44:07.257937+05:00] SaveEntries.INFO: File included and script started: edit_invoice.php [] []
[2025-03-09T03:44:08.098700+05:00] SaveEntries.INFO: File included and script started: sale_actions.php [] []
[2025-03-09T03:44:08.240108+05:00] SaveEntries.INFO: File included and script started: sale_actions.php [] []
[2025-03-09T03:44:11.251108+05:00] SaveEntries.INFO: File included and script started: sale_actions.php [] []
[2025-03-09T03:44:15.050825+05:00] SaveEntries.INFO: File included and script started: sale_actions.php [] []
[2025-03-09T03:46:13.126125+05:00] SaveEntries.INFO: File included and script started: edit_invoice.php [] []
[2025-03-09T03:46:13.399395+05:00] SaveEntries.INFO: File included and script started: sale_actions.php [] []
[2025-03-09T03:46:13.471488+05:00] SaveEntries.INFO: File included and script started: sale_actions.php [] []
[2025-03-09T03:46:15.217714+05:00] SaveEntries.INFO: File included and script started: sale_actions.php [] []
[2025-03-09T03:46:24.020863+05:00] SaveEntries.INFO: File included and script started: sale_actions.php [] []
[2025-03-09T03:46:29.424952+05:00] SaveEntries.INFO: File included and script started: sale_actions.php [] []
[2025-03-09T03:46:38.075551+05:00] SaveEntries.INFO: File included and script started: sale_actions.php [] []
[2025-03-09T03:46:39.412652+05:00] SaveEntries.INFO: File included and script started: view_invoice.php [] []
[2025-03-09T03:46:39.745830+05:00] SaveEntries.INFO: File included and script started: sale_actions.php [] []
[2025-03-09T03:46:57.761116+05:00] SaveEntries.INFO: File included and script started: view_invoice.php [] []
[2025-03-09T03:46:57.926270+05:00] SaveEntries.INFO: File included and script started: sale_actions.php [] []
[2025-03-09T03:51:26.712873+05:00] SaveEntries.INFO: File included and script started: view_invoice.php [] []
[2025-03-09T03:51:27.015533+05:00] SaveEntries.INFO: File included and script started: sale_actions.php [] []
[2025-03-09T03:51:34.941591+05:00] SaveEntries.INFO: File included and script started: company_settings.php [] []
[2025-03-09T03:52:50.254886+05:00] SaveEntries.INFO: File included and script started: company_settings.php [] []
[2025-03-09T03:54:13.013640+05:00] SaveEntries.INFO: File included and script started: company_actions.php [] []
[2025-03-09T03:54:14.137521+05:00] SaveEntries.INFO: File included and script started: company_settings.php [] []
[2025-03-09T03:55:06.305410+05:00] SaveEntries.INFO: File included and script started: company_actions.php [] []
[2025-03-09T03:57:30.406485+05:00] SaveEntries.INFO: File included and script started: sales.php [] []
[2025-03-09T03:57:30.829361+05:00] SaveEntries.INFO: File included and script started: sale_actions.php [] []
[2025-03-09T03:57:30.849662+05:00] SaveEntries.INFO: File included and script started: sale_actions.php [] []
[2025-03-09T03:57:30.863194+05:00] SaveEntries.INFO: File included and script started: sale_actions.php [] []
[2025-03-09T03:57:31.511044+05:00] SaveEntries.INFO: File included and script started: sale_actions.php [] []
[2025-03-09T03:57:32.841033+05:00] SaveEntries.INFO: File included and script started: view_invoice.php [] []
[2025-03-09T03:57:33.085842+05:00] SaveEntries.INFO: File included and script started: sale_actions.php [] []
[2025-03-09T03:57:44.364063+05:00] SaveEntries.INFO: File included and script started: company_settings.php [] []
[2025-03-09T03:57:57.086705+05:00] SaveEntries.INFO: File included and script started: company_actions.php [] []
[2025-03-09T03:58:00.178931+05:00] SaveEntries.INFO: File included and script started: company_settings.php [] []
