[2025-03-06T08:59:00.984125+05:00] SaveEntries.INFO: File included and script started: sales.php [] []
[2025-03-06T08:59:01.731279+05:00] SaveEntries.INFO: File included and script started: sale_actions.php [] []
[2025-03-06T08:59:01.767341+05:00] SaveEntries.INFO: File included and script started: sale_actions.php [] []
[2025-03-06T08:59:01.779788+05:00] SaveEntries.INFO: File included and script started: sale_actions.php [] []
[2025-03-06T08:59:02.336913+05:00] SaveEntries.INFO: File included and script started: sale_actions.php [] []
[2025-03-06T08:59:06.430044+05:00] SaveEntries.INFO: File included and script started: products.php [] []
[2025-03-06T08:59:06.711817+05:00] SaveEntries.INFO: File included and script started: product_actions.php [] []
[2025-03-06T08:59:06.765528+05:00] SaveEntries.INFO: File included and script started: product_actions.php [] []
[2025-03-06T08:59:06.964871+05:00] SaveEntries.INFO: File included and script started: product_actions.php [] []
[2025-03-06T08:59:06.994763+05:00] SaveEntries.INFO: File included and script started: product_actions.php [] []
[2025-03-06T08:59:07.358279+05:00] SaveEntries.INFO: File included and script started: product_actions.php [] []
[2025-03-06T08:59:11.515324+05:00] SaveEntries.INFO: File included and script started: product_actions.php [] []
[2025-03-06T08:59:14.278459+05:00] SaveEntries.INFO: File included and script started: product_actions.php [] []
[2025-03-06T08:59:14.380471+05:00] SaveEntries.INFO: File included and script started: product_actions.php [] []
[2025-03-06T08:59:17.797298+05:00] SaveEntries.INFO: File included and script started: sales.php [] []
[2025-03-06T08:59:18.375594+05:00] SaveEntries.INFO: File included and script started: sale_actions.php [] []
[2025-03-06T08:59:18.419517+05:00] SaveEntries.INFO: File included and script started: sale_actions.php [] []
[2025-03-06T08:59:18.551259+05:00] SaveEntries.INFO: File included and script started: sale_actions.php [] []
[2025-03-06T08:59:19.000679+05:00] SaveEntries.INFO: File included and script started: sale_actions.php [] []
[2025-03-06T08:59:20.082733+05:00] SaveEntries.INFO: File included and script started: sale_actions.php [] []
[2025-03-06T08:59:20.194071+05:00] SaveEntries.INFO: File included and script started: sale_actions.php [] []
[2025-03-06T08:59:20.766413+05:00] SaveEntries.INFO: File included and script started: sale_actions.php [] []
[2025-03-06T09:00:09.668292+05:00] SaveEntries.INFO: File included and script started: sale_actions.php [] []
[2025-03-06T09:00:09.726511+05:00] SaveEntries.INFO: File included and script started: sale_actions.php [] []
[2025-03-06T09:00:14.320117+05:00] SaveEntries.INFO: File included and script started: view_invoice.php [] []
[2025-03-06T09:00:14.703936+05:00] SaveEntries.INFO: File included and script started: sale_actions.php [] []
[2025-03-06T09:03:47.544589+05:00] SaveEntries.INFO: File included and script started: view_invoice.php [] []
[2025-03-06T09:03:48.110892+05:00] SaveEntries.INFO: File included and script started: sale_actions.php [] []
[2025-03-06T09:04:32.429872+05:00] SaveEntries.INFO: File included and script started: edit_invoice.php [] []
[2025-03-06T09:04:32.718528+05:00] SaveEntries.INFO: File included and script started: sale_actions.php [] []
[2025-03-06T09:04:32.788340+05:00] SaveEntries.INFO: File included and script started: sale_actions.php [] []
[2025-03-06T09:04:37.226186+05:00] SaveEntries.INFO: File included and script started: sale_actions.php [] []
[2025-03-06T09:04:39.669202+05:00] SaveEntries.INFO: File included and script started: sale_actions.php [] []
[2025-03-06T09:04:43.795615+05:00] SaveEntries.INFO: File included and script started: view_invoice.php [] []
[2025-03-06T09:04:44.118688+05:00] SaveEntries.INFO: File included and script started: sale_actions.php [] []
[2025-03-06T09:09:14.244244+05:00] SaveEntries.INFO: File included and script started: view_invoice.php [] []
[2025-03-06T09:09:14.547171+05:00] SaveEntries.INFO: File included and script started: sale_actions.php [] []
[2025-03-06T09:10:00.990499+05:00] SaveEntries.INFO: File included and script started: index.php [] []
[2025-03-06T09:10:01.229323+05:00] SaveEntries.INFO: File included and script started: statistics_actions.php [] []
[2025-03-06T09:10:07.660057+05:00] SaveEntries.INFO: File included and script started: sales.php [] []
[2025-03-06T09:10:07.980862+05:00] SaveEntries.INFO: File included and script started: sale_actions.php [] []
[2025-03-06T09:10:07.952625+05:00] SaveEntries.INFO: File included and script started: sale_actions.php [] []
[2025-03-06T09:10:08.043933+05:00] SaveEntries.INFO: File included and script started: sale_actions.php [] []
[2025-03-06T09:10:08.561301+05:00] SaveEntries.INFO: File included and script started: sale_actions.php [] []
[2025-03-06T09:10:54.680726+05:00] SaveEntries.INFO: File included and script started: products.php [] []
[2025-03-06T09:10:54.934234+05:00] SaveEntries.INFO: File included and script started: product_actions.php [] []
[2025-03-06T09:10:54.938543+05:00] SaveEntries.INFO: File included and script started: product_actions.php [] []
[2025-03-06T09:10:55.007838+05:00] SaveEntries.INFO: File included and script started: product_actions.php [] []
[2025-03-06T09:10:55.061302+05:00] SaveEntries.INFO: File included and script started: product_actions.php [] []
[2025-03-06T09:10:55.080763+05:00] SaveEntries.INFO: File included and script started: product_actions.php [] []
[2025-03-06T09:10:56.773781+05:00] SaveEntries.INFO: File included and script started: index.php [] []
[2025-03-06T09:10:57.094123+05:00] SaveEntries.INFO: File included and script started: statistics_actions.php [] []
[2025-03-06T09:10:59.718601+05:00] SaveEntries.INFO: File included and script started: users.php [] []
[2025-03-06T09:10:59.963151+05:00] SaveEntries.INFO: File included and script started: user_actions.php [] []
[2025-03-06T09:11:03.604385+05:00] SaveEntries.INFO: File included and script started: index.php [] []
[2025-03-06T09:11:03.813312+05:00] SaveEntries.INFO: File included and script started: statistics_actions.php [] []
[2025-03-06T09:13:25.089219+05:00] SaveEntries.INFO: File included and script started: index.php [] []
[2025-03-06T09:13:25.552376+05:00] SaveEntries.INFO: File included and script started: statistics_actions.php [] []
[2025-03-06T09:14:51.332025+05:00] SaveEntries.INFO: File included and script started: products.php [] []
[2025-03-06T09:14:51.920945+05:00] SaveEntries.INFO: File included and script started: product_actions.php [] []
[2025-03-06T09:14:51.942907+05:00] SaveEntries.INFO: File included and script started: product_actions.php [] []
[2025-03-06T09:14:52.116135+05:00] SaveEntries.INFO: File included and script started: product_actions.php [] []
[2025-03-06T09:14:52.210978+05:00] SaveEntries.INFO: File included and script started: product_actions.php [] []
[2025-03-06T09:14:52.241301+05:00] SaveEntries.INFO: File included and script started: product_actions.php [] []
[2025-03-06T09:14:54.118624+05:00] SaveEntries.INFO: File included and script started: index.php [] []
[2025-03-06T09:14:54.456617+05:00] SaveEntries.INFO: File included and script started: statistics_actions.php [] []
[2025-03-06T09:14:58.078343+05:00] SaveEntries.INFO: File included and script started: sales.php [] []
[2025-03-06T09:14:58.356348+05:00] SaveEntries.INFO: File included and script started: sale_actions.php [] []
[2025-03-06T09:14:58.393410+05:00] SaveEntries.INFO: File included and script started: sale_actions.php [] []
[2025-03-06T09:14:58.949270+05:00] SaveEntries.INFO: File included and script started: sale_actions.php [] []
[2025-03-06T09:15:14.980790+05:00] SaveEntries.INFO: File included and script started: products.php [] []
[2025-03-06T09:15:15.235241+05:00] SaveEntries.INFO: File included and script started: product_actions.php [] []
[2025-03-06T09:15:15.236797+05:00] SaveEntries.INFO: File included and script started: product_actions.php [] []
[2025-03-06T09:15:15.286892+05:00] SaveEntries.INFO: File included and script started: product_actions.php [] []
[2025-03-06T09:15:15.296663+05:00] SaveEntries.INFO: File included and script started: product_actions.php [] []
[2025-03-06T09:15:15.344550+05:00] SaveEntries.INFO: File included and script started: product_actions.php [] []
[2025-03-06T09:15:23.844695+05:00] SaveEntries.INFO: File included and script started: categories.php [] []
[2025-03-06T09:15:24.080760+05:00] SaveEntries.INFO: File included and script started: category_actions.php [] []
[2025-03-06T09:15:31.257814+05:00] SaveEntries.INFO: File included and script started: customers.php [] []
[2025-03-06T09:15:31.705467+05:00] SaveEntries.INFO: File included and script started: customer_actions.php [] []
[2025-03-06T09:15:34.365673+05:00] SaveEntries.INFO: File included and script started: products.php [] []
[2025-03-06T09:15:34.571387+05:00] SaveEntries.INFO: File included and script started: product_actions.php [] []
[2025-03-06T09:15:34.571946+05:00] SaveEntries.INFO: File included and script started: product_actions.php [] []
[2025-03-06T09:15:34.622132+05:00] SaveEntries.INFO: File included and script started: product_actions.php [] []
[2025-03-06T09:15:34.642592+05:00] SaveEntries.INFO: File included and script started: product_actions.php [] []
[2025-03-06T09:15:34.700163+05:00] SaveEntries.INFO: File included and script started: product_actions.php [] []
[2025-03-06T09:15:46.278285+05:00] SaveEntries.INFO: File included and script started: sales.php [] []
[2025-03-06T09:15:46.598400+05:00] SaveEntries.INFO: File included and script started: sale_actions.php [] []
[2025-03-06T09:15:46.636343+05:00] SaveEntries.INFO: File included and script started: sale_actions.php [] []
[2025-03-06T09:15:46.636443+05:00] SaveEntries.INFO: File included and script started: sale_actions.php [] []
[2025-03-06T09:15:47.259685+05:00] SaveEntries.INFO: File included and script started: sale_actions.php [] []
[2025-03-06T09:15:51.334552+05:00] SaveEntries.INFO: File included and script started: brands.php [] []
[2025-03-06T09:15:51.578562+05:00] SaveEntries.INFO: File included and script started: brand_actions.php [] []
[2025-03-06T09:16:00.433187+05:00] SaveEntries.INFO: File included and script started: index.php [] []
[2025-03-06T09:16:00.719328+05:00] SaveEntries.INFO: File included and script started: statistics_actions.php [] []
[2025-03-06T09:16:04.399550+05:00] SaveEntries.INFO: File included and script started: products.php [] []
[2025-03-06T09:16:04.647893+05:00] SaveEntries.INFO: File included and script started: product_actions.php [] []
[2025-03-06T09:16:04.683272+05:00] SaveEntries.INFO: File included and script started: product_actions.php [] []
[2025-03-06T09:16:04.723287+05:00] SaveEntries.INFO: File included and script started: product_actions.php [] []
[2025-03-06T09:16:04.770422+05:00] SaveEntries.INFO: File included and script started: product_actions.php [] []
[2025-03-06T09:16:04.817439+05:00] SaveEntries.INFO: File included and script started: product_actions.php [] []
[2025-03-06T09:17:04.385766+05:00] SaveEntries.INFO: File included and script started: sales.php [] []
[2025-03-06T09:17:04.773322+05:00] SaveEntries.INFO: File included and script started: sale_actions.php [] []
[2025-03-06T09:17:04.835996+05:00] SaveEntries.INFO: File included and script started: sale_actions.php [] []
[2025-03-06T09:17:04.836927+05:00] SaveEntries.INFO: File included and script started: sale_actions.php [] []
[2025-03-06T09:17:05.380740+05:00] SaveEntries.INFO: File included and script started: sale_actions.php [] []
[2025-03-06T09:23:46.980691+05:00] SaveEntries.INFO: File included and script started: sale_actions.php [] []
[2025-03-06T09:23:46.986585+05:00] SaveEntries.INFO: File included and script started: sale_actions.php [] []
[2025-03-06T09:23:47.571905+05:00] SaveEntries.INFO: File included and script started: sale_actions.php [] []
[2025-03-06T09:24:02.858707+05:00] SaveEntries.INFO: File included and script started: sale_actions.php [] []
[2025-03-06T09:24:02.910587+05:00] SaveEntries.INFO: File included and script started: sale_actions.php [] []
[2025-03-06T09:24:27.146526+05:00] SaveEntries.INFO: File included and script started: index.php [] []
[2025-03-06T09:24:27.514873+05:00] SaveEntries.INFO: File included and script started: statistics_actions.php [] []
[2025-03-06T09:24:49.945475+05:00] SaveEntries.INFO: File included and script started: index.php [] []
[2025-03-06T09:24:50.114102+05:00] SaveEntries.INFO: File included and script started: statistics_actions.php [] []
[2025-03-06T09:25:12.540893+05:00] SaveEntries.INFO: File included and script started: index.php [] []
[2025-03-06T09:25:13.008194+05:00] SaveEntries.INFO: File included and script started: statistics_actions.php [] []
[2025-03-06T09:25:24.040198+05:00] SaveEntries.INFO: File included and script started: index.php [] []
[2025-03-06T09:25:24.258950+05:00] SaveEntries.INFO: File included and script started: statistics_actions.php [] []
[2025-03-06T09:25:31.770587+05:00] SaveEntries.INFO: File included and script started: index.php [] []
[2025-03-06T09:25:32.008505+05:00] SaveEntries.INFO: File included and script started: statistics_actions.php [] []
[2025-03-06T09:26:08.292777+05:00] SaveEntries.INFO: File included and script started: index.php [] []
[2025-03-06T09:26:08.536091+05:00] SaveEntries.INFO: File included and script started: statistics_actions.php [] []
[2025-03-06T09:26:17.300399+05:00] SaveEntries.INFO: File included and script started: index.php [] []
[2025-03-06T09:26:17.546973+05:00] SaveEntries.INFO: File included and script started: statistics_actions.php [] []
[2025-03-06T09:26:32.469003+05:00] SaveEntries.INFO: File included and script started: index.php [] []
[2025-03-06T09:26:32.646109+05:00] SaveEntries.INFO: File included and script started: statistics_actions.php [] []
[2025-03-06T09:27:33.267736+05:00] SaveEntries.INFO: File included and script started: index.php [] []
[2025-03-06T09:27:33.578797+05:00] SaveEntries.INFO: File included and script started: statistics_actions.php [] []
[2025-03-06T09:27:35.985514+05:00] SaveEntries.INFO: File included and script started: index.php [] []
[2025-03-06T09:27:36.153034+05:00] SaveEntries.INFO: File included and script started: statistics_actions.php [] []
[2025-03-06T09:27:39.886199+05:00] SaveEntries.INFO: File included and script started: sales.php [] []
[2025-03-06T09:27:40.167563+05:00] SaveEntries.INFO: File included and script started: sale_actions.php [] []
[2025-03-06T09:27:40.195008+05:00] SaveEntries.INFO: File included and script started: sale_actions.php [] []
[2025-03-06T09:27:40.263770+05:00] SaveEntries.INFO: File included and script started: sale_actions.php [] []
[2025-03-06T09:27:40.735540+05:00] SaveEntries.INFO: File included and script started: sale_actions.php [] []
[2025-03-06T09:27:43.100922+05:00] SaveEntries.INFO: File included and script started: view_invoice.php [] []
[2025-03-06T09:27:43.307613+05:00] SaveEntries.INFO: File included and script started: sale_actions.php [] []
[2025-03-06T09:28:09.572569+05:00] SaveEntries.INFO: File included and script started: index.php [] []
[2025-03-06T09:28:09.795816+05:00] SaveEntries.INFO: File included and script started: statistics_actions.php [] []
[2025-03-06T09:28:11.374818+05:00] SaveEntries.INFO: File included and script started: index.php [] []
[2025-03-06T09:28:11.594039+05:00] SaveEntries.INFO: File included and script started: statistics_actions.php [] []
[2025-03-06T09:28:12.502025+05:00] SaveEntries.INFO: File included and script started: index.php [] []
[2025-03-06T09:28:12.671407+05:00] SaveEntries.INFO: File included and script started: statistics_actions.php [] []
[2025-03-06T10:12:05.722438+05:00] SaveEntries.INFO: File included and script started: customers.php [] []
[2025-03-06T10:12:05.760105+05:00] SaveEntries.INFO: File included and script started: index.php [] []
[2025-03-06T10:42:50.751488+05:00] SaveEntries.INFO: File included and script started: index.php [] []
[2025-03-06T10:51:02.410688+05:00] SaveEntries.INFO: File included and script started: index.php [] []
