[2025-03-15T07:44:17.724823+05:00] SaveEntries.INFO: File included and script started: sales.php [] []
[2025-03-15T07:44:17.782209+05:00] SaveEntries.INFO: File included and script started: index.php [] []
[2025-03-15T07:44:42.161213+05:00] SaveEntries.INFO: File included and script started: index.php [] []
[2025-03-15T07:44:42.302928+05:00] SaveEntries.INFO: File included and script started: index.php [] []
[2025-03-15T07:44:42.830180+05:00] SaveEntries.INFO: File included and script started: statistics_actions.php [] []
[2025-03-15T07:44:46.093640+05:00] SaveEntries.INFO: File included and script started: sales.php [] []
[2025-03-15T07:44:46.431866+05:00] SaveEntries.INFO: File included and script started: sale_actions.php [] []
[2025-03-15T07:44:46.445406+05:00] SaveEntries.INFO: File included and script started: sale_actions.php [] []
[2025-03-15T07:44:46.441493+05:00] SaveEntries.INFO: File included and script started: sale_actions.php [] []
[2025-03-15T07:44:47.063475+05:00] SaveEntries.INFO: File included and script started: sale_actions.php [] []
[2025-03-15T07:44:51.497980+05:00] SaveEntries.INFO: File included and script started: view_invoice.php [] []
[2025-03-15T07:44:51.731687+05:00] SaveEntries.INFO: File included and script started: company_actions.php [] []
[2025-03-15T07:44:51.755434+05:00] SaveEntries.INFO: File included and script started: sale_actions.php [] []
[2025-03-15T07:44:54.392894+05:00] SaveEntries.INFO: File included and script started: edit_invoice.php [] []
[2025-03-15T07:44:54.595986+05:00] SaveEntries.INFO: File included and script started: sale_actions.php [] []
[2025-03-15T07:44:54.662321+05:00] SaveEntries.INFO: File included and script started: sale_actions.php [] []
[2025-03-15T07:44:57.006447+05:00] SaveEntries.INFO: File included and script started: index.php [] []
[2025-03-15T07:44:57.300465+05:00] SaveEntries.INFO: File included and script started: statistics_actions.php [] []
[2025-03-15T07:47:52.584273+05:00] SaveEntries.INFO: File included and script started: sales.php [] []
[2025-03-15T07:47:53.157680+05:00] SaveEntries.INFO: File included and script started: sale_actions.php [] []
[2025-03-15T07:47:53.158432+05:00] SaveEntries.INFO: File included and script started: sale_actions.php [] []
[2025-03-15T07:47:53.219453+05:00] SaveEntries.INFO: File included and script started: sale_actions.php [] []
[2025-03-15T07:47:53.853597+05:00] SaveEntries.INFO: File included and script started: sale_actions.php [] []
[2025-03-15T07:47:59.566053+05:00] SaveEntries.INFO: File included and script started: sale_actions.php [] []
[2025-03-15T07:47:59.566350+05:00] SaveEntries.INFO: File included and script started: sale_actions.php [] []
[2025-03-15T07:48:00.127543+05:00] SaveEntries.INFO: File included and script started: sale_actions.php [] []
[2025-03-15T07:48:11.599384+05:00] SaveEntries.INFO: File included and script started: products.php [] []
[2025-03-15T07:48:11.840594+05:00] SaveEntries.INFO: File included and script started: product_actions.php [] []
[2025-03-15T07:48:11.841494+05:00] SaveEntries.INFO: File included and script started: product_actions.php [] []
[2025-03-15T07:48:11.894893+05:00] SaveEntries.INFO: File included and script started: product_actions.php [] []
[2025-03-15T07:48:35.138780+05:00] SaveEntries.INFO: File included and script started: sales.php [] []
[2025-03-15T07:48:35.489499+05:00] SaveEntries.INFO: File included and script started: sale_actions.php [] []
[2025-03-15T07:48:35.491901+05:00] SaveEntries.INFO: File included and script started: sale_actions.php [] []
[2025-03-15T07:48:35.539837+05:00] SaveEntries.INFO: File included and script started: sale_actions.php [] []
[2025-03-15T07:48:36.138766+05:00] SaveEntries.INFO: File included and script started: sale_actions.php [] []
[2025-03-15T07:48:36.762059+05:00] SaveEntries.INFO: File included and script started: sale_actions.php [] []
[2025-03-15T07:48:36.762045+05:00] SaveEntries.INFO: File included and script started: sale_actions.php [] []
[2025-03-15T07:48:37.354601+05:00] SaveEntries.INFO: File included and script started: sale_actions.php [] []
[2025-03-15T07:48:52.285819+05:00] SaveEntries.INFO: File included and script started: sale_actions.php [] []
[2025-03-15T07:48:52.294547+05:00] SaveEntries.INFO: File included and script started: sale_actions.php [] []
[2025-03-15T07:48:52.323585+05:00] SaveEntries.INFO: File included and script started: sale_actions.php [] []
[2025-03-15T07:49:00.786988+05:00] SaveEntries.INFO: File included and script started: view_invoice.php [] []
[2025-03-15T07:49:01.010245+05:00] SaveEntries.INFO: File included and script started: company_actions.php [] []
[2025-03-15T07:49:01.021337+05:00] SaveEntries.INFO: File included and script started: sale_actions.php [] []
[2025-03-15T07:49:06.905699+05:00] SaveEntries.INFO: File included and script started: products.php [] []
[2025-03-15T07:49:08.046504+05:00] SaveEntries.INFO: File included and script started: product_actions.php [] []
[2025-03-15T07:49:08.047000+05:00] SaveEntries.INFO: File included and script started: product_actions.php [] []
[2025-03-15T07:49:08.178379+05:00] SaveEntries.INFO: File included and script started: product_actions.php [] []
[2025-03-15T07:49:17.020696+05:00] SaveEntries.INFO: File included and script started: sales.php [] []
[2025-03-15T07:49:17.254835+05:00] SaveEntries.INFO: File included and script started: sale_actions.php [] []
[2025-03-15T07:49:17.264821+05:00] SaveEntries.INFO: File included and script started: sale_actions.php [] []
[2025-03-15T07:49:17.253567+05:00] SaveEntries.INFO: File included and script started: sale_actions.php [] []
[2025-03-15T07:49:17.837642+05:00] SaveEntries.INFO: File included and script started: sale_actions.php [] []
[2025-03-15T08:07:50.518121+05:00] SaveEntries.INFO: File included and script started: sales.php [] []
[2025-03-15T08:07:50.991854+05:00] SaveEntries.INFO: File included and script started: sale_actions.php [] []
[2025-03-15T08:07:51.043155+05:00] SaveEntries.INFO: File included and script started: sale_actions.php [] []
[2025-03-15T08:07:51.053091+05:00] SaveEntries.INFO: File included and script started: sale_actions.php [] []
[2025-03-15T08:07:51.747941+05:00] SaveEntries.INFO: File included and script started: sale_actions.php [] []
[2025-03-15T08:09:03.095328+05:00] SaveEntries.INFO: File included and script started: sales.php [] []
[2025-03-15T08:09:03.495243+05:00] SaveEntries.INFO: File included and script started: sale_actions.php [] []
[2025-03-15T08:09:03.501807+05:00] SaveEntries.INFO: File included and script started: sale_actions.php [] []
[2025-03-15T08:09:03.541276+05:00] SaveEntries.INFO: File included and script started: sale_actions.php [] []
[2025-03-15T08:09:04.148426+05:00] SaveEntries.INFO: File included and script started: sale_actions.php [] []
[2025-03-15T08:09:05.954562+05:00] SaveEntries.INFO: File included and script started: quotations.php [] []
[2025-03-15T08:09:06.430699+05:00] SaveEntries.INFO: File included and script started: quotation_actions.php [] []
[2025-03-15T08:09:06.438482+05:00] SaveEntries.INFO: File included and script started: quotation_actions.php [] []
[2025-03-15T08:09:06.569572+05:00] SaveEntries.INFO: File included and script started: quotation_actions.php [] []
[2025-03-15T08:09:07.072002+05:00] SaveEntries.INFO: File included and script started: quotation_actions.php [] []
[2025-03-15T08:09:21.133603+05:00] SaveEntries.INFO: File included and script started: sales.php [] []
[2025-03-15T08:09:21.447888+05:00] SaveEntries.INFO: File included and script started: sale_actions.php [] []
[2025-03-15T08:09:21.483168+05:00] SaveEntries.INFO: File included and script started: sale_actions.php [] []
[2025-03-15T08:09:21.517186+05:00] SaveEntries.INFO: File included and script started: sale_actions.php [] []
[2025-03-15T08:09:22.061445+05:00] SaveEntries.INFO: File included and script started: sale_actions.php [] []
[2025-03-15T08:09:27.909045+05:00] SaveEntries.INFO: File included and script started: quotations.php [] []
[2025-03-15T08:09:28.236183+05:00] SaveEntries.INFO: File included and script started: quotation_actions.php [] []
[2025-03-15T08:09:28.231587+05:00] SaveEntries.INFO: File included and script started: quotation_actions.php [] []
[2025-03-15T08:09:28.266865+05:00] SaveEntries.INFO: File included and script started: quotation_actions.php [] []
[2025-03-15T08:09:28.885934+05:00] SaveEntries.INFO: File included and script started: quotation_actions.php [] []
[2025-03-15T08:09:31.217085+05:00] SaveEntries.INFO: File included and script started: quotation_actions.php [] []
[2025-03-15T08:09:31.217763+05:00] SaveEntries.INFO: File included and script started: quotation_actions.php [] []
[2025-03-15T08:09:31.777759+05:00] SaveEntries.INFO: File included and script started: quotation_actions.php [] []
[2025-03-15T08:10:21.810289+05:00] SaveEntries.INFO: File included and script started: quotation_actions.php [] []
[2025-03-15T08:10:21.882795+05:00] SaveEntries.INFO: File included and script started: quotation_actions.php [] []
[2025-03-15T08:10:27.603407+05:00] SaveEntries.INFO: File included and script started: view_quotation.php [] []
[2025-03-15T08:10:27.626147+05:00] SaveEntries.INFO: File included and script started: view_quotation.php [] []
[2025-03-15T08:10:40.455505+05:00] SaveEntries.INFO: File included and script started: sales.php [] []
[2025-03-15T08:10:40.693376+05:00] SaveEntries.INFO: File included and script started: sale_actions.php [] []
[2025-03-15T08:10:40.707486+05:00] SaveEntries.INFO: File included and script started: sale_actions.php [] []
[2025-03-15T08:10:40.746086+05:00] SaveEntries.INFO: File included and script started: sale_actions.php [] []
[2025-03-15T08:10:41.268457+05:00] SaveEntries.INFO: File included and script started: sale_actions.php [] []
[2025-03-15T08:10:42.905379+05:00] SaveEntries.INFO: File included and script started: view_invoice.php [] []
[2025-03-15T08:10:43.099882+05:00] SaveEntries.INFO: File included and script started: sale_actions.php [] []
[2025-03-15T08:10:43.103878+05:00] SaveEntries.INFO: File included and script started: company_actions.php [] []
[2025-03-15T08:10:46.674066+05:00] SaveEntries.INFO: File included and script started: quotations.php [] []
[2025-03-15T08:10:46.896259+05:00] SaveEntries.INFO: File included and script started: quotation_actions.php [] []
[2025-03-15T08:10:46.897924+05:00] SaveEntries.INFO: File included and script started: quotation_actions.php [] []
[2025-03-15T08:10:46.919674+05:00] SaveEntries.INFO: File included and script started: quotation_actions.php [] []
[2025-03-15T08:10:47.529807+05:00] SaveEntries.INFO: File included and script started: quotation_actions.php [] []
[2025-03-15T08:10:48.901327+05:00] SaveEntries.INFO: File included and script started: edit_quotation.php [] []
[2025-03-15T08:10:48.931577+05:00] SaveEntries.INFO: File included and script started: edit_quotation.php [] []
[2025-03-15T08:10:49.205434+05:00] SaveEntries.INFO: File included and script started: quotation_actions.php [] []
[2025-03-15T08:10:49.206738+05:00] SaveEntries.INFO: File included and script started: quotation_actions.php [] []
[2025-03-15T08:12:07.696142+05:00] SaveEntries.INFO: File included and script started: sales.php [] []
[2025-03-15T08:12:08.065548+05:00] SaveEntries.INFO: File included and script started: sale_actions.php [] []
[2025-03-15T08:12:08.069927+05:00] SaveEntries.INFO: File included and script started: sale_actions.php [] []
[2025-03-15T08:12:08.111497+05:00] SaveEntries.INFO: File included and script started: sale_actions.php [] []
[2025-03-15T08:12:08.699369+05:00] SaveEntries.INFO: File included and script started: sale_actions.php [] []
[2025-03-15T08:12:09.713632+05:00] SaveEntries.INFO: File included and script started: edit_invoice.php [] []
[2025-03-15T08:12:10.213771+05:00] SaveEntries.INFO: File included and script started: sale_actions.php [] []
[2025-03-15T08:12:10.294364+05:00] SaveEntries.INFO: File included and script started: sale_actions.php [] []
[2025-03-15T08:12:48.523278+05:00] SaveEntries.INFO: File included and script started: quotations.php [] []
[2025-03-15T08:12:48.889564+05:00] SaveEntries.INFO: File included and script started: quotation_actions.php [] []
[2025-03-15T08:12:48.904323+05:00] SaveEntries.INFO: File included and script started: quotation_actions.php [] []
[2025-03-15T08:12:48.920945+05:00] SaveEntries.INFO: File included and script started: quotation_actions.php [] []
[2025-03-15T08:12:49.547568+05:00] SaveEntries.INFO: File included and script started: quotation_actions.php [] []
[2025-03-15T08:13:04.781868+05:00] SaveEntries.INFO: File included and script started: view_quotation.php [] []
[2025-03-15T08:13:04.810161+05:00] SaveEntries.INFO: File included and script started: view_quotation.php [] []
[2025-03-15T08:13:22.366952+05:00] SaveEntries.INFO: File included and script started: quotations.php [] []
[2025-03-15T08:13:22.743482+05:00] SaveEntries.INFO: File included and script started: quotation_actions.php [] []
[2025-03-15T08:13:22.744614+05:00] SaveEntries.INFO: File included and script started: quotation_actions.php [] []
[2025-03-15T08:13:22.800129+05:00] SaveEntries.INFO: File included and script started: quotation_actions.php [] []
[2025-03-15T08:13:23.397444+05:00] SaveEntries.INFO: File included and script started: quotation_actions.php [] []
[2025-03-15T08:13:27.378124+05:00] SaveEntries.INFO: File included and script started: view_quotation.php [] []
[2025-03-15T08:13:27.408222+05:00] SaveEntries.INFO: File included and script started: view_quotation.php [] []
[2025-03-15T08:13:28.683487+05:00] SaveEntries.INFO: File included and script started: quotations.php [] []
[2025-03-15T08:13:28.978488+05:00] SaveEntries.INFO: File included and script started: quotation_actions.php [] []
[2025-03-15T08:13:28.987608+05:00] SaveEntries.INFO: File included and script started: quotation_actions.php [] []
[2025-03-15T08:13:29.009347+05:00] SaveEntries.INFO: File included and script started: quotation_actions.php [] []
[2025-03-15T08:13:29.533083+05:00] SaveEntries.INFO: File included and script started: quotation_actions.php [] []
[2025-03-15T08:13:30.494630+05:00] SaveEntries.INFO: File included and script started: edit_quotation.php [] []
[2025-03-15T08:13:30.516610+05:00] SaveEntries.INFO: File included and script started: edit_quotation.php [] []
[2025-03-15T08:13:30.761048+05:00] SaveEntries.INFO: File included and script started: quotation_actions.php [] []
[2025-03-15T08:13:30.762750+05:00] SaveEntries.INFO: File included and script started: quotation_actions.php [] []
[2025-03-15T08:13:32.278217+05:00] SaveEntries.INFO: File included and script started: quotations.php [] []
[2025-03-15T08:13:32.549493+05:00] SaveEntries.INFO: File included and script started: quotation_actions.php [] []
[2025-03-15T08:13:32.561915+05:00] SaveEntries.INFO: File included and script started: quotation_actions.php [] []
[2025-03-15T08:13:32.586567+05:00] SaveEntries.INFO: File included and script started: quotation_actions.php [] []
[2025-03-15T08:13:33.944778+05:00] SaveEntries.INFO: File included and script started: quotation_actions.php [] []
[2025-03-15T08:15:24.524418+05:00] SaveEntries.INFO: File included and script started: sales.php [] []
[2025-03-15T08:15:24.828200+05:00] SaveEntries.INFO: File included and script started: sale_actions.php [] []
[2025-03-15T08:15:24.864159+05:00] SaveEntries.INFO: File included and script started: sale_actions.php [] []
[2025-03-15T08:15:24.866406+05:00] SaveEntries.INFO: File included and script started: sale_actions.php [] []
[2025-03-15T08:15:25.481530+05:00] SaveEntries.INFO: File included and script started: sale_actions.php [] []
[2025-03-15T08:15:29.737276+05:00] SaveEntries.INFO: File included and script started: sale_actions.php [] []
[2025-03-15T08:15:29.737403+05:00] SaveEntries.INFO: File included and script started: sale_actions.php [] []
[2025-03-15T08:15:30.316718+05:00] SaveEntries.INFO: File included and script started: sale_actions.php [] []
[2025-03-15T08:15:33.537816+05:00] SaveEntries.INFO: File included and script started: edit_invoice.php [] []
[2025-03-15T08:15:33.985635+05:00] SaveEntries.INFO: File included and script started: sale_actions.php [] []
[2025-03-15T08:15:34.075758+05:00] SaveEntries.INFO: File included and script started: sale_actions.php [] []
[2025-03-15T08:15:35.373071+05:00] SaveEntries.INFO: File included and script started: sales.php [] []
[2025-03-15T08:15:35.570391+05:00] SaveEntries.INFO: File included and script started: sale_actions.php [] []
[2025-03-15T08:15:35.573101+05:00] SaveEntries.INFO: File included and script started: sale_actions.php [] []
[2025-03-15T08:15:35.606514+05:00] SaveEntries.INFO: File included and script started: sale_actions.php [] []
[2025-03-15T08:15:36.168094+05:00] SaveEntries.INFO: File included and script started: sale_actions.php [] []
[2025-03-15T08:15:36.872405+05:00] SaveEntries.INFO: File included and script started: view_invoice.php [] []
[2025-03-15T08:15:37.074543+05:00] SaveEntries.INFO: File included and script started: company_actions.php [] []
[2025-03-15T08:15:37.089132+05:00] SaveEntries.INFO: File included and script started: sale_actions.php [] []
[2025-03-15T08:15:38.020601+05:00] SaveEntries.INFO: File included and script started: sales.php [] []
[2025-03-15T08:15:38.223807+05:00] SaveEntries.INFO: File included and script started: sale_actions.php [] []
[2025-03-15T08:15:38.223800+05:00] SaveEntries.INFO: File included and script started: sale_actions.php [] []
[2025-03-15T08:15:38.253049+05:00] SaveEntries.INFO: File included and script started: sale_actions.php [] []
[2025-03-15T08:15:38.953057+05:00] SaveEntries.INFO: File included and script started: sale_actions.php [] []
[2025-03-15T08:20:09.665090+05:00] SaveEntries.INFO: File included and script started: sales.php [] []
[2025-03-15T08:20:09.975816+05:00] SaveEntries.INFO: File included and script started: sale_actions.php [] []
[2025-03-15T08:20:09.978567+05:00] SaveEntries.INFO: File included and script started: sale_actions.php [] []
[2025-03-15T08:20:10.014347+05:00] SaveEntries.INFO: File included and script started: sale_actions.php [] []
[2025-03-15T08:20:10.520689+05:00] SaveEntries.INFO: File included and script started: sale_actions.php [] []
[2025-03-15T08:20:24.060464+05:00] SaveEntries.INFO: File included and script started: quotations.php [] []
[2025-03-15T08:20:24.308827+05:00] SaveEntries.INFO: File included and script started: quotation_actions.php [] []
[2025-03-15T08:20:24.346385+05:00] SaveEntries.INFO: File included and script started: quotation_actions.php [] []
[2025-03-15T08:20:24.346323+05:00] SaveEntries.INFO: File included and script started: quotation_actions.php [] []
[2025-03-15T08:20:24.976494+05:00] SaveEntries.INFO: File included and script started: quotation_actions.php [] []
[2025-03-15T08:20:26.015901+05:00] SaveEntries.INFO: File included and script started: quotation_actions.php [] []
[2025-03-15T08:20:26.016738+05:00] SaveEntries.INFO: File included and script started: quotation_actions.php [] []
[2025-03-15T08:20:26.562207+05:00] SaveEntries.INFO: File included and script started: quotation_actions.php [] []
[2025-03-15T08:20:32.952067+05:00] SaveEntries.INFO: File included and script started: view_quotation.php [] []
[2025-03-15T08:20:32.994627+05:00] SaveEntries.INFO: File included and script started: view_quotation.php [] []
[2025-03-15T08:25:47.824226+05:00] SaveEntries.INFO: File included and script started: index.php [] []
[2025-03-15T08:25:48.139754+05:00] SaveEntries.INFO: File included and script started: statistics_actions.php [] []
[2025-03-15T08:25:52.321129+05:00] SaveEntries.INFO: File included and script started: quotations.php [] []
[2025-03-15T08:25:52.618674+05:00] SaveEntries.INFO: File included and script started: quotation_actions.php [] []
[2025-03-15T08:25:52.655831+05:00] SaveEntries.INFO: File included and script started: quotation_actions.php [] []
[2025-03-15T08:25:52.710505+05:00] SaveEntries.INFO: File included and script started: quotation_actions.php [] []
[2025-03-15T08:25:53.314506+05:00] SaveEntries.INFO: File included and script started: quotation_actions.php [] []
[2025-03-15T08:25:56.868409+05:00] SaveEntries.INFO: File included and script started: quotations.php [] []
[2025-03-15T08:25:57.112616+05:00] SaveEntries.INFO: File included and script started: quotation_actions.php [] []
[2025-03-15T08:25:57.115064+05:00] SaveEntries.INFO: File included and script started: quotation_actions.php [] []
[2025-03-15T08:25:57.109689+05:00] SaveEntries.INFO: File included and script started: quotation_actions.php [] []
[2025-03-15T08:25:57.730078+05:00] SaveEntries.INFO: File included and script started: quotation_actions.php [] []
[2025-03-15T08:26:54.758720+05:00] SaveEntries.INFO: File included and script started: quotations.php [] []
[2025-03-15T08:26:55.245140+05:00] SaveEntries.INFO: File included and script started: quotation_actions.php [] []
[2025-03-15T08:26:55.281269+05:00] SaveEntries.INFO: File included and script started: quotation_actions.php [] []
[2025-03-15T08:26:55.281240+05:00] SaveEntries.INFO: File included and script started: quotation_actions.php [] []
[2025-03-15T08:26:55.892885+05:00] SaveEntries.INFO: File included and script started: quotation_actions.php [] []
[2025-03-15T08:26:59.370085+05:00] SaveEntries.INFO: File included and script started: quotations.php [] []
[2025-03-15T08:26:59.736316+05:00] SaveEntries.INFO: File included and script started: quotation_actions.php [] []
[2025-03-15T08:26:59.736821+05:00] SaveEntries.INFO: File included and script started: quotation_actions.php [] []
[2025-03-15T08:26:59.765230+05:00] SaveEntries.INFO: File included and script started: quotation_actions.php [] []
[2025-03-15T08:27:00.943511+05:00] SaveEntries.INFO: File included and script started: quotation_actions.php [] []
[2025-03-15T08:42:55.261089+05:00] SaveEntries.INFO: File included and script started: quotations.php [] []
[2025-03-15T08:42:55.719805+05:00] SaveEntries.INFO: File included and script started: quotation_actions.php [] []
[2025-03-15T08:42:55.777702+05:00] SaveEntries.INFO: File included and script started: quotation_actions.php [] []
[2025-03-15T08:42:55.781995+05:00] SaveEntries.INFO: File included and script started: quotation_actions.php [] []
[2025-03-15T08:42:56.407720+05:00] SaveEntries.INFO: File included and script started: quotation_actions.php [] []
[2025-03-15T08:42:58.902603+05:00] SaveEntries.INFO: File included and script started: view_quotation.php [] []
[2025-03-15T08:43:21.324211+05:00] SaveEntries.INFO: File included and script started: quotations.php [] []
[2025-03-15T08:43:21.549642+05:00] SaveEntries.INFO: File included and script started: quotation_actions.php [] []
[2025-03-15T08:43:21.554898+05:00] SaveEntries.INFO: File included and script started: quotation_actions.php [] []
[2025-03-15T08:43:21.589309+05:00] SaveEntries.INFO: File included and script started: quotation_actions.php [] []
[2025-03-15T08:43:22.182533+05:00] SaveEntries.INFO: File included and script started: quotation_actions.php [] []
[2025-03-15T08:43:23.956162+05:00] SaveEntries.INFO: File included and script started: edit_quotation.php [] []
[2025-03-15T08:43:24.152271+05:00] SaveEntries.INFO: File included and script started: quotation_actions.php [] []
[2025-03-15T08:43:24.224250+05:00] SaveEntries.INFO: File included and script started: quotation_actions.php [] []
[2025-03-15T08:43:26.792947+05:00] SaveEntries.INFO: File included and script started: quotations.php [] []
[2025-03-15T08:43:26.993661+05:00] SaveEntries.INFO: File included and script started: quotation_actions.php [] []
[2025-03-15T08:43:27.013547+05:00] SaveEntries.INFO: File included and script started: quotation_actions.php [] []
[2025-03-15T08:43:27.043159+05:00] SaveEntries.INFO: File included and script started: quotation_actions.php [] []
[2025-03-15T08:43:27.615977+05:00] SaveEntries.INFO: File included and script started: quotation_actions.php [] []
[2025-03-15T08:43:36.303361+05:00] SaveEntries.INFO: File included and script started: quotation_actions.php [] []
[2025-03-15T08:43:36.351675+05:00] SaveEntries.INFO: File included and script started: quotation_actions.php [] []
[2025-03-15T08:43:39.603498+05:00] SaveEntries.INFO: File included and script started: quotation_actions.php [] []
[2025-03-15T08:43:39.604421+05:00] SaveEntries.INFO: File included and script started: quotation_actions.php [] []
[2025-03-15T08:43:40.158515+05:00] SaveEntries.INFO: File included and script started: quotation_actions.php [] []
[2025-03-15T08:43:42.274549+05:00] SaveEntries.INFO: File included and script started: quotation_actions.php [] []
[2025-03-15T08:43:42.275483+05:00] SaveEntries.INFO: File included and script started: quotation_actions.php [] []
[2025-03-15T08:43:42.827356+05:00] SaveEntries.INFO: File included and script started: quotation_actions.php [] []
[2025-03-15T08:44:10.430559+05:00] SaveEntries.INFO: File included and script started: quotation_actions.php [] []
[2025-03-15T08:46:53.898757+05:00] SaveEntries.INFO: File included and script started: sales.php [] []
[2025-03-15T08:46:54.362474+05:00] SaveEntries.INFO: File included and script started: sale_actions.php [] []
[2025-03-15T08:46:54.399222+05:00] SaveEntries.INFO: File included and script started: sale_actions.php [] []
[2025-03-15T08:46:54.408222+05:00] SaveEntries.INFO: File included and script started: sale_actions.php [] []
[2025-03-15T08:46:55.023186+05:00] SaveEntries.INFO: File included and script started: sale_actions.php [] []
[2025-03-15T08:46:56.132803+05:00] SaveEntries.INFO: File included and script started: sale_actions.php [] []
[2025-03-15T08:46:56.132970+05:00] SaveEntries.INFO: File included and script started: sale_actions.php [] []
[2025-03-15T08:46:56.693745+05:00] SaveEntries.INFO: File included and script started: sale_actions.php [] []
[2025-03-15T08:47:12.800134+05:00] SaveEntries.INFO: File included and script started: sale_actions.php [] []
[2025-03-15T08:47:12.814095+05:00] SaveEntries.INFO: File included and script started: sale_actions.php [] []
[2025-03-15T08:47:12.848878+05:00] SaveEntries.INFO: File included and script started: sale_actions.php [] []
[2025-03-15T08:47:15.342934+05:00] SaveEntries.INFO: File included and script started: view_invoice.php [] []
[2025-03-15T08:47:15.654449+05:00] SaveEntries.INFO: File included and script started: company_actions.php [] []
[2025-03-15T08:47:15.664684+05:00] SaveEntries.INFO: File included and script started: sale_actions.php [] []
[2025-03-15T08:47:17.818303+05:00] SaveEntries.INFO: File included and script started: edit_invoice.php [] []
[2025-03-15T08:47:18.110690+05:00] SaveEntries.INFO: File included and script started: sale_actions.php [] []
[2025-03-15T08:47:18.203080+05:00] SaveEntries.INFO: File included and script started: sale_actions.php [] []
[2025-03-15T08:47:23.099471+05:00] SaveEntries.INFO: File included and script started: sale_actions.php [] []
[2025-03-15T08:47:24.457012+05:00] SaveEntries.INFO: File included and script started: view_invoice.php [] []
[2025-03-15T08:47:24.651801+05:00] SaveEntries.INFO: File included and script started: company_actions.php [] []
[2025-03-15T08:47:24.691290+05:00] SaveEntries.INFO: File included and script started: sale_actions.php [] []
[2025-03-15T08:47:39.285591+05:00] SaveEntries.INFO: File included and script started: index.php [] []
[2025-03-15T08:47:39.562613+05:00] SaveEntries.INFO: File included and script started: statistics_actions.php [] []
[2025-03-15T09:06:31.268673+05:00] SaveEntries.INFO: File included and script started: quotations.php [] []
[2025-03-15T09:06:31.847077+05:00] SaveEntries.INFO: File included and script started: quotation_actions.php [] []
[2025-03-15T09:06:31.892693+05:00] SaveEntries.INFO: File included and script started: quotation_actions.php [] []
[2025-03-15T09:06:31.920854+05:00] SaveEntries.INFO: File included and script started: quotation_actions.php [] []
[2025-03-15T09:06:32.113626+05:00] SaveEntries.INFO: File included and script started: quotation_actions.php [] []
[2025-03-15T09:07:38.810183+05:00] SaveEntries.INFO: File included and script started: quotation_actions.php [] []
[2025-03-15T09:07:38.809849+05:00] SaveEntries.INFO: File included and script started: quotation_actions.php [] []
[2025-03-15T09:07:38.854969+05:00] SaveEntries.INFO: File included and script started: quotation_actions.php [] []
[2025-03-15T09:08:10.833377+05:00] SaveEntries.INFO: File included and script started: quotation_actions.php [] []
[2025-03-15T09:08:10.870880+05:00] SaveEntries.INFO: File included and script started: quotation_actions.php [] []
[2025-03-15T09:09:59.906311+05:00] SaveEntries.INFO: File included and script started: quotations.php [] []
[2025-03-15T09:10:00.237740+05:00] SaveEntries.INFO: File included and script started: quotation_actions.php [] []
[2025-03-15T09:10:00.259390+05:00] SaveEntries.INFO: File included and script started: quotation_actions.php [] []
[2025-03-15T09:10:00.288079+05:00] SaveEntries.INFO: File included and script started: quotation_actions.php [] []
[2025-03-15T09:10:00.374026+05:00] SaveEntries.INFO: File included and script started: quotation_actions.php [] []
[2025-03-15T09:10:04.632270+05:00] SaveEntries.INFO: File included and script started: quotation_actions.php [] []
[2025-03-15T09:10:04.633224+05:00] SaveEntries.INFO: File included and script started: quotation_actions.php [] []
[2025-03-15T09:10:04.677591+05:00] SaveEntries.INFO: File included and script started: quotation_actions.php [] []
[2025-03-15T09:10:18.757466+05:00] SaveEntries.INFO: File included and script started: quotation_actions.php [] []
[2025-03-15T09:10:18.798092+05:00] SaveEntries.INFO: File included and script started: quotation_actions.php [] []
[2025-03-15T09:16:50.355910+05:00] SaveEntries.INFO: File included and script started: quotations.php [] []
[2025-03-15T09:16:50.864886+05:00] SaveEntries.INFO: File included and script started: quotation_actions.php [] []
[2025-03-15T09:16:50.911474+05:00] SaveEntries.INFO: File included and script started: quotation_actions.php [] []
[2025-03-15T09:16:50.914188+05:00] SaveEntries.INFO: File included and script started: quotation_actions.php [] []
[2025-03-15T09:16:51.077390+05:00] SaveEntries.INFO: File included and script started: quotation_actions.php [] []
[2025-03-15T09:31:05.438124+05:00] SaveEntries.INFO: File included and script started: quotations.php [] []
[2025-03-15T09:31:05.931751+05:00] SaveEntries.INFO: File included and script started: quotation_actions.php [] []
[2025-03-15T09:31:05.942116+05:00] SaveEntries.INFO: File included and script started: quotation_actions.php [] []
[2025-03-15T09:31:05.947421+05:00] SaveEntries.INFO: File included and script started: quotation_actions.php [] []
[2025-03-15T09:31:06.064160+05:00] SaveEntries.INFO: File included and script started: quotation_actions.php [] []
[2025-03-15T09:31:19.280222+05:00] SaveEntries.INFO: File included and script started: quotation_actions.php [] []
[2025-03-15T09:31:19.327901+05:00] SaveEntries.INFO: File included and script started: quotation_actions.php [] []
[2025-03-15T09:31:39.810813+05:00] SaveEntries.INFO: File included and script started: quotations.php [] []
[2025-03-15T09:31:40.105972+05:00] SaveEntries.INFO: File included and script started: quotation_actions.php [] []
[2025-03-15T09:31:40.112936+05:00] SaveEntries.INFO: File included and script started: quotation_actions.php [] []
[2025-03-15T09:31:40.161803+05:00] SaveEntries.INFO: File included and script started: quotation_actions.php [] []
[2025-03-15T09:31:40.265122+05:00] SaveEntries.INFO: File included and script started: quotation_actions.php [] []
[2025-03-15T09:33:15.332787+05:00] SaveEntries.INFO: File included and script started: quotations.php [] []
[2025-03-15T09:33:15.644337+05:00] SaveEntries.INFO: File included and script started: quotation_actions.php [] []
[2025-03-15T09:33:15.656054+05:00] SaveEntries.INFO: File included and script started: quotation_actions.php [] []
[2025-03-15T09:33:15.695082+05:00] SaveEntries.INFO: File included and script started: quotation_actions.php [] []
[2025-03-15T09:33:15.758997+05:00] SaveEntries.INFO: File included and script started: quotation_actions.php [] []
[2025-03-15T09:33:17.330375+05:00] SaveEntries.INFO: File included and script started: view_quotation.php [] []
[2025-03-15T09:33:17.544863+05:00] SaveEntries.INFO: File included and script started: company_actions.php [] []
[2025-03-15T09:33:17.576891+05:00] SaveEntries.INFO: File included and script started: quotation_actions.php [] []
[2025-03-15T09:33:47.446564+05:00] SaveEntries.INFO: File included and script started: edit_quotation.php [] []
[2025-03-15T09:33:47.653939+05:00] SaveEntries.INFO: File included and script started: customer_actions.php [] []
[2025-03-15T09:33:52.422011+05:00] SaveEntries.INFO: File included and script started: view_quotation.php [] []
[2025-03-15T09:33:52.600268+05:00] SaveEntries.INFO: File included and script started: quotation_actions.php [] []
[2025-03-15T09:33:52.603712+05:00] SaveEntries.INFO: File included and script started: company_actions.php [] []
[2025-03-15T09:34:12.974142+05:00] SaveEntries.INFO: File included and script started: edit_quotation.php [] []
[2025-03-15T09:34:13.202303+05:00] SaveEntries.INFO: File included and script started: customer_actions.php [] []
[2025-03-15T10:30:20.994128+05:00] SaveEntries.INFO: File included and script started: edit_quotation.php [] []
[2025-03-15T10:30:21.913591+05:00] SaveEntries.INFO: File included and script started: quotation_actions.php [] []
[2025-03-15T10:30:21.972518+05:00] SaveEntries.INFO: File included and script started: quotation_actions.php [] []
[2025-03-15T10:30:22.021666+05:00] SaveEntries.INFO: File included and script started: quotation_actions.php [] []
[2025-03-15T10:30:22.081533+05:00] SaveEntries.INFO: File included and script started: quotation_actions.php [] []
[2025-03-15T10:30:22.120543+05:00] SaveEntries.INFO: File included and script started: quotation_actions.php [] []
[2025-03-15T10:47:22.028367+05:00] SaveEntries.INFO: File included and script started: quotation_actions.php [] []
[2025-03-15T10:48:53.644425+05:00] SaveEntries.INFO: File included and script started: edit_quotation.php [] []
[2025-03-15T10:48:54.123617+05:00] SaveEntries.INFO: File included and script started: quotation_actions.php [] []
[2025-03-15T10:48:54.206303+05:00] SaveEntries.INFO: File included and script started: quotation_actions.php [] []
[2025-03-15T10:48:54.261198+05:00] SaveEntries.INFO: File included and script started: quotation_actions.php [] []
[2025-03-15T10:48:54.300432+05:00] SaveEntries.INFO: File included and script started: quotation_actions.php [] []
[2025-03-15T10:48:54.338641+05:00] SaveEntries.INFO: File included and script started: quotation_actions.php [] []
[2025-03-15T10:48:59.963620+05:00] SaveEntries.INFO: File included and script started: quotation_actions.php [] []
[2025-03-15T10:49:12.845053+05:00] SaveEntries.INFO: File included and script started: quotation_actions.php [] []
[2025-03-15T10:49:50.296402+05:00] SaveEntries.INFO: File included and script started: edit_quotation.php [] []
[2025-03-15T10:49:50.712296+05:00] SaveEntries.INFO: File included and script started: quotation_actions.php [] []
[2025-03-15T10:49:50.798125+05:00] SaveEntries.INFO: File included and script started: quotation_actions.php [] []
[2025-03-15T10:49:50.902965+05:00] SaveEntries.INFO: File included and script started: quotation_actions.php [] []
[2025-03-15T10:49:50.955333+05:00] SaveEntries.INFO: File included and script started: quotation_actions.php [] []
[2025-03-15T10:49:51.003915+05:00] SaveEntries.INFO: File included and script started: quotation_actions.php [] []
[2025-03-15T10:54:13.788542+05:00] SaveEntries.INFO: File included and script started: edit_quotation.php [] []
[2025-03-15T10:54:14.175963+05:00] SaveEntries.INFO: File included and script started: quotation_actions.php [] []
[2025-03-15T10:54:14.266862+05:00] SaveEntries.INFO: File included and script started: quotation_actions.php [] []
[2025-03-15T10:54:14.334247+05:00] SaveEntries.INFO: File included and script started: quotation_actions.php [] []
[2025-03-15T10:54:14.386197+05:00] SaveEntries.INFO: File included and script started: quotation_actions.php [] []
[2025-03-15T10:54:14.425388+05:00] SaveEntries.INFO: File included and script started: quotation_actions.php [] []
[2025-03-15T10:55:39.383569+05:00] SaveEntries.INFO: File included and script started: quotation_actions.php [] []
[2025-03-15T10:55:48.154069+05:00] SaveEntries.INFO: File included and script started: quotation_actions.php [] []
[2025-03-15T10:56:00.842926+05:00] SaveEntries.INFO: File included and script started: quotation_actions.php [] []
[2025-03-15T10:56:07.065763+05:00] SaveEntries.INFO: File included and script started: quotation_actions.php [] []
[2025-03-15T10:56:08.994567+05:00] SaveEntries.INFO: File included and script started: view_quotation.php [] []
[2025-03-15T10:56:09.340523+05:00] SaveEntries.INFO: File included and script started: quotation_actions.php [] []
[2025-03-15T10:56:09.340909+05:00] SaveEntries.INFO: File included and script started: company_actions.php [] []
[2025-03-15T10:56:26.823803+05:00] SaveEntries.INFO: File included and script started: edit_quotation.php [] []
[2025-03-15T10:56:27.104529+05:00] SaveEntries.INFO: File included and script started: quotation_actions.php [] []
[2025-03-15T10:56:27.191680+05:00] SaveEntries.INFO: File included and script started: quotation_actions.php [] []
[2025-03-15T10:56:27.273449+05:00] SaveEntries.INFO: File included and script started: quotation_actions.php [] []
[2025-03-15T10:56:27.343417+05:00] SaveEntries.INFO: File included and script started: quotation_actions.php [] []
[2025-03-15T10:56:27.389063+05:00] SaveEntries.INFO: File included and script started: quotation_actions.php [] []
[2025-03-15T10:56:27.430468+05:00] SaveEntries.INFO: File included and script started: quotation_actions.php [] []
[2025-03-15T10:57:25.774301+05:00] SaveEntries.INFO: File included and script started: quotation_actions.php [] []
[2025-03-15T10:57:36.862436+05:00] SaveEntries.INFO: File included and script started: quotation_actions.php [] []
[2025-03-15T10:57:38.630866+05:00] SaveEntries.INFO: File included and script started: view_quotation.php [] []
[2025-03-15T10:57:39.000186+05:00] SaveEntries.INFO: File included and script started: company_actions.php [] []
]
[2025-03-15T10:58:41.349714+05:00] SaveEntries.INFO: File included and script started: quotations.php [] []
[2025-03-15T10:58:41.612600+05:00] SaveEntries.INFO: File included and script started: quotation_actions.php [] []
[2025-03-15T10:58:41.637239+05:00] SaveEntries.INFO: File included and script started: quotation_actions.php [] []
[2025-03-15T10:58:41.651608+05:00] SaveEntries.INFO: File included and script started: quotation_actions.php [] []
[2025-03-15T10:58:41.754368+05:00] SaveEntries.INFO: File included and script started: quotation_actions.php [] []
[2025-03-15T10:58:45.206204+05:00] SaveEntries.INFO: File included and script started: view_quotation.php [] []
[2025-03-15T10:58:45.397914+05:00] SaveEntries.INFO: File included and script started: quotation_actions.php [] []
[2025-03-15T10:58:45.398709+05:00] SaveEntries.INFO: File included and script started: company_actions.php [] []
[2025-03-15T11:08:32.115183+05:00] SaveEntries.INFO: File included and script started: sales.php [] []
[2025-03-15T11:08:32.534599+05:00] SaveEntries.INFO: File included and script started: sale_actions.php [] []
[2025-03-15T11:08:32.542967+05:00] SaveEntries.INFO: File included and script started: sale_actions.php [] []
[2025-03-15T11:08:32.567676+05:00] SaveEntries.INFO: File included and script started: sale_actions.php [] []
[2025-03-15T11:08:33.218055+05:00] SaveEntries.INFO: File included and script started: sale_actions.php [] []
[2025-03-15T11:08:35.159183+05:00] SaveEntries.INFO: File included and script started: view_invoice.php [] []
[2025-03-15T11:08:35.436850+05:00] SaveEntries.INFO: File included and script started: company_actions.php [] []
[2025-03-15T11:08:35.443173+05:00] SaveEntries.INFO: File included and script started: sale_actions.php [] []
[2025-03-15T11:14:50.308571+05:00] SaveEntries.INFO: File included and script started: sales.php [] []
[2025-03-15T11:14:50.761758+05:00] SaveEntries.INFO: File included and script started: sale_actions.php [] []
[2025-03-15T11:14:50.797586+05:00] SaveEntries.INFO: File included and script started: sale_actions.php [] []
[2025-03-15T11:14:50.798774+05:00] SaveEntries.INFO: File included and script started: sale_actions.php [] []
[2025-03-15T11:14:51.391868+05:00] SaveEntries.INFO: File included and script started: sale_actions.php [] []
[2025-03-15T11:14:52.464323+05:00] SaveEntries.INFO: File included and script started: view_invoice.php [] []
[2025-03-15T11:14:52.691924+05:00] SaveEntries.INFO: File included and script started: company_actions.php [] []
[2025-03-15T11:14:52.722989+05:00] SaveEntries.INFO: File included and script started: sale_actions.php [] []
[2025-03-15T11:38:54.238929+05:00] SaveEntries.INFO: File included and script started: sales.php [] []
[2025-03-15T11:38:54.886495+05:00] SaveEntries.INFO: File included and script started: sale_actions.php [] []
[2025-03-15T11:38:54.924612+05:00] SaveEntries.INFO: File included and script started: sale_actions.php [] []
[2025-03-15T11:38:54.979572+05:00] SaveEntries.INFO: File included and script started: sale_actions.php [] []
[2025-03-15T11:38:55.621608+05:00] SaveEntries.INFO: File included and script started: sale_actions.php [] []
[2025-03-15T11:38:56.375329+05:00] SaveEntries.INFO: File included and script started: view_invoice.php [] []
[2025-03-15T11:38:56.592265+05:00] SaveEntries.INFO: File included and script started: sale_actions.php [] []
[2025-03-15T11:38:56.596992+05:00] SaveEntries.INFO: File included and script started: company_actions.php [] []
[2025-03-15T11:39:33.117489+05:00] SaveEntries.INFO: File included and script started: sales.php [] []
[2025-03-15T11:39:33.448297+05:00] SaveEntries.INFO: File included and script started: sale_actions.php [] []
[2025-03-15T11:39:33.464804+05:00] SaveEntries.INFO: File included and script started: sale_actions.php [] []
[2025-03-15T11:39:33.435244+05:00] SaveEntries.INFO: File included and script started: sale_actions.php [] []
[2025-03-15T11:39:34.056269+05:00] SaveEntries.INFO: File included and script started: sale_actions.php [] []
[2025-03-15T11:39:58.694138+05:00] SaveEntries.INFO: File included and script started: edit_invoice.php [] []
[2025-03-15T11:39:59.143601+05:00] SaveEntries.INFO: File included and script started: sale_actions.php [] []
[2025-03-15T11:39:59.226091+05:00] SaveEntries.INFO: File included and script started: sale_actions.php [] []
[2025-03-15T11:40:22.317966+05:00] SaveEntries.INFO: File included and script started: sale_actions.php [] []
[2025-03-15T11:40:23.567094+05:00] SaveEntries.INFO: File included and script started: view_invoice.php [] []
[2025-03-15T11:40:23.814945+05:00] SaveEntries.INFO: File included and script started: company_actions.php [] []
[2025-03-15T11:40:23.821749+05:00] SaveEntries.INFO: File included and script started: sale_actions.php [] []
[2025-03-15T11:42:05.002229+05:00] SaveEntries.INFO: File included and script started: sales.php [] []
[2025-03-15T11:42:05.403616+05:00] SaveEntries.INFO: File included and script started: sale_actions.php [] []
[2025-03-15T11:42:05.440277+05:00] SaveEntries.INFO: File included and script started: sale_actions.php [] []
[2025-03-15T11:42:05.457653+05:00] SaveEntries.INFO: File included and script started: sale_actions.php [] []
[2025-03-15T11:42:06.038863+05:00] SaveEntries.INFO: File included and script started: sale_actions.php [] []
[2025-03-15T11:42:07.717074+05:00] SaveEntries.INFO: File included and script started: sale_actions.php [] []
[2025-03-15T11:42:07.719775+05:00] SaveEntries.INFO: File included and script started: sale_actions.php [] []
[2025-03-15T11:42:08.277028+05:00] SaveEntries.INFO: File included and script started: sale_actions.php [] []
[2025-03-15T11:42:19.426765+05:00] SaveEntries.INFO: File included and script started: products.php [] []
[2025-03-15T11:42:19.634680+05:00] SaveEntries.INFO: File included and script started: product_actions.php [] []
[2025-03-15T11:42:19.638637+05:00] SaveEntries.INFO: File included and script started: product_actions.php [] []
[2025-03-15T11:42:19.680739+05:00] SaveEntries.INFO: File included and script started: product_actions.php [] []
[2025-03-15T11:42:21.175284+05:00] SaveEntries.INFO: File included and script started: product_actions.php [] []
[2025-03-15T11:42:21.176870+05:00] SaveEntries.INFO: File included and script started: product_actions.php [] []
[2025-03-15T11:42:34.724027+05:00] SaveEntries.INFO: File included and script started: quotations.php [] []
[2025-03-15T11:42:35.073165+05:00] SaveEntries.INFO: File included and script started: quotation_actions.php [] []
[2025-03-15T11:42:35.090057+05:00] SaveEntries.INFO: File included and script started: quotation_actions.php [] []
[2025-03-15T11:42:35.114057+05:00] SaveEntries.INFO: File included and script started: quotation_actions.php [] []
[2025-03-15T11:42:35.174484+05:00] SaveEntries.INFO: File included and script started: quotation_actions.php [] []
[2025-03-15T11:42:53.658052+05:00] SaveEntries.INFO: File included and script started: quotations.php [] []
[2025-03-15T11:42:54.038040+05:00] SaveEntries.INFO: File included and script started: quotation_actions.php [] []
[2025-03-15T11:42:54.058465+05:00] SaveEntries.INFO: File included and script started: quotation_actions.php [] []
[2025-03-15T11:42:54.057811+05:00] SaveEntries.INFO: File included and script started: quotation_actions.php [] []
[2025-03-15T11:42:54.177761+05:00] SaveEntries.INFO: File included and script started: quotation_actions.php [] []
[2025-03-15T11:43:06.762575+05:00] SaveEntries.INFO: File included and script started: quotations.php [] []
[2025-03-15T11:43:07.035863+05:00] SaveEntries.INFO: File included and script started: quotation_actions.php [] []
[2025-03-15T11:43:07.096622+05:00] SaveEntries.INFO: File included and script started: quotation_actions.php [] []
[2025-03-15T11:43:07.179226+05:00] SaveEntries.INFO: File included and script started: quotation_actions.php [] []
[2025-03-15T11:43:07.151310+05:00] SaveEntries.INFO: File included and script started: quotation_actions.php [] []
[2025-03-15T11:43:21.090054+05:00] SaveEntries.INFO: File included and script started: quotations.php [] []
[2025-03-15T11:43:21.367394+05:00] SaveEntries.INFO: File included and script started: quotation_actions.php [] []
[2025-03-15T11:43:21.377032+05:00] SaveEntries.INFO: File included and script started: quotation_actions.php [] []
[2025-03-15T11:43:21.412015+05:00] SaveEntries.INFO: File included and script started: quotation_actions.php [] []
[2025-03-15T11:43:21.489737+05:00] SaveEntries.INFO: File included and script started: quotation_actions.php [] []
[2025-03-15T11:43:23.461669+05:00] SaveEntries.INFO: File included and script started: sales.php [] []
[2025-03-15T11:43:23.673557+05:00] SaveEntries.INFO: File included and script started: sale_actions.php [] []
[2025-03-15T11:43:23.676988+05:00] SaveEntries.INFO: File included and script started: sale_actions.php [] []
[2025-03-15T11:43:23.677931+05:00] SaveEntries.INFO: File included and script started: sale_actions.php [] []
[2025-03-15T11:43:24.265146+05:00] SaveEntries.INFO: File included and script started: sale_actions.php [] []
[2025-03-15T11:43:26.125264+05:00] SaveEntries.INFO: File included and script started: quotations.php [] []
[2025-03-15T11:43:26.443585+05:00] SaveEntries.INFO: File included and script started: quotation_actions.php [] []
[2025-03-15T11:43:26.457948+05:00] SaveEntries.INFO: File included and script started: quotation_actions.php [] []
[2025-03-15T11:43:26.487197+05:00] SaveEntries.INFO: File included and script started: quotation_actions.php [] []
[2025-03-15T11:43:26.570745+05:00] SaveEntries.INFO: File included and script started: quotation_actions.php [] []
[2025-03-15T11:43:33.806698+05:00] SaveEntries.INFO: File included and script started: products.php [] []
[2025-03-15T11:43:34.096172+05:00] SaveEntries.INFO: File included and script started: product_actions.php [] []
[2025-03-15T11:43:34.097056+05:00] SaveEntries.INFO: File included and script started: product_actions.php [] []
[2025-03-15T11:43:34.154793+05:00] SaveEntries.INFO: File included and script started: product_actions.php [] []
[2025-03-15T11:43:39.906468+05:00] SaveEntries.INFO: File included and script started: sales.php [] []
[2025-03-15T11:43:40.235171+05:00] SaveEntries.INFO: File included and script started: sale_actions.php [] []
[2025-03-15T11:43:40.236940+05:00] SaveEntries.INFO: File included and script started: sale_actions.php [] []
[2025-03-15T11:43:40.291126+05:00] SaveEntries.INFO: File included and script started: sale_actions.php [] []
[2025-03-15T11:43:40.845054+05:00] SaveEntries.INFO: File included and script started: sale_actions.php [] []
[2025-03-15T11:43:43.096474+05:00] SaveEntries.INFO: File included and script started: quotations.php [] []
[2025-03-15T11:43:43.321330+05:00] SaveEntries.INFO: File included and script started: quotation_actions.php [] []
[2025-03-15T11:43:43.323675+05:00] SaveEntries.INFO: File included and script started: quotation_actions.php [] []
[2025-03-15T11:43:43.326604+05:00] SaveEntries.INFO: File included and script started: quotation_actions.php [] []
[2025-03-15T11:43:43.417023+05:00] SaveEntries.INFO: File included and script started: quotation_actions.php [] []
[2025-03-15T11:46:01.306207+05:00] SaveEntries.INFO: File included and script started: quotations.php [] []
[2025-03-15T11:46:01.772092+05:00] SaveEntries.INFO: File included and script started: quotation_actions.php [] []
[2025-03-15T11:46:01.793051+05:00] SaveEntries.INFO: File included and script started: quotation_actions.php [] []
[2025-03-15T11:46:01.891634+05:00] SaveEntries.INFO: File included and script started: quotation_actions.php [] []
[2025-03-15T11:46:01.968796+05:00] SaveEntries.INFO: File included and script started: quotation_actions.php [] []
[2025-03-15T11:46:05.730838+05:00] SaveEntries.INFO: File included and script started: sales.php [] []
[2025-03-15T11:46:05.975784+05:00] SaveEntries.INFO: File included and script started: sale_actions.php [] []
[2025-03-15T11:46:05.979268+05:00] SaveEntries.INFO: File included and script started: sale_actions.php [] []
[2025-03-15T11:46:06.017797+05:00] SaveEntries.INFO: File included and script started: sale_actions.php [] []
[2025-03-15T11:46:06.651529+05:00] SaveEntries.INFO: File included and script started: sale_actions.php [] []
