[2025-02-28T07:58:55.426217+05:00] SaveEntries.INFO: File included and script started: brands.php [] []
[2025-02-28T07:58:56.011474+05:00] SaveEntries.INFO: File included and script started: brand_actions.php [] []
[2025-02-28T07:59:02.350232+05:00] SaveEntries.INFO: File included and script started: brands.php [] []
[2025-02-28T07:59:02.596475+05:00] SaveEntries.INFO: File included and script started: brand_actions.php [] []
[2025-02-28T08:02:00.596590+05:00] SaveEntries.INFO: File included and script started: brands.php [] []
[2025-02-28T08:02:01.002701+05:00] SaveEntries.INFO: File included and script started: brand_actions.php [] []
[2025-02-28T08:02:09.432409+05:00] SaveEntries.INFO: File included and script started: brands.php [] []
[2025-02-28T08:02:09.698887+05:00] SaveEntries.INFO: File included and script started: brand_actions.php [] []
[2025-02-28T08:07:30.432313+05:00] SaveEntries.INFO: File included and script started: index.php [] []
[2025-02-28T08:07:34.685099+05:00] SaveEntries.INFO: File included and script started: categories.php [] []
[2025-02-28T08:07:34.735554+05:00] SaveEntries.INFO: File included and script started: index.php [] []
[2025-02-28T08:07:39.514966+05:00] SaveEntries.INFO: File included and script started: index.php [] []
[2025-02-28T08:07:39.638502+05:00] SaveEntries.INFO: File included and script started: index.php [] []
[2025-02-28T08:08:14.046060+05:00] SaveEntries.INFO: File included and script started: index.php [] []
[2025-02-28T08:08:28.972119+05:00] SaveEntries.INFO: File included and script started: index.php [] []
[2025-02-28T08:08:32.516915+05:00] SaveEntries.INFO: File included and script started: index.php [] []
[2025-02-28T08:08:35.375961+05:00] SaveEntries.INFO: File included and script started: categories.php [] []
[2025-02-28T08:08:35.408280+05:00] SaveEntries.INFO: File included and script started: index.php [] []
[2025-02-28T08:08:48.938246+05:00] SaveEntries.INFO: File included and script started: index.php [] []
[2025-02-28T08:08:49.046225+05:00] SaveEntries.INFO: File included and script started: index.php [] []
[2025-02-28T08:09:06.071547+05:00] SaveEntries.INFO: File included and script started: users.php [] []
[2025-02-28T08:09:06.314616+05:00] SaveEntries.INFO: File included and script started: brand_actions.php [] []
[2025-02-28T08:10:30.107545+05:00] SaveEntries.INFO: File included and script started: brand_actions.php [] []
[2025-02-28T08:10:30.135127+05:00] SaveEntries.INFO: File included and script started: brand_actions.php [] []
[2025-02-28T08:10:30.279308+05:00] SaveEntries.INFO: File included and script started: brand_actions.php [] []
[2025-02-28T08:10:30.295999+05:00] SaveEntries.INFO: File included and script started: brand_actions.php [] []
[2025-02-28T08:10:30.324743+05:00] SaveEntries.INFO: File included and script started: brand_actions.php [] []
[2025-02-28T08:10:31.127213+05:00] SaveEntries.INFO: File included and script started: brand_actions.php [] []
[2025-02-28T08:10:35.802373+05:00] SaveEntries.INFO: File included and script started: customers.php [] []
[2025-02-28T08:10:36.179253+05:00] SaveEntries.INFO: File included and script started: customer_actions.php [] []
[2025-02-28T08:10:38.566124+05:00] SaveEntries.INFO: File included and script started: products.php [] []
[2025-02-28T08:10:38.762183+05:00] SaveEntries.INFO: File included and script started: product_actions.php [] []
[2025-02-28T08:10:38.804627+05:00] SaveEntries.INFO: File included and script started: product_actions.php [] []
[2025-02-28T08:10:38.871483+05:00] SaveEntries.INFO: File included and script started: product_actions.php [] []
[2025-02-28T08:10:38.919606+05:00] SaveEntries.INFO: File included and script started: product_actions.php [] []
[2025-02-28T08:10:38.906758+05:00] SaveEntries.INFO: File included and script started: product_actions.php [] []
[2025-02-28T08:10:42.396646+05:00] SaveEntries.INFO: File included and script started: vendors.php [] []
[2025-02-28T08:10:42.634733+05:00] SaveEntries.INFO: File included and script started: vendor_actions.php [] []
[2025-02-28T08:10:49.964684+05:00] SaveEntries.INFO: File included and script started: vendor_actions.php [] []
[2025-02-28T08:10:53.453582+05:00] SaveEntries.INFO: File included and script started: vendor_actions.php [] []
[2025-02-28T08:11:00.049001+05:00] SaveEntries.INFO: File included and script started: users.php [] []
[2025-02-28T08:11:00.297266+05:00] SaveEntries.INFO: File included and script started: brand_actions.php [] []
[2025-02-28T08:19:36.288413+05:00] SaveEntries.INFO: File included and script started: users.php [] []
[2025-02-28T08:19:36.606452+05:00] SaveEntries.INFO: File included and script started: user_actions.php [] []
[2025-02-28T08:20:37.482616+05:00] SaveEntries.INFO: File included and script started: user_actions.php [] []
[2025-02-28T08:20:37.598416+05:00] SaveEntries.INFO: File included and script started: user_actions.php [] []
[2025-02-28T08:20:55.998965+05:00] SaveEntries.INFO: File included and script started: user_actions.php [] []
[2025-02-28T08:21:03.809196+05:00] SaveEntries.INFO: File included and script started: user_actions.php [] []
[2025-02-28T08:21:09.840465+05:00] SaveEntries.INFO: File included and script started: user_actions.php [] []
[2025-02-28T08:21:13.321326+05:00] SaveEntries.INFO: File included and script started: user_actions.php [] []
[2025-02-28T08:21:13.804491+05:00] SaveEntries.INFO: File included and script started: user_actions.php [] []
[2025-02-28T08:21:14.000447+05:00] SaveEntries.INFO: File included and script started: user_actions.php [] []
[2025-02-28T08:21:14.199308+05:00] SaveEntries.INFO: File included and script started: user_actions.php [] []
[2025-02-28T08:21:14.375097+05:00] SaveEntries.INFO: File included and script started: user_actions.php [] []
[2025-02-28T08:21:14.788955+05:00] SaveEntries.INFO: File included and script started: user_actions.php [] []
[2025-02-28T08:21:15.086464+05:00] SaveEntries.INFO: File included and script started: user_actions.php [] []
[2025-02-28T08:21:27.274062+05:00] SaveEntries.INFO: File included and script started: user_actions.php [] []
[2025-02-28T08:21:38.497213+05:00] SaveEntries.INFO: File included and script started: user_actions.php [] []
[2025-02-28T08:21:43.493068+05:00] SaveEntries.INFO: File included and script started: user_actions.php [] []
[2025-02-28T08:21:45.726674+05:00] SaveEntries.INFO: File included and script started: user_actions.php [] []
[2025-02-28T08:21:46.580984+05:00] SaveEntries.INFO: File included and script started: user_actions.php [] []
[2025-02-28T08:21:52.028153+05:00] SaveEntries.INFO: File included and script started: users.php [] []
[2025-02-28T08:21:52.368858+05:00] SaveEntries.INFO: File included and script started: user_actions.php [] []
[2025-02-28T08:22:04.835100+05:00] SaveEntries.INFO: File included and script started: user_actions.php [] []
[2025-02-28T08:22:17.296728+05:00] SaveEntries.INFO: File included and script started: user_actions.php [] []
[2025-02-28T08:27:59.028007+05:00] SaveEntries.INFO: File included and script started: users.php [] []
[2025-02-28T08:28:00.003486+05:00] SaveEntries.INFO: File included and script started: user_actions.php [] []
[2025-02-28T08:28:02.715182+05:00] SaveEntries.INFO: File included and script started: user_actions.php [] []
[2025-02-28T08:28:21.236872+05:00] SaveEntries.INFO: File included and script started: user_actions.php [] []
[2025-02-28T08:28:39.528910+05:00] SaveEntries.INFO: File included and script started: users.php [] []
[2025-02-28T08:28:39.968717+05:00] SaveEntries.INFO: File included and script started: user_actions.php [] []
[2025-02-28T08:28:40.975429+05:00] SaveEntries.INFO: File included and script started: users.php [] []
[2025-02-28T08:28:41.615067+05:00] SaveEntries.INFO: File included and script started: user_actions.php [] []
[2025-02-28T08:28:42.959531+05:00] SaveEntries.INFO: File included and script started: user_actions.php [] []
[2025-02-28T08:28:45.699739+05:00] SaveEntries.INFO: File included and script started: user_actions.php [] []
[2025-02-28T08:28:49.127285+05:00] SaveEntries.INFO: File included and script started: user_actions.php [] []
[2025-02-28T08:28:49.156208+05:00] SaveEntries.INFO: File included and script started: user_actions.php [] []
[2025-02-28T08:28:49.268010+05:00] SaveEntries.INFO: File included and script started: user_actions.php [] []
[2025-02-28T08:28:49.398525+05:00] SaveEntries.INFO: File included and script started: user_actions.php [] []
[2025-02-28T08:28:49.477015+05:00] SaveEntries.INFO: File included and script started: user_actions.php [] []
[2025-02-28T08:28:52.992202+05:00] SaveEntries.INFO: File included and script started: user_actions.php [] []
[2025-02-28T08:29:02.282547+05:00] SaveEntries.INFO: File included and script started: users.php [] []
[2025-02-28T08:29:02.704374+05:00] SaveEntries.INFO: File included and script started: user_actions.php [] []
[2025-02-28T08:29:06.929532+05:00] SaveEntries.INFO: File included and script started: users.php [] []
[2025-02-28T08:29:07.231131+05:00] SaveEntries.INFO: File included and script started: user_actions.php [] []
[2025-02-28T08:29:09.923432+05:00] SaveEntries.INFO: File included and script started: brands.php [] []
[2025-02-28T08:29:10.171337+05:00] SaveEntries.INFO: File included and script started: brand_actions.php [] []
[2025-02-28T08:29:11.116864+05:00] SaveEntries.INFO: File included and script started: categories.php [] []
[2025-02-28T08:29:11.358263+05:00] SaveEntries.INFO: File included and script started: category_actions.php [] []
[2025-02-28T08:29:12.836987+05:00] SaveEntries.INFO: File included and script started: customers.php [] []
[2025-02-28T08:29:13.096648+05:00] SaveEntries.INFO: File included and script started: customer_actions.php [] []
[2025-02-28T08:29:14.166806+05:00] SaveEntries.INFO: File included and script started: products.php [] []
[2025-02-28T08:29:14.412811+05:00] SaveEntries.INFO: File included and script started: product_actions.php [] []
[2025-02-28T08:29:14.414842+05:00] SaveEntries.INFO: File included and script started: product_actions.php [] []
[2025-02-28T08:29:14.501035+05:00] SaveEntries.INFO: File included and script started: product_actions.php [] []
[2025-02-28T08:29:14.539787+05:00] SaveEntries.INFO: File included and script started: product_actions.php [] []
[2025-02-28T08:29:15.518767+05:00] SaveEntries.INFO: File included and script started: vendors.php [] []
[2025-02-28T08:29:15.739242+05:00] SaveEntries.INFO: File included and script started: vendor_actions.php [] []
[2025-02-28T08:29:29.803789+05:00] SaveEntries.INFO: File included and script started: vendor_actions.php [] []
[2025-02-28T08:29:31.150973+05:00] SaveEntries.INFO: File included and script started: vendor_actions.php [] []
[2025-02-28T08:29:34.130270+05:00] SaveEntries.INFO: File included and script started: users.php [] []
[2025-02-28T08:29:34.396390+05:00] SaveEntries.INFO: File included and script started: user_actions.php [] []
[2025-02-28T08:29:37.102428+05:00] SaveEntries.INFO: File included and script started: user_actions.php [] []
[2025-02-28T08:29:49.096018+05:00] SaveEntries.INFO: File included and script started: users.php [] []
[2025-02-28T08:29:49.347516+05:00] SaveEntries.INFO: File included and script started: user_actions.php [] []
[2025-02-28T08:30:02.871434+05:00] SaveEntries.INFO: File included and script started: users.php [] []
[2025-02-28T08:30:03.802394+05:00] SaveEntries.INFO: File included and script started: user_actions.php [] []
[2025-02-28T08:30:28.312919+05:00] SaveEntries.INFO: File included and script started: user_actions.php [] []
[2025-02-28T08:34:31.623113+05:00] SaveEntries.INFO: File included and script started: users.php [] []
[2025-02-28T08:34:32.550127+05:00] SaveEntries.INFO: File included and script started: user_actions.php [] []
[2025-02-28T08:34:42.404019+05:00] SaveEntries.INFO: File included and script started: index.php [] []
[2025-02-28T08:34:49.431542+05:00] SaveEntries.INFO: File included and script started: index.php [] []
[2025-02-28T08:34:49.546330+05:00] SaveEntries.INFO: File included and script started: index.php [] []
[2025-02-28T08:34:51.985843+05:00] SaveEntries.INFO: File included and script started: users.php [] []
[2025-02-28T08:34:52.221247+05:00] SaveEntries.INFO: File included and script started: user_actions.php [] []
[2025-02-28T08:34:56.234274+05:00] SaveEntries.INFO: File included and script started: user_actions.php [] []
[2025-02-28T08:34:58.699499+05:00] SaveEntries.INFO: File included and script started: user_actions.php [] []
[2025-02-28T08:34:58.744268+05:00] SaveEntries.INFO: File included and script started: user_actions.php [] []
[2025-02-28T08:34:58.933319+05:00] SaveEntries.INFO: File included and script started: user_actions.php [] []
[2025-02-28T08:34:59.037213+05:00] SaveEntries.INFO: File included and script started: user_actions.php [] []
[2025-02-28T08:35:02.838393+05:00] SaveEntries.INFO: File included and script started: user_actions.php [] []
[2025-02-28T08:35:07.366275+05:00] SaveEntries.INFO: File included and script started: user_actions.php [] []
[2025-02-28T08:35:07.534728+05:00] SaveEntries.INFO: File included and script started: user_actions.php [] []
[2025-02-28T08:35:07.600768+05:00] SaveEntries.INFO: File included and script started: user_actions.php [] []
[2025-02-28T08:35:07.675010+05:00] SaveEntries.INFO: File included and script started: user_actions.php [] []
[2025-02-28T08:35:07.741572+05:00] SaveEntries.INFO: File included and script started: user_actions.php [] []
[2025-02-28T08:35:10.932824+05:00] SaveEntries.INFO: File included and script started: user_actions.php [] []
[2025-02-28T08:35:11.011341+05:00] SaveEntries.INFO: File included and script started: user_actions.php [] []
[2025-02-28T08:35:11.076813+05:00] SaveEntries.INFO: File included and script started: user_actions.php [] []
[2025-02-28T08:35:11.205015+05:00] SaveEntries.INFO: File included and script started: user_actions.php [] []
[2025-02-28T08:35:12.386942+05:00] SaveEntries.INFO: File included and script started: user_actions.php [] []
[2025-02-28T08:35:26.210831+05:00] SaveEntries.INFO: File included and script started: user_actions.php [] []
[2025-02-28T08:36:45.385387+05:00] SaveEntries.INFO: File included and script started: user_actions.php [] []
[2025-02-28T08:36:45.567141+05:00] SaveEntries.INFO: File included and script started: user_actions.php [] []
[2025-02-28T08:37:06.565253+05:00] SaveEntries.INFO: File included and script started: user_actions.php [] []
[2025-02-28T08:37:13.045083+05:00] SaveEntries.INFO: File included and script started: user_actions.php [] []
[2025-02-28T08:37:13.423003+05:00] SaveEntries.INFO: File included and script started: user_actions.php [] []
[2025-02-28T08:37:24.936032+05:00] SaveEntries.INFO: File included and script started: user_actions.php [] []
[2025-02-28T08:37:24.952005+05:00] SaveEntries.INFO: File included and script started: user_actions.php [] []
[2025-02-28T08:37:26.406613+05:00] SaveEntries.INFO: File included and script started: user_actions.php [] []
[2025-02-28T08:37:26.414688+05:00] SaveEntries.INFO: File included and script started: user_actions.php [] []
[2025-02-28T08:37:28.313479+05:00] SaveEntries.INFO: File included and script started: user_actions.php [] []
[2025-02-28T08:37:37.968520+05:00] SaveEntries.INFO: File included and script started: user_actions.php [] []
[2025-02-28T08:37:43.555022+05:00] SaveEntries.INFO: File included and script started: users.php [] []
[2025-02-28T08:37:44.618499+05:00] SaveEntries.INFO: File included and script started: user_actions.php [] []
[2025-02-28T08:37:57.369777+05:00] SaveEntries.INFO: File included and script started: user_actions.php [] []
[2025-02-28T08:37:57.501596+05:00] SaveEntries.INFO: File included and script started: user_actions.php [] []
[2025-02-28T08:38:02.069752+05:00] SaveEntries.INFO: File included and script started: user_actions.php [] []
[2025-02-28T08:38:36.727234+05:00] SaveEntries.INFO: File included and script started: users.php [] []
[2025-02-28T08:38:37.537410+05:00] SaveEntries.INFO: File included and script started: user_actions.php [] []
[2025-02-28T08:43:01.532793+05:00] SaveEntries.INFO: File included and script started: users.php [] []
[2025-02-28T08:43:02.232287+05:00] SaveEntries.INFO: File included and script started: user_actions.php [] []
[2025-02-28T08:43:07.164157+05:00] SaveEntries.INFO: File included and script started: user_actions.php [] []
[2025-02-28T08:43:07.228822+05:00] SaveEntries.INFO: File included and script started: user_actions.php [] []
[2025-02-28T08:43:07.316438+05:00] SaveEntries.INFO: File included and script started: user_actions.php [] []
[2025-02-28T08:43:07.471668+05:00] SaveEntries.INFO: File included and script started: user_actions.php [] []
[2025-02-28T08:43:08.693867+05:00] SaveEntries.INFO: File included and script started: user_actions.php [] []
[2025-02-28T08:43:19.884705+05:00] SaveEntries.INFO: File included and script started: user_actions.php [] []
[2025-02-28T08:43:20.032717+05:00] SaveEntries.INFO: File included and script started: user_actions.php [] []
[2025-02-28T08:43:22.943614+05:00] SaveEntries.INFO: File included and script started: user_actions.php [] []
[2025-02-28T08:44:50.214795+05:00] SaveEntries.INFO: File included and script started: user_actions.php [] []
[2025-02-28T08:44:51.293344+05:00] SaveEntries.INFO: File included and script started: user_actions.php [] []
[2025-02-28T08:44:56.718087+05:00] SaveEntries.INFO: File included and script started: user_actions.php [] []
[2025-02-28T08:44:56.758999+05:00] SaveEntries.INFO: File included and script started: user_actions.php [] []
[2025-02-28T08:44:59.501055+05:00] SaveEntries.INFO: File included and script started: user_actions.php [] []
[2025-02-28T08:44:59.502543+05:00] SaveEntries.INFO: File included and script started: user_actions.php [] []
[2025-02-28T08:45:01.370436+05:00] SaveEntries.INFO: File included and script started: user_actions.php [] []
[2025-02-28T08:57:48.330321+05:00] SaveEntries.INFO: File included and script started: users.php [] []
[2025-02-28T08:57:49.326607+05:00] SaveEntries.INFO: File included and script started: user_actions.php [] []
[2025-02-28T08:57:53.981229+05:00] SaveEntries.INFO: File included and script started: user_actions.php [] []
[2025-02-28T08:57:54.108370+05:00] SaveEntries.INFO: File included and script started: user_actions.php [] []
[2025-02-28T08:57:54.933859+05:00] SaveEntries.INFO: File included and script started: user_actions.php [] []
[2025-02-28T08:57:55.035881+05:00] SaveEntries.INFO: File included and script started: user_actions.php [] []
[2025-02-28T08:57:55.168535+05:00] SaveEntries.INFO: File included and script started: user_actions.php [] []
[2025-02-28T08:57:55.333151+05:00] SaveEntries.INFO: File included and script started: user_actions.php [] []
[2025-02-28T08:57:56.556292+05:00] SaveEntries.INFO: File included and script started: user_actions.php [] []
[2025-02-28T10:05:09.112194+05:00] SaveEntries.INFO: File included and script started: users.php [] []
[2025-02-28T10:05:09.498062+05:00] SaveEntries.INFO: File included and script started: user_actions.php [] []
[2025-02-28T10:05:12.009151+05:00] SaveEntries.INFO: File included and script started: user_actions.php [] []
[2025-02-28T10:05:15.182028+05:00] SaveEntries.INFO: File included and script started: user_actions.php [] []
[2025-02-28T10:05:29.636298+05:00] SaveEntries.INFO: File included and script started: user_actions.php [] []
[2025-02-28T10:05:29.863176+05:00] SaveEntries.INFO: File included and script started: user_actions.php [] []
[2025-02-28T10:05:33.155512+05:00] SaveEntries.INFO: File included and script started: users.php [] []
[2025-02-28T10:05:33.369706+05:00] SaveEntries.INFO: File included and script started: user_actions.php [] []
[2025-02-28T10:05:38.828396+05:00] SaveEntries.INFO: File included and script started: user_actions.php [] []
[2025-02-28T10:05:39.626315+05:00] SaveEntries.INFO: File included and script started: user_actions.php [] []
[2025-02-28T10:05:41.827415+05:00] SaveEntries.INFO: File included and script started: user_actions.php [] []
[2025-02-28T10:05:41.837564+05:00] SaveEntries.INFO: File included and script started: user_actions.php [] []
[2025-02-28T10:05:43.623502+05:00] SaveEntries.INFO: File included and script started: user_actions.php [] []
[2025-02-28T10:05:45.255342+05:00] SaveEntries.INFO: File included and script started: user_actions.php [] []
[2025-02-28T10:06:11.450647+05:00] SaveEntries.INFO: File included and script started: user_actions.php [] []
[2025-02-28T10:09:11.683541+05:00] SaveEntries.INFO: File included and script started: users.php [] []
[2025-02-28T10:09:12.007345+05:00] SaveEntries.INFO: File included and script started: user_actions.php [] []
[2025-02-28T10:09:26.976973+05:00] SaveEntries.INFO: File included and script started: user_actions.php [] []
[2025-02-28T10:09:27.204597+05:00] SaveEntries.INFO: File included and script started: user_actions.php [] []
[2025-02-28T10:09:29.783122+05:00] SaveEntries.INFO: File included and script started: user_actions.php [] []
[2025-02-28T10:09:31.670686+05:00] SaveEntries.INFO: File included and script started: user_actions.php [] []
[2025-02-28T10:09:34.329295+05:00] SaveEntries.INFO: File included and script started: user_actions.php [] []
[2025-02-28T10:09:40.321743+05:00] SaveEntries.INFO: File included and script started: user_actions.php [] []
[2025-02-28T10:09:40.468139+05:00] SaveEntries.INFO: File included and script started: user_actions.php [] []
[2025-02-28T10:10:13.926067+05:00] SaveEntries.INFO: File included and script started: users.php [] []
[2025-02-28T10:10:14.212834+05:00] SaveEntries.INFO: File included and script started: user_actions.php [] []
[2025-02-28T10:10:15.294735+05:00] SaveEntries.INFO: File included and script started: user_actions.php [] []
[2025-02-28T10:10:16.730556+05:00] SaveEntries.INFO: File included and script started: user_actions.php [] []
[2025-02-28T10:10:19.582260+05:00] SaveEntries.INFO: File included and script started: user_actions.php [] []
[2025-02-28T10:10:35.239932+05:00] SaveEntries.INFO: File included and script started: user_actions.php [] []
[2025-02-28T10:10:37.295185+05:00] SaveEntries.INFO: File included and script started: user_actions.php [] []
[2025-02-28T10:14:22.250728+05:00] SaveEntries.INFO: File included and script started: users.php [] []
[2025-02-28T10:14:22.714095+05:00] SaveEntries.INFO: File included and script started: user_actions.php [] []
[2025-02-28T10:15:33.300040+05:00] SaveEntries.INFO: File included and script started: user_actions.php [] []
[2025-02-28T10:15:36.921701+05:00] SaveEntries.INFO: File included and script started: users.php [] []
[2025-02-28T10:15:37.270844+05:00] SaveEntries.INFO: File included and script started: user_actions.php [] []
[2025-02-28T10:18:21.809556+05:00] SaveEntries.INFO: File included and script started: users.php [] []
[2025-02-28T10:18:47.424557+05:00] SaveEntries.INFO: File included and script started: users.php [] []
[2025-02-28T20:57:39.039131+05:00] SaveEntries.INFO: File included and script started: users.php [] []
[2025-02-28T20:57:39.329281+05:00] SaveEntries.INFO: File included and script started: index.php [] []
[2025-02-28T20:57:45.369933+05:00] SaveEntries.INFO: File included and script started: index.php [] []
[2025-02-28T20:57:45.588645+05:00] SaveEntries.INFO: File included and script started: index.php [] []
[2025-02-28T20:57:54.245191+05:00] SaveEntries.INFO: File included and script started: brands.php [] []
[2025-02-28T20:57:54.674343+05:00] SaveEntries.INFO: File included and script started: brand_actions.php [] []
[2025-02-28T20:58:04.306244+05:00] SaveEntries.INFO: File included and script started: products.php [] []
[2025-02-28T20:58:04.682292+05:00] SaveEntries.INFO: File included and script started: product_actions.php [] []
[2025-02-28T20:58:04.692041+05:00] SaveEntries.INFO: File included and script started: product_actions.php [] []
[2025-02-28T20:58:04.696887+05:00] SaveEntries.INFO: File included and script started: product_actions.php [] []
[2025-02-28T20:58:04.837235+05:00] SaveEntries.INFO: File included and script started: product_actions.php [] []
[2025-02-28T20:58:04.872715+05:00] SaveEntries.INFO: File included and script started: product_actions.php [] []
[2025-02-28T20:58:13.677623+05:00] SaveEntries.INFO: File included and script started: categories.php [] []
[2025-02-28T20:58:13.958977+05:00] SaveEntries.INFO: File included and script started: category_actions.php [] []
[2025-02-28T20:58:36.458958+05:00] SaveEntries.INFO: File included and script started: brands.php [] []
[2025-02-28T20:58:36.678181+05:00] SaveEntries.INFO: File included and script started: brand_actions.php [] []
[2025-02-28T20:58:39.217062+05:00] SaveEntries.INFO: File included and script started: brand_actions.php [] []
[2025-02-28T20:58:39.284087+05:00] SaveEntries.INFO: File included and script started: brand_actions.php [] []
[2025-02-28T20:58:39.389854+05:00] SaveEntries.INFO: File included and script started: brand_actions.php [] []
[2025-02-28T20:58:39.446958+05:00] SaveEntries.INFO: File included and script started: brand_actions.php [] []
[2025-02-28T20:58:39.602394+05:00] SaveEntries.INFO: File included and script started: brand_actions.php [] []
[2025-02-28T20:58:42.027959+05:00] SaveEntries.INFO: File included and script started: brand_actions.php [] []
[2025-02-28T20:58:44.619710+05:00] SaveEntries.INFO: File included and script started: products.php [] []
[2025-02-28T20:58:44.818575+05:00] SaveEntries.INFO: File included and script started: product_actions.php [] []
[2025-02-28T20:58:44.828393+05:00] SaveEntries.INFO: File included and script started: product_actions.php [] []
[2025-02-28T20:58:44.859870+05:00] SaveEntries.INFO: File included and script started: product_actions.php [] []
[2025-02-28T20:58:44.868409+05:00] SaveEntries.INFO: File included and script started: product_actions.php [] []
[2025-02-28T20:58:44.910003+05:00] SaveEntries.INFO: File included and script started: product_actions.php [] []
[2025-02-28T20:58:54.301572+05:00] SaveEntries.INFO: File included and script started: product_actions.php [] []
[2025-02-28T20:58:58.862390+05:00] SaveEntries.INFO: File included and script started: products.php [] []
[2025-02-28T20:58:59.015910+05:00] SaveEntries.INFO: File included and script started: product_actions.php [] []
[2025-02-28T20:58:59.018637+05:00] SaveEntries.INFO: File included and script started: product_actions.php [] []
[2025-02-28T20:58:59.057264+05:00] SaveEntries.INFO: File included and script started: product_actions.php [] []
[2025-02-28T20:58:59.072604+05:00] SaveEntries.INFO: File included and script started: product_actions.php [] []
[2025-02-28T20:58:59.079756+05:00] SaveEntries.INFO: File included and script started: product_actions.php [] []
[2025-02-28T20:59:01.437932+05:00] SaveEntries.INFO: File included and script started: product_actions.php [] []
[2025-02-28T20:59:01.489232+05:00] SaveEntries.INFO: File included and script started: product_actions.php [] []
[2025-02-28T20:59:08.145811+05:00] SaveEntries.INFO: File included and script started: brands.php [] []
[2025-02-28T20:59:08.349540+05:00] SaveEntries.INFO: File included and script started: brand_actions.php [] []
[2025-02-28T20:59:45.399105+05:00] SaveEntries.INFO: File included and script started: products.php [] []
[2025-02-28T20:59:45.626669+05:00] SaveEntries.INFO: File included and script started: product_actions.php [] []
[2025-02-28T20:59:45.631466+05:00] SaveEntries.INFO: File included and script started: product_actions.php [] []
[2025-02-28T20:59:45.671251+05:00] SaveEntries.INFO: File included and script started: product_actions.php [] []
[2025-02-28T20:59:45.729068+05:00] SaveEntries.INFO: File included and script started: product_actions.php [] []
[2025-02-28T20:59:45.745971+05:00] SaveEntries.INFO: File included and script started: product_actions.php [] []
[2025-02-28T20:59:49.942053+05:00] SaveEntries.INFO: File included and script started: brands.php [] []
[2025-02-28T20:59:50.273814+05:00] SaveEntries.INFO: File included and script started: brand_actions.php [] []
[2025-02-28T21:00:05.171841+05:00] SaveEntries.INFO: File included and script started: brand_actions.php [] []
[2025-02-28T21:00:05.865729+05:00] SaveEntries.INFO: File included and script started: brand_actions.php [] []
[2025-02-28T21:00:21.259371+05:00] SaveEntries.INFO: File included and script started: index.php [] []
[2025-02-28T21:00:39.816133+05:00] SaveEntries.INFO: File included and script started: brands.php [] []
[2025-02-28T21:00:40.027902+05:00] SaveEntries.INFO: File included and script started: brand_actions.php [] []
[2025-02-28T21:01:21.486616+05:00] SaveEntries.INFO: File included and script started: products.php [] []
[2025-02-28T21:01:21.710888+05:00] SaveEntries.INFO: File included and script started: product_actions.php [] []
[2025-02-28T21:01:21.725721+05:00] SaveEntries.INFO: File included and script started: product_actions.php [] []
[2025-02-28T21:01:21.762275+05:00] SaveEntries.INFO: File included and script started: product_actions.php [] []
[2025-02-28T21:01:21.803271+05:00] SaveEntries.INFO: File included and script started: product_actions.php [] []
[2025-02-28T21:01:21.815328+05:00] SaveEntries.INFO: File included and script started: product_actions.php [] []
[2025-02-28T21:02:07.119323+05:00] SaveEntries.INFO: File included and script started: product_actions.php [] []
[2025-02-28T21:04:05.353443+05:00] SaveEntries.INFO: File included and script started: customers.php [] []
[2025-02-28T21:04:05.953398+05:00] SaveEntries.INFO: File included and script started: customer_actions.php [] []
[2025-02-28T21:04:30.702370+05:00] SaveEntries.INFO: File included and script started: products.php [] []
[2025-02-28T21:04:30.988417+05:00] SaveEntries.INFO: File included and script started: product_actions.php [] []
[2025-02-28T21:04:30.988939+05:00] SaveEntries.INFO: File included and script started: product_actions.php [] []
[2025-02-28T21:04:31.027667+05:00] SaveEntries.INFO: File included and script started: product_actions.php [] []
[2025-02-28T21:04:31.038521+05:00] SaveEntries.INFO: File included and script started: product_actions.php [] []
[2025-02-28T21:04:31.051463+05:00] SaveEntries.INFO: File included and script started: product_actions.php [] []
[2025-02-28T21:05:04.670325+05:00] SaveEntries.INFO: File included and script started: products.php [] []
[2025-02-28T21:05:04.882409+05:00] SaveEntries.INFO: File included and script started: product_actions.php [] []
[2025-02-28T21:05:04.882409+05:00] SaveEntries.INFO: File included and script started: product_actions.php [] []
[2025-02-28T21:05:04.928309+05:00] SaveEntries.INFO: File included and script started: product_actions.php [] []
[2025-02-28T21:05:04.972281+05:00] SaveEntries.INFO: File included and script started: product_actions.php [] []
[2025-02-28T21:05:04.986667+05:00] SaveEntries.INFO: File included and script started: product_actions.php [] []
[2025-02-28T21:05:15.726710+05:00] SaveEntries.INFO: File included and script started: vendors.php [] []
[2025-02-28T21:05:16.204400+05:00] SaveEntries.INFO: File included and script started: vendor_actions.php [] []
[2025-02-28T22:03:34.807913+05:00] SaveEntries.INFO: File included and script started: customers.php [] []
[2025-02-28T22:03:35.521172+05:00] SaveEntries.INFO: File included and script started: customer_actions.php [] []
[2025-02-28T22:03:44.782155+05:00] SaveEntries.INFO: File included and script started: vendors.php [] []
[2025-02-28T22:03:45.526838+05:00] SaveEntries.INFO: File included and script started: vendor_actions.php [] []
[2025-02-28T22:05:48.010863+05:00] SaveEntries.INFO: File included and script started: users.php [] []
[2025-02-28T22:05:48.901209+05:00] SaveEntries.INFO: File included and script started: user_actions.php [] []
[2025-02-28T22:05:53.322783+05:00] SaveEntries.INFO: File included and script started: user_actions.php [] []
[2025-02-28T22:05:53.331682+05:00] SaveEntries.INFO: File included and script started: user_actions.php [] []
[2025-02-28T22:05:54.377161+05:00] SaveEntries.INFO: File included and script started: user_actions.php [] []
[2025-02-28T22:05:55.514075+05:00] SaveEntries.INFO: File included and script started: user_actions.php [] []
[2025-02-28T22:05:56.497563+05:00] SaveEntries.INFO: File included and script started: user_actions.php [] []
[2025-02-28T22:05:57.868340+05:00] SaveEntries.INFO: File included and script started: user_actions.php [] []
[2025-02-28T22:05:59.443179+05:00] SaveEntries.INFO: File included and script started: user_actions.php [] []
[2025-02-28T22:06:00.886100+05:00] SaveEntries.INFO: File included and script started: user_actions.php [] []
[2025-02-28T22:06:00.890896+05:00] SaveEntries.INFO: File included and script started: user_actions.php [] []
[2025-02-28T22:06:03.958655+05:00] SaveEntries.INFO: File included and script started: user_actions.php [] []
[2025-02-28T22:06:03.961112+05:00] SaveEntries.INFO: File included and script started: user_actions.php [] []
[2025-02-28T22:06:05.988608+05:00] SaveEntries.INFO: File included and script started: user_actions.php [] []
[2025-02-28T22:06:36.192202+05:00] SaveEntries.INFO: File included and script started: user_actions.php [] []
[2025-02-28T22:06:36.324981+05:00] SaveEntries.INFO: File included and script started: user_actions.php [] []
[2025-02-28T22:06:45.783938+05:00] SaveEntries.INFO: File included and script started: user_actions.php [] []
[2025-02-28T22:06:50.244228+05:00] SaveEntries.INFO: File included and script started: user_actions.php [] []
[2025-02-28T22:06:50.272924+05:00] SaveEntries.INFO: File included and script started: user_actions.php [] []
[2025-02-28T22:12:44.288065+05:00] SaveEntries.INFO: File included and script started: products.php [] []
[2025-02-28T22:12:44.901885+05:00] SaveEntries.INFO: File included and script started: product_actions.php [] []
[2025-02-28T22:12:44.941021+05:00] SaveEntries.INFO: File included and script started: product_actions.php [] []
[2025-02-28T22:12:45.152881+05:00] SaveEntries.INFO: File included and script started: product_actions.php [] []
[2025-02-28T22:12:45.166254+05:00] SaveEntries.INFO: File included and script started: product_actions.php [] []
[2025-02-28T22:12:45.259426+05:00] SaveEntries.INFO: File included and script started: product_actions.php [] []
[2025-02-28T22:12:46.719768+05:00] SaveEntries.INFO: File included and script started: product_actions.php [] []
[2025-02-28T22:12:46.721300+05:00] SaveEntries.INFO: File included and script started: product_actions.php [] []
[2025-02-28T22:13:59.152202+05:00] SaveEntries.INFO: File included and script started: categories.php [] []
[2025-02-28T22:13:59.620029+05:00] SaveEntries.INFO: File included and script started: category_actions.php [] []
[2025-02-28T22:14:59.732481+05:00] SaveEntries.INFO: File included and script started: customers.php [] []
[2025-02-28T22:15:00.284224+05:00] SaveEntries.INFO: File included and script started: customer_actions.php [] []
[2025-02-28T22:16:05.601619+05:00] SaveEntries.INFO: File included and script started: products.php [] []
[2025-02-28T22:16:06.032429+05:00] SaveEntries.INFO: File included and script started: product_actions.php [] []
[2025-02-28T22:16:06.057193+05:00] SaveEntries.INFO: File included and script started: product_actions.php [] []
[2025-02-28T22:16:06.127733+05:00] SaveEntries.INFO: File included and script started: product_actions.php [] []
[2025-02-28T22:16:06.218942+05:00] SaveEntries.INFO: File included and script started: product_actions.php [] []
[2025-02-28T22:16:06.220805+05:00] SaveEntries.INFO: File included and script started: product_actions.php [] []
[2025-02-28T22:18:26.491440+05:00] SaveEntries.INFO: File included and script started: categories.php [] []
[2025-02-28T22:18:26.979607+05:00] SaveEntries.INFO: File included and script started: category_actions.php [] []
