[2025-02-24T09:25:24.005445+05:00] SaveEntries.INFO: File included and script started: index.php [] []
[2025-02-24T09:25:28.683765+05:00] SaveEntries.INFO: File included and script started: index.php [] []
[2025-02-24T09:25:33.161666+05:00] SaveEntries.INFO: File included and script started: index.php [] []
[2025-02-24T09:30:17.651984+05:00] SaveEntries.INFO: File included and script started: categories.php [] []
[2025-02-24T09:34:34.420370+05:00] SaveEntries.INFO: File included and script started: categories.php [] []
[2025-02-24T09:35:09.408078+05:00] SaveEntries.INFO: File included and script started: categories.php [] []
[2025-02-24T09:36:49.868671+05:00] SaveEntries.INFO: File included and script started: categories.php [] []
[2025-02-24T09:37:08.340642+05:00] SaveEntries.INFO: File included and script started: categories.php [] []
[2025-02-24T09:53:01.291221+05:00] SaveEntries.INFO: File included and script started: categories.php [] []
[2025-02-24T09:53:09.523417+05:00] SaveEntries.INFO: File included and script started: categories.php [] []
[2025-02-24T09:53:34.752835+05:00] SaveEntries.INFO: File included and script started: categories.php [] []
[2025-02-24T09:54:17.029516+05:00] SaveEntries.INFO: File included and script started: categories.php [] []
[2025-02-24T09:56:01.534789+05:00] SaveEntries.INFO: File included and script started: categories.php [] []
[2025-02-24T09:56:22.432727+05:00] SaveEntries.INFO: File included and script started: categories.php [] []
[2025-02-24T09:56:24.684194+05:00] SaveEntries.INFO: File included and script started: categories.php [] []
[2025-02-24T09:56:39.172609+05:00] SaveEntries.INFO: File included and script started: categories.php [] []
[2025-02-24T09:57:43.324682+05:00] SaveEntries.INFO: File included and script started: categories.php [] []
[2025-02-24T10:00:11.739324+05:00] SaveEntries.INFO: File included and script started: category_actions.php [] []
[2025-02-24T10:02:44.715080+05:00] SaveEntries.INFO: File included and script started: category_actions.php [] []
[2025-02-24T10:04:52.273859+05:00] SaveEntries.INFO: File included and script started: category_actions.php [] []
[2025-02-24T10:05:05.567633+05:00] SaveEntries.INFO: File included and script started: category_actions.php [] []
[2025-02-24T10:05:08.478635+05:00] SaveEntries.INFO: File included and script started: category_actions.php [] []
[2025-02-24T10:05:09.309202+05:00] SaveEntries.INFO: File included and script started: category_actions.php [] []
[2025-02-24T10:05:09.487020+05:00] SaveEntries.INFO: File included and script started: category_actions.php [] []
[2025-02-24T10:05:09.727846+05:00] SaveEntries.INFO: File included and script started: category_actions.php [] []
[2025-02-24T10:05:09.823372+05:00] SaveEntries.INFO: File included and script started: category_actions.php [] []
[2025-02-24T10:05:10.022729+05:00] SaveEntries.INFO: File included and script started: category_actions.php [] []
[2025-02-24T10:05:12.513652+05:00] SaveEntries.INFO: File included and script started: category_actions.php [] []
[2025-02-24T10:08:07.023033+05:00] SaveEntries.INFO: File included and script started: category_actions.php [] []
[2025-02-24T10:08:24.807742+05:00] SaveEntries.INFO: File included and script started: category_actions.php [] []
[2025-02-24T10:08:27.704155+05:00] SaveEntries.INFO: File included and script started: category_actions.php [] []
[2025-02-24T10:08:28.797060+05:00] SaveEntries.INFO: File included and script started: category_actions.php [] []
[2025-02-24T10:08:57.841009+05:00] SaveEntries.INFO: File included and script started: category_actions.php [] []
[2025-02-24T10:09:02.719285+05:00] SaveEntries.INFO: File included and script started: category_actions.php [] []
[2025-02-24T10:09:03.770231+05:00] SaveEntries.INFO: File included and script started: category_actions.php [] []
[2025-02-24T10:09:15.947265+05:00] SaveEntries.INFO: File included and script started: category_actions.php [] []
[2025-02-24T10:09:17.523378+05:00] SaveEntries.INFO: File included and script started: category_actions.php [] []
[2025-02-24T10:09:38.761731+05:00] SaveEntries.INFO: File included and script started: category_actions.php [] []
[2025-02-24T10:09:39.980326+05:00] SaveEntries.INFO: File included and script started: category_actions.php [] []
[2025-02-24T10:09:50.942860+05:00] SaveEntries.INFO: File included and script started: category_actions.php [] []
[2025-02-24T10:10:09.121188+05:00] SaveEntries.INFO: File included and script started: category_actions.php [] []
[2025-02-24T10:10:18.561891+05:00] SaveEntries.INFO: File included and script started: category_actions.php [] []
[2025-02-24T10:10:19.994434+05:00] SaveEntries.INFO: File included and script started: category_actions.php [] []
[2025-02-24T10:10:47.364785+05:00] SaveEntries.INFO: File included and script started: category_actions.php [] []
[2025-02-24T10:10:48.266406+05:00] SaveEntries.INFO: File included and script started: category_actions.php [] []
[2025-02-24T10:12:12.934856+05:00] SaveEntries.INFO: File included and script started: category_actions.php [] []
[2025-02-24T10:14:25.476441+05:00] SaveEntries.INFO: File included and script started: category_actions.php [] []
[2025-02-24T10:14:26.258862+05:00] SaveEntries.INFO: File included and script started: category_actions.php [] []
[2025-02-24T10:14:31.214404+05:00] SaveEntries.INFO: File included and script started: category_actions.php [] []
[2025-02-24T10:14:31.921815+05:00] SaveEntries.INFO: File included and script started: category_actions.php [] []
[2025-02-24T10:14:45.748968+05:00] SaveEntries.INFO: File included and script started: category_actions.php [] []
[2025-02-24T10:14:54.569994+05:00] SaveEntries.INFO: File included and script started: category_actions.php [] []
[2025-02-24T10:14:55.962819+05:00] SaveEntries.INFO: File included and script started: category_actions.php [] []
[2025-02-24T10:17:58.804458+05:00] SaveEntries.INFO: File included and script started: category_actions.php [] []
[2025-02-24T10:18:01.179545+05:00] SaveEntries.INFO: File included and script started: category_actions.php [] []
[2025-02-24T10:18:34.744618+05:00] SaveEntries.INFO: File included and script started: category_actions.php [] []
[2025-02-24T10:18:36.043719+05:00] SaveEntries.INFO: File included and script started: category_actions.php [] []
[2025-02-24T10:18:58.246056+05:00] SaveEntries.INFO: File included and script started: category_actions.php [] []
[2025-02-24T10:18:58.990782+05:00] SaveEntries.INFO: File included and script started: category_actions.php [] []
[2025-02-24T10:26:48.486360+05:00] SaveEntries.INFO: File included and script started: category_actions.php [] []
[2025-02-24T10:27:01.847815+05:00] SaveEntries.INFO: File included and script started: category_actions.php [] []
[2025-02-24T10:27:06.017151+05:00] SaveEntries.INFO: File included and script started: category_actions.php [] []
[2025-02-24T10:27:07.338933+05:00] SaveEntries.INFO: File included and script started: category_actions.php [] []
[2025-02-24T10:27:56.308424+05:00] SaveEntries.INFO: File included and script started: category_actions.php [] []
[2025-02-24T10:28:04.805868+05:00] SaveEntries.INFO: File included and script started: category_actions.php [] []
[2025-02-24T10:30:30.764277+05:00] SaveEntries.INFO: File included and script started: category_actions.php [] []
[2025-02-24T10:31:24.978217+05:00] SaveEntries.INFO: File included and script started: category_actions.php [] []
[2025-02-24T10:31:37.152431+05:00] SaveEntries.INFO: File included and script started: category_actions.php [] []
[2025-02-24T10:32:20.618853+05:00] SaveEntries.INFO: File included and script started: category_actions.php [] []
[2025-02-24T10:33:43.216879+05:00] SaveEntries.INFO: File included and script started: category_actions.php [] []
[2025-02-24T10:33:47.944689+05:00] SaveEntries.INFO: File included and script started: category_actions.php [] []
[2025-02-24T10:34:01.640370+05:00] SaveEntries.INFO: File included and script started: category_actions.php [] []
[2025-02-24T10:34:28.231414+05:00] SaveEntries.INFO: File included and script started: category_actions.php [] []
[2025-02-24T10:34:46.073954+05:00] SaveEntries.INFO: File included and script started: category_actions.php [] []
[2025-02-24T10:34:47.227220+05:00] SaveEntries.INFO: File included and script started: category_actions.php [] []
[2025-02-24T10:34:53.775124+05:00] SaveEntries.INFO: File included and script started: category_actions.php [] []
[2025-02-24T10:35:08.430101+05:00] SaveEntries.INFO: File included and script started: category_actions.php [] []
[2025-02-24T10:35:09.155922+05:00] SaveEntries.INFO: File included and script started: category_actions.php [] []
[2025-02-24T10:36:44.745724+05:00] SaveEntries.INFO: File included and script started: category_actions.php [] []
[2025-02-24T10:41:07.858290+05:00] SaveEntries.INFO: File included and script started: category_actions.php [] []
[2025-02-24T10:41:36.125936+05:00] SaveEntries.INFO: File included and script started: category_actions.php [] []
[2025-02-24T10:41:41.711843+05:00] SaveEntries.INFO: File included and script started: category_actions.php [] []
[2025-02-24T10:41:49.524029+05:00] SaveEntries.INFO: File included and script started: category_actions.php [] []
[2025-02-24T10:41:53.181867+05:00] SaveEntries.INFO: File included and script started: category_actions.php [] []
[2025-02-24T10:41:54.677390+05:00] SaveEntries.INFO: File included and script started: category_actions.php [] []
[2025-02-24T10:41:56.260699+05:00] SaveEntries.INFO: File included and script started: category_actions.php [] []
[2025-02-24T10:42:09.789537+05:00] SaveEntries.INFO: File included and script started: category_actions.php [] []
[2025-02-24T10:42:13.828332+05:00] SaveEntries.INFO: File included and script started: category_actions.php [] []
[2025-02-24T10:42:26.266730+05:00] SaveEntries.INFO: File included and script started: category_actions.php [] []
[2025-02-24T10:42:32.384904+05:00] SaveEntries.INFO: File included and script started: category_actions.php [] []
[2025-02-24T10:42:33.342902+05:00] SaveEntries.INFO: File included and script started: category_actions.php [] []
[2025-02-24T10:42:39.984012+05:00] SaveEntries.INFO: File included and script started: category_actions.php [] []
[2025-02-24T10:42:40.907936+05:00] SaveEntries.INFO: File included and script started: category_actions.php [] []
[2025-02-24T10:42:48.754016+05:00] SaveEntries.INFO: File included and script started: category_actions.php [] []
[2025-02-24T10:42:49.736777+05:00] SaveEntries.INFO: File included and script started: category_actions.php [] []
[2025-02-24T10:42:59.698442+05:00] SaveEntries.INFO: File included and script started: category_actions.php [] []
[2025-02-24T10:43:07.449316+05:00] SaveEntries.INFO: File included and script started: category_actions.php [] []
[2025-02-24T10:43:09.433075+05:00] SaveEntries.INFO: File included and script started: category_actions.php [] []
[2025-02-24T10:43:14.834900+05:00] SaveEntries.INFO: File included and script started: category_actions.php [] []
[2025-02-24T10:43:15.751762+05:00] SaveEntries.INFO: File included and script started: category_actions.php [] []
[2025-02-24T10:43:46.370066+05:00] SaveEntries.INFO: File included and script started: category_actions.php [] []
[2025-02-24T10:43:50.744114+05:00] SaveEntries.INFO: File included and script started: category_actions.php [] []
[2025-02-24T10:44:06.293057+05:00] SaveEntries.INFO: File included and script started: category_actions.php [] []
[2025-02-24T10:44:14.264835+05:00] SaveEntries.INFO: File included and script started: category_actions.php [] []
[2025-02-24T10:47:15.801934+05:00] SaveEntries.INFO: File included and script started: category_actions.php [] []
[2025-02-24T10:47:30.206369+05:00] SaveEntries.INFO: File included and script started: category_actions.php [] []
[2025-02-24T10:47:32.972782+05:00] SaveEntries.INFO: File included and script started: category_actions.php [] []
[2025-02-24T10:47:34.489468+05:00] SaveEntries.INFO: File included and script started: category_actions.php [] []
[2025-02-24T10:47:42.312595+05:00] SaveEntries.INFO: File included and script started: category_actions.php [] []
[2025-02-24T10:47:52.758372+05:00] SaveEntries.INFO: File included and script started: category_actions.php [] []
[2025-02-24T10:48:10.666344+05:00] SaveEntries.INFO: File included and script started: category_actions.php [] []
[2025-02-24T10:48:12.264525+05:00] SaveEntries.INFO: File included and script started: category_actions.php [] []
[2025-02-24T10:48:20.057620+05:00] SaveEntries.INFO: File included and script started: category_actions.php [] []
[2025-02-24T10:48:22.534463+05:00] SaveEntries.INFO: File included and script started: category_actions.php [] []
[2025-02-24T10:48:22.745611+05:00] SaveEntries.INFO: File included and script started: category_actions.php [] []
[2025-02-24T10:48:22.817814+05:00] SaveEntries.INFO: File included and script started: category_actions.php [] []
[2025-02-24T10:48:23.015643+05:00] SaveEntries.INFO: File included and script started: category_actions.php [] []
[2025-02-24T10:48:23.217245+05:00] SaveEntries.INFO: File included and script started: category_actions.php [] []
[2025-02-24T10:48:23.325159+05:00] SaveEntries.INFO: File included and script started: category_actions.php [] []
[2025-02-24T10:48:23.436352+05:00] SaveEntries.INFO: File included and script started: category_actions.php [] []
[2025-02-24T10:48:23.506062+05:00] SaveEntries.INFO: File included and script started: category_actions.php [] []
[2025-02-24T10:48:24.183728+05:00] SaveEntries.INFO: File included and script started: category_actions.php [] []
[2025-02-24T10:48:27.006848+05:00] SaveEntries.INFO: File included and script started: category_actions.php [] []
[2025-02-24T10:48:27.008989+05:00] SaveEntries.INFO: File included and script started: category_actions.php [] []
[2025-02-24T10:48:28.878147+05:00] SaveEntries.INFO: File included and script started: category_actions.php [] []
[2025-02-24T10:48:28.882264+05:00] SaveEntries.INFO: File included and script started: category_actions.php [] []
[2025-02-24T10:48:32.659996+05:00] SaveEntries.INFO: File included and script started: category_actions.php [] []
[2025-02-24T10:48:32.661827+05:00] SaveEntries.INFO: File included and script started: category_actions.php [] []
[2025-02-24T10:48:34.819064+05:00] SaveEntries.INFO: File included and script started: category_actions.php [] []
[2025-02-24T10:48:34.823171+05:00] SaveEntries.INFO: File included and script started: category_actions.php [] []
[2025-02-24T10:48:45.701797+05:00] SaveEntries.INFO: File included and script started: category_actions.php [] []
[2025-02-24T10:48:47.477412+05:00] SaveEntries.INFO: File included and script started: category_actions.php [] []
[2025-02-24T10:48:47.478881+05:00] SaveEntries.INFO: File included and script started: category_actions.php [] []
[2025-02-24T10:48:48.403690+05:00] SaveEntries.INFO: File included and script started: category_actions.php [] []
[2025-02-24T10:48:51.112483+05:00] SaveEntries.INFO: File included and script started: category_actions.php [] []
[2025-02-24T10:48:53.017279+05:00] SaveEntries.INFO: File included and script started: category_actions.php [] []
[2025-02-24T10:48:53.019964+05:00] SaveEntries.INFO: File included and script started: category_actions.php [] []
[2025-02-24T10:53:17.168460+05:00] SaveEntries.INFO: File included and script started: category_actions.php [] []
[2025-02-24T10:53:21.965286+05:00] SaveEntries.INFO: File included and script started: category_actions.php [] []
[2025-02-24T10:53:21.970285+05:00] SaveEntries.INFO: File included and script started: category_actions.php [] []
[2025-02-24T10:53:24.994994+05:00] SaveEntries.INFO: File included and script started: category_actions.php [] []
[2025-02-24T10:53:26.386109+05:00] SaveEntries.INFO: File included and script started: category_actions.php [] []
[2025-02-24T10:54:09.459620+05:00] SaveEntries.INFO: File included and script started: category_actions.php [] []
[2025-02-24T10:54:16.395039+05:00] SaveEntries.INFO: File included and script started: category_actions.php [] []
[2025-02-24T10:54:28.590412+05:00] SaveEntries.INFO: File included and script started: category_actions.php [] []
[2025-02-24T10:54:30.044668+05:00] SaveEntries.INFO: File included and script started: category_actions.php [] []
[2025-02-24T10:54:33.679350+05:00] SaveEntries.INFO: File included and script started: category_actions.php [] []
[2025-02-24T10:54:45.670455+05:00] SaveEntries.INFO: File included and script started: category_actions.php [] []
[2025-02-24T10:55:03.802983+05:00] SaveEntries.INFO: File included and script started: category_actions.php [] []
[2025-02-24T10:55:03.806895+05:00] SaveEntries.INFO: File included and script started: category_actions.php [] []
[2025-02-24T10:55:05.769737+05:00] SaveEntries.INFO: File included and script started: category_actions.php [] []
[2025-02-24T10:55:05.772244+05:00] SaveEntries.INFO: File included and script started: category_actions.php [] []
[2025-02-24T10:55:10.418486+05:00] SaveEntries.INFO: File included and script started: category_actions.php [] []
[2025-02-24T10:55:10.422989+05:00] SaveEntries.INFO: File included and script started: category_actions.php [] []
[2025-02-24T10:55:12.194957+05:00] SaveEntries.INFO: File included and script started: category_actions.php [] []
[2025-02-24T10:55:12.201948+05:00] SaveEntries.INFO: File included and script started: category_actions.php [] []
[2025-02-24T10:55:14.467695+05:00] SaveEntries.INFO: File included and script started: category_actions.php [] []
[2025-02-24T10:55:14.475725+05:00] SaveEntries.INFO: File included and script started: category_actions.php [] []
[2025-02-24T10:55:16.344102+05:00] SaveEntries.INFO: File included and script started: category_actions.php [] []
[2025-02-24T10:55:16.347239+05:00] SaveEntries.INFO: File included and script started: category_actions.php [] []
[2025-02-24T10:55:19.173797+05:00] SaveEntries.INFO: File included and script started: category_actions.php [] []
[2025-02-24T10:55:21.434369+05:00] SaveEntries.INFO: File included and script started: category_actions.php [] []
[2025-02-24T10:55:23.619829+05:00] SaveEntries.INFO: File included and script started: category_actions.php [] []
[2025-02-24T10:55:23.627194+05:00] SaveEntries.INFO: File included and script started: category_actions.php [] []
[2025-02-24T10:55:26.290881+05:00] SaveEntries.INFO: File included and script started: category_actions.php [] []
[2025-02-24T10:55:26.293288+05:00] SaveEntries.INFO: File included and script started: category_actions.php [] []
[2025-02-24T10:55:27.898565+05:00] SaveEntries.INFO: File included and script started: category_actions.php [] []
[2025-02-24T10:55:29.361966+05:00] SaveEntries.INFO: File included and script started: category_actions.php [] []
[2025-02-24T10:55:29.366945+05:00] SaveEntries.INFO: File included and script started: category_actions.php [] []
[2025-02-24T10:55:30.817022+05:00] SaveEntries.INFO: File included and script started: category_actions.php [] []
[2025-02-24T10:55:30.819694+05:00] SaveEntries.INFO: File included and script started: category_actions.php [] []
[2025-02-24T10:55:32.393806+05:00] SaveEntries.INFO: File included and script started: category_actions.php [] []
[2025-02-24T10:55:55.895506+05:00] SaveEntries.INFO: File included and script started: category_actions.php [] []
[2025-02-24T10:55:59.771143+05:00] SaveEntries.INFO: File included and script started: category_actions.php [] []
[2025-02-24T10:56:01.165750+05:00] SaveEntries.INFO: File included and script started: category_actions.php [] []
[2025-02-24T10:56:04.822836+05:00] SaveEntries.INFO: File included and script started: category_actions.php [] []
[2025-02-24T10:56:11.198173+05:00] SaveEntries.INFO: File included and script started: category_actions.php [] []
[2025-02-24T10:56:12.735190+05:00] SaveEntries.INFO: File included and script started: category_actions.php [] []
[2025-02-24T10:56:19.020218+05:00] SaveEntries.INFO: File included and script started: category_actions.php [] []
[2025-02-24T10:56:19.024159+05:00] SaveEntries.INFO: File included and script started: category_actions.php [] []
[2025-02-24T10:56:20.587570+05:00] SaveEntries.INFO: File included and script started: category_actions.php [] []
[2025-02-24T10:56:21.785512+05:00] SaveEntries.INFO: File included and script started: category_actions.php [] []
[2025-02-24T10:56:21.787655+05:00] SaveEntries.INFO: File included and script started: category_actions.php [] []
[2025-02-24T10:56:23.970347+05:00] SaveEntries.INFO: File included and script started: category_actions.php [] []
[2025-02-24T10:56:28.227976+05:00] SaveEntries.INFO: File included and script started: category_actions.php [] []
[2025-02-24T10:56:34.821124+05:00] SaveEntries.INFO: File included and script started: category_actions.php [] []
[2025-02-24T10:56:36.078421+05:00] SaveEntries.INFO: File included and script started: category_actions.php [] []
[2025-02-24T11:16:05.959800+05:00] SaveEntries.INFO: File included and script started: category_actions.php [] []
[2025-02-24T11:16:12.725423+05:00] SaveEntries.INFO: File included and script started: category_actions.php [] []
[2025-02-24T11:16:15.982275+05:00] SaveEntries.INFO: File included and script started: category_actions.php [] []
[2025-02-24T11:16:19.766513+05:00] SaveEntries.INFO: File included and script started: category_actions.php [] []
[2025-02-24T11:16:23.808026+05:00] SaveEntries.INFO: File included and script started: category_actions.php [] []
[2025-02-24T11:16:23.839426+05:00] SaveEntries.INFO: File included and script started: category_actions.php [] []
[2025-02-24T11:17:04.589904+05:00] SaveEntries.INFO: File included and script started: category_actions.php [] []
[2025-02-24T11:17:05.834172+05:00] SaveEntries.INFO: File included and script started: category_actions.php [] []
[2025-02-24T11:17:08.908697+05:00] SaveEntries.INFO: File included and script started: category_actions.php [] []
[2025-02-24T11:17:09.939994+05:00] SaveEntries.INFO: File included and script started: category_actions.php [] []
[2025-02-24T11:17:16.652519+05:00] SaveEntries.INFO: File included and script started: category_actions.php [] []
[2025-02-24T11:17:22.086562+05:00] SaveEntries.INFO: File included and script started: category_actions.php [] []
[2025-02-24T11:17:24.810473+05:00] SaveEntries.INFO: File included and script started: category_actions.php [] []
[2025-02-24T11:17:26.831735+05:00] SaveEntries.INFO: File included and script started: category_actions.php [] []
[2025-02-24T11:17:28.360452+05:00] SaveEntries.INFO: File included and script started: category_actions.php [] []
[2025-02-24T11:18:21.731199+05:00] SaveEntries.INFO: File included and script started: category_actions.php [] []
[2025-02-24T11:18:29.262263+05:00] SaveEntries.INFO: File included and script started: category_actions.php [] []
[2025-02-24T11:18:29.288352+05:00] SaveEntries.INFO: File included and script started: category_actions.php [] []
[2025-02-24T11:18:36.706790+05:00] SaveEntries.INFO: File included and script started: category_actions.php [] []
[2025-02-24T11:18:36.776368+05:00] SaveEntries.INFO: File included and script started: category_actions.php [] []
[2025-02-24T11:18:40.953510+05:00] SaveEntries.INFO: File included and script started: category_actions.php [] []
[2025-02-24T11:18:42.128358+05:00] SaveEntries.INFO: File included and script started: category_actions.php [] []
[2025-02-24T11:18:45.591832+05:00] SaveEntries.INFO: File included and script started: category_actions.php [] []
[2025-02-24T11:18:53.683827+05:00] SaveEntries.INFO: File included and script started: category_actions.php [] []
[2025-02-24T11:18:53.716480+05:00] SaveEntries.INFO: File included and script started: category_actions.php [] []
[2025-02-24T11:18:59.683176+05:00] SaveEntries.INFO: File included and script started: category_actions.php [] []
[2025-02-24T11:19:00.942284+05:00] SaveEntries.INFO: File included and script started: category_actions.php [] []
[2025-02-24T11:19:01.886661+05:00] SaveEntries.INFO: File included and script started: category_actions.php [] []
[2025-02-24T11:19:02.526939+05:00] SaveEntries.INFO: File included and script started: category_actions.php [] []
[2025-02-24T11:19:52.534927+05:00] SaveEntries.INFO: File included and script started: category_actions.php [] []
[2025-02-24T11:19:57.057806+05:00] SaveEntries.INFO: File included and script started: category_actions.php [] []
[2025-02-24T11:19:57.146260+05:00] SaveEntries.INFO: File included and script started: category_actions.php [] []
[2025-02-24T11:19:57.266589+05:00] SaveEntries.INFO: File included and script started: category_actions.php [] []
[2025-02-24T11:19:57.323759+05:00] SaveEntries.INFO: File included and script started: category_actions.php [] []
[2025-02-24T11:19:57.467212+05:00] SaveEntries.INFO: File included and script started: category_actions.php [] []
[2025-02-24T11:19:58.341123+05:00] SaveEntries.INFO: File included and script started: category_actions.php [] []
[2025-02-24T11:20:12.897281+05:00] SaveEntries.INFO: File included and script started: category_actions.php [] []
[2025-02-24T11:20:12.933448+05:00] SaveEntries.INFO: File included and script started: category_actions.php [] []
[2025-02-24T11:20:15.568013+05:00] SaveEntries.INFO: File included and script started: category_actions.php [] []
[2025-02-24T11:20:15.638339+05:00] SaveEntries.INFO: File included and script started: category_actions.php [] []
[2025-02-24T11:20:15.738804+05:00] SaveEntries.INFO: File included and script started: category_actions.php [] []
[2025-02-24T11:20:15.778710+05:00] SaveEntries.INFO: File included and script started: category_actions.php [] []
[2025-02-24T11:20:15.871633+05:00] SaveEntries.INFO: File included and script started: category_actions.php [] []
[2025-02-24T11:20:16.648672+05:00] SaveEntries.INFO: File included and script started: category_actions.php [] []
[2025-02-24T11:56:23.442485+05:00] SaveEntries.INFO: File included and script started: category_actions.php [] []
[2025-02-24T11:56:28.046166+05:00] SaveEntries.INFO: File included and script started: category_actions.php [] []
[2025-02-24T12:52:07.183717+05:00] SaveEntries.INFO: File included and script started: category_actions.php [] []
[2025-02-24T12:52:14.631227+05:00] SaveEntries.INFO: File included and script started: category_actions.php [] []
[2025-02-24T12:52:17.059587+05:00] SaveEntries.INFO: File included and script started: category_actions.php [] []
[2025-02-24T12:52:17.086912+05:00] SaveEntries.INFO: File included and script started: category_actions.php [] []
[2025-02-24T12:52:24.566840+05:00] SaveEntries.INFO: File included and script started: category_actions.php [] []
[2025-02-24T12:52:24.606044+05:00] SaveEntries.INFO: File included and script started: category_actions.php [] []
[2025-02-24T12:52:24.695369+05:00] SaveEntries.INFO: File included and script started: category_actions.php [] []
[2025-02-24T12:52:24.804529+05:00] SaveEntries.INFO: File included and script started: category_actions.php [] []
[2025-02-24T12:52:26.562909+05:00] SaveEntries.INFO: File included and script started: category_actions.php [] []
[2025-02-24T13:08:26.214127+05:00] SaveEntries.INFO: File included and script started: category_actions.php [] []
[2025-02-24T13:08:31.485020+05:00] SaveEntries.INFO: File included and script started: category_actions.php [] []
[2025-02-24T13:08:32.352278+05:00] SaveEntries.INFO: File included and script started: category_actions.php [] []
[2025-02-24T13:08:33.796624+05:00] SaveEntries.INFO: File included and script started: category_actions.php [] []
[2025-02-24T13:08:35.318284+05:00] SaveEntries.INFO: File included and script started: category_actions.php [] []
[2025-02-24T13:09:30.807790+05:00] SaveEntries.INFO: File included and script started: category_actions.php [] []
[2025-02-24T13:09:38.943502+05:00] SaveEntries.INFO: File included and script started: category_actions.php [] []
[2025-02-24T13:09:40.315350+05:00] SaveEntries.INFO: File included and script started: category_actions.php [] []
[2025-02-24T13:09:43.117727+05:00] SaveEntries.INFO: File included and script started: category_actions.php [] []
[2025-02-24T13:09:55.938709+05:00] SaveEntries.INFO: File included and script started: category_actions.php [] []
[2025-02-24T13:09:55.964633+05:00] SaveEntries.INFO: File included and script started: category_actions.php [] []
[2025-02-24T13:09:58.846972+05:00] SaveEntries.INFO: File included and script started: category_actions.php [] []
[2025-02-24T13:10:00.129822+05:00] SaveEntries.INFO: File included and script started: category_actions.php [] []
[2025-02-24T13:10:05.195635+05:00] SaveEntries.INFO: File included and script started: category_actions.php [] []
[2025-02-24T13:10:05.199508+05:00] SaveEntries.INFO: File included and script started: category_actions.php [] []
[2025-02-24T13:10:07.385416+05:00] SaveEntries.INFO: File included and script started: category_actions.php [] []
[2025-02-24T13:10:09.449148+05:00] SaveEntries.INFO: File included and script started: category_actions.php [] []
[2025-02-24T13:10:09.629722+05:00] SaveEntries.INFO: File included and script started: category_actions.php [] []
[2025-02-24T13:10:09.649744+05:00] SaveEntries.INFO: File included and script started: category_actions.php [] []
[2025-02-24T13:10:10.401340+05:00] SaveEntries.INFO: File included and script started: category_actions.php [] []
[2025-02-24T13:10:11.220560+05:00] SaveEntries.INFO: File included and script started: category_actions.php [] []
[2025-02-24T13:10:11.313230+05:00] SaveEntries.INFO: File included and script started: category_actions.php [] []
[2025-02-24T13:10:11.407472+05:00] SaveEntries.INFO: File included and script started: category_actions.php [] []
[2025-02-24T13:10:11.489157+05:00] SaveEntries.INFO: File included and script started: category_actions.php [] []
[2025-02-24T13:10:12.589437+05:00] SaveEntries.INFO: File included and script started: category_actions.php [] []
[2025-02-24T13:10:15.305574+05:00] SaveEntries.INFO: File included and script started: category_actions.php [] []
[2025-02-24T13:10:15.307654+05:00] SaveEntries.INFO: File included and script started: category_actions.php [] []
[2025-02-24T13:10:16.888752+05:00] SaveEntries.INFO: File included and script started: category_actions.php [] []
[2025-02-24T13:10:16.894370+05:00] SaveEntries.INFO: File included and script started: category_actions.php [] []
[2025-02-24T13:10:18.851590+05:00] SaveEntries.INFO: File included and script started: category_actions.php [] []
[2025-02-24T13:10:18.858798+05:00] SaveEntries.INFO: File included and script started: category_actions.php [] []
[2025-02-24T13:10:22.182624+05:00] SaveEntries.INFO: File included and script started: category_actions.php [] []
[2025-02-24T13:10:22.185998+05:00] SaveEntries.INFO: File included and script started: category_actions.php [] []
[2025-02-24T13:10:23.725155+05:00] SaveEntries.INFO: File included and script started: category_actions.php [] []
[2025-02-24T13:15:54.819316+05:00] SaveEntries.INFO: File included and script started: category_actions.php [] []
[2025-02-24T13:15:58.968554+05:00] SaveEntries.INFO: File included and script started: category_actions.php [] []
[2025-02-24T13:15:58.998216+05:00] SaveEntries.INFO: File included and script started: category_actions.php [] []
[2025-02-24T15:50:31.956526+05:00] SaveEntries.INFO: File included and script started: category_actions.php [] []
[2025-02-24T15:52:35.284440+05:00] SaveEntries.INFO: File included and script started: category_actions.php [] []
[2025-02-24T15:52:38.296788+05:00] SaveEntries.INFO: File included and script started: category_actions.php [] []
[2025-02-24T15:52:38.304077+05:00] SaveEntries.INFO: File included and script started: category_actions.php [] []
[2025-02-24T15:52:40.503765+05:00] SaveEntries.INFO: File included and script started: category_actions.php [] []
[2025-02-24T15:52:42.604582+05:00] SaveEntries.INFO: File included and script started: category_actions.php [] []
[2025-02-24T15:52:49.857873+05:00] SaveEntries.INFO: File included and script started: category_actions.php [] []
[2025-02-24T15:52:50.334142+05:00] SaveEntries.INFO: File included and script started: category_actions.php [] []
[2025-02-24T15:53:13.408021+05:00] SaveEntries.INFO: File included and script started: category_actions.php [] []
[2025-02-24T15:53:16.766957+05:00] SaveEntries.INFO: File included and script started: category_actions.php [] []
[2025-02-24T15:53:18.179008+05:00] SaveEntries.INFO: File included and script started: category_actions.php [] []
[2025-02-24T15:53:18.182190+05:00] SaveEntries.INFO: File included and script started: category_actions.php [] []
[2025-02-24T15:53:19.978959+05:00] SaveEntries.INFO: File included and script started: category_actions.php [] []
[2025-02-24T15:53:19.982686+05:00] SaveEntries.INFO: File included and script started: category_actions.php [] []
[2025-02-24T15:53:33.048299+05:00] SaveEntries.INFO: File included and script started: category_actions.php [] []
[2025-02-24T15:53:33.396821+05:00] SaveEntries.INFO: File included and script started: category_actions.php [] []
[2025-02-24T15:53:35.012457+05:00] SaveEntries.INFO: File included and script started: category_actions.php [] []
[2025-02-24T15:53:37.372111+05:00] SaveEntries.INFO: File included and script started: category_actions.php [] []
[2025-02-24T15:53:37.416722+05:00] SaveEntries.INFO: File included and script started: category_actions.php [] []
[2025-02-24T15:53:42.884095+05:00] SaveEntries.INFO: File included and script started: category_actions.php [] []
[2025-02-24T15:53:43.556791+05:00] SaveEntries.INFO: File included and script started: category_actions.php [] []
[2025-02-24T15:53:54.548066+05:00] SaveEntries.INFO: File included and script started: category_actions.php [] []
[2025-02-24T15:53:54.578490+05:00] SaveEntries.INFO: File included and script started: category_actions.php [] []
[2025-02-24T15:53:59.507721+05:00] SaveEntries.INFO: File included and script started: category_actions.php [] []
[2025-02-24T16:02:40.807744+05:00] SaveEntries.INFO: File included and script started: category_actions.php [] []
[2025-02-24T16:09:16.057586+05:00] SaveEntries.INFO: File included and script started: category_actions.php [] []
[2025-02-24T16:12:25.064824+05:00] SaveEntries.INFO: File included and script started: category_actions.php [] []
[2025-02-24T16:14:26.831508+05:00] SaveEntries.INFO: File included and script started: category_actions.php [] []
[2025-02-24T16:16:35.778577+05:00] SaveEntries.INFO: File included and script started: category_actions.php [] []
[2025-02-24T16:16:36.845143+05:00] SaveEntries.INFO: File included and script started: category_actions.php [] []
[2025-02-24T16:34:49.385267+05:00] SaveEntries.INFO: File included and script started: brand_actions.php [] []
[2025-02-24T16:34:53.634834+05:00] SaveEntries.INFO: File included and script started: brand_actions.php [] []
[2025-02-24T16:35:05.805533+05:00] SaveEntries.INFO: File included and script started: brand_actions.php [] []
[2025-02-24T16:35:06.688382+05:00] SaveEntries.INFO: File included and script started: brand_actions.php [] []
[2025-02-24T16:35:11.804222+05:00] SaveEntries.INFO: File included and script started: brand_actions.php [] []
[2025-02-24T16:35:14.415711+05:00] SaveEntries.INFO: File included and script started: brand_actions.php [] []
[2025-02-24T16:35:18.282974+05:00] SaveEntries.INFO: File included and script started: brand_actions.php [] []
[2025-02-24T16:35:18.319890+05:00] SaveEntries.INFO: File included and script started: brand_actions.php [] []
[2025-02-24T16:35:21.175704+05:00] SaveEntries.INFO: File included and script started: brand_actions.php [] []
[2025-02-24T16:35:21.774774+05:00] SaveEntries.INFO: File included and script started: brand_actions.php [] []
[2025-02-24T16:35:32.129620+05:00] SaveEntries.INFO: File included and script started: brand_actions.php [] []
[2025-02-24T16:35:32.189541+05:00] SaveEntries.INFO: File included and script started: brand_actions.php [] []
[2025-02-24T16:35:32.317616+05:00] SaveEntries.INFO: File included and script started: brand_actions.php [] []
[2025-02-24T16:35:32.475573+05:00] SaveEntries.INFO: File included and script started: brand_actions.php [] []
[2025-02-24T16:35:33.609229+05:00] SaveEntries.INFO: File included and script started: brand_actions.php [] []
[2025-02-24T16:35:36.502119+05:00] SaveEntries.INFO: File included and script started: brand_actions.php [] []
[2025-02-24T16:35:36.505659+05:00] SaveEntries.INFO: File included and script started: brand_actions.php [] []
[2025-02-24T16:35:38.146044+05:00] SaveEntries.INFO: File included and script started: brand_actions.php [] []
[2025-02-24T16:35:38.152212+05:00] SaveEntries.INFO: File included and script started: brand_actions.php [] []
[2025-02-24T16:35:39.515896+05:00] SaveEntries.INFO: File included and script started: brand_actions.php [] []
[2025-02-24T16:35:47.317256+05:00] SaveEntries.INFO: File included and script started: brand_actions.php [] []
[2025-02-24T16:35:47.349062+05:00] SaveEntries.INFO: File included and script started: brand_actions.php [] []
[2025-02-24T17:27:05.631944+05:00] SaveEntries.INFO: File included and script started: brand_actions.php [] []
[2025-02-24T17:34:41.187447+05:00] SaveEntries.INFO: File included and script started: product_actions.php [] []
[2025-02-24T17:34:41.207099+05:00] SaveEntries.INFO: File included and script started: product_actions.php [] []
[2025-02-24T17:34:41.216719+05:00] SaveEntries.INFO: File included and script started: product_actions.php [] []
[2025-02-24T17:35:13.942478+05:00] SaveEntries.INFO: File included and script started: product_actions.php [] []
[2025-02-24T17:35:13.950826+05:00] SaveEntries.INFO: File included and script started: product_actions.php [] []
[2025-02-24T17:35:13.971839+05:00] SaveEntries.INFO: File included and script started: product_actions.php [] []
[2025-02-24T17:37:01.842321+05:00] SaveEntries.INFO: File included and script started: product_actions.php [] []
[2025-02-24T17:37:01.856326+05:00] SaveEntries.INFO: File included and script started: product_actions.php [] []
[2025-02-24T17:37:01.880550+05:00] SaveEntries.INFO: File included and script started: product_actions.php [] []
[2025-02-24T17:50:47.243380+05:00] SaveEntries.INFO: File included and script started: product_actions.php [] []
[2025-02-24T17:51:20.823841+05:00] SaveEntries.INFO: File included and script started: product_actions.php [] []
[2025-02-24T17:51:29.779948+05:00] SaveEntries.INFO: File included and script started: product_actions.php [] []
[2025-02-24T17:51:37.627265+05:00] SaveEntries.INFO: File included and script started: product_actions.php [] []
[2025-02-24T17:51:37.636717+05:00] SaveEntries.INFO: File included and script started: product_actions.php [] []
[2025-02-24T17:51:37.671730+05:00] SaveEntries.INFO: File included and script started: product_actions.php [] []
[2025-02-24T17:55:57.494877+05:00] SaveEntries.INFO: File included and script started: product_actions.php [] []
[2025-02-24T17:55:57.508324+05:00] SaveEntries.INFO: File included and script started: product_actions.php [] []
[2025-02-24T17:55:57.531083+05:00] SaveEntries.INFO: File included and script started: product_actions.php [] []
[2025-02-24T17:56:20.108852+05:00] SaveEntries.INFO: File included and script started: product_actions.php [] []
[2025-02-24T17:56:20.157317+05:00] SaveEntries.INFO: File included and script started: product_actions.php [] []
[2025-02-24T17:56:20.197310+05:00] SaveEntries.INFO: File included and script started: product_actions.php [] []
[2025-02-24T17:56:46.935885+05:00] SaveEntries.INFO: File included and script started: product_actions.php [] []
[2025-02-24T17:56:46.990111+05:00] SaveEntries.INFO: File included and script started: product_actions.php [] []
[2025-02-24T17:56:47.023619+05:00] SaveEntries.INFO: File included and script started: product_actions.php [] []
[2025-02-24T17:57:14.516138+05:00] SaveEntries.INFO: File included and script started: product_actions.php [] []
[2025-02-24T17:57:14.518688+05:00] SaveEntries.INFO: File included and script started: product_actions.php [] []
[2025-02-24T17:57:14.561479+05:00] SaveEntries.INFO: File included and script started: product_actions.php [] []
[2025-02-24T17:57:15.734226+05:00] SaveEntries.INFO: File included and script started: product_actions.php [] []
[2025-02-24T17:57:15.742691+05:00] SaveEntries.INFO: File included and script started: product_actions.php [] []
[2025-02-24T17:57:15.769918+05:00] SaveEntries.INFO: File included and script started: product_actions.php [] []
[2025-02-24T18:02:19.876600+05:00] SaveEntries.INFO: File included and script started: product_actions.php [] []
[2025-02-24T18:02:19.894919+05:00] SaveEntries.INFO: File included and script started: product_actions.php [] []
[2025-02-24T18:02:20.019071+05:00] SaveEntries.INFO: File included and script started: product_actions.php [] []
[2025-02-24T18:04:20.254119+05:00] SaveEntries.INFO: File included and script started: product_actions.php [] []
[2025-02-24T18:05:41.145897+05:00] SaveEntries.INFO: File included and script started: product_actions.php [] []
[2025-02-24T18:05:41.146638+05:00] SaveEntries.INFO: File included and script started: product_actions.php [] []
[2025-02-24T18:05:41.204614+05:00] SaveEntries.INFO: File included and script started: product_actions.php [] []
[2025-02-24T18:05:52.647203+05:00] SaveEntries.INFO: File included and script started: product_actions.php [] []
[2025-02-24T18:05:52.663561+05:00] SaveEntries.INFO: File included and script started: product_actions.php [] []
[2025-02-24T18:05:52.731266+05:00] SaveEntries.INFO: File included and script started: product_actions.php [] []
[2025-02-24T18:05:52.800652+05:00] SaveEntries.INFO: File included and script started: product_actions.php [] []
[2025-02-24T18:05:52.851613+05:00] SaveEntries.INFO: File included and script started: product_actions.php [] []
[2025-02-24T18:06:05.177595+05:00] SaveEntries.INFO: File included and script started: product_actions.php [] []
[2025-02-24T18:06:05.262651+05:00] SaveEntries.INFO: File included and script started: product_actions.php [] []
[2025-02-24T18:06:05.314676+05:00] SaveEntries.INFO: File included and script started: product_actions.php [] []
[2025-02-24T18:25:00.851870+05:00] SaveEntries.INFO: File included and script started: product_actions.php [] []
[2025-02-24T18:25:00.913435+05:00] SaveEntries.INFO: File included and script started: product_actions.php [] []
[2025-02-24T18:25:00.929034+05:00] SaveEntries.INFO: File included and script started: product_actions.php [] []
[2025-02-24T18:26:07.957969+05:00] SaveEntries.INFO: File included and script started: product_actions.php [] []
[2025-02-24T18:26:07.997959+05:00] SaveEntries.INFO: File included and script started: product_actions.php [] []
[2025-02-24T18:26:08.014235+05:00] SaveEntries.INFO: File included and script started: product_actions.php [] []
[2025-02-24T18:28:36.938701+05:00] SaveEntries.INFO: File included and script started: product_actions.php [] []
[2025-02-24T18:28:36.959598+05:00] SaveEntries.INFO: File included and script started: product_actions.php [] []
[2025-02-24T18:28:37.070296+05:00] SaveEntries.INFO: File included and script started: product_actions.php [] []
[2025-02-24T18:28:52.706052+05:00] SaveEntries.INFO: File included and script started: product_actions.php [] []
[2025-02-24T18:28:52.707859+05:00] SaveEntries.INFO: File included and script started: product_actions.php [] []
[2025-02-24T18:28:52.744880+05:00] SaveEntries.INFO: File included and script started: product_actions.php [] []
[2025-02-24T18:28:54.874918+05:00] SaveEntries.INFO: File included and script started: product_actions.php [] []
[2025-02-24T18:28:55.385512+05:00] SaveEntries.INFO: File included and script started: product_actions.php [] []
[2025-02-24T18:29:34.971045+05:00] SaveEntries.INFO: File included and script started: product_actions.php [] []
[2025-02-24T18:29:34.971023+05:00] SaveEntries.INFO: File included and script started: product_actions.php [] []
[2025-02-24T18:29:35.087825+05:00] SaveEntries.INFO: File included and script started: product_actions.php [] []
[2025-02-24T21:32:41.726101+05:00] SaveEntries.INFO: File included and script started: product_actions.php [] []
[2025-02-24T21:32:41.742559+05:00] SaveEntries.INFO: File included and script started: product_actions.php [] []
[2025-02-24T21:32:41.779957+05:00] SaveEntries.INFO: File included and script started: product_actions.php [] []
[2025-02-24T21:33:31.887418+05:00] SaveEntries.INFO: File included and script started: product_actions.php [] []
[2025-02-24T21:33:31.884717+05:00] SaveEntries.INFO: File included and script started: product_actions.php [] []
[2025-02-24T21:33:31.957802+05:00] SaveEntries.INFO: File included and script started: product_actions.php [] []
[2025-02-24T21:37:35.515324+05:00] SaveEntries.INFO: File included and script started: product_actions.php [] []
[2025-02-24T21:37:35.519677+05:00] SaveEntries.INFO: File included and script started: product_actions.php [] []
[2025-02-24T21:37:35.559437+05:00] SaveEntries.INFO: File included and script started: product_actions.php [] []
[2025-02-24T21:37:35.586186+05:00] SaveEntries.INFO: File included and script started: product_actions.php [] []
[2025-02-24T21:37:35.594039+05:00] SaveEntries.INFO: File included and script started: product_actions.php [] []
[2025-02-24T21:37:36.575788+05:00] SaveEntries.INFO: File included and script started: product_actions.php [] []
[2025-02-24T21:37:36.577061+05:00] SaveEntries.INFO: File included and script started: product_actions.php [] []
[2025-02-24T21:38:23.884659+05:00] SaveEntries.INFO: File included and script started: product_actions.php [] []
[2025-02-24T21:38:23.929902+05:00] SaveEntries.INFO: File included and script started: product_actions.php [] []
[2025-02-24T21:39:52.119916+05:00] SaveEntries.INFO: File included and script started: product_actions.php [] []
[2025-02-24T21:39:52.120795+05:00] SaveEntries.INFO: File included and script started: product_actions.php [] []
[2025-02-24T21:40:09.858882+05:00] SaveEntries.INFO: File included and script started: product_actions.php [] []
[2025-02-24T21:40:09.924739+05:00] SaveEntries.INFO: File included and script started: product_actions.php [] []
[2025-02-24T21:40:19.501677+05:00] SaveEntries.INFO: File included and script started: product_actions.php [] []
[2025-02-24T21:40:19.987337+05:00] SaveEntries.INFO: File included and script started: product_actions.php [] []
[2025-02-24T21:40:22.935635+05:00] SaveEntries.INFO: File included and script started: product_actions.php [] []
[2025-02-24T21:40:22.947151+05:00] SaveEntries.INFO: File included and script started: product_actions.php [] []
[2025-02-24T21:40:32.818611+05:00] SaveEntries.INFO: File included and script started: product_actions.php [] []
[2025-02-24T21:40:32.873107+05:00] SaveEntries.INFO: File included and script started: product_actions.php [] []
[2025-02-24T21:40:34.953366+05:00] SaveEntries.INFO: File included and script started: product_actions.php [] []
[2025-02-24T21:40:34.960626+05:00] SaveEntries.INFO: File included and script started: product_actions.php [] []
[2025-02-24T21:40:48.500891+05:00] SaveEntries.INFO: File included and script started: product_actions.php [] []
[2025-02-24T21:40:48.541689+05:00] SaveEntries.INFO: File included and script started: product_actions.php [] []
[2025-02-24T21:40:52.359468+05:00] SaveEntries.INFO: File included and script started: product_actions.php [] []
[2025-02-24T21:40:53.111182+05:00] SaveEntries.INFO: File included and script started: product_actions.php [] []
[2025-02-24T21:40:54.247319+05:00] SaveEntries.INFO: File included and script started: product_actions.php [] []
[2025-02-24T21:40:59.299338+05:00] SaveEntries.INFO: File included and script started: product_actions.php [] []
[2025-02-24T21:41:17.127640+05:00] SaveEntries.INFO: File included and script started: product_actions.php [] []
[2025-02-24T21:41:17.177107+05:00] SaveEntries.INFO: File included and script started: product_actions.php [] []
[2025-02-24T21:44:03.189445+05:00] SaveEntries.INFO: File included and script started: product_actions.php [] []
[2025-02-24T21:44:03.233908+05:00] SaveEntries.INFO: File included and script started: product_actions.php [] []
[2025-02-24T21:44:03.248309+05:00] SaveEntries.INFO: File included and script started: product_actions.php [] []
[2025-02-24T21:44:03.309970+05:00] SaveEntries.INFO: File included and script started: product_actions.php [] []
[2025-02-24T21:44:03.317394+05:00] SaveEntries.INFO: File included and script started: product_actions.php [] []
[2025-02-24T21:44:07.745610+05:00] SaveEntries.INFO: File included and script started: product_actions.php [] []
[2025-02-24T21:44:10.844053+05:00] SaveEntries.INFO: File included and script started: product_actions.php [] []
[2025-02-24T21:44:15.507696+05:00] SaveEntries.INFO: File included and script started: product_actions.php [] []
[2025-02-24T21:44:15.546529+05:00] SaveEntries.INFO: File included and script started: product_actions.php [] []
[2025-02-24T21:51:56.657144+05:00] SaveEntries.INFO: File included and script started: index.php [] []
[2025-02-24T21:51:56.673707+05:00] SaveEntries.INFO: File included and script started: index.php [] []
[2025-02-24T21:52:31.372834+05:00] SaveEntries.INFO: File included and script started: index.php [] []
[2025-02-24T21:52:35.211609+05:00] SaveEntries.INFO: File included and script started: index.php [] []
[2025-02-24T21:52:39.768729+05:00] SaveEntries.INFO: File included and script started: index.php [] []
[2025-02-24T21:52:42.791513+05:00] SaveEntries.INFO: File included and script started: index.php [] []
[2025-02-24T21:54:24.631496+05:00] SaveEntries.INFO: File included and script started: category_actions.php [] []
[2025-02-24T21:56:03.289816+05:00] SaveEntries.INFO: File included and script started: index.php [] []
[2025-02-24T22:03:39.419935+05:00] SaveEntries.INFO: File included and script started: index.php [] []
[2025-02-24T22:03:41.116982+05:00] SaveEntries.INFO: File included and script started: index.php [] []
[2025-02-24T22:03:41.656575+05:00] SaveEntries.INFO: File included and script started: index.php [] []
[2025-02-24T22:04:04.560069+05:00] SaveEntries.INFO: File included and script started: index.php [] []
[2025-02-24T22:04:09.881211+05:00] SaveEntries.INFO: File included and script started: index.php [] []
[2025-02-24T22:04:14.113596+05:00] SaveEntries.INFO: File included and script started: category_actions.php [] []
[2025-02-24T22:04:18.564114+05:00] SaveEntries.INFO: File included and script started: index.php [] []
[2025-02-24T22:04:22.838594+05:00] SaveEntries.INFO: File included and script started: category_actions.php [] []
[2025-02-24T22:07:27.747640+05:00] SaveEntries.INFO: File included and script started: category_actions.php [] []
[2025-02-24T22:16:42.473096+05:00] SaveEntries.INFO: File included and script started: category_actions.php [] []
[2025-02-24T22:20:05.140942+05:00] SaveEntries.INFO: File included and script started: category_actions.php [] []
[2025-02-24T22:20:06.012777+05:00] SaveEntries.INFO: File included and script started: category_actions.php [] []
[2025-02-24T22:20:18.899174+05:00] SaveEntries.INFO: File included and script started: category_actions.php [] []
[2025-02-24T22:20:29.505273+05:00] SaveEntries.INFO: File included and script started: category_actions.php [] []
[2025-02-24T22:20:46.050873+05:00] SaveEntries.INFO: File included and script started: category_actions.php [] []
[2025-02-24T22:20:46.509933+05:00] SaveEntries.INFO: File included and script started: category_actions.php [] []
[2025-02-24T22:21:28.016410+05:00] SaveEntries.INFO: File included and script started: category_actions.php [] []
[2025-02-24T22:21:43.325155+05:00] SaveEntries.INFO: File included and script started: category_actions.php [] []
[2025-02-24T22:21:53.729341+05:00] SaveEntries.INFO: File included and script started: category_actions.php [] []
[2025-02-24T22:22:22.309078+05:00] SaveEntries.INFO: File included and script started: category_actions.php [] []
[2025-02-24T22:22:25.727621+05:00] SaveEntries.INFO: File included and script started: category_actions.php [] []
[2025-02-24T22:22:26.492292+05:00] SaveEntries.INFO: File included and script started: category_actions.php [] []
[2025-02-24T22:22:44.492146+05:00] SaveEntries.INFO: File included and script started: category_actions.php [] []
[2025-02-24T22:23:07.045261+05:00] SaveEntries.INFO: File included and script started: category_actions.php [] []
[2025-02-24T22:23:23.473737+05:00] SaveEntries.INFO: File included and script started: category_actions.php [] []
[2025-02-24T22:23:23.477579+05:00] SaveEntries.INFO: File included and script started: category_actions.php [] []
[2025-02-24T22:23:25.028455+05:00] SaveEntries.INFO: File included and script started: category_actions.php [] []
[2025-02-24T22:23:27.752635+05:00] SaveEntries.INFO: File included and script started: category_actions.php [] []
[2025-02-24T22:23:33.621402+05:00] SaveEntries.INFO: File included and script started: brand_actions.php [] []
[2025-02-24T22:24:23.928120+05:00] SaveEntries.INFO: File included and script started: brand_actions.php [] []
[2025-02-24T22:27:14.028461+05:00] SaveEntries.INFO: File included and script started: brand_actions.php [] []
[2025-02-24T22:28:57.945170+05:00] SaveEntries.INFO: File included and script started: category_actions.php [] []
[2025-02-24T22:29:01.664087+05:00] SaveEntries.INFO: File included and script started: category_actions.php [] []
[2025-02-24T22:29:09.222627+05:00] SaveEntries.INFO: File included and script started: brand_actions.php [] []
[2025-02-24T22:29:22.622442+05:00] SaveEntries.INFO: File included and script started: brand_actions.php [] []
[2025-02-24T22:29:25.419110+05:00] SaveEntries.INFO: File included and script started: category_actions.php [] []
[2025-02-24T22:29:26.009975+05:00] SaveEntries.INFO: File included and script started: category_actions.php [] []
[2025-02-24T22:30:20.256955+05:00] SaveEntries.INFO: File included and script started: brand_actions.php [] []
[2025-02-24T22:30:21.617098+05:00] SaveEntries.INFO: File included and script started: category_actions.php [] []
[2025-02-24T22:30:31.070977+05:00] SaveEntries.INFO: File included and script started: category_actions.php [] []
[2025-02-24T22:30:51.358182+05:00] SaveEntries.INFO: File included and script started: category_actions.php [] []
[2025-02-24T22:31:22.754233+05:00] SaveEntries.INFO: File included and script started: category_actions.php [] []
[2025-02-24T22:31:25.232614+05:00] SaveEntries.INFO: File included and script started: brand_actions.php [] []
[2025-02-24T22:32:01.660532+05:00] SaveEntries.INFO: File included and script started: category_actions.php [] []
[2025-02-24T22:33:11.541952+05:00] SaveEntries.INFO: File included and script started: brand_actions.php [] []
[2025-02-24T22:33:13.341141+05:00] SaveEntries.INFO: File included and script started: category_actions.php [] []
[2025-02-24T22:34:29.064483+05:00] SaveEntries.INFO: File included and script started: category_actions.php [] []
[2025-02-24T22:34:32.673770+05:00] SaveEntries.INFO: File included and script started: product_actions.php [] []
[2025-02-24T22:34:32.674928+05:00] SaveEntries.INFO: File included and script started: product_actions.php [] []
[2025-02-24T22:34:32.743060+05:00] SaveEntries.INFO: File included and script started: product_actions.php [] []
[2025-02-24T22:34:32.761212+05:00] SaveEntries.INFO: File included and script started: product_actions.php [] []
[2025-02-24T22:34:32.778606+05:00] SaveEntries.INFO: File included and script started: product_actions.php [] []
[2025-02-24T22:34:39.399768+05:00] SaveEntries.INFO: File included and script started: product_actions.php [] []
[2025-02-24T22:34:39.401670+05:00] SaveEntries.INFO: File included and script started: product_actions.php [] []
[2025-02-24T22:34:51.842849+05:00] SaveEntries.INFO: File included and script started: product_actions.php [] []
[2025-02-24T22:34:51.909499+05:00] SaveEntries.INFO: File included and script started: product_actions.php [] []
[2025-02-24T22:34:53.810934+05:00] SaveEntries.INFO: File included and script started: product_actions.php [] []
[2025-02-24T22:34:53.810958+05:00] SaveEntries.INFO: File included and script started: product_actions.php [] []
[2025-02-24T22:35:10.192074+05:00] SaveEntries.INFO: File included and script started: product_actions.php [] []
[2025-02-24T22:35:10.265654+05:00] SaveEntries.INFO: File included and script started: product_actions.php [] []
[2025-02-24T22:35:12.828691+05:00] SaveEntries.INFO: File included and script started: product_actions.php [] []
[2025-02-24T22:35:16.810184+05:00] SaveEntries.INFO: File included and script started: product_actions.php [] []
[2025-02-24T22:35:16.853426+05:00] SaveEntries.INFO: File included and script started: product_actions.php [] []
[2025-02-24T22:37:23.935989+05:00] SaveEntries.INFO: File included and script started: brand_actions.php [] []
[2025-02-24T22:37:58.915552+05:00] SaveEntries.INFO: File included and script started: brand_actions.php [] []
[2025-02-24T22:38:28.585676+05:00] SaveEntries.INFO: File included and script started: brand_actions.php [] []
[2025-02-24T22:38:42.108834+05:00] SaveEntries.INFO: File included and script started: brand_actions.php [] []
[2025-02-24T22:38:51.933599+05:00] SaveEntries.INFO: File included and script started: product_actions.php [] []
[2025-02-24T22:38:51.933922+05:00] SaveEntries.INFO: File included and script started: product_actions.php [] []
[2025-02-24T22:38:51.989780+05:00] SaveEntries.INFO: File included and script started: product_actions.php [] []
[2025-02-24T22:38:51.995913+05:00] SaveEntries.INFO: File included and script started: product_actions.php [] []
[2025-02-24T22:38:52.025386+05:00] SaveEntries.INFO: File included and script started: product_actions.php [] []
[2025-02-24T22:40:14.889315+05:00] SaveEntries.INFO: File included and script started: product_actions.php [] []
[2025-02-24T22:40:14.892429+05:00] SaveEntries.INFO: File included and script started: product_actions.php [] []
[2025-02-24T22:40:14.949780+05:00] SaveEntries.INFO: File included and script started: product_actions.php [] []
[2025-02-24T22:40:14.959715+05:00] SaveEntries.INFO: File included and script started: product_actions.php [] []
[2025-02-24T22:40:15.008009+05:00] SaveEntries.INFO: File included and script started: product_actions.php [] []
[2025-02-24T22:41:44.446999+05:00] SaveEntries.INFO: File included and script started: brand_actions.php [] []
[2025-02-24T22:41:57.494678+05:00] SaveEntries.INFO: File included and script started: product_actions.php [] []
[2025-02-24T22:41:57.498571+05:00] SaveEntries.INFO: File included and script started: product_actions.php [] []
[2025-02-24T22:41:57.536944+05:00] SaveEntries.INFO: File included and script started: product_actions.php [] []
[2025-02-24T22:41:57.565395+05:00] SaveEntries.INFO: File included and script started: product_actions.php [] []
[2025-02-24T22:41:57.566155+05:00] SaveEntries.INFO: File included and script started: product_actions.php [] []
[2025-02-24T22:42:24.701784+05:00] SaveEntries.INFO: File included and script started: product_actions.php [] []
[2025-02-24T22:42:24.768445+05:00] SaveEntries.INFO: File included and script started: product_actions.php [] []
[2025-02-24T22:42:24.840948+05:00] SaveEntries.INFO: File included and script started: product_actions.php [] []
[2025-02-24T22:42:24.864969+05:00] SaveEntries.INFO: File included and script started: product_actions.php [] []
[2025-02-24T22:42:24.872323+05:00] SaveEntries.INFO: File included and script started: product_actions.php [] []
[2025-02-24T22:42:53.015404+05:00] SaveEntries.INFO: File included and script started: category_actions.php [] []
[2025-02-24T22:43:29.955095+05:00] SaveEntries.INFO: File included and script started: category_actions.php [] []
[2025-02-24T22:44:13.234822+05:00] SaveEntries.INFO: File included and script started: category_actions.php [] []
[2025-02-24T22:45:29.337643+05:00] SaveEntries.INFO: File included and script started: category_actions.php [] []
[2025-02-24T22:46:51.644549+05:00] SaveEntries.INFO: File included and script started: category_actions.php [] []
[2025-02-24T22:47:31.831103+05:00] SaveEntries.INFO: File included and script started: category_actions.php [] []
[2025-02-24T22:48:02.683994+05:00] SaveEntries.INFO: File included and script started: brand_actions.php [] []
[2025-02-24T22:48:19.391706+05:00] SaveEntries.INFO: File included and script started: brand_actions.php [] []
[2025-02-24T22:48:38.111578+05:00] SaveEntries.INFO: File included and script started: product_actions.php [] []
[2025-02-24T22:48:38.125568+05:00] SaveEntries.INFO: File included and script started: product_actions.php [] []
[2025-02-24T22:48:38.168386+05:00] SaveEntries.INFO: File included and script started: product_actions.php [] []
[2025-02-24T22:48:38.196770+05:00] SaveEntries.INFO: File included and script started: product_actions.php [] []
[2025-02-24T22:48:38.216827+05:00] SaveEntries.INFO: File included and script started: product_actions.php [] []
[2025-02-24T22:49:37.214413+05:00] SaveEntries.INFO: File included and script started: category_actions.php [] []
