[2025-03-11T00:33:53.419013+05:00] SaveEntries.INFO: File included and script started: sales.php [] []
[2025-03-11T00:33:54.189945+05:00] SaveEntries.INFO: File included and script started: sale_actions.php [] []
[2025-03-11T00:33:54.197194+05:00] SaveEntries.INFO: File included and script started: sale_actions.php [] []
[2025-03-11T00:33:54.210071+05:00] SaveEntries.INFO: File included and script started: sale_actions.php [] []
[2025-03-11T00:33:54.925798+05:00] SaveEntries.INFO: File included and script started: sale_actions.php [] []
[2025-03-11T00:34:05.194604+05:00] SaveEntries.INFO: File included and script started: sale_actions.php [] []
[2025-03-11T00:34:05.195477+05:00] SaveEntries.INFO: File included and script started: sale_actions.php [] []
[2025-03-11T00:34:05.765946+05:00] SaveEntries.INFO: File included and script started: sale_actions.php [] []
[2025-03-11T00:34:09.143953+05:00] SaveEntries.INFO: File included and script started: edit_invoice.php [] []
[2025-03-11T00:34:09.376134+05:00] SaveEntries.INFO: File included and script started: sale_actions.php [] []
[2025-03-11T00:34:09.438015+05:00] SaveEntries.INFO: File included and script started: sale_actions.php [] []
[2025-03-11T00:34:12.316651+05:00] SaveEntries.INFO: File included and script started: sale_actions.php [] []
[2025-03-11T00:34:21.057293+05:00] SaveEntries.INFO: File included and script started: sale_actions.php [] []
[2025-03-11T00:34:31.470127+05:00] SaveEntries.INFO: File included and script started: sale_actions.php [] []
[2025-03-11T00:34:34.078023+05:00] SaveEntries.INFO: File included and script started: view_invoice.php [] []
[2025-03-11T00:34:35.001292+05:00] SaveEntries.INFO: File included and script started: sale_actions.php [] []
[2025-03-11T00:35:17.915054+05:00] SaveEntries.INFO: File included and script started: company_settings.php [] []
[2025-03-11T00:40:38.644277+05:00] SaveEntries.INFO: File included and script started: company_settings.php [] []
[2025-03-11T00:40:44.105035+05:00] SaveEntries.INFO: File included and script started: company_actions.php [] []
[2025-03-11T00:40:45.484059+05:00] SaveEntries.INFO: File included and script started: company_settings.php [] []
[2025-03-11T00:41:16.371262+05:00] SaveEntries.INFO: File included and script started: company_actions.php [] []
[2025-03-11T00:41:19.944754+05:00] SaveEntries.INFO: File included and script started: company_settings.php [] []
[2025-03-11T00:41:20.281467+05:00] SaveEntries.INFO: File included and script started: company_actions.php [] []
[2025-03-11T00:41:26.556796+05:00] SaveEntries.INFO: File included and script started: index.php [] []
[2025-03-11T00:41:26.760435+05:00] SaveEntries.INFO: File included and script started: statistics_actions.php [] []
[2025-03-11T00:41:30.593384+05:00] SaveEntries.INFO: File included and script started: sales.php [] []
[2025-03-11T00:41:30.821852+05:00] SaveEntries.INFO: File included and script started: sale_actions.php [] []
[2025-03-11T00:41:30.843743+05:00] SaveEntries.INFO: File included and script started: sale_actions.php [] []
[2025-03-11T00:41:30.857130+05:00] SaveEntries.INFO: File included and script started: sale_actions.php [] []
[2025-03-11T00:41:31.426787+05:00] SaveEntries.INFO: File included and script started: sale_actions.php [] []
[2025-03-11T00:41:43.034583+05:00] SaveEntries.INFO: File included and script started: view_invoice.php [] []
[2025-03-11T00:41:43.368113+05:00] SaveEntries.INFO: File included and script started: sale_actions.php [] []
[2025-03-11T00:43:31.227177+05:00] SaveEntries.INFO: File included and script started: view_invoice.php [] []
[2025-03-11T00:43:31.725870+05:00] SaveEntries.INFO: File included and script started: company_actions.php [] []
[2025-03-11T00:43:31.745155+05:00] SaveEntries.INFO: File included and script started: sale_actions.php [] []
[2025-03-11T00:44:45.831448+05:00] SaveEntries.INFO: File included and script started: view_invoice.php [] []
[2025-03-11T00:44:46.129477+05:00] SaveEntries.INFO: File included and script started: company_actions.php [] []
[2025-03-11T00:44:46.131242+05:00] SaveEntries.INFO: File included and script started: sale_actions.php [] []
[2025-03-11T00:44:50.423041+05:00] SaveEntries.INFO: File included and script started: company_settings.php [] []
[2025-03-11T00:44:50.685834+05:00] SaveEntries.INFO: File included and script started: company_actions.php [] []
[2025-03-11T00:44:59.492918+05:00] SaveEntries.INFO: File included and script started: sales.php [] []
[2025-03-11T00:44:59.837087+05:00] SaveEntries.INFO: File included and script started: sale_actions.php [] []
[2025-03-11T00:44:59.827973+05:00] SaveEntries.INFO: File included and script started: sale_actions.php [] []
[2025-03-11T00:44:59.961642+05:00] SaveEntries.INFO: File included and script started: sale_actions.php [] []
[2025-03-11T00:45:00.427692+05:00] SaveEntries.INFO: File included and script started: sale_actions.php [] []
[2025-03-11T00:45:01.734238+05:00] SaveEntries.INFO: File included and script started: view_invoice.php [] []
[2025-03-11T00:45:02.009123+05:00] SaveEntries.INFO: File included and script started: company_actions.php [] []
[2025-03-11T00:45:02.026174+05:00] SaveEntries.INFO: File included and script started: sale_actions.php [] []
[2025-03-11T00:46:59.990068+05:00] SaveEntries.INFO: File included and script started: view_invoice.php [] []
[2025-03-11T00:47:00.308593+05:00] SaveEntries.INFO: File included and script started: company_actions.php [] []
[2025-03-11T00:47:00.313050+05:00] SaveEntries.INFO: File included and script started: sale_actions.php [] []
[2025-03-11T00:47:32.182477+05:00] SaveEntries.INFO: File included and script started: edit_invoice.php [] []
[2025-03-11T00:47:32.418506+05:00] SaveEntries.INFO: File included and script started: sale_actions.php [] []
[2025-03-11T00:47:32.480442+05:00] SaveEntries.INFO: File included and script started: sale_actions.php [] []
[2025-03-11T00:47:37.695976+05:00] SaveEntries.INFO: File included and script started: sale_actions.php [] []
[2025-03-11T00:47:38.748820+05:00] SaveEntries.INFO: File included and script started: view_invoice.php [] []
[2025-03-11T00:47:38.958839+05:00] SaveEntries.INFO: File included and script started: sale_actions.php [] []
[2025-03-11T00:47:38.985164+05:00] SaveEntries.INFO: File included and script started: company_actions.php [] []
